[2.040s] Invoking command in '/home/blue/ws_blue/src/blue/blue_localization': PYTHONPATH=/home/blue/ws_blue/build/blue_localization/prefix_override:/usr/lib/python3/dist-packages/colcon_core/task/python/colcon_distutils_commands:/home/blue/ws_blue/install/blue_localization/lib/python3.10/site-packages:${PYTHONPATH} /usr/bin/python3 -W ignore:setup.py install is deprecated setup.py egg_info --egg-base ../../../build/blue_localization build --build-base /home/blue/ws_blue/build/blue_localization/build install --record /home/blue/ws_blue/build/blue_localization/install.log --single-version-externally-managed install_data
[2.391s] /home/blue/.local/lib/python3.10/site-packages/setuptools/_distutils/dist.py:261: UserWarning: Unknown distribution option: 'tests_require'
[2.391s]   warnings.warn(msg)
[2.585s] running egg_info
[2.606s] writing ../../../build/blue_localization/blue_localization.egg-info/PKG-INFO
[2.610s] writing dependency_links to ../../../build/blue_localization/blue_localization.egg-info/dependency_links.txt
[2.610s] writing entry points to ../../../build/blue_localization/blue_localization.egg-info/entry_points.txt
[2.611s] writing requirements to ../../../build/blue_localization/blue_localization.egg-info/requires.txt
[2.611s] writing top-level names to ../../../build/blue_localization/blue_localization.egg-info/top_level.txt
[2.653s] reading manifest file '../../../build/blue_localization/blue_localization.egg-info/SOURCES.txt'
[2.655s] adding license file 'LICENSE'
[2.656s] writing manifest file '../../../build/blue_localization/blue_localization.egg-info/SOURCES.txt'
[2.657s] running build
[2.657s] running build_py
[2.661s] running install
[2.665s] running install_lib
[2.692s] running install_data
[2.694s] running install_egg_info
[2.716s] removing '/home/blue/ws_blue/install/blue_localization/lib/python3.10/site-packages/blue_localization-0.0.1-py3.10.egg-info' (and everything under it)
[2.717s] Copying ../../../build/blue_localization/blue_localization.egg-info to /home/blue/ws_blue/install/blue_localization/lib/python3.10/site-packages/blue_localization-0.0.1-py3.10.egg-info
[2.719s] running install_scripts
[2.929s] Installing aruco_marker_localizer script to /home/blue/ws_blue/install/blue_localization/lib/blue_localization
[2.930s] Installing camera script to /home/blue/ws_blue/install/blue_localization/lib/blue_localization
[2.930s] Installing gazebo_localizer script to /home/blue/ws_blue/install/blue_localization/lib/blue_localization
[2.930s] Installing qualisys_localizer script to /home/blue/ws_blue/install/blue_localization/lib/blue_localization
[2.930s] Installing qualisys_mocap script to /home/blue/ws_blue/install/blue_localization/lib/blue_localization
[2.930s] writing list of installed files to '/home/blue/ws_blue/build/blue_localization/install.log'
[2.980s] Invoked command in '/home/blue/ws_blue/src/blue/blue_localization' returned '0': PYTHONPATH=/home/blue/ws_blue/build/blue_localization/prefix_override:/usr/lib/python3/dist-packages/colcon_core/task/python/colcon_distutils_commands:/home/blue/ws_blue/install/blue_localization/lib/python3.10/site-packages:${PYTHONPATH} /usr/bin/python3 -W ignore:setup.py install is deprecated setup.py egg_info --egg-base ../../../build/blue_localization build --build-base /home/blue/ws_blue/build/blue_localization/build install --record /home/blue/ws_blue/build/blue_localization/install.log --single-version-externally-managed install_data
