[0.216s] Invoking command in '/home/blue/ws_blue/build/thruster_controllers': CMAKE_PREFIX_PATH=${CMAKE_PREFIX_PATH}:/home/blue/ws_blue/install/blue_localization:/opt/ros/iron /usr/bin/cmake --build /home/blue/ws_blue/build/thruster_controllers -- -j18 -l18
[0.743s] [ 33%] Built target polynomial_thrust_curve_controller_parameters
[0.743s] [100%] Built target thruster_controllers
[0.805s] Invoked command in '/home/blue/ws_blue/build/thruster_controllers' returned '0': CMAKE_PREFIX_PATH=${CMAKE_PREFIX_PATH}:/home/blue/ws_blue/install/blue_localization:/opt/ros/iron /usr/bin/cmake --build /home/blue/ws_blue/build/thruster_controllers -- -j18 -l18
[1.125s] Invoking command in '/home/blue/ws_blue/build/thruster_controllers': CMAKE_PREFIX_PATH=${CMAKE_PREFIX_PATH}:/home/blue/ws_blue/install/blue_localization:/opt/ros/iron /usr/bin/cmake --install /home/blue/ws_blue/build/thruster_controllers
[1.190s] -- Install configuration: ""
[1.190s] -- Up-to-date: /home/blue/ws_blue/install/thruster_controllers/include/polynomial_thrust_curve_controller_parameters
[1.191s] -- Up-to-date: /home/blue/ws_blue/install/thruster_controllers/include/polynomial_thrust_curve_controller_parameters/polynomial_thrust_curve_controller_parameters.hpp
[1.191s] -- Up-to-date: /home/blue/ws_blue/install/thruster_controllers/share/thruster_controllers/thruster_controllers.xml
[1.191s] -- Up-to-date: /home/blue/ws_blue/install/thruster_controllers/include/thruster_controllers
[1.191s] -- Up-to-date: /home/blue/ws_blue/install/thruster_controllers/include/thruster_controllers/thruster_controllers
[1.191s] -- Up-to-date: /home/blue/ws_blue/install/thruster_controllers/include/thruster_controllers/thruster_controllers/polynomial_thrust_curve_controller.hpp
[1.191s] -- Up-to-date: /home/blue/ws_blue/install/thruster_controllers/lib/libthruster_controllers.so
[1.191s] -- Up-to-date: /home/blue/ws_blue/install/thruster_controllers/share/thruster_controllers/environment/library_path.sh
[1.191s] -- Up-to-date: /home/blue/ws_blue/install/thruster_controllers/share/thruster_controllers/environment/library_path.dsv
[1.192s] -- Up-to-date: /home/blue/ws_blue/install/thruster_controllers/share/ament_index/resource_index/package_run_dependencies/thruster_controllers
[1.192s] -- Up-to-date: /home/blue/ws_blue/install/thruster_controllers/share/ament_index/resource_index/parent_prefix_path/thruster_controllers
[1.192s] -- Up-to-date: /home/blue/ws_blue/install/thruster_controllers/share/thruster_controllers/environment/ament_prefix_path.sh
[1.192s] -- Up-to-date: /home/blue/ws_blue/install/thruster_controllers/share/thruster_controllers/environment/ament_prefix_path.dsv
[1.192s] -- Up-to-date: /home/blue/ws_blue/install/thruster_controllers/share/thruster_controllers/environment/path.sh
[1.192s] -- Up-to-date: /home/blue/ws_blue/install/thruster_controllers/share/thruster_controllers/environment/path.dsv
[1.192s] -- Up-to-date: /home/blue/ws_blue/install/thruster_controllers/share/thruster_controllers/local_setup.bash
[1.192s] -- Up-to-date: /home/blue/ws_blue/install/thruster_controllers/share/thruster_controllers/local_setup.sh
[1.192s] -- Up-to-date: /home/blue/ws_blue/install/thruster_controllers/share/thruster_controllers/local_setup.zsh
[1.192s] -- Up-to-date: /home/blue/ws_blue/install/thruster_controllers/share/thruster_controllers/local_setup.dsv
[1.192s] -- Installing: /home/blue/ws_blue/install/thruster_controllers/share/thruster_controllers/package.dsv
[1.193s] -- Up-to-date: /home/blue/ws_blue/install/thruster_controllers/share/ament_index/resource_index/packages/thruster_controllers
[1.193s] -- Up-to-date: /home/blue/ws_blue/install/thruster_controllers/share/ament_index/resource_index/controller_interface__pluginlib__plugin/thruster_controllers
[1.193s] -- Up-to-date: /home/blue/ws_blue/install/thruster_controllers/share/thruster_controllers/cmake/export_thruster_controllersExport.cmake
[1.193s] -- Up-to-date: /home/blue/ws_blue/install/thruster_controllers/share/thruster_controllers/cmake/export_thruster_controllersExport-noconfig.cmake
[1.193s] -- Up-to-date: /home/blue/ws_blue/install/thruster_controllers/share/thruster_controllers/cmake/ament_cmake_export_targets-extras.cmake
[1.193s] -- Up-to-date: /home/blue/ws_blue/install/thruster_controllers/share/thruster_controllers/cmake/ament_cmake_export_dependencies-extras.cmake
[1.193s] -- Up-to-date: /home/blue/ws_blue/install/thruster_controllers/share/thruster_controllers/cmake/thruster_controllersConfig.cmake
[1.193s] -- Up-to-date: /home/blue/ws_blue/install/thruster_controllers/share/thruster_controllers/cmake/thruster_controllersConfig-version.cmake
[1.193s] -- Up-to-date: /home/blue/ws_blue/install/thruster_controllers/share/thruster_controllers/package.xml
[1.257s] Invoked command in '/home/blue/ws_blue/build/thruster_controllers' returned '0': CMAKE_PREFIX_PATH=${CMAKE_PREFIX_PATH}:/home/blue/ws_blue/install/blue_localization:/opt/ros/iron /usr/bin/cmake --install /home/blue/ws_blue/build/thruster_controllers
