[0.129s] Invoking command in '/home/blue/ws_blue/build/blue_description': CMAKE_PREFIX_PATH=${CMAKE_PREFIX_PATH}:/home/blue/ws_blue/install/blue_localization:/opt/ros/iron /usr/bin/cmake --build /home/blue/ws_blue/build/blue_description -- -j18 -l18
[0.493s] Invoked command in '/home/blue/ws_blue/build/blue_description' returned '0': CMAKE_PREFIX_PATH=${CMAKE_PREFIX_PATH}:/home/blue/ws_blue/install/blue_localization:/opt/ros/iron /usr/bin/cmake --build /home/blue/ws_blue/build/blue_description -- -j18 -l18
[0.563s] Invoking command in '/home/blue/ws_blue/build/blue_description': CMAKE_PREFIX_PATH=${CMAKE_PREFIX_PATH}:/home/blue/ws_blue/install/blue_localization:/opt/ros/iron /usr/bin/cmake --install /home/blue/ws_blue/build/blue_description
[0.582s] -- Install configuration: ""
[0.582s] -- Up-to-date: /home/blue/ws_blue/install/blue_description/share/blue_description/config
[0.582s] -- Up-to-date: /home/blue/ws_blue/install/blue_description/share/blue_description/config/bluerov2_heavy_reach
[0.583s] -- Up-to-date: /home/blue/ws_blue/install/blue_description/share/blue_description/config/bluerov2_heavy_reach/localization.yaml
[0.583s] -- Up-to-date: /home/blue/ws_blue/install/blue_description/share/blue_description/config/bluerov2_heavy_reach/ardusub.parm
[0.583s] -- Up-to-date: /home/blue/ws_blue/install/blue_description/share/blue_description/config/ardusub
[0.586s] -- Installing: /home/blue/ws_blue/install/blue_description/share/blue_description/config/ardusub/mavros.yaml
[0.598s] -- Up-to-date: /home/blue/ws_blue/install/blue_description/share/blue_description/config/ardusub/ardusub_manager.yaml
[0.598s] -- Installing: /home/blue/ws_blue/install/blue_description/share/blue_description/config/ardusub/log
[0.599s] -- Installing: /home/blue/ws_blue/install/blue_description/share/blue_description/config/ardusub/log/COLCON_IGNORE
[0.614s] -- Installing: /home/blue/ws_blue/install/blue_description/share/blue_description/config/ardusub/log/build_2025-09-20_22-15-43
[0.615s] -- Installing: /home/blue/ws_blue/install/blue_description/share/blue_description/config/ardusub/log/build_2025-09-20_22-15-43/events.log
[0.616s] -- Installing: /home/blue/ws_blue/install/blue_description/share/blue_description/config/ardusub/log/build_2025-09-20_22-15-43/logger_all.log
[0.616s] -- Installing: /home/blue/ws_blue/install/blue_description/share/blue_description/config/ardusub/log/latest
[0.618s] -- Installing: /home/blue/ws_blue/install/blue_description/share/blue_description/config/ardusub/log/latest_build
[0.619s] -- Installing: /home/blue/ws_blue/install/blue_description/share/blue_description/config/ardusub/build
[0.619s] -- Installing: /home/blue/ws_blue/install/blue_description/share/blue_description/config/ardusub/build/COLCON_IGNORE
[0.620s] -- Installing: /home/blue/ws_blue/install/blue_description/share/blue_description/config/ardusub/build/.built_by
[0.624s] -- Installing: /home/blue/ws_blue/install/blue_description/share/blue_description/config/ardusub/install
[0.624s] -- Installing: /home/blue/ws_blue/install/blue_description/share/blue_description/config/ardusub/install/_local_setup_util_ps1.py
[0.624s] -- Installing: /home/blue/ws_blue/install/blue_description/share/blue_description/config/ardusub/install/setup.ps1
[0.624s] -- Installing: /home/blue/ws_blue/install/blue_description/share/blue_description/config/ardusub/install/setup.bash
[0.624s] -- Installing: /home/blue/ws_blue/install/blue_description/share/blue_description/config/ardusub/install/setup.sh
[0.625s] -- Installing: /home/blue/ws_blue/install/blue_description/share/blue_description/config/ardusub/install/COLCON_IGNORE
[0.625s] -- Installing: /home/blue/ws_blue/install/blue_description/share/blue_description/config/ardusub/install/setup.zsh
[0.625s] -- Installing: /home/blue/ws_blue/install/blue_description/share/blue_description/config/ardusub/install/local_setup.zsh
[0.625s] -- Installing: /home/blue/ws_blue/install/blue_description/share/blue_description/config/ardusub/install/local_setup.ps1
[0.625s] -- Installing: /home/blue/ws_blue/install/blue_description/share/blue_description/config/ardusub/install/_local_setup_util_sh.py
[0.626s] -- Installing: /home/blue/ws_blue/install/blue_description/share/blue_description/config/ardusub/install/local_setup.bash
[0.626s] -- Installing: /home/blue/ws_blue/install/blue_description/share/blue_description/config/ardusub/install/local_setup.sh
[0.627s] -- Installing: /home/blue/ws_blue/install/blue_description/share/blue_description/config/ardusub/install/.colcon_install_layout
[0.628s] -- Up-to-date: /home/blue/ws_blue/install/blue_description/share/blue_description/config/bluerov2
[0.628s] -- Up-to-date: /home/blue/ws_blue/install/blue_description/share/blue_description/config/bluerov2/localization.yaml
[0.628s] -- Up-to-date: /home/blue/ws_blue/install/blue_description/share/blue_description/config/bluerov2/ardusub.parm
[0.628s] -- Up-to-date: /home/blue/ws_blue/install/blue_description/share/blue_description/config/bluerov2_heavy
[0.629s] -- Up-to-date: /home/blue/ws_blue/install/blue_description/share/blue_description/config/bluerov2_heavy/localization.yaml
[0.629s] -- Up-to-date: /home/blue/ws_blue/install/blue_description/share/blue_description/config/bluerov2_heavy/ardusub.parm
[0.634s] -- Up-to-date: /home/blue/ws_blue/install/blue_description/share/blue_description/gazebo
[0.634s] -- Up-to-date: /home/blue/ws_blue/install/blue_description/share/blue_description/gazebo/worlds
[0.634s] -- Up-to-date: /home/blue/ws_blue/install/blue_description/share/blue_description/gazebo/worlds/underwater.world
[0.634s] -- Up-to-date: /home/blue/ws_blue/install/blue_description/share/blue_description/gazebo/models
[0.635s] -- Up-to-date: /home/blue/ws_blue/install/blue_description/share/blue_description/gazebo/models/sand_heightmap
[0.635s] -- Up-to-date: /home/blue/ws_blue/install/blue_description/share/blue_description/gazebo/models/sand_heightmap/meshes
[0.635s] -- Up-to-date: /home/blue/ws_blue/install/blue_description/share/blue_description/gazebo/models/sand_heightmap/meshes/heightmap.dae
[0.635s] -- Up-to-date: /home/blue/ws_blue/install/blue_description/share/blue_description/gazebo/models/sand_heightmap/meshes/License and source for textures.txt
[0.635s] -- Up-to-date: /home/blue/ws_blue/install/blue_description/share/blue_description/gazebo/models/sand_heightmap/meshes/sandseabed.dae
[0.635s] -- Up-to-date: /home/blue/ws_blue/install/blue_description/share/blue_description/gazebo/models/sand_heightmap/meshes/soil_sand_0045_01.jpg
[0.635s] -- Up-to-date: /home/blue/ws_blue/install/blue_description/share/blue_description/gazebo/models/sand_heightmap/model.config
[0.635s] -- Up-to-date: /home/blue/ws_blue/install/blue_description/share/blue_description/gazebo/models/sand_heightmap/model.sdf
[0.635s] -- Up-to-date: /home/blue/ws_blue/install/blue_description/share/blue_description/gazebo/models/sand_heightmap/materials
[0.635s] -- Up-to-date: /home/blue/ws_blue/install/blue_description/share/blue_description/gazebo/models/sand_heightmap/materials/flat_normal.png
[0.636s] -- Up-to-date: /home/blue/ws_blue/install/blue_description/share/blue_description/gazebo/models/sand_heightmap/materials/soil_sand_0045_01.jpg
[0.636s] -- Up-to-date: /home/blue/ws_blue/install/blue_description/share/blue_description/meshes
[0.636s] -- Up-to-date: /home/blue/ws_blue/install/blue_description/share/blue_description/meshes/bluerov2_heavy_reach
[0.636s] -- Up-to-date: /home/blue/ws_blue/install/blue_description/share/blue_description/meshes/bluerov2_heavy_reach/bluerov2_heavy_reach.dae
[0.636s] -- Up-to-date: /home/blue/ws_blue/install/blue_description/share/blue_description/meshes/bluerov2
[0.636s] -- Up-to-date: /home/blue/ws_blue/install/blue_description/share/blue_description/meshes/bluerov2/bluerov2.dae
[0.636s] -- Up-to-date: /home/blue/ws_blue/install/blue_description/share/blue_description/meshes/t200
[0.636s] -- Up-to-date: /home/blue/ws_blue/install/blue_description/share/blue_description/meshes/t200/ccw_prop.dae
[0.636s] -- Up-to-date: /home/blue/ws_blue/install/blue_description/share/blue_description/meshes/t200/cw_prop.dae
[0.636s] -- Up-to-date: /home/blue/ws_blue/install/blue_description/share/blue_description/meshes/bluerov2_heavy
[0.637s] -- Up-to-date: /home/blue/ws_blue/install/blue_description/share/blue_description/meshes/bluerov2_heavy/bluerov2_heavy.dae
[0.637s] -- Up-to-date: /home/blue/ws_blue/install/blue_description/share/blue_description/description
[0.637s] -- Up-to-date: /home/blue/ws_blue/install/blue_description/share/blue_description/description/bluerov2_heavy_reach
[0.637s] -- Up-to-date: /home/blue/ws_blue/install/blue_description/share/blue_description/description/bluerov2_heavy_reach/config.xacro
[0.638s] -- Up-to-date: /home/blue/ws_blue/install/blue_description/share/blue_description/description/bluerov2_heavy_reach/urdf.xacro
[0.638s] -- Up-to-date: /home/blue/ws_blue/install/blue_description/share/blue_description/description/bluerov2_heavy_reach/gazebo.xacro
[0.638s] -- Up-to-date: /home/blue/ws_blue/install/blue_description/share/blue_description/description/bluerov2
[0.639s] -- Up-to-date: /home/blue/ws_blue/install/blue_description/share/blue_description/description/bluerov2/config.xacro
[0.639s] -- Up-to-date: /home/blue/ws_blue/install/blue_description/share/blue_description/description/bluerov2/urdf.xacro
[0.639s] -- Up-to-date: /home/blue/ws_blue/install/blue_description/share/blue_description/description/bluerov2/gazebo.xacro
[0.639s] -- Up-to-date: /home/blue/ws_blue/install/blue_description/share/blue_description/description/t200
[0.639s] -- Up-to-date: /home/blue/ws_blue/install/blue_description/share/blue_description/description/t200/urdf.xacro
[0.639s] -- Up-to-date: /home/blue/ws_blue/install/blue_description/share/blue_description/description/t200/gazebo.xacro
[0.640s] -- Up-to-date: /home/blue/ws_blue/install/blue_description/share/blue_description/description/camera
[0.640s] -- Up-to-date: /home/blue/ws_blue/install/blue_description/share/blue_description/description/camera/urdf.xacro
[0.640s] -- Up-to-date: /home/blue/ws_blue/install/blue_description/share/blue_description/description/camera/gazebo.xacro
[0.640s] -- Up-to-date: /home/blue/ws_blue/install/blue_description/share/blue_description/description/bluerov2_heavy
[0.640s] -- Up-to-date: /home/blue/ws_blue/install/blue_description/share/blue_description/description/bluerov2_heavy/config.xacro
[0.641s] -- Up-to-date: /home/blue/ws_blue/install/blue_description/share/blue_description/description/bluerov2_heavy/urdf.xacro
[0.641s] -- Up-to-date: /home/blue/ws_blue/install/blue_description/share/blue_description/description/bluerov2_heavy/gazebo.xacro
[0.641s] -- Up-to-date: /home/blue/ws_blue/install/blue_description/share/blue_description/rviz
[0.641s] -- Up-to-date: /home/blue/ws_blue/install/blue_description/share/blue_description/rviz/bluerov2_heavy.rviz
[0.641s] -- Up-to-date: /home/blue/ws_blue/install/blue_description/share/blue_description/rviz/bluerov2_heavy_reach.rviz
[0.642s] -- Up-to-date: /home/blue/ws_blue/install/blue_description/share/blue_description/rviz/bluerov2.rviz
[0.642s] -- Up-to-date: /home/blue/ws_blue/install/blue_description/share/blue_description/environment/hooks.dsv
[0.642s] -- Up-to-date: /home/blue/ws_blue/install/blue_description/share/ament_index/resource_index/package_run_dependencies/blue_description
[0.642s] -- Up-to-date: /home/blue/ws_blue/install/blue_description/share/ament_index/resource_index/parent_prefix_path/blue_description
[0.642s] -- Up-to-date: /home/blue/ws_blue/install/blue_description/share/blue_description/environment/ament_prefix_path.sh
[0.643s] -- Up-to-date: /home/blue/ws_blue/install/blue_description/share/blue_description/environment/ament_prefix_path.dsv
[0.643s] -- Up-to-date: /home/blue/ws_blue/install/blue_description/share/blue_description/environment/path.sh
[0.643s] -- Up-to-date: /home/blue/ws_blue/install/blue_description/share/blue_description/environment/path.dsv
[0.644s] -- Up-to-date: /home/blue/ws_blue/install/blue_description/share/blue_description/local_setup.bash
[0.644s] -- Up-to-date: /home/blue/ws_blue/install/blue_description/share/blue_description/local_setup.sh
[0.644s] -- Up-to-date: /home/blue/ws_blue/install/blue_description/share/blue_description/local_setup.zsh
[0.644s] -- Up-to-date: /home/blue/ws_blue/install/blue_description/share/blue_description/local_setup.dsv
[0.644s] -- Installing: /home/blue/ws_blue/install/blue_description/share/blue_description/package.dsv
[0.645s] -- Up-to-date: /home/blue/ws_blue/install/blue_description/share/ament_index/resource_index/packages/blue_description
[0.645s] -- Up-to-date: /home/blue/ws_blue/install/blue_description/share/blue_description/cmake/blue_descriptionConfig.cmake
[0.645s] -- Up-to-date: /home/blue/ws_blue/install/blue_description/share/blue_description/cmake/blue_descriptionConfig-version.cmake
[0.645s] -- Up-to-date: /home/blue/ws_blue/install/blue_description/share/blue_description/package.xml
[0.714s] Invoked command in '/home/blue/ws_blue/build/blue_description' returned '0': CMAKE_PREFIX_PATH=${CMAKE_PREFIX_PATH}:/home/blue/ws_blue/install/blue_localization:/opt/ros/iron /usr/bin/cmake --install /home/blue/ws_blue/build/blue_description
