/home/blue/.local/lib/python3.10/site-packages/setuptools/_distutils/dist.py:261: UserWarning: Unknown distribution option: 'tests_require'
  warnings.warn(msg)
running egg_info
writing ../../../build/blue_localization/blue_localization.egg-info/PKG-INFO
writing dependency_links to ../../../build/blue_localization/blue_localization.egg-info/dependency_links.txt
writing entry points to ../../../build/blue_localization/blue_localization.egg-info/entry_points.txt
writing requirements to ../../../build/blue_localization/blue_localization.egg-info/requires.txt
writing top-level names to ../../../build/blue_localization/blue_localization.egg-info/top_level.txt
reading manifest file '../../../build/blue_localization/blue_localization.egg-info/SOURCES.txt'
adding license file 'LICENSE'
writing manifest file '../../../build/blue_localization/blue_localization.egg-info/SOURCES.txt'
running build
running build_py
running install
running install_lib
running install_data
running install_egg_info
removing '/home/blue/ws_blue/install/blue_localization/lib/python3.10/site-packages/blue_localization-0.0.1-py3.10.egg-info' (and everything under it)
Copying ../../../build/blue_localization/blue_localization.egg-info to /home/blue/ws_blue/install/blue_localization/lib/python3.10/site-packages/blue_localization-0.0.1-py3.10.egg-info
running install_scripts
Installing aruco_marker_localizer script to /home/blue/ws_blue/install/blue_localization/lib/blue_localization
Installing camera script to /home/blue/ws_blue/install/blue_localization/lib/blue_localization
Installing gazebo_localizer script to /home/blue/ws_blue/install/blue_localization/lib/blue_localization
Installing qualisys_localizer script to /home/blue/ws_blue/install/blue_localization/lib/blue_localization
Installing qualisys_mocap script to /home/blue/ws_blue/install/blue_localization/lib/blue_localization
writing list of installed files to '/home/blue/ws_blue/build/blue_localization/install.log'
