-- Install configuration: ""
-- Up-to-date: /home/blue/ws_blue/install/blue_bringup/share/blue_bringup/launch
-- Up-to-date: /home/blue/ws_blue/install/blue_bringup/share/blue_bringup/launch/bluerov2_heavy
-- Up-to-date: /home/blue/ws_blue/install/blue_bringup/share/blue_bringup/launch/bluerov2_heavy/bluerov2_heavy.launch.yaml
-- Up-to-date: /home/blue/ws_blue/install/blue_bringup/share/blue_bringup/launch/bluerov2_heavy/thrusters.launch.yaml
-- Up-to-date: /home/blue/ws_blue/install/blue_bringup/share/blue_bringup/launch/bluerov2_heavy_reach
-- Up-to-date: /home/blue/ws_blue/install/blue_bringup/share/blue_bringup/launch/bluerov2_heavy_reach/thrusters.launch.yaml
-- Up-to-date: /home/blue/ws_blue/install/blue_bringup/share/blue_bringup/launch/bluerov2_heavy_reach/bluerov2_heavy_reach.launch.yaml
-- Up-to-date: /home/blue/ws_blue/install/blue_bringup/share/blue_bringup/launch/bluerov2
-- Up-to-date: /home/blue/ws_blue/install/blue_bringup/share/blue_bringup/launch/bluerov2/bluerov2.launch.yaml
-- Up-to-date: /home/blue/ws_blue/install/blue_bringup/share/blue_bringup/launch/bluerov2/thrusters.launch.yaml
-- Up-to-date: /home/blue/ws_blue/install/blue_bringup/share/ament_index/resource_index/package_run_dependencies/blue_bringup
-- Up-to-date: /home/blue/ws_blue/install/blue_bringup/share/ament_index/resource_index/parent_prefix_path/blue_bringup
-- Up-to-date: /home/blue/ws_blue/install/blue_bringup/share/blue_bringup/environment/ament_prefix_path.sh
-- Up-to-date: /home/blue/ws_blue/install/blue_bringup/share/blue_bringup/environment/ament_prefix_path.dsv
-- Up-to-date: /home/blue/ws_blue/install/blue_bringup/share/blue_bringup/environment/path.sh
-- Up-to-date: /home/blue/ws_blue/install/blue_bringup/share/blue_bringup/environment/path.dsv
-- Up-to-date: /home/blue/ws_blue/install/blue_bringup/share/blue_bringup/local_setup.bash
-- Up-to-date: /home/blue/ws_blue/install/blue_bringup/share/blue_bringup/local_setup.sh
-- Up-to-date: /home/blue/ws_blue/install/blue_bringup/share/blue_bringup/local_setup.zsh
-- Up-to-date: /home/blue/ws_blue/install/blue_bringup/share/blue_bringup/local_setup.dsv
-- Installing: /home/blue/ws_blue/install/blue_bringup/share/blue_bringup/package.dsv
-- Up-to-date: /home/blue/ws_blue/install/blue_bringup/share/ament_index/resource_index/packages/blue_bringup
-- Up-to-date: /home/blue/ws_blue/install/blue_bringup/share/blue_bringup/cmake/blue_bringupConfig.cmake
-- Up-to-date: /home/blue/ws_blue/install/blue_bringup/share/blue_bringup/cmake/blue_bringupConfig-version.cmake
-- Up-to-date: /home/blue/ws_blue/install/blue_bringup/share/blue_bringup/package.xml
