[0.052s] Invoking command in '/home/blue/ws_blue/build/blue_bringup': AMENT_PREFIX_PATH=/home/blue/ws_blue/install/blue_description:${AMENT_PREFIX_PATH} CMAKE_PREFIX_PATH=/home/blue/ws_blue/install/blue_description:/opt/ros/iron /usr/bin/cmake --build /home/blue/ws_blue/build/blue_bringup -- -j4 -l4
[0.199s] Invoked command in '/home/blue/ws_blue/build/blue_bringup' returned '0': AMENT_PREFIX_PATH=/home/blue/ws_blue/install/blue_description:${AMENT_PREFIX_PATH} CMAKE_PREFIX_PATH=/home/blue/ws_blue/install/blue_description:/opt/ros/iron /usr/bin/cmake --build /home/blue/ws_blue/build/blue_bringup -- -j4 -l4
[0.407s] Invoking command in '/home/blue/ws_blue/build/blue_bringup': AMENT_PREFIX_PATH=/home/blue/ws_blue/install/blue_description:${AMENT_PREFIX_PATH} CMAKE_PREFIX_PATH=/home/blue/ws_blue/install/blue_description:/opt/ros/iron /usr/bin/cmake --install /home/blue/ws_blue/build/blue_bringup
[0.423s] -- Install configuration: ""
[0.424s] -- Up-to-date: /home/blue/ws_blue/install/blue_bringup/share/blue_bringup/launch
[0.425s] -- Up-to-date: /home/blue/ws_blue/install/blue_bringup/share/blue_bringup/launch/bluerov2_heavy
[0.425s] -- Up-to-date: /home/blue/ws_blue/install/blue_bringup/share/blue_bringup/launch/bluerov2_heavy/bluerov2_heavy.launch.yaml
[0.426s] -- Up-to-date: /home/blue/ws_blue/install/blue_bringup/share/blue_bringup/launch/bluerov2_heavy/thrusters.launch.yaml
[0.427s] -- Up-to-date: /home/blue/ws_blue/install/blue_bringup/share/blue_bringup/launch/bluerov2_heavy_reach
[0.428s] -- Up-to-date: /home/blue/ws_blue/install/blue_bringup/share/blue_bringup/launch/bluerov2_heavy_reach/thrusters.launch.yaml
[0.429s] -- Up-to-date: /home/blue/ws_blue/install/blue_bringup/share/blue_bringup/launch/bluerov2_heavy_reach/bluerov2_heavy_reach.launch.yaml
[0.430s] -- Up-to-date: /home/blue/ws_blue/install/blue_bringup/share/blue_bringup/launch/bluerov2
[0.430s] -- Up-to-date: /home/blue/ws_blue/install/blue_bringup/share/blue_bringup/launch/bluerov2/bluerov2.launch.yaml
[0.431s] -- Up-to-date: /home/blue/ws_blue/install/blue_bringup/share/blue_bringup/launch/bluerov2/thrusters.launch.yaml
[0.432s] -- Up-to-date: /home/blue/ws_blue/install/blue_bringup/share/ament_index/resource_index/package_run_dependencies/blue_bringup
[0.434s] -- Up-to-date: /home/blue/ws_blue/install/blue_bringup/share/ament_index/resource_index/parent_prefix_path/blue_bringup
[0.435s] -- Up-to-date: /home/blue/ws_blue/install/blue_bringup/share/blue_bringup/environment/ament_prefix_path.sh
[0.436s] -- Up-to-date: /home/blue/ws_blue/install/blue_bringup/share/blue_bringup/environment/ament_prefix_path.dsv
[0.437s] -- Up-to-date: /home/blue/ws_blue/install/blue_bringup/share/blue_bringup/environment/path.sh
[0.438s] -- Up-to-date: /home/blue/ws_blue/install/blue_bringup/share/blue_bringup/environment/path.dsv
[0.444s] -- Up-to-date: /home/blue/ws_blue/install/blue_bringup/share/blue_bringup/local_setup.bash
[0.445s] -- Up-to-date: /home/blue/ws_blue/install/blue_bringup/share/blue_bringup/local_setup.sh
[0.446s] -- Up-to-date: /home/blue/ws_blue/install/blue_bringup/share/blue_bringup/local_setup.zsh
[0.447s] -- Up-to-date: /home/blue/ws_blue/install/blue_bringup/share/blue_bringup/local_setup.dsv
[0.448s] -- Installing: /home/blue/ws_blue/install/blue_bringup/share/blue_bringup/package.dsv
[0.449s] -- Up-to-date: /home/blue/ws_blue/install/blue_bringup/share/ament_index/resource_index/packages/blue_bringup
[0.449s] -- Up-to-date: /home/blue/ws_blue/install/blue_bringup/share/blue_bringup/cmake/blue_bringupConfig.cmake
[0.451s] -- Up-to-date: /home/blue/ws_blue/install/blue_bringup/share/blue_bringup/cmake/blue_bringupConfig-version.cmake
[0.453s] -- Up-to-date: /home/blue/ws_blue/install/blue_bringup/share/blue_bringup/package.xml
[0.463s] Invoked command in '/home/blue/ws_blue/build/blue_bringup' returned '0': AMENT_PREFIX_PATH=/home/blue/ws_blue/install/blue_description:${AMENT_PREFIX_PATH} CMAKE_PREFIX_PATH=/home/blue/ws_blue/install/blue_description:/opt/ros/iron /usr/bin/cmake --install /home/blue/ws_blue/build/blue_bringup
