[0.356s] Invoking command in '/home/blue/ws_blue/build/ardusub_manager': CMAKE_PREFIX_PATH=${CMAKE_PREFIX_PATH}:/home/blue/ws_blue/install/blue_localization:/opt/ros/iron /usr/bin/cmake --build /home/blue/ws_blue/build/ardusub_manager -- -j18 -l18
[1.125s] [ 33%] Built target ardusub_manager_parameters
[1.125s] [35m[1mConsolidate compiler generated dependencies of target ardusub_manager[0m
[1.294s] [100%] Built target ardusub_manager
[1.344s] Invoked command in '/home/blue/ws_blue/build/ardusub_manager' returned '0': CMAKE_PREFIX_PATH=${CMAKE_PREFIX_PATH}:/home/blue/ws_blue/install/blue_localization:/opt/ros/iron /usr/bin/cmake --build /home/blue/ws_blue/build/ardusub_manager -- -j18 -l18
[1.474s] Invoking command in '/home/blue/ws_blue/build/ardusub_manager': CMAKE_PREFIX_PATH=${CMAKE_PREFIX_PATH}:/home/blue/ws_blue/install/blue_localization:/opt/ros/iron /usr/bin/cmake --install /home/blue/ws_blue/build/ardusub_manager
[1.511s] -- Install configuration: ""
[1.511s] -- Up-to-date: /home/blue/ws_blue/install/ardusub_manager/include/ardusub_manager_parameters
[1.511s] -- Up-to-date: /home/blue/ws_blue/install/ardusub_manager/include/ardusub_manager_parameters/ardusub_manager_parameters.hpp
[1.539s] -- Up-to-date: /home/blue/ws_blue/install/ardusub_manager/lib/ardusub_manager/ardusub_manager
[1.621s] -- Up-to-date: /home/blue/ws_blue/install/ardusub_manager/share/ardusub_manager/launch
[1.622s] -- Up-to-date: /home/blue/ws_blue/install/ardusub_manager/share/ardusub_manager/launch/ardusub_manager.launch.py
[1.643s] -- Up-to-date: /home/blue/ws_blue/install/ardusub_manager/share/ament_index/resource_index/package_run_dependencies/ardusub_manager
[1.700s] -- Up-to-date: /home/blue/ws_blue/install/ardusub_manager/share/ament_index/resource_index/parent_prefix_path/ardusub_manager
[1.752s] -- Up-to-date: /home/blue/ws_blue/install/ardusub_manager/share/ardusub_manager/environment/ament_prefix_path.sh
[1.789s] -- Up-to-date: /home/blue/ws_blue/install/ardusub_manager/share/ardusub_manager/environment/ament_prefix_path.dsv
[1.827s] -- Up-to-date: /home/blue/ws_blue/install/ardusub_manager/share/ardusub_manager/environment/path.sh
[1.830s] -- Up-to-date: /home/blue/ws_blue/install/ardusub_manager/share/ardusub_manager/environment/path.dsv
[1.853s] -- Up-to-date: /home/blue/ws_blue/install/ardusub_manager/share/ardusub_manager/local_setup.bash
[1.865s] -- Up-to-date: /home/blue/ws_blue/install/ardusub_manager/share/ardusub_manager/local_setup.sh
[1.882s] -- Up-to-date: /home/blue/ws_blue/install/ardusub_manager/share/ardusub_manager/local_setup.zsh
[1.892s] -- Up-to-date: /home/blue/ws_blue/install/ardusub_manager/share/ardusub_manager/local_setup.dsv
[1.947s] -- Installing: /home/blue/ws_blue/install/ardusub_manager/share/ardusub_manager/package.dsv
[1.947s] -- Up-to-date: /home/blue/ws_blue/install/ardusub_manager/share/ament_index/resource_index/packages/ardusub_manager
[1.951s] -- Up-to-date: /home/blue/ws_blue/install/ardusub_manager/share/ardusub_manager/cmake/ardusub_managerConfig.cmake
[1.954s] -- Up-to-date: /home/blue/ws_blue/install/ardusub_manager/share/ardusub_manager/cmake/ardusub_managerConfig-version.cmake
[1.956s] -- Up-to-date: /home/blue/ws_blue/install/ardusub_manager/share/ardusub_manager/package.xml
[2.045s] Invoked command in '/home/blue/ws_blue/build/ardusub_manager' returned '0': CMAKE_PREFIX_PATH=${CMAKE_PREFIX_PATH}:/home/blue/ws_blue/install/blue_localization:/opt/ros/iron /usr/bin/cmake --install /home/blue/ws_blue/build/ardusub_manager
