[0.061s] Invoking command in '/home/blue/ws_blue/build/velocity_controllers': AMENT_PREFIX_PATH=/home/blue/ws_blue/install/hydrodynamics:${AMENT_PREFIX_PATH} CMAKE_PREFIX_PATH=/home/blue/ws_blue/install/hydrodynamics:/opt/ros/iron LD_LIBRARY_PATH=/home/blue/ws_blue/install/hydrodynamics/lib:${LD_LIBRARY_PATH} /usr/bin/cmake --build /home/blue/ws_blue/build/velocity_controllers -- -j4 -l4
[0.399s] [ 33%] Built target integral_sliding_mode_controller_parameters
[0.429s] Consolidate compiler generated dependencies of target velocity_controllers
[0.480s] [100%] Built target velocity_controllers
[0.509s] Invoked command in '/home/blue/ws_blue/build/velocity_controllers' returned '0': AMENT_PREFIX_PATH=/home/blue/ws_blue/install/hydrodynamics:${AMENT_PREFIX_PATH} CMAKE_PREFIX_PATH=/home/blue/ws_blue/install/hydrodynamics:/opt/ros/iron LD_LIBRARY_PATH=/home/blue/ws_blue/install/hydrodynamics/lib:${LD_LIBRARY_PATH} /usr/bin/cmake --build /home/blue/ws_blue/build/velocity_controllers -- -j4 -l4
[0.746s] Invoking command in '/home/blue/ws_blue/build/velocity_controllers': AMENT_PREFIX_PATH=/home/blue/ws_blue/install/hydrodynamics:${AMENT_PREFIX_PATH} CMAKE_PREFIX_PATH=/home/blue/ws_blue/install/hydrodynamics:/opt/ros/iron LD_LIBRARY_PATH=/home/blue/ws_blue/install/hydrodynamics/lib:${LD_LIBRARY_PATH} /usr/bin/cmake --install /home/blue/ws_blue/build/velocity_controllers
[0.767s] -- Install configuration: ""
[0.768s] -- Up-to-date: /home/blue/ws_blue/install/velocity_controllers/include/integral_sliding_mode_controller_parameters
[0.768s] -- Up-to-date: /home/blue/ws_blue/install/velocity_controllers/include/integral_sliding_mode_controller_parameters/integral_sliding_mode_controller_parameters.hpp
[0.779s] -- Up-to-date: /home/blue/ws_blue/install/velocity_controllers/share/velocity_controllers/velocity_controllers.xml
[0.780s] -- Up-to-date: /home/blue/ws_blue/install/velocity_controllers/include/velocity_controllers
[0.780s] -- Up-to-date: /home/blue/ws_blue/install/velocity_controllers/include/velocity_controllers/velocity_controllers
[0.780s] -- Up-to-date: /home/blue/ws_blue/install/velocity_controllers/include/velocity_controllers/velocity_controllers/integral_sliding_mode_controller.hpp
[0.780s] -- Up-to-date: /home/blue/ws_blue/install/velocity_controllers/lib/libvelocity_controllers.so
[0.837s] -- Up-to-date: /home/blue/ws_blue/install/velocity_controllers/share/velocity_controllers/environment/library_path.sh
[0.838s] -- Up-to-date: /home/blue/ws_blue/install/velocity_controllers/share/velocity_controllers/environment/library_path.dsv
[0.839s] -- Up-to-date: /home/blue/ws_blue/install/velocity_controllers/share/ament_index/resource_index/package_run_dependencies/velocity_controllers
[0.848s] -- Up-to-date: /home/blue/ws_blue/install/velocity_controllers/share/ament_index/resource_index/parent_prefix_path/velocity_controllers
[0.849s] -- Up-to-date: /home/blue/ws_blue/install/velocity_controllers/share/velocity_controllers/environment/ament_prefix_path.sh
[0.850s] -- Up-to-date: /home/blue/ws_blue/install/velocity_controllers/share/velocity_controllers/environment/ament_prefix_path.dsv
[0.851s] -- Up-to-date: /home/blue/ws_blue/install/velocity_controllers/share/velocity_controllers/environment/path.sh
[0.852s] -- Up-to-date: /home/blue/ws_blue/install/velocity_controllers/share/velocity_controllers/environment/path.dsv
[0.853s] -- Up-to-date: /home/blue/ws_blue/install/velocity_controllers/share/velocity_controllers/local_setup.bash
[0.858s] -- Up-to-date: /home/blue/ws_blue/install/velocity_controllers/share/velocity_controllers/local_setup.sh
[0.859s] -- Up-to-date: /home/blue/ws_blue/install/velocity_controllers/share/velocity_controllers/local_setup.zsh
[0.859s] -- Up-to-date: /home/blue/ws_blue/install/velocity_controllers/share/velocity_controllers/local_setup.dsv
[0.860s] -- Installing: /home/blue/ws_blue/install/velocity_controllers/share/velocity_controllers/package.dsv
[0.864s] -- Up-to-date: /home/blue/ws_blue/install/velocity_controllers/share/ament_index/resource_index/packages/velocity_controllers
[0.864s] -- Up-to-date: /home/blue/ws_blue/install/velocity_controllers/share/ament_index/resource_index/controller_interface__pluginlib__plugin/velocity_controllers
[0.865s] -- Up-to-date: /home/blue/ws_blue/install/velocity_controllers/share/velocity_controllers/cmake/export_velocity_controllersExport.cmake
[0.865s] -- Up-to-date: /home/blue/ws_blue/install/velocity_controllers/share/velocity_controllers/cmake/export_velocity_controllersExport-noconfig.cmake
[0.865s] -- Up-to-date: /home/blue/ws_blue/install/velocity_controllers/share/velocity_controllers/cmake/ament_cmake_export_targets-extras.cmake
[0.865s] -- Up-to-date: /home/blue/ws_blue/install/velocity_controllers/share/velocity_controllers/cmake/ament_cmake_export_dependencies-extras.cmake
[0.868s] -- Up-to-date: /home/blue/ws_blue/install/velocity_controllers/share/velocity_controllers/cmake/velocity_controllersConfig.cmake
[0.872s] -- Up-to-date: /home/blue/ws_blue/install/velocity_controllers/share/velocity_controllers/cmake/velocity_controllersConfig-version.cmake
[0.880s] -- Up-to-date: /home/blue/ws_blue/install/velocity_controllers/share/velocity_controllers/package.xml
[0.890s] Invoked command in '/home/blue/ws_blue/build/velocity_controllers' returned '0': AMENT_PREFIX_PATH=/home/blue/ws_blue/install/hydrodynamics:${AMENT_PREFIX_PATH} CMAKE_PREFIX_PATH=/home/blue/ws_blue/install/hydrodynamics:/opt/ros/iron LD_LIBRARY_PATH=/home/blue/ws_blue/install/hydrodynamics/lib:${LD_LIBRARY_PATH} /usr/bin/cmake --install /home/blue/ws_blue/build/velocity_controllers
