[100%] Built target hydrodynamics
-- Install configuration: ""
-- Up-to-date: /home/blue/ws_blue/install/hydrodynamics/include/hydrodynamics
-- Up-to-date: /home/blue/ws_blue/install/hydrodynamics/include/hydrodynamics/hydrodynamics
-- Up-to-date: /home/blue/ws_blue/install/hydrodynamics/include/hydrodynamics/hydrodynamics/hydrodynamics.hpp
-- Up-to-date: /home/blue/ws_blue/install/hydrodynamics/include/hydrodynamics/hydrodynamics/eigen.hpp
-- Up-to-date: /home/blue/ws_blue/install/hydrodynamics/lib/libhydrodynamics.so
-- Up-to-date: /home/blue/ws_blue/install/hydrodynamics/share/hydrodynamics/environment/library_path.sh
-- Up-to-date: /home/blue/ws_blue/install/hydrodynamics/share/hydrodynamics/environment/library_path.dsv
-- Up-to-date: /home/blue/ws_blue/install/hydrodynamics/share/ament_index/resource_index/package_run_dependencies/hydrodynamics
-- Up-to-date: /home/blue/ws_blue/install/hydrodynamics/share/ament_index/resource_index/parent_prefix_path/hydrodynamics
-- Up-to-date: /home/blue/ws_blue/install/hydrodynamics/share/hydrodynamics/environment/ament_prefix_path.sh
-- Up-to-date: /home/blue/ws_blue/install/hydrodynamics/share/hydrodynamics/environment/ament_prefix_path.dsv
-- Up-to-date: /home/blue/ws_blue/install/hydrodynamics/share/hydrodynamics/environment/path.sh
-- Up-to-date: /home/blue/ws_blue/install/hydrodynamics/share/hydrodynamics/environment/path.dsv
-- Up-to-date: /home/blue/ws_blue/install/hydrodynamics/share/hydrodynamics/local_setup.bash
-- Up-to-date: /home/blue/ws_blue/install/hydrodynamics/share/hydrodynamics/local_setup.sh
-- Up-to-date: /home/blue/ws_blue/install/hydrodynamics/share/hydrodynamics/local_setup.zsh
-- Up-to-date: /home/blue/ws_blue/install/hydrodynamics/share/hydrodynamics/local_setup.dsv
-- Installing: /home/blue/ws_blue/install/hydrodynamics/share/hydrodynamics/package.dsv
-- Up-to-date: /home/blue/ws_blue/install/hydrodynamics/share/ament_index/resource_index/packages/hydrodynamics
-- Up-to-date: /home/blue/ws_blue/install/hydrodynamics/share/hydrodynamics/cmake/export_hydrodynamicsExport.cmake
-- Up-to-date: /home/blue/ws_blue/install/hydrodynamics/share/hydrodynamics/cmake/export_hydrodynamicsExport-noconfig.cmake
-- Up-to-date: /home/blue/ws_blue/install/hydrodynamics/share/hydrodynamics/cmake/ament_cmake_export_targets-extras.cmake
-- Up-to-date: /home/blue/ws_blue/install/hydrodynamics/share/hydrodynamics/cmake/ament_cmake_export_dependencies-extras.cmake
-- Up-to-date: /home/blue/ws_blue/install/hydrodynamics/share/hydrodynamics/cmake/hydrodynamicsConfig.cmake
-- Up-to-date: /home/blue/ws_blue/install/hydrodynamics/share/hydrodynamics/cmake/hydrodynamicsConfig-version.cmake
-- Up-to-date: /home/blue/ws_blue/install/hydrodynamics/share/hydrodynamics/package.xml
