-- The C compiler identification is GNU 11.4.0
-- The CXX compiler identification is GNU 11.4.0
-- Detecting C compiler ABI info
-- Detecting C compiler ABI info - done
-- Check for working C compiler: /usr/bin/cc - skipped
-- Detecting C compile features
-- Detecting C compile features - done
-- Detecting CXX compiler ABI info
-- Detecting CXX compiler ABI info - done
-- Check for working CXX compiler: /usr/bin/c++ - skipped
-- Detecting CXX compile features
-- Detecting CXX compile features - done
-- Found controller_interface: 3.28.1 (/opt/ros/iron/share/controller_interface/cmake)
-- Found Python3: /usr/bin/python3.10 (found version "3.10.12") found components: Interpreter 
-- Found rosidl_generator_c: 4.0.1 (/opt/ros/iron/share/rosidl_generator_c/cmake)
-- Found rosidl_generator_cpp: 4.0.1 (/opt/ros/iron/share/rosidl_generator_cpp/cmake)
-- Using all available rosidl_typesupport_c: rosidl_typesupport_fastrtps_c;rosidl_typesupport_introspection_c
-- Using all available rosidl_typesupport_cpp: rosidl_typesupport_fastrtps_cpp;rosidl_typesupport_introspection_cpp
-- Found rmw_implementation_cmake: 7.1.0 (/opt/ros/iron/share/rmw_implementation_cmake/cmake)
-- Found rmw_fastrtps_cpp: 7.1.4 (/opt/ros/iron/share/rmw_fastrtps_cpp/cmake)
-- Found TinyXML2 via Config file: TinyXML2_DIR-NOTFOUND
-- Found OpenSSL: /usr/lib/x86_64-linux-gnu/libcrypto.so (found version "3.0.2")  
-- Found TinyXML2 via Config file: TinyXML2_DIR-NOTFOUND
-- Found FastRTPS: /opt/ros/iron/include  
-- Found TinyXML2 via Config file: TinyXML2_DIR-NOTFOUND
-- Found TinyXML2 via Config file: TinyXML2_DIR-NOTFOUND
-- Using RMW implementation 'rmw_fastrtps_cpp' as default
-- Found realtime_tools: 2.6.0 (/opt/ros/iron/share/realtime_tools/cmake)
-- Found generate_parameter_library: 0.3.8 (/opt/ros/iron/share/generate_parameter_library/cmake)
-- Found parameter_traits: 0.3.8 (/opt/ros/iron/share/parameter_traits/cmake)
-- Found ament_lint_auto: 0.14.4 (/opt/ros/iron/share/ament_lint_auto/cmake)
-- Added test 'cppcheck' to perform static code analysis on C / C++ code
-- Configured cppcheck include dirs: $<BUILD_INTERFACE:/home/blue/ws_blue/src/auv_controllers/thruster_controllers/include>
-- Configured cppcheck exclude dirs and/or files: 
-- Added test 'lint_cmake' to check CMake code style
-- Added test 'xmllint' to check XML markup files
-- Configuring done
-- Generating done
-- Build files have been written to: /home/blue/ws_blue/build/thruster_controllers
[ 33%] Running `/opt/ros/iron/bin/generate_parameter_library_cpp /home/blue/ws_blue/build/thruster_controllers/polynomial_thrust_curve_controller_parameters/include//polynomial_thrust_curve_controller_parameters.hpp /home/blue/ws_blue/src/auv_controllers/thruster_controllers/src/polynomial_thrust_curve_controller_parameters.yaml `
[ 33%] Built target polynomial_thrust_curve_controller_parameters
[ 66%] Building CXX object CMakeFiles/thruster_controllers.dir/src/polynomial_thrust_curve_controller.cpp.o
[100%] Linking CXX shared library libthruster_controllers.so
[100%] Built target thruster_controllers
-- Install configuration: ""
-- Installing: /home/blue/ws_blue/install/thruster_controllers/include/polynomial_thrust_curve_controller_parameters
-- Installing: /home/blue/ws_blue/install/thruster_controllers/include/polynomial_thrust_curve_controller_parameters/polynomial_thrust_curve_controller_parameters.hpp
-- Installing: /home/blue/ws_blue/install/thruster_controllers/share/thruster_controllers/thruster_controllers.xml
-- Installing: /home/blue/ws_blue/install/thruster_controllers/include/thruster_controllers
-- Installing: /home/blue/ws_blue/install/thruster_controllers/include/thruster_controllers/thruster_controllers
-- Installing: /home/blue/ws_blue/install/thruster_controllers/include/thruster_controllers/thruster_controllers/polynomial_thrust_curve_controller.hpp
-- Installing: /home/blue/ws_blue/install/thruster_controllers/lib/libthruster_controllers.so
-- Set runtime path of "/home/blue/ws_blue/install/thruster_controllers/lib/libthruster_controllers.so" to ""
-- Installing: /home/blue/ws_blue/install/thruster_controllers/share/thruster_controllers/environment/library_path.sh
-- Installing: /home/blue/ws_blue/install/thruster_controllers/share/thruster_controllers/environment/library_path.dsv
-- Installing: /home/blue/ws_blue/install/thruster_controllers/share/ament_index/resource_index/package_run_dependencies/thruster_controllers
-- Installing: /home/blue/ws_blue/install/thruster_controllers/share/ament_index/resource_index/parent_prefix_path/thruster_controllers
-- Installing: /home/blue/ws_blue/install/thruster_controllers/share/thruster_controllers/environment/ament_prefix_path.sh
-- Installing: /home/blue/ws_blue/install/thruster_controllers/share/thruster_controllers/environment/ament_prefix_path.dsv
-- Installing: /home/blue/ws_blue/install/thruster_controllers/share/thruster_controllers/environment/path.sh
-- Installing: /home/blue/ws_blue/install/thruster_controllers/share/thruster_controllers/environment/path.dsv
-- Installing: /home/blue/ws_blue/install/thruster_controllers/share/thruster_controllers/local_setup.bash
-- Installing: /home/blue/ws_blue/install/thruster_controllers/share/thruster_controllers/local_setup.sh
-- Installing: /home/blue/ws_blue/install/thruster_controllers/share/thruster_controllers/local_setup.zsh
-- Installing: /home/blue/ws_blue/install/thruster_controllers/share/thruster_controllers/local_setup.dsv
-- Installing: /home/blue/ws_blue/install/thruster_controllers/share/thruster_controllers/package.dsv
-- Installing: /home/blue/ws_blue/install/thruster_controllers/share/ament_index/resource_index/packages/thruster_controllers
-- Installing: /home/blue/ws_blue/install/thruster_controllers/share/ament_index/resource_index/controller_interface__pluginlib__plugin/thruster_controllers
-- Installing: /home/blue/ws_blue/install/thruster_controllers/share/thruster_controllers/cmake/export_thruster_controllersExport.cmake
-- Installing: /home/blue/ws_blue/install/thruster_controllers/share/thruster_controllers/cmake/export_thruster_controllersExport-noconfig.cmake
-- Installing: /home/blue/ws_blue/install/thruster_controllers/share/thruster_controllers/cmake/ament_cmake_export_targets-extras.cmake
-- Installing: /home/blue/ws_blue/install/thruster_controllers/share/thruster_controllers/cmake/ament_cmake_export_dependencies-extras.cmake
-- Installing: /home/blue/ws_blue/install/thruster_controllers/share/thruster_controllers/cmake/thruster_controllersConfig.cmake
-- Installing: /home/blue/ws_blue/install/thruster_controllers/share/thruster_controllers/cmake/thruster_controllersConfig-version.cmake
-- Installing: /home/blue/ws_blue/install/thruster_controllers/share/thruster_controllers/package.xml
