[0.044s] Invoking command in '/home/blue/ws_blue/build/hydrodynamics': CMAKE_PREFIX_PATH=/opt/ros/iron /usr/bin/cmake --build /home/blue/ws_blue/build/hydrodynamics -- -j4 -l4
[0.188s] Consolidate compiler generated dependencies of target hydrodynamics
[0.240s] [100%] Built target hydrodynamics
[0.274s] Invoked command in '/home/blue/ws_blue/build/hydrodynamics' returned '0': CMAKE_PREFIX_PATH=/opt/ros/iron /usr/bin/cmake --build /home/blue/ws_blue/build/hydrodynamics -- -j4 -l4
[0.388s] Invoking command in '/home/blue/ws_blue/build/hydrodynamics': CMAKE_PREFIX_PATH=/opt/ros/iron /usr/bin/cmake --install /home/blue/ws_blue/build/hydrodynamics
[0.408s] -- Install configuration: ""
[0.408s] -- Up-to-date: /home/blue/ws_blue/install/hydrodynamics/include/hydrodynamics
[0.416s] -- Up-to-date: /home/blue/ws_blue/install/hydrodynamics/include/hydrodynamics/hydrodynamics
[0.417s] -- Up-to-date: /home/blue/ws_blue/install/hydrodynamics/include/hydrodynamics/hydrodynamics/eigen.hpp
[0.420s] -- Up-to-date: /home/blue/ws_blue/install/hydrodynamics/include/hydrodynamics/hydrodynamics/hydrodynamics.hpp
[0.422s] -- Up-to-date: /home/blue/ws_blue/install/hydrodynamics/lib/libhydrodynamics.so
[0.429s] -- Up-to-date: /home/blue/ws_blue/install/hydrodynamics/share/hydrodynamics/environment/library_path.sh
[0.432s] -- Up-to-date: /home/blue/ws_blue/install/hydrodynamics/share/hydrodynamics/environment/library_path.dsv
[0.436s] -- Up-to-date: /home/blue/ws_blue/install/hydrodynamics/share/ament_index/resource_index/package_run_dependencies/hydrodynamics
[0.436s] -- Up-to-date: /home/blue/ws_blue/install/hydrodynamics/share/ament_index/resource_index/parent_prefix_path/hydrodynamics
[0.436s] -- Up-to-date: /home/blue/ws_blue/install/hydrodynamics/share/hydrodynamics/environment/ament_prefix_path.sh
[0.436s] -- Up-to-date: /home/blue/ws_blue/install/hydrodynamics/share/hydrodynamics/environment/ament_prefix_path.dsv
[0.437s] -- Up-to-date: /home/blue/ws_blue/install/hydrodynamics/share/hydrodynamics/environment/path.sh
[0.438s] -- Up-to-date: /home/blue/ws_blue/install/hydrodynamics/share/hydrodynamics/environment/path.dsv
[0.439s] -- Up-to-date: /home/blue/ws_blue/install/hydrodynamics/share/hydrodynamics/local_setup.bash
[0.440s] -- Up-to-date: /home/blue/ws_blue/install/hydrodynamics/share/hydrodynamics/local_setup.sh
[0.442s] -- Up-to-date: /home/blue/ws_blue/install/hydrodynamics/share/hydrodynamics/local_setup.zsh
[0.445s] -- Up-to-date: /home/blue/ws_blue/install/hydrodynamics/share/hydrodynamics/local_setup.dsv
[0.447s] -- Installing: /home/blue/ws_blue/install/hydrodynamics/share/hydrodynamics/package.dsv
[0.447s] -- Up-to-date: /home/blue/ws_blue/install/hydrodynamics/share/ament_index/resource_index/packages/hydrodynamics
[0.447s] -- Up-to-date: /home/blue/ws_blue/install/hydrodynamics/share/hydrodynamics/cmake/export_hydrodynamicsExport.cmake
[0.448s] -- Up-to-date: /home/blue/ws_blue/install/hydrodynamics/share/hydrodynamics/cmake/export_hydrodynamicsExport-noconfig.cmake
[0.449s] -- Up-to-date: /home/blue/ws_blue/install/hydrodynamics/share/hydrodynamics/cmake/ament_cmake_export_targets-extras.cmake
[0.450s] -- Up-to-date: /home/blue/ws_blue/install/hydrodynamics/share/hydrodynamics/cmake/ament_cmake_export_dependencies-extras.cmake
[0.451s] -- Up-to-date: /home/blue/ws_blue/install/hydrodynamics/share/hydrodynamics/cmake/hydrodynamicsConfig.cmake
[0.452s] -- Up-to-date: /home/blue/ws_blue/install/hydrodynamics/share/hydrodynamics/cmake/hydrodynamicsConfig-version.cmake
[0.453s] -- Up-to-date: /home/blue/ws_blue/install/hydrodynamics/share/hydrodynamics/package.xml
[0.460s] Invoked command in '/home/blue/ws_blue/build/hydrodynamics' returned '0': CMAKE_PREFIX_PATH=/opt/ros/iron /usr/bin/cmake --install /home/blue/ws_blue/build/hydrodynamics
