[0.193s] Invoking command in '/home/blue/ws_blue/build/velocity_controllers': CMAKE_PREFIX_PATH=/home/blue/ws_blue/install/hydrodynamics:/home/blue/ws_blue/install/auv_controllers:/home/blue/ws_blue/install/velocity_controllers:/home/blue/ws_blue/install/thruster_hardware:/home/blue/ws_blue/install/thruster_controllers:/home/blue/ws_blue/install/thruster_allocation_matrix_controller:/home/blue/ws_blue/install/message_transforms_demos:/home/blue/ws_blue/install/message_transforms:/home/blue/ws_blue/install/blue_bringup:/home/blue/ws_blue/install/blue_description:/home/blue/ws_blue/install/blue_demos:/home/blue/ws_blue/install/auv_control_msgs:/home/blue/ws_blue/install/auv_control_demos:/home/blue/ws_blue/install/ardusub_teleop:/home/blue/ws_blue/install/ardusub_manager:/home/blue/ws_blue/install/ardusub_bringup:/home/blue/ws_blue/install/blue_localization:/opt/ros/iron LD_LIBRARY_PATH=/home/blue/ws_blue/install/hydrodynamics/lib:/home/blue/ws_blue/install/velocity_controllers/lib:/home/blue/ws_blue/install/thruster_hardware/lib:/home/blue/ws_blue/install/thruster_controllers/lib:/home/blue/ws_blue/install/thruster_allocation_matrix_controller/lib:/home/blue/ws_blue/install/message_transforms/lib:/home/blue/ws_blue/install/auv_control_msgs/lib:/opt/ros/iron/opt/rviz_ogre_vendor/lib:/opt/ros/iron/lib/x86_64-linux-gnu:/opt/ros/iron/lib /usr/bin/cmake --build /home/blue/ws_blue/build/velocity_controllers -- -j18 -l18
[0.459s] [ 33%] Built target integral_sliding_mode_controller_parameters
[0.587s] [100%] Built target velocity_controllers
[0.649s] Invoked command in '/home/blue/ws_blue/build/velocity_controllers' returned '0': CMAKE_PREFIX_PATH=/home/blue/ws_blue/install/hydrodynamics:/home/blue/ws_blue/install/auv_controllers:/home/blue/ws_blue/install/velocity_controllers:/home/blue/ws_blue/install/thruster_hardware:/home/blue/ws_blue/install/thruster_controllers:/home/blue/ws_blue/install/thruster_allocation_matrix_controller:/home/blue/ws_blue/install/message_transforms_demos:/home/blue/ws_blue/install/message_transforms:/home/blue/ws_blue/install/blue_bringup:/home/blue/ws_blue/install/blue_description:/home/blue/ws_blue/install/blue_demos:/home/blue/ws_blue/install/auv_control_msgs:/home/blue/ws_blue/install/auv_control_demos:/home/blue/ws_blue/install/ardusub_teleop:/home/blue/ws_blue/install/ardusub_manager:/home/blue/ws_blue/install/ardusub_bringup:/home/blue/ws_blue/install/blue_localization:/opt/ros/iron LD_LIBRARY_PATH=/home/blue/ws_blue/install/hydrodynamics/lib:/home/blue/ws_blue/install/velocity_controllers/lib:/home/blue/ws_blue/install/thruster_hardware/lib:/home/blue/ws_blue/install/thruster_controllers/lib:/home/blue/ws_blue/install/thruster_allocation_matrix_controller/lib:/home/blue/ws_blue/install/message_transforms/lib:/home/blue/ws_blue/install/auv_control_msgs/lib:/opt/ros/iron/opt/rviz_ogre_vendor/lib:/opt/ros/iron/lib/x86_64-linux-gnu:/opt/ros/iron/lib /usr/bin/cmake --build /home/blue/ws_blue/build/velocity_controllers -- -j18 -l18
[0.746s] Invoking command in '/home/blue/ws_blue/build/velocity_controllers': CMAKE_PREFIX_PATH=/home/blue/ws_blue/install/hydrodynamics:/home/blue/ws_blue/install/auv_controllers:/home/blue/ws_blue/install/velocity_controllers:/home/blue/ws_blue/install/thruster_hardware:/home/blue/ws_blue/install/thruster_controllers:/home/blue/ws_blue/install/thruster_allocation_matrix_controller:/home/blue/ws_blue/install/message_transforms_demos:/home/blue/ws_blue/install/message_transforms:/home/blue/ws_blue/install/blue_bringup:/home/blue/ws_blue/install/blue_description:/home/blue/ws_blue/install/blue_demos:/home/blue/ws_blue/install/auv_control_msgs:/home/blue/ws_blue/install/auv_control_demos:/home/blue/ws_blue/install/ardusub_teleop:/home/blue/ws_blue/install/ardusub_manager:/home/blue/ws_blue/install/ardusub_bringup:/home/blue/ws_blue/install/blue_localization:/opt/ros/iron LD_LIBRARY_PATH=/home/blue/ws_blue/install/hydrodynamics/lib:/home/blue/ws_blue/install/velocity_controllers/lib:/home/blue/ws_blue/install/thruster_hardware/lib:/home/blue/ws_blue/install/thruster_controllers/lib:/home/blue/ws_blue/install/thruster_allocation_matrix_controller/lib:/home/blue/ws_blue/install/message_transforms/lib:/home/blue/ws_blue/install/auv_control_msgs/lib:/opt/ros/iron/opt/rviz_ogre_vendor/lib:/opt/ros/iron/lib/x86_64-linux-gnu:/opt/ros/iron/lib /usr/bin/cmake --install /home/blue/ws_blue/build/velocity_controllers
[0.763s] -- Install configuration: ""
[0.764s] -- Up-to-date: /home/blue/ws_blue/install/velocity_controllers/include/integral_sliding_mode_controller_parameters
[0.765s] -- Up-to-date: /home/blue/ws_blue/install/velocity_controllers/include/integral_sliding_mode_controller_parameters/integral_sliding_mode_controller_parameters.hpp
[0.780s] -- Up-to-date: /home/blue/ws_blue/install/velocity_controllers/share/velocity_controllers/velocity_controllers.xml
[0.789s] -- Up-to-date: /home/blue/ws_blue/install/velocity_controllers/include/velocity_controllers
[0.790s] -- Up-to-date: /home/blue/ws_blue/install/velocity_controllers/include/velocity_controllers/velocity_controllers
[0.791s] -- Up-to-date: /home/blue/ws_blue/install/velocity_controllers/include/velocity_controllers/velocity_controllers/integral_sliding_mode_controller.hpp
[0.807s] -- Up-to-date: /home/blue/ws_blue/install/velocity_controllers/lib/libvelocity_controllers.so
[0.869s] -- Up-to-date: /home/blue/ws_blue/install/velocity_controllers/share/velocity_controllers/environment/library_path.sh
[0.904s] -- Up-to-date: /home/blue/ws_blue/install/velocity_controllers/share/velocity_controllers/environment/library_path.dsv
[0.906s] -- Up-to-date: /home/blue/ws_blue/install/velocity_controllers/share/ament_index/resource_index/package_run_dependencies/velocity_controllers
[0.921s] -- Up-to-date: /home/blue/ws_blue/install/velocity_controllers/share/ament_index/resource_index/parent_prefix_path/velocity_controllers
[0.929s] -- Up-to-date: /home/blue/ws_blue/install/velocity_controllers/share/velocity_controllers/environment/ament_prefix_path.sh
[0.935s] -- Up-to-date: /home/blue/ws_blue/install/velocity_controllers/share/velocity_controllers/environment/ament_prefix_path.dsv
[0.948s] -- Up-to-date: /home/blue/ws_blue/install/velocity_controllers/share/velocity_controllers/environment/path.sh
[0.970s] -- Up-to-date: /home/blue/ws_blue/install/velocity_controllers/share/velocity_controllers/environment/path.dsv
[0.979s] -- Up-to-date: /home/blue/ws_blue/install/velocity_controllers/share/velocity_controllers/local_setup.bash
[0.983s] -- Up-to-date: /home/blue/ws_blue/install/velocity_controllers/share/velocity_controllers/local_setup.sh
[0.997s] -- Up-to-date: /home/blue/ws_blue/install/velocity_controllers/share/velocity_controllers/local_setup.zsh
[1.008s] -- Up-to-date: /home/blue/ws_blue/install/velocity_controllers/share/velocity_controllers/local_setup.dsv
[1.048s] -- Installing: /home/blue/ws_blue/install/velocity_controllers/share/velocity_controllers/package.dsv
[1.048s] -- Up-to-date: /home/blue/ws_blue/install/velocity_controllers/share/ament_index/resource_index/packages/velocity_controllers
[1.048s] -- Up-to-date: /home/blue/ws_blue/install/velocity_controllers/share/ament_index/resource_index/controller_interface__pluginlib__plugin/velocity_controllers
[1.072s] -- Up-to-date: /home/blue/ws_blue/install/velocity_controllers/share/velocity_controllers/cmake/export_velocity_controllersExport.cmake
[1.092s] -- Up-to-date: /home/blue/ws_blue/install/velocity_controllers/share/velocity_controllers/cmake/export_velocity_controllersExport-noconfig.cmake
[1.102s] -- Up-to-date: /home/blue/ws_blue/install/velocity_controllers/share/velocity_controllers/cmake/ament_cmake_export_targets-extras.cmake
[1.121s] -- Up-to-date: /home/blue/ws_blue/install/velocity_controllers/share/velocity_controllers/cmake/ament_cmake_export_dependencies-extras.cmake
[1.147s] -- Up-to-date: /home/blue/ws_blue/install/velocity_controllers/share/velocity_controllers/cmake/velocity_controllersConfig.cmake
[1.166s] -- Up-to-date: /home/blue/ws_blue/install/velocity_controllers/share/velocity_controllers/cmake/velocity_controllersConfig-version.cmake
[1.170s] -- Up-to-date: /home/blue/ws_blue/install/velocity_controllers/share/velocity_controllers/package.xml
[1.180s] Invoked command in '/home/blue/ws_blue/build/velocity_controllers' returned '0': CMAKE_PREFIX_PATH=/home/blue/ws_blue/install/hydrodynamics:/home/blue/ws_blue/install/auv_controllers:/home/blue/ws_blue/install/velocity_controllers:/home/blue/ws_blue/install/thruster_hardware:/home/blue/ws_blue/install/thruster_controllers:/home/blue/ws_blue/install/thruster_allocation_matrix_controller:/home/blue/ws_blue/install/message_transforms_demos:/home/blue/ws_blue/install/message_transforms:/home/blue/ws_blue/install/blue_bringup:/home/blue/ws_blue/install/blue_description:/home/blue/ws_blue/install/blue_demos:/home/blue/ws_blue/install/auv_control_msgs:/home/blue/ws_blue/install/auv_control_demos:/home/blue/ws_blue/install/ardusub_teleop:/home/blue/ws_blue/install/ardusub_manager:/home/blue/ws_blue/install/ardusub_bringup:/home/blue/ws_blue/install/blue_localization:/opt/ros/iron LD_LIBRARY_PATH=/home/blue/ws_blue/install/hydrodynamics/lib:/home/blue/ws_blue/install/velocity_controllers/lib:/home/blue/ws_blue/install/thruster_hardware/lib:/home/blue/ws_blue/install/thruster_controllers/lib:/home/blue/ws_blue/install/thruster_allocation_matrix_controller/lib:/home/blue/ws_blue/install/message_transforms/lib:/home/blue/ws_blue/install/auv_control_msgs/lib:/opt/ros/iron/opt/rviz_ogre_vendor/lib:/opt/ros/iron/lib/x86_64-linux-gnu:/opt/ros/iron/lib /usr/bin/cmake --install /home/blue/ws_blue/build/velocity_controllers
