[0.934s] Invoking command in '/home/blue/ws_blue/build/message_transforms_demos': CMAKE_PREFIX_PATH=${CMAKE_PREFIX_PATH}:/home/blue/ws_blue/install/blue_localization:/opt/ros/iron /usr/bin/cmake --build /home/blue/ws_blue/build/message_transforms_demos -- -j18 -l18
[1.116s] Invoked command in '/home/blue/ws_blue/build/message_transforms_demos' returned '0': CMAKE_PREFIX_PATH=${CMAKE_PREFIX_PATH}:/home/blue/ws_blue/install/blue_localization:/opt/ros/iron /usr/bin/cmake --build /home/blue/ws_blue/build/message_transforms_demos -- -j18 -l18
[1.265s] Invoking command in '/home/blue/ws_blue/build/message_transforms_demos': CMAKE_PREFIX_PATH=${CMAKE_PREFIX_PATH}:/home/blue/ws_blue/install/blue_localization:/opt/ros/iron /usr/bin/cmake --install /home/blue/ws_blue/build/message_transforms_demos
[1.271s] -- Install configuration: ""
[1.279s] -- Up-to-date: /home/blue/ws_blue/install/message_transforms_demos/share/message_transforms_demos/launch
[1.280s] -- Up-to-date: /home/blue/ws_blue/install/message_transforms_demos/share/message_transforms_demos/launch/demo.launch.yaml
[1.325s] -- Up-to-date: /home/blue/ws_blue/install/message_transforms_demos/share/message_transforms_demos/config
[1.325s] -- Up-to-date: /home/blue/ws_blue/install/message_transforms_demos/share/message_transforms_demos/config/demo.yaml
[1.325s] -- Up-to-date: /home/blue/ws_blue/install/message_transforms_demos/share/ament_index/resource_index/package_run_dependencies/message_transforms_demos
[1.364s] -- Up-to-date: /home/blue/ws_blue/install/message_transforms_demos/share/ament_index/resource_index/parent_prefix_path/message_transforms_demos
[1.383s] -- Up-to-date: /home/blue/ws_blue/install/message_transforms_demos/share/message_transforms_demos/environment/ament_prefix_path.sh
[1.414s] -- Up-to-date: /home/blue/ws_blue/install/message_transforms_demos/share/message_transforms_demos/environment/ament_prefix_path.dsv
[1.425s] -- Up-to-date: /home/blue/ws_blue/install/message_transforms_demos/share/message_transforms_demos/environment/path.sh
[1.444s] -- Up-to-date: /home/blue/ws_blue/install/message_transforms_demos/share/message_transforms_demos/environment/path.dsv
[1.483s] -- Up-to-date: /home/blue/ws_blue/install/message_transforms_demos/share/message_transforms_demos/local_setup.bash
[1.493s] -- Up-to-date: /home/blue/ws_blue/install/message_transforms_demos/share/message_transforms_demos/local_setup.sh
[1.505s] -- Up-to-date: /home/blue/ws_blue/install/message_transforms_demos/share/message_transforms_demos/local_setup.zsh
[1.602s] -- Up-to-date: /home/blue/ws_blue/install/message_transforms_demos/share/message_transforms_demos/local_setup.dsv
[1.611s] -- Installing: /home/blue/ws_blue/install/message_transforms_demos/share/message_transforms_demos/package.dsv
[1.612s] -- Up-to-date: /home/blue/ws_blue/install/message_transforms_demos/share/ament_index/resource_index/packages/message_transforms_demos
[1.625s] -- Up-to-date: /home/blue/ws_blue/install/message_transforms_demos/share/message_transforms_demos/cmake/message_transforms_demosConfig.cmake
[1.660s] -- Up-to-date: /home/blue/ws_blue/install/message_transforms_demos/share/message_transforms_demos/cmake/message_transforms_demosConfig-version.cmake
[1.683s] -- Up-to-date: /home/blue/ws_blue/install/message_transforms_demos/share/message_transforms_demos/package.xml
[1.701s] Invoked command in '/home/blue/ws_blue/build/message_transforms_demos' returned '0': CMAKE_PREFIX_PATH=${CMAKE_PREFIX_PATH}:/home/blue/ws_blue/install/blue_localization:/opt/ros/iron /usr/bin/cmake --install /home/blue/ws_blue/build/message_transforms_demos
