[ 33%] Built target integral_sliding_mode_controller_parameters
Consolidate compiler generated dependencies of target velocity_controllers
[100%] Built target velocity_controllers
-- Install configuration: ""
-- Up-to-date: /home/blue/ws_blue/install/velocity_controllers/include/integral_sliding_mode_controller_parameters
-- Up-to-date: /home/blue/ws_blue/install/velocity_controllers/include/integral_sliding_mode_controller_parameters/integral_sliding_mode_controller_parameters.hpp
-- Up-to-date: /home/blue/ws_blue/install/velocity_controllers/share/velocity_controllers/velocity_controllers.xml
-- Up-to-date: /home/blue/ws_blue/install/velocity_controllers/include/velocity_controllers
-- Up-to-date: /home/blue/ws_blue/install/velocity_controllers/include/velocity_controllers/velocity_controllers
-- Up-to-date: /home/blue/ws_blue/install/velocity_controllers/include/velocity_controllers/velocity_controllers/integral_sliding_mode_controller.hpp
-- Up-to-date: /home/blue/ws_blue/install/velocity_controllers/lib/libvelocity_controllers.so
-- Up-to-date: /home/blue/ws_blue/install/velocity_controllers/share/velocity_controllers/environment/library_path.sh
-- Up-to-date: /home/blue/ws_blue/install/velocity_controllers/share/velocity_controllers/environment/library_path.dsv
-- Up-to-date: /home/blue/ws_blue/install/velocity_controllers/share/ament_index/resource_index/package_run_dependencies/velocity_controllers
-- Up-to-date: /home/blue/ws_blue/install/velocity_controllers/share/ament_index/resource_index/parent_prefix_path/velocity_controllers
-- Up-to-date: /home/blue/ws_blue/install/velocity_controllers/share/velocity_controllers/environment/ament_prefix_path.sh
-- Up-to-date: /home/blue/ws_blue/install/velocity_controllers/share/velocity_controllers/environment/ament_prefix_path.dsv
-- Up-to-date: /home/blue/ws_blue/install/velocity_controllers/share/velocity_controllers/environment/path.sh
-- Up-to-date: /home/blue/ws_blue/install/velocity_controllers/share/velocity_controllers/environment/path.dsv
-- Up-to-date: /home/blue/ws_blue/install/velocity_controllers/share/velocity_controllers/local_setup.bash
-- Up-to-date: /home/blue/ws_blue/install/velocity_controllers/share/velocity_controllers/local_setup.sh
-- Up-to-date: /home/blue/ws_blue/install/velocity_controllers/share/velocity_controllers/local_setup.zsh
-- Up-to-date: /home/blue/ws_blue/install/velocity_controllers/share/velocity_controllers/local_setup.dsv
-- Installing: /home/blue/ws_blue/install/velocity_controllers/share/velocity_controllers/package.dsv
-- Up-to-date: /home/blue/ws_blue/install/velocity_controllers/share/ament_index/resource_index/packages/velocity_controllers
-- Up-to-date: /home/blue/ws_blue/install/velocity_controllers/share/ament_index/resource_index/controller_interface__pluginlib__plugin/velocity_controllers
-- Up-to-date: /home/blue/ws_blue/install/velocity_controllers/share/velocity_controllers/cmake/export_velocity_controllersExport.cmake
-- Up-to-date: /home/blue/ws_blue/install/velocity_controllers/share/velocity_controllers/cmake/export_velocity_controllersExport-noconfig.cmake
-- Up-to-date: /home/blue/ws_blue/install/velocity_controllers/share/velocity_controllers/cmake/ament_cmake_export_targets-extras.cmake
-- Up-to-date: /home/blue/ws_blue/install/velocity_controllers/share/velocity_controllers/cmake/ament_cmake_export_dependencies-extras.cmake
-- Up-to-date: /home/blue/ws_blue/install/velocity_controllers/share/velocity_controllers/cmake/velocity_controllersConfig.cmake
-- Up-to-date: /home/blue/ws_blue/install/velocity_controllers/share/velocity_controllers/cmake/velocity_controllersConfig-version.cmake
-- Up-to-date: /home/blue/ws_blue/install/velocity_controllers/share/velocity_controllers/package.xml
