/home/blue/ws_blue/install/blue_localization/lib/python3.10/site-packages/blue_localization/__init__.py
/home/blue/ws_blue/install/blue_localization/lib/python3.10/site-packages/blue_localization/source.py
/home/blue/ws_blue/install/blue_localization/lib/python3.10/site-packages/blue_localization/localizer.py
/home/blue/ws_blue/install/blue_localization/lib/python3.10/site-packages/blue_localization/__pycache__/__init__.cpython-310.pyc
/home/blue/ws_blue/install/blue_localization/lib/python3.10/site-packages/blue_localization/__pycache__/source.cpython-310.pyc
/home/blue/ws_blue/install/blue_localization/lib/python3.10/site-packages/blue_localization/__pycache__/localizer.cpython-310.pyc
/home/blue/ws_blue/install/blue_localization/share/ament_index/resource_index/packages/blue_localization
/home/blue/ws_blue/install/blue_localization/share/blue_localization/package.xml
/home/blue/ws_blue/install/blue_localization/share/blue_localization/localization.launch.py
/home/blue/ws_blue/install/blue_localization/share/blue_localization/markers.launch.py
/home/blue/ws_blue/install/blue_localization/lib/python3.10/site-packages/blue_localization-0.0.1-py3.10.egg-info/PKG-INFO
/home/blue/ws_blue/install/blue_localization/lib/python3.10/site-packages/blue_localization-0.0.1-py3.10.egg-info/SOURCES.txt
/home/blue/ws_blue/install/blue_localization/lib/python3.10/site-packages/blue_localization-0.0.1-py3.10.egg-info/zip-safe
/home/blue/ws_blue/install/blue_localization/lib/python3.10/site-packages/blue_localization-0.0.1-py3.10.egg-info/dependency_links.txt
/home/blue/ws_blue/install/blue_localization/lib/python3.10/site-packages/blue_localization-0.0.1-py3.10.egg-info/top_level.txt
/home/blue/ws_blue/install/blue_localization/lib/python3.10/site-packages/blue_localization-0.0.1-py3.10.egg-info/entry_points.txt
/home/blue/ws_blue/install/blue_localization/lib/python3.10/site-packages/blue_localization-0.0.1-py3.10.egg-info/requires.txt
/home/blue/ws_blue/install/blue_localization/lib/blue_localization/aruco_marker_localizer
/home/blue/ws_blue/install/blue_localization/lib/blue_localization/camera
/home/blue/ws_blue/install/blue_localization/lib/blue_localization/gazebo_localizer
/home/blue/ws_blue/install/blue_localization/lib/blue_localization/qualisys_localizer
/home/blue/ws_blue/install/blue_localization/lib/blue_localization/qualisys_mocap
