-- The C compiler identification is GNU 11.4.0
-- The CXX compiler identification is GNU 11.4.0
-- Detecting C compiler ABI info
-- Detecting C compiler ABI info - done
-- Check for working C compiler: /usr/bin/cc - skipped
-- Detecting C compile features
-- Detecting C compile features - done
-- Detecting CXX compiler ABI info
-- Detecting CXX compiler ABI info - done
-- Check for working CXX compiler: /usr/bin/c++ - skipped
-- Detecting CXX compile features
-- Detecting CXX compile features - done
-- Found ament_cmake: 2.0.6 (/opt/ros/iron/share/ament_cmake/cmake)
-- Found Python3: /usr/bin/python3.10 (found version "3.10.12") found components: Interpreter 
-- Found rclcpp: 21.0.7 (/opt/ros/iron/share/rclcpp/cmake)
-- Found rosidl_generator_c: 4.0.1 (/opt/ros/iron/share/rosidl_generator_c/cmake)
-- Found rosidl_generator_cpp: 4.0.1 (/opt/ros/iron/share/rosidl_generator_cpp/cmake)
-- Using all available rosidl_typesupport_c: rosidl_typesupport_fastrtps_c;rosidl_typesupport_introspection_c
-- Using all available rosidl_typesupport_cpp: rosidl_typesupport_fastrtps_cpp;rosidl_typesupport_introspection_cpp
-- Found rmw_implementation_cmake: 7.1.0 (/opt/ros/iron/share/rmw_implementation_cmake/cmake)
-- Found rmw_fastrtps_cpp: 7.1.4 (/opt/ros/iron/share/rmw_fastrtps_cpp/cmake)
-- Found OpenSSL: /usr/lib/x86_64-linux-gnu/libcrypto.so (found version "3.0.2")  
-- Found FastRTPS: /opt/ros/iron/include  
-- Using RMW implementation 'rmw_fastrtps_cpp' as default
-- Found rclcpp_lifecycle: 21.0.7 (/opt/ros/iron/share/rclcpp_lifecycle/cmake)
-- Found pluginlib: 5.2.2 (/opt/ros/iron/share/pluginlib/cmake)
-- Found hardware_interface: 3.28.1 (/opt/ros/iron/share/hardware_interface/cmake)
-- Found mavros_msgs: 2.8.0 (/opt/ros/iron/share/mavros_msgs/cmake)
-- Found realtime_tools: 2.6.0 (/opt/ros/iron/share/realtime_tools/cmake)
-- Found ament_lint_auto: 0.14.4 (/opt/ros/iron/share/ament_lint_auto/cmake)
-- Added test 'copyright' to check source files copyright and LICENSE
-- Added test 'lint_cmake' to check CMake code style
-- Added test 'xmllint' to check XML markup files
-- Configuring done
-- Generating done
-- Build files have been written to: /home/blue/ws_blue/build/thruster_hardware
[ 50%] Building CXX object CMakeFiles/thruster_hardware.dir/src/hardware.cpp.o
[100%] Linking CXX shared library libthruster_hardware.so
[100%] Built target thruster_hardware
-- Install configuration: ""
-- Installing: /home/blue/ws_blue/install/thruster_hardware/share/thruster_hardware/thruster_hardware.xml
-- Installing: /home/blue/ws_blue/install/thruster_hardware/include/thruster_hardware
-- Installing: /home/blue/ws_blue/install/thruster_hardware/include/thruster_hardware/thruster_hardware
-- Installing: /home/blue/ws_blue/install/thruster_hardware/include/thruster_hardware/thruster_hardware/hardware.hpp
-- Installing: /home/blue/ws_blue/install/thruster_hardware/include/thruster_hardware/thruster_hardware/visibility_control.h
-- Installing: /home/blue/ws_blue/install/thruster_hardware/lib/libthruster_hardware.so
-- Set runtime path of "/home/blue/ws_blue/install/thruster_hardware/lib/libthruster_hardware.so" to ""
-- Installing: /home/blue/ws_blue/install/thruster_hardware/share/thruster_hardware/environment/library_path.sh
-- Installing: /home/blue/ws_blue/install/thruster_hardware/share/thruster_hardware/environment/library_path.dsv
-- Installing: /home/blue/ws_blue/install/thruster_hardware/share/ament_index/resource_index/package_run_dependencies/thruster_hardware
-- Installing: /home/blue/ws_blue/install/thruster_hardware/share/ament_index/resource_index/parent_prefix_path/thruster_hardware
-- Installing: /home/blue/ws_blue/install/thruster_hardware/share/thruster_hardware/environment/ament_prefix_path.sh
-- Installing: /home/blue/ws_blue/install/thruster_hardware/share/thruster_hardware/environment/ament_prefix_path.dsv
-- Installing: /home/blue/ws_blue/install/thruster_hardware/share/thruster_hardware/environment/path.sh
-- Installing: /home/blue/ws_blue/install/thruster_hardware/share/thruster_hardware/environment/path.dsv
-- Installing: /home/blue/ws_blue/install/thruster_hardware/share/thruster_hardware/local_setup.bash
-- Installing: /home/blue/ws_blue/install/thruster_hardware/share/thruster_hardware/local_setup.sh
-- Installing: /home/blue/ws_blue/install/thruster_hardware/share/thruster_hardware/local_setup.zsh
-- Installing: /home/blue/ws_blue/install/thruster_hardware/share/thruster_hardware/local_setup.dsv
-- Installing: /home/blue/ws_blue/install/thruster_hardware/share/thruster_hardware/package.dsv
-- Installing: /home/blue/ws_blue/install/thruster_hardware/share/ament_index/resource_index/packages/thruster_hardware
-- Installing: /home/blue/ws_blue/install/thruster_hardware/share/ament_index/resource_index/hardware_interface__pluginlib__plugin/thruster_hardware
-- Installing: /home/blue/ws_blue/install/thruster_hardware/share/thruster_hardware/cmake/export_thruster_hardwareExport.cmake
-- Installing: /home/blue/ws_blue/install/thruster_hardware/share/thruster_hardware/cmake/export_thruster_hardwareExport-noconfig.cmake
-- Installing: /home/blue/ws_blue/install/thruster_hardware/share/thruster_hardware/cmake/ament_cmake_export_targets-extras.cmake
-- Installing: /home/blue/ws_blue/install/thruster_hardware/share/thruster_hardware/cmake/ament_cmake_export_dependencies-extras.cmake
-- Installing: /home/blue/ws_blue/install/thruster_hardware/share/thruster_hardware/cmake/thruster_hardwareConfig.cmake
-- Installing: /home/blue/ws_blue/install/thruster_hardware/share/thruster_hardware/cmake/thruster_hardwareConfig-version.cmake
-- Installing: /home/blue/ws_blue/install/thruster_hardware/share/thruster_hardware/package.xml
