[0.051s] Invoking command in '/home/blue/ws_blue/build/thruster_hardware': CMAKE_PREFIX_PATH=/opt/ros/iron /usr/bin/cmake /home/blue/ws_blue/src/ardusub_driver/thruster_hardware -DCMAKE_INSTALL_PREFIX=/home/blue/ws_blue/install/thruster_hardware
[0.283s] -- The C compiler identification is GNU 11.4.0
[0.462s] -- The CXX compiler identification is GNU 11.4.0
[0.485s] -- Detecting C compiler ABI info
[0.859s] -- Detecting C compiler ABI info - done
[0.870s] -- Check for working C compiler: /usr/bin/cc - skipped
[0.871s] -- Detecting C compile features
[0.871s] -- Detecting C compile features - done
[0.887s] -- Detecting CXX compiler ABI info
[1.311s] -- Detecting CXX compiler ABI info - done
[1.322s] -- Check for working CXX compiler: /usr/bin/c++ - skipped
[1.322s] -- Detecting CXX compile features
[1.339s] -- Detecting CXX compile features - done
[1.345s] -- Found ament_cmake: 2.0.6 (/opt/ros/iron/share/ament_cmake/cmake)
[1.787s] -- Found Python3: /usr/bin/python3.10 (found version "3.10.12") found components: Interpreter 
[2.147s] -- Found rclcpp: 21.0.7 (/opt/ros/iron/share/rclcpp/cmake)
[2.228s] -- Found rosidl_generator_c: 4.0.1 (/opt/ros/iron/share/rosidl_generator_c/cmake)
[2.254s] -- Found rosidl_generator_cpp: 4.0.1 (/opt/ros/iron/share/rosidl_generator_cpp/cmake)
[2.291s] -- Using all available rosidl_typesupport_c: rosidl_typesupport_fastrtps_c;rosidl_typesupport_introspection_c
[2.332s] -- Using all available rosidl_typesupport_cpp: rosidl_typesupport_fastrtps_cpp;rosidl_typesupport_introspection_cpp
[2.749s] -- Found rmw_implementation_cmake: 7.1.0 (/opt/ros/iron/share/rmw_implementation_cmake/cmake)
[2.759s] -- Found rmw_fastrtps_cpp: 7.1.4 (/opt/ros/iron/share/rmw_fastrtps_cpp/cmake)
[3.293s] -- Found OpenSSL: /usr/lib/x86_64-linux-gnu/libcrypto.so (found version "3.0.2")  
[3.370s] -- Found FastRTPS: /opt/ros/iron/include  
[3.502s] -- Using RMW implementation 'rmw_fastrtps_cpp' as default
[3.842s] -- Found rclcpp_lifecycle: 21.0.7 (/opt/ros/iron/share/rclcpp_lifecycle/cmake)
[4.102s] -- Found pluginlib: 5.2.2 (/opt/ros/iron/share/pluginlib/cmake)
[4.203s] -- Found hardware_interface: 3.28.1 (/opt/ros/iron/share/hardware_interface/cmake)
[5.662s] -- Found mavros_msgs: 2.8.0 (/opt/ros/iron/share/mavros_msgs/cmake)
[7.581s] -- Found realtime_tools: 2.6.0 (/opt/ros/iron/share/realtime_tools/cmake)
[7.958s] -- Found ament_lint_auto: 0.14.4 (/opt/ros/iron/share/ament_lint_auto/cmake)
[8.070s] -- Added test 'copyright' to check source files copyright and LICENSE
[8.071s] -- Added test 'lint_cmake' to check CMake code style
[8.072s] -- Added test 'xmllint' to check XML markup files
[8.087s] -- Configuring done
[8.180s] -- Generating done
[8.182s] -- Build files have been written to: /home/blue/ws_blue/build/thruster_hardware
[8.211s] Invoked command in '/home/blue/ws_blue/build/thruster_hardware' returned '0': CMAKE_PREFIX_PATH=/opt/ros/iron /usr/bin/cmake /home/blue/ws_blue/src/ardusub_driver/thruster_hardware -DCMAKE_INSTALL_PREFIX=/home/blue/ws_blue/install/thruster_hardware
[8.211s] Invoking command in '/home/blue/ws_blue/build/thruster_hardware': CMAKE_PREFIX_PATH=/opt/ros/iron /usr/bin/cmake --build /home/blue/ws_blue/build/thruster_hardware -- -j4 -l4
[8.306s] [ 50%] Building CXX object CMakeFiles/thruster_hardware.dir/src/hardware.cpp.o
[16.093s] [100%] Linking CXX shared library libthruster_hardware.so
[16.858s] [100%] Built target thruster_hardware
[16.873s] Invoked command in '/home/blue/ws_blue/build/thruster_hardware' returned '0': CMAKE_PREFIX_PATH=/opt/ros/iron /usr/bin/cmake --build /home/blue/ws_blue/build/thruster_hardware -- -j4 -l4
[16.909s] Invoking command in '/home/blue/ws_blue/build/thruster_hardware': CMAKE_PREFIX_PATH=/opt/ros/iron /usr/bin/cmake --install /home/blue/ws_blue/build/thruster_hardware
[16.920s] -- Install configuration: ""
[16.920s] -- Installing: /home/blue/ws_blue/install/thruster_hardware/share/thruster_hardware/thruster_hardware.xml
[16.921s] -- Installing: /home/blue/ws_blue/install/thruster_hardware/include/thruster_hardware
[16.921s] -- Installing: /home/blue/ws_blue/install/thruster_hardware/include/thruster_hardware/thruster_hardware
[16.921s] -- Installing: /home/blue/ws_blue/install/thruster_hardware/include/thruster_hardware/thruster_hardware/hardware.hpp
[16.922s] -- Installing: /home/blue/ws_blue/install/thruster_hardware/include/thruster_hardware/thruster_hardware/visibility_control.h
[16.922s] -- Installing: /home/blue/ws_blue/install/thruster_hardware/lib/libthruster_hardware.so
[16.929s] -- Set runtime path of "/home/blue/ws_blue/install/thruster_hardware/lib/libthruster_hardware.so" to ""
[16.929s] -- Installing: /home/blue/ws_blue/install/thruster_hardware/share/thruster_hardware/environment/library_path.sh
[16.930s] -- Installing: /home/blue/ws_blue/install/thruster_hardware/share/thruster_hardware/environment/library_path.dsv
[16.930s] -- Installing: /home/blue/ws_blue/install/thruster_hardware/share/ament_index/resource_index/package_run_dependencies/thruster_hardware
[16.931s] -- Installing: /home/blue/ws_blue/install/thruster_hardware/share/ament_index/resource_index/parent_prefix_path/thruster_hardware
[16.932s] -- Installing: /home/blue/ws_blue/install/thruster_hardware/share/thruster_hardware/environment/ament_prefix_path.sh
[16.932s] -- Installing: /home/blue/ws_blue/install/thruster_hardware/share/thruster_hardware/environment/ament_prefix_path.dsv
[16.932s] -- Installing: /home/blue/ws_blue/install/thruster_hardware/share/thruster_hardware/environment/path.sh
[16.933s] -- Installing: /home/blue/ws_blue/install/thruster_hardware/share/thruster_hardware/environment/path.dsv
[16.933s] -- Installing: /home/blue/ws_blue/install/thruster_hardware/share/thruster_hardware/local_setup.bash
[16.934s] -- Installing: /home/blue/ws_blue/install/thruster_hardware/share/thruster_hardware/local_setup.sh
[16.934s] -- Installing: /home/blue/ws_blue/install/thruster_hardware/share/thruster_hardware/local_setup.zsh
[16.935s] -- Installing: /home/blue/ws_blue/install/thruster_hardware/share/thruster_hardware/local_setup.dsv
[16.935s] -- Installing: /home/blue/ws_blue/install/thruster_hardware/share/thruster_hardware/package.dsv
[16.936s] -- Installing: /home/blue/ws_blue/install/thruster_hardware/share/ament_index/resource_index/packages/thruster_hardware
[16.936s] -- Installing: /home/blue/ws_blue/install/thruster_hardware/share/ament_index/resource_index/hardware_interface__pluginlib__plugin/thruster_hardware
[16.937s] -- Installing: /home/blue/ws_blue/install/thruster_hardware/share/thruster_hardware/cmake/export_thruster_hardwareExport.cmake
[16.937s] -- Installing: /home/blue/ws_blue/install/thruster_hardware/share/thruster_hardware/cmake/export_thruster_hardwareExport-noconfig.cmake
[16.938s] -- Installing: /home/blue/ws_blue/install/thruster_hardware/share/thruster_hardware/cmake/ament_cmake_export_targets-extras.cmake
[16.938s] -- Installing: /home/blue/ws_blue/install/thruster_hardware/share/thruster_hardware/cmake/ament_cmake_export_dependencies-extras.cmake
[16.939s] -- Installing: /home/blue/ws_blue/install/thruster_hardware/share/thruster_hardware/cmake/thruster_hardwareConfig.cmake
[16.939s] -- Installing: /home/blue/ws_blue/install/thruster_hardware/share/thruster_hardware/cmake/thruster_hardwareConfig-version.cmake
[16.940s] -- Installing: /home/blue/ws_blue/install/thruster_hardware/share/thruster_hardware/package.xml
[16.942s] Invoked command in '/home/blue/ws_blue/build/thruster_hardware' returned '0': CMAKE_PREFIX_PATH=/opt/ros/iron /usr/bin/cmake --install /home/blue/ws_blue/build/thruster_hardware
