[ 33%] Built target ardusub_manager_parameters
[35m[1mConsolidate compiler generated dependencies of target ardusub_manager[0m
[100%] Built target ardusub_manager
-- Install configuration: ""
-- Up-to-date: /home/blue/ws_blue/install/ardusub_manager/include/ardusub_manager_parameters
-- Up-to-date: /home/blue/ws_blue/install/ardusub_manager/include/ardusub_manager_parameters/ardusub_manager_parameters.hpp
-- Up-to-date: /home/blue/ws_blue/install/ardusub_manager/lib/ardusub_manager/ardusub_manager
-- Up-to-date: /home/blue/ws_blue/install/ardusub_manager/share/ardusub_manager/launch
-- Up-to-date: /home/blue/ws_blue/install/ardusub_manager/share/ardusub_manager/launch/ardusub_manager.launch.py
-- Up-to-date: /home/blue/ws_blue/install/ardusub_manager/share/ament_index/resource_index/package_run_dependencies/ardusub_manager
-- Up-to-date: /home/blue/ws_blue/install/ardusub_manager/share/ament_index/resource_index/parent_prefix_path/ardusub_manager
-- Up-to-date: /home/blue/ws_blue/install/ardusub_manager/share/ardusub_manager/environment/ament_prefix_path.sh
-- Up-to-date: /home/blue/ws_blue/install/ardusub_manager/share/ardusub_manager/environment/ament_prefix_path.dsv
-- Up-to-date: /home/blue/ws_blue/install/ardusub_manager/share/ardusub_manager/environment/path.sh
-- Up-to-date: /home/blue/ws_blue/install/ardusub_manager/share/ardusub_manager/environment/path.dsv
-- Up-to-date: /home/blue/ws_blue/install/ardusub_manager/share/ardusub_manager/local_setup.bash
-- Up-to-date: /home/blue/ws_blue/install/ardusub_manager/share/ardusub_manager/local_setup.sh
-- Up-to-date: /home/blue/ws_blue/install/ardusub_manager/share/ardusub_manager/local_setup.zsh
-- Up-to-date: /home/blue/ws_blue/install/ardusub_manager/share/ardusub_manager/local_setup.dsv
-- Installing: /home/blue/ws_blue/install/ardusub_manager/share/ardusub_manager/package.dsv
-- Up-to-date: /home/blue/ws_blue/install/ardusub_manager/share/ament_index/resource_index/packages/ardusub_manager
-- Up-to-date: /home/blue/ws_blue/install/ardusub_manager/share/ardusub_manager/cmake/ardusub_managerConfig.cmake
-- Up-to-date: /home/blue/ws_blue/install/ardusub_manager/share/ardusub_manager/cmake/ardusub_managerConfig-version.cmake
-- Up-to-date: /home/blue/ws_blue/install/ardusub_manager/share/ardusub_manager/package.xml
