[0.140s] Invoking command in '/home/blue/ws_blue/build/thruster_allocation_matrix_controller': AMENT_PREFIX_PATH=/home/blue/ws_blue/install/hydrodynamics:/home/blue/ws_blue/install/auv_control_msgs:${AMENT_PREFIX_PATH} CMAKE_PREFIX_PATH=/home/blue/ws_blue/install/hydrodynamics:/home/blue/ws_blue/install/auv_control_msgs:/opt/ros/iron LD_LIBRARY_PATH=/home/blue/ws_blue/install/hydrodynamics/lib:/home/blue/ws_blue/install/auv_control_msgs/lib:${LD_LIBRARY_PATH} PYTHONPATH=/home/blue/ws_blue/install/auv_control_msgs/lib/python3.10/site-packages:${PYTHONPATH} /usr/bin/cmake --build /home/blue/ws_blue/build/thruster_allocation_matrix_controller -- -j4 -l4
[0.416s] [ 33%] Built target thruster_allocation_matrix_controller_parameters
[0.562s] Consolidate compiler generated dependencies of target thruster_allocation_matrix_controller
[0.644s] [100%] Built target thruster_allocation_matrix_controller
[0.692s] Invoked command in '/home/blue/ws_blue/build/thruster_allocation_matrix_controller' returned '0': AMENT_PREFIX_PATH=/home/blue/ws_blue/install/hydrodynamics:/home/blue/ws_blue/install/auv_control_msgs:${AMENT_PREFIX_PATH} CMAKE_PREFIX_PATH=/home/blue/ws_blue/install/hydrodynamics:/home/blue/ws_blue/install/auv_control_msgs:/opt/ros/iron LD_LIBRARY_PATH=/home/blue/ws_blue/install/hydrodynamics/lib:/home/blue/ws_blue/install/auv_control_msgs/lib:${LD_LIBRARY_PATH} PYTHONPATH=/home/blue/ws_blue/install/auv_control_msgs/lib/python3.10/site-packages:${PYTHONPATH} /usr/bin/cmake --build /home/blue/ws_blue/build/thruster_allocation_matrix_controller -- -j4 -l4
[0.883s] Invoking command in '/home/blue/ws_blue/build/thruster_allocation_matrix_controller': AMENT_PREFIX_PATH=/home/blue/ws_blue/install/hydrodynamics:/home/blue/ws_blue/install/auv_control_msgs:${AMENT_PREFIX_PATH} CMAKE_PREFIX_PATH=/home/blue/ws_blue/install/hydrodynamics:/home/blue/ws_blue/install/auv_control_msgs:/opt/ros/iron LD_LIBRARY_PATH=/home/blue/ws_blue/install/hydrodynamics/lib:/home/blue/ws_blue/install/auv_control_msgs/lib:${LD_LIBRARY_PATH} PYTHONPATH=/home/blue/ws_blue/install/auv_control_msgs/lib/python3.10/site-packages:${PYTHONPATH} /usr/bin/cmake --install /home/blue/ws_blue/build/thruster_allocation_matrix_controller
[0.906s] -- Install configuration: ""
[0.916s] -- Up-to-date: /home/blue/ws_blue/install/thruster_allocation_matrix_controller/include/thruster_allocation_matrix_controller_parameters
[0.917s] -- Up-to-date: /home/blue/ws_blue/install/thruster_allocation_matrix_controller/include/thruster_allocation_matrix_controller_parameters/thruster_allocation_matrix_controller_parameters.hpp
[0.919s] -- Up-to-date: /home/blue/ws_blue/install/thruster_allocation_matrix_controller/share/thruster_allocation_matrix_controller/thruster_allocation_matrix_controller.xml
[0.920s] -- Up-to-date: /home/blue/ws_blue/install/thruster_allocation_matrix_controller/include/thruster_allocation_matrix_controller
[0.920s] -- Up-to-date: /home/blue/ws_blue/install/thruster_allocation_matrix_controller/include/thruster_allocation_matrix_controller/thruster_allocation_matrix_controller
[0.920s] -- Up-to-date: /home/blue/ws_blue/install/thruster_allocation_matrix_controller/include/thruster_allocation_matrix_controller/thruster_allocation_matrix_controller/thruster_allocation_matrix_controller.hpp
[0.928s] -- Up-to-date: /home/blue/ws_blue/install/thruster_allocation_matrix_controller/lib/libthruster_allocation_matrix_controller.so
[0.958s] -- Up-to-date: /home/blue/ws_blue/install/thruster_allocation_matrix_controller/share/thruster_allocation_matrix_controller/environment/library_path.sh
[0.959s] -- Up-to-date: /home/blue/ws_blue/install/thruster_allocation_matrix_controller/share/thruster_allocation_matrix_controller/environment/library_path.dsv
[0.960s] -- Up-to-date: /home/blue/ws_blue/install/thruster_allocation_matrix_controller/share/ament_index/resource_index/package_run_dependencies/thruster_allocation_matrix_controller
[0.961s] -- Up-to-date: /home/blue/ws_blue/install/thruster_allocation_matrix_controller/share/ament_index/resource_index/parent_prefix_path/thruster_allocation_matrix_controller
[0.962s] -- Up-to-date: /home/blue/ws_blue/install/thruster_allocation_matrix_controller/share/thruster_allocation_matrix_controller/environment/ament_prefix_path.sh
[0.963s] -- Up-to-date: /home/blue/ws_blue/install/thruster_allocation_matrix_controller/share/thruster_allocation_matrix_controller/environment/ament_prefix_path.dsv
[0.964s] -- Up-to-date: /home/blue/ws_blue/install/thruster_allocation_matrix_controller/share/thruster_allocation_matrix_controller/environment/path.sh
[0.965s] -- Up-to-date: /home/blue/ws_blue/install/thruster_allocation_matrix_controller/share/thruster_allocation_matrix_controller/environment/path.dsv
[0.966s] -- Up-to-date: /home/blue/ws_blue/install/thruster_allocation_matrix_controller/share/thruster_allocation_matrix_controller/local_setup.bash
[0.967s] -- Up-to-date: /home/blue/ws_blue/install/thruster_allocation_matrix_controller/share/thruster_allocation_matrix_controller/local_setup.sh
[0.968s] -- Up-to-date: /home/blue/ws_blue/install/thruster_allocation_matrix_controller/share/thruster_allocation_matrix_controller/local_setup.zsh
[0.970s] -- Up-to-date: /home/blue/ws_blue/install/thruster_allocation_matrix_controller/share/thruster_allocation_matrix_controller/local_setup.dsv
[0.971s] -- Installing: /home/blue/ws_blue/install/thruster_allocation_matrix_controller/share/thruster_allocation_matrix_controller/package.dsv
[0.972s] -- Up-to-date: /home/blue/ws_blue/install/thruster_allocation_matrix_controller/share/ament_index/resource_index/packages/thruster_allocation_matrix_controller
[0.972s] -- Up-to-date: /home/blue/ws_blue/install/thruster_allocation_matrix_controller/share/ament_index/resource_index/controller_interface__pluginlib__plugin/thruster_allocation_matrix_controller
[0.973s] -- Up-to-date: /home/blue/ws_blue/install/thruster_allocation_matrix_controller/share/thruster_allocation_matrix_controller/cmake/export_thruster_allocation_matrix_controllerExport.cmake
[0.974s] -- Up-to-date: /home/blue/ws_blue/install/thruster_allocation_matrix_controller/share/thruster_allocation_matrix_controller/cmake/export_thruster_allocation_matrix_controllerExport-noconfig.cmake
[0.975s] -- Up-to-date: /home/blue/ws_blue/install/thruster_allocation_matrix_controller/share/thruster_allocation_matrix_controller/cmake/ament_cmake_export_targets-extras.cmake
[0.975s] -- Up-to-date: /home/blue/ws_blue/install/thruster_allocation_matrix_controller/share/thruster_allocation_matrix_controller/cmake/ament_cmake_export_dependencies-extras.cmake
[0.976s] -- Up-to-date: /home/blue/ws_blue/install/thruster_allocation_matrix_controller/share/thruster_allocation_matrix_controller/cmake/thruster_allocation_matrix_controllerConfig.cmake
[0.977s] -- Up-to-date: /home/blue/ws_blue/install/thruster_allocation_matrix_controller/share/thruster_allocation_matrix_controller/cmake/thruster_allocation_matrix_controllerConfig-version.cmake
[0.978s] -- Up-to-date: /home/blue/ws_blue/install/thruster_allocation_matrix_controller/share/thruster_allocation_matrix_controller/package.xml
[0.988s] Invoked command in '/home/blue/ws_blue/build/thruster_allocation_matrix_controller' returned '0': AMENT_PREFIX_PATH=/home/blue/ws_blue/install/hydrodynamics:/home/blue/ws_blue/install/auv_control_msgs:${AMENT_PREFIX_PATH} CMAKE_PREFIX_PATH=/home/blue/ws_blue/install/hydrodynamics:/home/blue/ws_blue/install/auv_control_msgs:/opt/ros/iron LD_LIBRARY_PATH=/home/blue/ws_blue/install/hydrodynamics/lib:/home/blue/ws_blue/install/auv_control_msgs/lib:${LD_LIBRARY_PATH} PYTHONPATH=/home/blue/ws_blue/install/auv_control_msgs/lib/python3.10/site-packages:${PYTHONPATH} /usr/bin/cmake --install /home/blue/ws_blue/build/thruster_allocation_matrix_controller
