[0.227s] Invoking command in '/home/blue/ws_blue/build/blue_description': CMAKE_PREFIX_PATH=${CMAKE_PREFIX_PATH}:/home/blue/ws_blue/install/blue_localization:/opt/ros/iron /usr/bin/cmake --build /home/blue/ws_blue/build/blue_description -- -j18 -l18
[0.820s] Invoked command in '/home/blue/ws_blue/build/blue_description' returned '0': CMAKE_PREFIX_PATH=${CMAKE_PREFIX_PATH}:/home/blue/ws_blue/install/blue_localization:/opt/ros/iron /usr/bin/cmake --build /home/blue/ws_blue/build/blue_description -- -j18 -l18
[1.021s] Invoking command in '/home/blue/ws_blue/build/blue_description': CMAKE_PREFIX_PATH=${CMAKE_PREFIX_PATH}:/home/blue/ws_blue/install/blue_localization:/opt/ros/iron /usr/bin/cmake --install /home/blue/ws_blue/build/blue_description
[1.036s] -- Install configuration: ""
[1.071s] -- Up-to-date: /home/blue/ws_blue/install/blue_description/share/blue_description/config
[1.071s] -- Up-to-date: /home/blue/ws_blue/install/blue_description/share/blue_description/config/bluerov2_heavy_reach
[1.072s] -- Up-to-date: /home/blue/ws_blue/install/blue_description/share/blue_description/config/bluerov2_heavy_reach/localization.yaml
[1.072s] -- Up-to-date: /home/blue/ws_blue/install/blue_description/share/blue_description/config/bluerov2_heavy_reach/ardusub.parm
[1.072s] -- Up-to-date: /home/blue/ws_blue/install/blue_description/share/blue_description/config/ardusub
[1.073s] -- Up-to-date: /home/blue/ws_blue/install/blue_description/share/blue_description/config/ardusub/mavros.yaml
[1.073s] -- Up-to-date: /home/blue/ws_blue/install/blue_description/share/blue_description/config/ardusub/ardusub_manager.yaml
[1.073s] -- Up-to-date: /home/blue/ws_blue/install/blue_description/share/blue_description/config/ardusub/log
[1.077s] -- Up-to-date: /home/blue/ws_blue/install/blue_description/share/blue_description/config/ardusub/log/COLCON_IGNORE
[1.080s] -- Up-to-date: /home/blue/ws_blue/install/blue_description/share/blue_description/config/ardusub/log/build_2025-09-20_22-15-43
[1.080s] -- Up-to-date: /home/blue/ws_blue/install/blue_description/share/blue_description/config/ardusub/log/build_2025-09-20_22-15-43/events.log
[1.081s] -- Up-to-date: /home/blue/ws_blue/install/blue_description/share/blue_description/config/ardusub/log/build_2025-09-20_22-15-43/logger_all.log
[1.081s] -- Up-to-date: /home/blue/ws_blue/install/blue_description/share/blue_description/config/ardusub/log/latest
[1.081s] -- Up-to-date: /home/blue/ws_blue/install/blue_description/share/blue_description/config/ardusub/log/latest_build
[1.081s] -- Up-to-date: /home/blue/ws_blue/install/blue_description/share/blue_description/config/ardusub/build
[1.081s] -- Up-to-date: /home/blue/ws_blue/install/blue_description/share/blue_description/config/ardusub/build/COLCON_IGNORE
[1.081s] -- Up-to-date: /home/blue/ws_blue/install/blue_description/share/blue_description/config/ardusub/build/.built_by
[1.081s] -- Up-to-date: /home/blue/ws_blue/install/blue_description/share/blue_description/config/ardusub/install
[1.081s] -- Up-to-date: /home/blue/ws_blue/install/blue_description/share/blue_description/config/ardusub/install/_local_setup_util_ps1.py
[1.081s] -- Up-to-date: /home/blue/ws_blue/install/blue_description/share/blue_description/config/ardusub/install/setup.ps1
[1.081s] -- Up-to-date: /home/blue/ws_blue/install/blue_description/share/blue_description/config/ardusub/install/setup.bash
[1.081s] -- Up-to-date: /home/blue/ws_blue/install/blue_description/share/blue_description/config/ardusub/install/setup.sh
[1.081s] -- Up-to-date: /home/blue/ws_blue/install/blue_description/share/blue_description/config/ardusub/install/COLCON_IGNORE
[1.081s] -- Up-to-date: /home/blue/ws_blue/install/blue_description/share/blue_description/config/ardusub/install/setup.zsh
[1.081s] -- Up-to-date: /home/blue/ws_blue/install/blue_description/share/blue_description/config/ardusub/install/local_setup.zsh
[1.081s] -- Up-to-date: /home/blue/ws_blue/install/blue_description/share/blue_description/config/ardusub/install/local_setup.ps1
[1.082s] -- Up-to-date: /home/blue/ws_blue/install/blue_description/share/blue_description/config/ardusub/install/_local_setup_util_sh.py
[1.082s] -- Up-to-date: /home/blue/ws_blue/install/blue_description/share/blue_description/config/ardusub/install/local_setup.bash
[1.082s] -- Up-to-date: /home/blue/ws_blue/install/blue_description/share/blue_description/config/ardusub/install/local_setup.sh
[1.082s] -- Up-to-date: /home/blue/ws_blue/install/blue_description/share/blue_description/config/ardusub/install/.colcon_install_layout
[1.082s] -- Up-to-date: /home/blue/ws_blue/install/blue_description/share/blue_description/config/bluerov2
[1.082s] -- Up-to-date: /home/blue/ws_blue/install/blue_description/share/blue_description/config/bluerov2/localization.yaml
[1.082s] -- Up-to-date: /home/blue/ws_blue/install/blue_description/share/blue_description/config/bluerov2/ardusub.parm
[1.082s] -- Up-to-date: /home/blue/ws_blue/install/blue_description/share/blue_description/config/bluerov2_heavy
[1.082s] -- Up-to-date: /home/blue/ws_blue/install/blue_description/share/blue_description/config/bluerov2_heavy/localization.yaml
[1.082s] -- Up-to-date: /home/blue/ws_blue/install/blue_description/share/blue_description/config/bluerov2_heavy/ardusub.parm
[1.082s] -- Up-to-date: /home/blue/ws_blue/install/blue_description/share/blue_description/gazebo
[1.082s] -- Up-to-date: /home/blue/ws_blue/install/blue_description/share/blue_description/gazebo/worlds
[1.082s] -- Up-to-date: /home/blue/ws_blue/install/blue_description/share/blue_description/gazebo/worlds/underwater.world
[1.082s] -- Up-to-date: /home/blue/ws_blue/install/blue_description/share/blue_description/gazebo/models
[1.082s] -- Up-to-date: /home/blue/ws_blue/install/blue_description/share/blue_description/gazebo/models/sand_heightmap
[1.083s] -- Up-to-date: /home/blue/ws_blue/install/blue_description/share/blue_description/gazebo/models/sand_heightmap/meshes
[1.083s] -- Up-to-date: /home/blue/ws_blue/install/blue_description/share/blue_description/gazebo/models/sand_heightmap/meshes/heightmap.dae
[1.083s] -- Up-to-date: /home/blue/ws_blue/install/blue_description/share/blue_description/gazebo/models/sand_heightmap/meshes/License and source for textures.txt
[1.083s] -- Up-to-date: /home/blue/ws_blue/install/blue_description/share/blue_description/gazebo/models/sand_heightmap/meshes/sandseabed.dae
[1.083s] -- Up-to-date: /home/blue/ws_blue/install/blue_description/share/blue_description/gazebo/models/sand_heightmap/meshes/soil_sand_0045_01.jpg
[1.083s] -- Up-to-date: /home/blue/ws_blue/install/blue_description/share/blue_description/gazebo/models/sand_heightmap/model.config
[1.083s] -- Up-to-date: /home/blue/ws_blue/install/blue_description/share/blue_description/gazebo/models/sand_heightmap/model.sdf
[1.083s] -- Up-to-date: /home/blue/ws_blue/install/blue_description/share/blue_description/gazebo/models/sand_heightmap/materials
[1.083s] -- Up-to-date: /home/blue/ws_blue/install/blue_description/share/blue_description/gazebo/models/sand_heightmap/materials/flat_normal.png
[1.083s] -- Up-to-date: /home/blue/ws_blue/install/blue_description/share/blue_description/gazebo/models/sand_heightmap/materials/soil_sand_0045_01.jpg
[1.083s] -- Up-to-date: /home/blue/ws_blue/install/blue_description/share/blue_description/meshes
[1.083s] -- Up-to-date: /home/blue/ws_blue/install/blue_description/share/blue_description/meshes/bluerov2_heavy_reach
[1.083s] -- Up-to-date: /home/blue/ws_blue/install/blue_description/share/blue_description/meshes/bluerov2_heavy_reach/bluerov2_heavy_reach.dae
[1.083s] -- Up-to-date: /home/blue/ws_blue/install/blue_description/share/blue_description/meshes/bluerov2
[1.083s] -- Up-to-date: /home/blue/ws_blue/install/blue_description/share/blue_description/meshes/bluerov2/bluerov2.dae
[1.084s] -- Up-to-date: /home/blue/ws_blue/install/blue_description/share/blue_description/meshes/t200
[1.084s] -- Up-to-date: /home/blue/ws_blue/install/blue_description/share/blue_description/meshes/t200/ccw_prop.dae
[1.084s] -- Up-to-date: /home/blue/ws_blue/install/blue_description/share/blue_description/meshes/t200/cw_prop.dae
[1.084s] -- Up-to-date: /home/blue/ws_blue/install/blue_description/share/blue_description/meshes/bluerov2_heavy
[1.084s] -- Up-to-date: /home/blue/ws_blue/install/blue_description/share/blue_description/meshes/bluerov2_heavy/bluerov2_heavy.dae
[1.084s] -- Up-to-date: /home/blue/ws_blue/install/blue_description/share/blue_description/description
[1.084s] -- Up-to-date: /home/blue/ws_blue/install/blue_description/share/blue_description/description/bluerov2_heavy_reach
[1.085s] -- Up-to-date: /home/blue/ws_blue/install/blue_description/share/blue_description/description/bluerov2_heavy_reach/config.xacro
[1.085s] -- Up-to-date: /home/blue/ws_blue/install/blue_description/share/blue_description/description/bluerov2_heavy_reach/urdf.xacro
[1.085s] -- Up-to-date: /home/blue/ws_blue/install/blue_description/share/blue_description/description/bluerov2_heavy_reach/gazebo.xacro
[1.085s] -- Up-to-date: /home/blue/ws_blue/install/blue_description/share/blue_description/description/bluerov2
[1.085s] -- Up-to-date: /home/blue/ws_blue/install/blue_description/share/blue_description/description/bluerov2/config.xacro
[1.085s] -- Up-to-date: /home/blue/ws_blue/install/blue_description/share/blue_description/description/bluerov2/urdf.xacro
[1.085s] -- Up-to-date: /home/blue/ws_blue/install/blue_description/share/blue_description/description/bluerov2/gazebo.xacro
[1.085s] -- Up-to-date: /home/blue/ws_blue/install/blue_description/share/blue_description/description/t200
[1.085s] -- Up-to-date: /home/blue/ws_blue/install/blue_description/share/blue_description/description/t200/urdf.xacro
[1.085s] -- Up-to-date: /home/blue/ws_blue/install/blue_description/share/blue_description/description/t200/gazebo.xacro
[1.086s] -- Up-to-date: /home/blue/ws_blue/install/blue_description/share/blue_description/description/camera
[1.086s] -- Up-to-date: /home/blue/ws_blue/install/blue_description/share/blue_description/description/camera/urdf.xacro
[1.086s] -- Up-to-date: /home/blue/ws_blue/install/blue_description/share/blue_description/description/camera/gazebo.xacro
[1.086s] -- Up-to-date: /home/blue/ws_blue/install/blue_description/share/blue_description/description/bluerov2_heavy
[1.086s] -- Up-to-date: /home/blue/ws_blue/install/blue_description/share/blue_description/description/bluerov2_heavy/config.xacro
[1.086s] -- Up-to-date: /home/blue/ws_blue/install/blue_description/share/blue_description/description/bluerov2_heavy/urdf.xacro
[1.086s] -- Up-to-date: /home/blue/ws_blue/install/blue_description/share/blue_description/description/bluerov2_heavy/gazebo.xacro
[1.086s] -- Up-to-date: /home/blue/ws_blue/install/blue_description/share/blue_description/rviz
[1.086s] -- Up-to-date: /home/blue/ws_blue/install/blue_description/share/blue_description/rviz/bluerov2_heavy.rviz
[1.086s] -- Up-to-date: /home/blue/ws_blue/install/blue_description/share/blue_description/rviz/bluerov2_heavy_reach.rviz
[1.086s] -- Up-to-date: /home/blue/ws_blue/install/blue_description/share/blue_description/rviz/bluerov2.rviz
[1.087s] -- Up-to-date: /home/blue/ws_blue/install/blue_description/share/blue_description/environment/hooks.dsv
[1.087s] -- Up-to-date: /home/blue/ws_blue/install/blue_description/share/ament_index/resource_index/package_run_dependencies/blue_description
[1.087s] -- Up-to-date: /home/blue/ws_blue/install/blue_description/share/ament_index/resource_index/parent_prefix_path/blue_description
[1.087s] -- Up-to-date: /home/blue/ws_blue/install/blue_description/share/blue_description/environment/ament_prefix_path.sh
[1.087s] -- Up-to-date: /home/blue/ws_blue/install/blue_description/share/blue_description/environment/ament_prefix_path.dsv
[1.089s] -- Up-to-date: /home/blue/ws_blue/install/blue_description/share/blue_description/environment/path.sh
[1.089s] -- Up-to-date: /home/blue/ws_blue/install/blue_description/share/blue_description/environment/path.dsv
[1.089s] -- Up-to-date: /home/blue/ws_blue/install/blue_description/share/blue_description/local_setup.bash
[1.089s] -- Up-to-date: /home/blue/ws_blue/install/blue_description/share/blue_description/local_setup.sh
[1.089s] -- Up-to-date: /home/blue/ws_blue/install/blue_description/share/blue_description/local_setup.zsh
[1.090s] -- Up-to-date: /home/blue/ws_blue/install/blue_description/share/blue_description/local_setup.dsv
[1.090s] -- Installing: /home/blue/ws_blue/install/blue_description/share/blue_description/package.dsv
[1.090s] -- Up-to-date: /home/blue/ws_blue/install/blue_description/share/ament_index/resource_index/packages/blue_description
[1.090s] -- Up-to-date: /home/blue/ws_blue/install/blue_description/share/blue_description/cmake/blue_descriptionConfig.cmake
[1.090s] -- Up-to-date: /home/blue/ws_blue/install/blue_description/share/blue_description/cmake/blue_descriptionConfig-version.cmake
[1.091s] -- Up-to-date: /home/blue/ws_blue/install/blue_description/share/blue_description/package.xml
[1.324s] Invoked command in '/home/blue/ws_blue/build/blue_description' returned '0': CMAKE_PREFIX_PATH=${CMAKE_PREFIX_PATH}:/home/blue/ws_blue/install/blue_localization:/opt/ros/iron /usr/bin/cmake --install /home/blue/ws_blue/build/blue_description
