-- Install configuration: ""
-- Up-to-date: /home/blue/ws_blue/install/blue_demos/share/blue_demos/control_integration/launch
-- Up-to-date: /home/blue/ws_blue/install/blue_demos/share/blue_demos/control_integration/launch/bluerov2_heavy_controllers.launch.py
-- Up-to-date: /home/blue/ws_blue/install/blue_demos/share/blue_demos/control_integration/launch/bluerov2_controllers.launch.py
-- Up-to-date: /home/blue/ws_blue/install/blue_demos/share/blue_demos/control_integration/launch/bluerov2_demo.launch.yaml
-- Up-to-date: /home/blue/ws_blue/install/blue_demos/share/blue_demos/control_integration/launch/bluerov2_heavy_demo.launch.yaml
-- Up-to-date: /home/blue/ws_blue/install/blue_demos/share/blue_demos/control_integration/config
-- Up-to-date: /home/blue/ws_blue/install/blue_demos/share/blue_demos/control_integration/config/transforms.yaml
-- Up-to-date: /home/blue/ws_blue/install/blue_demos/share/blue_demos/control_integration/config/bluerov2_heavy_controllers.yaml
-- Up-to-date: /home/blue/ws_blue/install/blue_demos/share/blue_demos/control_integration/config/bluerov2_controllers.yaml
-- Up-to-date: /home/blue/ws_blue/install/blue_demos/share/blue_demos/control_integration/description
-- Up-to-date: /home/blue/ws_blue/install/blue_demos/share/blue_demos/control_integration/description/ros2_control
-- Up-to-date: /home/blue/ws_blue/install/blue_demos/share/blue_demos/control_integration/description/ros2_control/bluerov2_heavy.ros2_control.xacro
-- Up-to-date: /home/blue/ws_blue/install/blue_demos/share/blue_demos/control_integration/description/ros2_control/bluerov2.ros2_control.xacro
-- Up-to-date: /home/blue/ws_blue/install/blue_demos/share/blue_demos/control_integration/description/urdf
-- Up-to-date: /home/blue/ws_blue/install/blue_demos/share/blue_demos/control_integration/description/urdf/bluerov2.config.xacro
-- Up-to-date: /home/blue/ws_blue/install/blue_demos/share/blue_demos/control_integration/description/urdf/bluerov2_heavy.config.xacro
-- Up-to-date: /home/blue/ws_blue/install/blue_demos/share/blue_demos/teleoperation/launch
-- Up-to-date: /home/blue/ws_blue/install/blue_demos/share/blue_demos/teleoperation/launch/joy_teleop.launch.yaml
-- Up-to-date: /home/blue/ws_blue/install/blue_demos/share/blue_demos/teleoperation/config
-- Up-to-date: /home/blue/ws_blue/install/blue_demos/share/blue_demos/teleoperation/config/joy_teleop.yaml
-- Up-to-date: /home/blue/ws_blue/install/blue_demos/share/blue_demos/teleoperation/config/transforms.yaml
-- Up-to-date: /home/blue/ws_blue/install/blue_demos/share/ament_index/resource_index/package_run_dependencies/blue_demos
-- Up-to-date: /home/blue/ws_blue/install/blue_demos/share/ament_index/resource_index/parent_prefix_path/blue_demos
-- Up-to-date: /home/blue/ws_blue/install/blue_demos/share/blue_demos/environment/ament_prefix_path.sh
-- Up-to-date: /home/blue/ws_blue/install/blue_demos/share/blue_demos/environment/ament_prefix_path.dsv
-- Up-to-date: /home/blue/ws_blue/install/blue_demos/share/blue_demos/environment/path.sh
-- Up-to-date: /home/blue/ws_blue/install/blue_demos/share/blue_demos/environment/path.dsv
-- Up-to-date: /home/blue/ws_blue/install/blue_demos/share/blue_demos/local_setup.bash
-- Up-to-date: /home/blue/ws_blue/install/blue_demos/share/blue_demos/local_setup.sh
-- Up-to-date: /home/blue/ws_blue/install/blue_demos/share/blue_demos/local_setup.zsh
-- Up-to-date: /home/blue/ws_blue/install/blue_demos/share/blue_demos/local_setup.dsv
-- Installing: /home/blue/ws_blue/install/blue_demos/share/blue_demos/package.dsv
-- Up-to-date: /home/blue/ws_blue/install/blue_demos/share/ament_index/resource_index/packages/blue_demos
-- Up-to-date: /home/blue/ws_blue/install/blue_demos/share/blue_demos/cmake/blue_demosConfig.cmake
-- Up-to-date: /home/blue/ws_blue/install/blue_demos/share/blue_demos/cmake/blue_demosConfig-version.cmake
-- Up-to-date: /home/blue/ws_blue/install/blue_demos/share/blue_demos/package.xml
