[0.248s] Invoking command in '/home/blue/ws_blue/build/auv_controllers': AMENT_PREFIX_PATH=/home/blue/ws_blue/install/velocity_controllers:/home/blue/ws_blue/install/thruster_allocation_matrix_controller:/home/blue/ws_blue/install/thruster_controllers:/home/blue/ws_blue/install/hydrodynamics:/home/blue/ws_blue/install/auv_control_msgs:${AMENT_PREFIX_PATH} CMAKE_PREFIX_PATH=/home/blue/ws_blue/install/velocity_controllers:/home/blue/ws_blue/install/thruster_allocation_matrix_controller:/home/blue/ws_blue/install/thruster_controllers:/home/blue/ws_blue/install/hydrodynamics:/home/blue/ws_blue/install/auv_control_msgs:/opt/ros/iron LD_LIBRARY_PATH=/home/blue/ws_blue/install/velocity_controllers/lib:/home/blue/ws_blue/install/thruster_allocation_matrix_controller/lib:/home/blue/ws_blue/install/thruster_controllers/lib:/home/blue/ws_blue/install/hydrodynamics/lib:/home/blue/ws_blue/install/auv_control_msgs/lib:${LD_LIBRARY_PATH} PYTHONPATH=/home/blue/ws_blue/install/auv_control_msgs/lib/python3.10/site-packages:${PYTHONPATH} /usr/bin/cmake /home/blue/ws_blue/src/auv_controllers/auv_controllers -DCMAKE_INSTALL_PREFIX=/home/blue/ws_blue/install/auv_controllers
[0.476s] -- The C compiler identification is GNU 11.4.0
[0.623s] -- The CXX compiler identification is GNU 11.4.0
[0.636s] -- Detecting C compiler ABI info
[0.835s] -- Detecting C compiler ABI info - done
[0.848s] -- Check for working C compiler: /usr/bin/cc - skipped
[0.849s] -- Detecting C compile features
[0.849s] -- Detecting C compile features - done
[0.855s] -- Detecting CXX compiler ABI info
[1.075s] -- Detecting CXX compiler ABI info - done
[1.086s] -- Check for working CXX compiler: /usr/bin/c++ - skipped
[1.086s] -- Detecting CXX compile features
[1.087s] -- Detecting CXX compile features - done
[1.106s] -- Found ament_cmake: 2.0.6 (/opt/ros/iron/share/ament_cmake/cmake)
[1.606s] -- Found Python3: /usr/bin/python3.10 (found version "3.10.12") found components: Interpreter 
[1.973s] -- Configuring done
[1.980s] -- Generating done
[1.982s] -- Build files have been written to: /home/blue/ws_blue/build/auv_controllers
[1.995s] Invoked command in '/home/blue/ws_blue/build/auv_controllers' returned '0': AMENT_PREFIX_PATH=/home/blue/ws_blue/install/velocity_controllers:/home/blue/ws_blue/install/thruster_allocation_matrix_controller:/home/blue/ws_blue/install/thruster_controllers:/home/blue/ws_blue/install/hydrodynamics:/home/blue/ws_blue/install/auv_control_msgs:${AMENT_PREFIX_PATH} CMAKE_PREFIX_PATH=/home/blue/ws_blue/install/velocity_controllers:/home/blue/ws_blue/install/thruster_allocation_matrix_controller:/home/blue/ws_blue/install/thruster_controllers:/home/blue/ws_blue/install/hydrodynamics:/home/blue/ws_blue/install/auv_control_msgs:/opt/ros/iron LD_LIBRARY_PATH=/home/blue/ws_blue/install/velocity_controllers/lib:/home/blue/ws_blue/install/thruster_allocation_matrix_controller/lib:/home/blue/ws_blue/install/thruster_controllers/lib:/home/blue/ws_blue/install/hydrodynamics/lib:/home/blue/ws_blue/install/auv_control_msgs/lib:${LD_LIBRARY_PATH} PYTHONPATH=/home/blue/ws_blue/install/auv_control_msgs/lib/python3.10/site-packages:${PYTHONPATH} /usr/bin/cmake /home/blue/ws_blue/src/auv_controllers/auv_controllers -DCMAKE_INSTALL_PREFIX=/home/blue/ws_blue/install/auv_controllers
[1.996s] Invoking command in '/home/blue/ws_blue/build/auv_controllers': AMENT_PREFIX_PATH=/home/blue/ws_blue/install/velocity_controllers:/home/blue/ws_blue/install/thruster_allocation_matrix_controller:/home/blue/ws_blue/install/thruster_controllers:/home/blue/ws_blue/install/hydrodynamics:/home/blue/ws_blue/install/auv_control_msgs:${AMENT_PREFIX_PATH} CMAKE_PREFIX_PATH=/home/blue/ws_blue/install/velocity_controllers:/home/blue/ws_blue/install/thruster_allocation_matrix_controller:/home/blue/ws_blue/install/thruster_controllers:/home/blue/ws_blue/install/hydrodynamics:/home/blue/ws_blue/install/auv_control_msgs:/opt/ros/iron LD_LIBRARY_PATH=/home/blue/ws_blue/install/velocity_controllers/lib:/home/blue/ws_blue/install/thruster_allocation_matrix_controller/lib:/home/blue/ws_blue/install/thruster_controllers/lib:/home/blue/ws_blue/install/hydrodynamics/lib:/home/blue/ws_blue/install/auv_control_msgs/lib:${LD_LIBRARY_PATH} PYTHONPATH=/home/blue/ws_blue/install/auv_control_msgs/lib/python3.10/site-packages:${PYTHONPATH} /usr/bin/cmake --build /home/blue/ws_blue/build/auv_controllers -- -j4 -l4
[2.131s] Invoked command in '/home/blue/ws_blue/build/auv_controllers' returned '0': AMENT_PREFIX_PATH=/home/blue/ws_blue/install/velocity_controllers:/home/blue/ws_blue/install/thruster_allocation_matrix_controller:/home/blue/ws_blue/install/thruster_controllers:/home/blue/ws_blue/install/hydrodynamics:/home/blue/ws_blue/install/auv_control_msgs:${AMENT_PREFIX_PATH} CMAKE_PREFIX_PATH=/home/blue/ws_blue/install/velocity_controllers:/home/blue/ws_blue/install/thruster_allocation_matrix_controller:/home/blue/ws_blue/install/thruster_controllers:/home/blue/ws_blue/install/hydrodynamics:/home/blue/ws_blue/install/auv_control_msgs:/opt/ros/iron LD_LIBRARY_PATH=/home/blue/ws_blue/install/velocity_controllers/lib:/home/blue/ws_blue/install/thruster_allocation_matrix_controller/lib:/home/blue/ws_blue/install/thruster_controllers/lib:/home/blue/ws_blue/install/hydrodynamics/lib:/home/blue/ws_blue/install/auv_control_msgs/lib:${LD_LIBRARY_PATH} PYTHONPATH=/home/blue/ws_blue/install/auv_control_msgs/lib/python3.10/site-packages:${PYTHONPATH} /usr/bin/cmake --build /home/blue/ws_blue/build/auv_controllers -- -j4 -l4
[2.287s] Invoking command in '/home/blue/ws_blue/build/auv_controllers': AMENT_PREFIX_PATH=/home/blue/ws_blue/install/velocity_controllers:/home/blue/ws_blue/install/thruster_allocation_matrix_controller:/home/blue/ws_blue/install/thruster_controllers:/home/blue/ws_blue/install/hydrodynamics:/home/blue/ws_blue/install/auv_control_msgs:${AMENT_PREFIX_PATH} CMAKE_PREFIX_PATH=/home/blue/ws_blue/install/velocity_controllers:/home/blue/ws_blue/install/thruster_allocation_matrix_controller:/home/blue/ws_blue/install/thruster_controllers:/home/blue/ws_blue/install/hydrodynamics:/home/blue/ws_blue/install/auv_control_msgs:/opt/ros/iron LD_LIBRARY_PATH=/home/blue/ws_blue/install/velocity_controllers/lib:/home/blue/ws_blue/install/thruster_allocation_matrix_controller/lib:/home/blue/ws_blue/install/thruster_controllers/lib:/home/blue/ws_blue/install/hydrodynamics/lib:/home/blue/ws_blue/install/auv_control_msgs/lib:${LD_LIBRARY_PATH} PYTHONPATH=/home/blue/ws_blue/install/auv_control_msgs/lib/python3.10/site-packages:${PYTHONPATH} /usr/bin/cmake --install /home/blue/ws_blue/build/auv_controllers
[2.307s] -- Install configuration: ""
[2.307s] -- Installing: /home/blue/ws_blue/install/auv_controllers/share/ament_index/resource_index/package_run_dependencies/auv_controllers
[2.308s] -- Installing: /home/blue/ws_blue/install/auv_controllers/share/ament_index/resource_index/parent_prefix_path/auv_controllers
[2.308s] -- Installing: /home/blue/ws_blue/install/auv_controllers/share/auv_controllers/environment/ament_prefix_path.sh
[2.309s] -- Installing: /home/blue/ws_blue/install/auv_controllers/share/auv_controllers/environment/ament_prefix_path.dsv
[2.309s] -- Installing: /home/blue/ws_blue/install/auv_controllers/share/auv_controllers/environment/path.sh
[2.309s] -- Installing: /home/blue/ws_blue/install/auv_controllers/share/auv_controllers/environment/path.dsv
[2.310s] -- Installing: /home/blue/ws_blue/install/auv_controllers/share/auv_controllers/local_setup.bash
[2.310s] -- Installing: /home/blue/ws_blue/install/auv_controllers/share/auv_controllers/local_setup.sh
[2.310s] -- Installing: /home/blue/ws_blue/install/auv_controllers/share/auv_controllers/local_setup.zsh
[2.311s] -- Installing: /home/blue/ws_blue/install/auv_controllers/share/auv_controllers/local_setup.dsv
[2.323s] -- Installing: /home/blue/ws_blue/install/auv_controllers/share/auv_controllers/package.dsv
[2.324s] -- Installing: /home/blue/ws_blue/install/auv_controllers/share/ament_index/resource_index/packages/auv_controllers
[2.324s] -- Installing: /home/blue/ws_blue/install/auv_controllers/share/auv_controllers/cmake/auv_controllersConfig.cmake
[2.325s] -- Installing: /home/blue/ws_blue/install/auv_controllers/share/auv_controllers/cmake/auv_controllersConfig-version.cmake
[2.326s] -- Installing: /home/blue/ws_blue/install/auv_controllers/share/auv_controllers/package.xml
[2.335s] Invoked command in '/home/blue/ws_blue/build/auv_controllers' returned '0': AMENT_PREFIX_PATH=/home/blue/ws_blue/install/velocity_controllers:/home/blue/ws_blue/install/thruster_allocation_matrix_controller:/home/blue/ws_blue/install/thruster_controllers:/home/blue/ws_blue/install/hydrodynamics:/home/blue/ws_blue/install/auv_control_msgs:${AMENT_PREFIX_PATH} CMAKE_PREFIX_PATH=/home/blue/ws_blue/install/velocity_controllers:/home/blue/ws_blue/install/thruster_allocation_matrix_controller:/home/blue/ws_blue/install/thruster_controllers:/home/blue/ws_blue/install/hydrodynamics:/home/blue/ws_blue/install/auv_control_msgs:/opt/ros/iron LD_LIBRARY_PATH=/home/blue/ws_blue/install/velocity_controllers/lib:/home/blue/ws_blue/install/thruster_allocation_matrix_controller/lib:/home/blue/ws_blue/install/thruster_controllers/lib:/home/blue/ws_blue/install/hydrodynamics/lib:/home/blue/ws_blue/install/auv_control_msgs/lib:${LD_LIBRARY_PATH} PYTHONPATH=/home/blue/ws_blue/install/auv_control_msgs/lib/python3.10/site-packages:${PYTHONPATH} /usr/bin/cmake --install /home/blue/ws_blue/build/auv_controllers
