[0.041s] Invoking command in '/home/blue/ws_blue/build/velocity_controllers': AMENT_PREFIX_PATH=/home/blue/ws_blue/install/hydrodynamics:${AMENT_PREFIX_PATH} CMAKE_PREFIX_PATH=/home/blue/ws_blue/install/hydrodynamics:/opt/ros/iron LD_LIBRARY_PATH=/home/blue/ws_blue/install/hydrodynamics/lib:${LD_LIBRARY_PATH} /usr/bin/cmake /home/blue/ws_blue/src/auv_controllers/velocity_controllers -DCMAKE_INSTALL_PREFIX=/home/blue/ws_blue/install/velocity_controllers
[0.197s] -- The C compiler identification is GNU 11.4.0
[0.352s] -- The CXX compiler identification is GNU 11.4.0
[0.370s] -- Detecting C compiler ABI info
[0.631s] -- Detecting C compiler ABI info - done
[0.651s] -- Check for working C compiler: /usr/bin/cc - skipped
[0.651s] -- Detecting C compile features
[0.652s] -- Detecting C compile features - done
[0.657s] -- Detecting CXX compiler ABI info
[0.956s] -- Detecting CXX compiler ABI info - done
[0.968s] -- Check for working CXX compiler: /usr/bin/c++ - skipped
[0.972s] -- Detecting CXX compile features
[0.977s] -- Detecting CXX compile features - done
[0.991s] -- Found controller_interface: 3.28.1 (/opt/ros/iron/share/controller_interface/cmake)
[1.293s] -- Found Python3: /usr/bin/python3.10 (found version "3.10.12") found components: Interpreter 
[1.646s] -- Found rosidl_generator_c: 4.0.1 (/opt/ros/iron/share/rosidl_generator_c/cmake)
[1.669s] -- Found rosidl_generator_cpp: 4.0.1 (/opt/ros/iron/share/rosidl_generator_cpp/cmake)
[1.707s] -- Using all available rosidl_typesupport_c: rosidl_typesupport_fastrtps_c;rosidl_typesupport_introspection_c
[1.781s] -- Using all available rosidl_typesupport_cpp: rosidl_typesupport_fastrtps_cpp;rosidl_typesupport_introspection_cpp
[3.526s] -- Found rmw_implementation_cmake: 7.1.0 (/opt/ros/iron/share/rmw_implementation_cmake/cmake)
[3.532s] -- Found rmw_fastrtps_cpp: 7.1.4 (/opt/ros/iron/share/rmw_fastrtps_cpp/cmake)
[3.625s] -- Found TinyXML2 via Config file: TinyXML2_DIR-NOTFOUND
[3.734s] -- Found OpenSSL: /usr/lib/x86_64-linux-gnu/libcrypto.so (found version "3.0.2")  
[3.738s] -- Found TinyXML2 via Config file: TinyXML2_DIR-NOTFOUND
[3.756s] -- Found FastRTPS: /opt/ros/iron/include  
[3.766s] -- Found TinyXML2 via Config file: TinyXML2_DIR-NOTFOUND
[3.780s] -- Found TinyXML2 via Config file: TinyXML2_DIR-NOTFOUND
[3.802s] -- Using RMW implementation 'rmw_fastrtps_cpp' as default
[4.303s] -- Found realtime_tools: 2.6.0 (/opt/ros/iron/share/realtime_tools/cmake)
[4.735s] -- Found eigen3_cmake_module: 0.2.2 (/opt/ros/iron/share/eigen3_cmake_module/cmake)
[4.748s] -- Found Eigen3: TRUE (found version "3.4.0") 
[4.749s] -- Found hydrodynamics: 0.0.1 (/home/blue/ws_blue/install/hydrodynamics/share/hydrodynamics/cmake)
[4.755s] -- Found tf2_eigen: 0.31.8 (/opt/ros/iron/share/tf2_eigen/cmake)
[5.344s] -- Found generate_parameter_library: 0.3.8 (/opt/ros/iron/share/generate_parameter_library/cmake)
[5.353s] -- Found parameter_traits: 0.3.8 (/opt/ros/iron/share/parameter_traits/cmake)
[5.396s] -- Found ament_lint_auto: 0.14.4 (/opt/ros/iron/share/ament_lint_auto/cmake)
[5.567s] -- Added test 'cppcheck' to perform static code analysis on C / C++ code
[5.567s] -- Configured cppcheck include dirs: $<BUILD_INTERFACE:/home/blue/ws_blue/src/auv_controllers/velocity_controllers/include>;/home/blue/ws_blue/src/auv_controllers/velocity_controllers/src
[5.567s] -- Configured cppcheck exclude dirs and/or files: 
[5.568s] -- Added test 'lint_cmake' to check CMake code style
[5.569s] -- Added test 'xmllint' to check XML markup files
[5.574s] -- Configuring done
[5.644s] -- Generating done
[5.648s] -- Build files have been written to: /home/blue/ws_blue/build/velocity_controllers
[5.690s] Invoked command in '/home/blue/ws_blue/build/velocity_controllers' returned '0': AMENT_PREFIX_PATH=/home/blue/ws_blue/install/hydrodynamics:${AMENT_PREFIX_PATH} CMAKE_PREFIX_PATH=/home/blue/ws_blue/install/hydrodynamics:/opt/ros/iron LD_LIBRARY_PATH=/home/blue/ws_blue/install/hydrodynamics/lib:${LD_LIBRARY_PATH} /usr/bin/cmake /home/blue/ws_blue/src/auv_controllers/velocity_controllers -DCMAKE_INSTALL_PREFIX=/home/blue/ws_blue/install/velocity_controllers
[5.691s] Invoking command in '/home/blue/ws_blue/build/velocity_controllers': AMENT_PREFIX_PATH=/home/blue/ws_blue/install/hydrodynamics:${AMENT_PREFIX_PATH} CMAKE_PREFIX_PATH=/home/blue/ws_blue/install/hydrodynamics:/opt/ros/iron LD_LIBRARY_PATH=/home/blue/ws_blue/install/hydrodynamics/lib:${LD_LIBRARY_PATH} /usr/bin/cmake --build /home/blue/ws_blue/build/velocity_controllers -- -j4 -l4
[5.923s] [ 33%] Running `/opt/ros/iron/bin/generate_parameter_library_cpp /home/blue/ws_blue/build/velocity_controllers/integral_sliding_mode_controller_parameters/include//integral_sliding_mode_controller_parameters.hpp /home/blue/ws_blue/src/auv_controllers/velocity_controllers/src/integral_sliding_mode_controller_parameters.yaml `
[6.889s] [ 33%] Built target integral_sliding_mode_controller_parameters
[6.922s] [ 66%] Building CXX object CMakeFiles/velocity_controllers.dir/src/integral_sliding_mode_controller.cpp.o
[33.973s] [100%] Linking CXX shared library libvelocity_controllers.so
[35.246s] [100%] Built target velocity_controllers
[35.298s] Invoked command in '/home/blue/ws_blue/build/velocity_controllers' returned '0': AMENT_PREFIX_PATH=/home/blue/ws_blue/install/hydrodynamics:${AMENT_PREFIX_PATH} CMAKE_PREFIX_PATH=/home/blue/ws_blue/install/hydrodynamics:/opt/ros/iron LD_LIBRARY_PATH=/home/blue/ws_blue/install/hydrodynamics/lib:${LD_LIBRARY_PATH} /usr/bin/cmake --build /home/blue/ws_blue/build/velocity_controllers -- -j4 -l4
[35.551s] Invoking command in '/home/blue/ws_blue/build/velocity_controllers': AMENT_PREFIX_PATH=/home/blue/ws_blue/install/hydrodynamics:${AMENT_PREFIX_PATH} CMAKE_PREFIX_PATH=/home/blue/ws_blue/install/hydrodynamics:/opt/ros/iron LD_LIBRARY_PATH=/home/blue/ws_blue/install/hydrodynamics/lib:${LD_LIBRARY_PATH} /usr/bin/cmake --install /home/blue/ws_blue/build/velocity_controllers
[35.579s] -- Install configuration: ""
[35.580s] -- Installing: /home/blue/ws_blue/install/velocity_controllers/include/integral_sliding_mode_controller_parameters
[35.580s] -- Installing: /home/blue/ws_blue/install/velocity_controllers/include/integral_sliding_mode_controller_parameters/integral_sliding_mode_controller_parameters.hpp
[35.581s] -- Installing: /home/blue/ws_blue/install/velocity_controllers/share/velocity_controllers/velocity_controllers.xml
[35.582s] -- Installing: /home/blue/ws_blue/install/velocity_controllers/include/velocity_controllers
[35.582s] -- Installing: /home/blue/ws_blue/install/velocity_controllers/include/velocity_controllers/velocity_controllers
[35.583s] -- Installing: /home/blue/ws_blue/install/velocity_controllers/include/velocity_controllers/velocity_controllers/integral_sliding_mode_controller.hpp
[35.583s] -- Installing: /home/blue/ws_blue/install/velocity_controllers/lib/libvelocity_controllers.so
[35.616s] -- Set runtime path of "/home/blue/ws_blue/install/velocity_controllers/lib/libvelocity_controllers.so" to ""
[35.624s] -- Installing: /home/blue/ws_blue/install/velocity_controllers/share/velocity_controllers/environment/library_path.sh
[35.625s] -- Installing: /home/blue/ws_blue/install/velocity_controllers/share/velocity_controllers/environment/library_path.dsv
[35.625s] -- Installing: /home/blue/ws_blue/install/velocity_controllers/share/ament_index/resource_index/package_run_dependencies/velocity_controllers
[35.626s] -- Installing: /home/blue/ws_blue/install/velocity_controllers/share/ament_index/resource_index/parent_prefix_path/velocity_controllers
[35.627s] -- Installing: /home/blue/ws_blue/install/velocity_controllers/share/velocity_controllers/environment/ament_prefix_path.sh
[35.627s] -- Installing: /home/blue/ws_blue/install/velocity_controllers/share/velocity_controllers/environment/ament_prefix_path.dsv
[35.631s] -- Installing: /home/blue/ws_blue/install/velocity_controllers/share/velocity_controllers/environment/path.sh
[35.632s] -- Installing: /home/blue/ws_blue/install/velocity_controllers/share/velocity_controllers/environment/path.dsv
[35.633s] -- Installing: /home/blue/ws_blue/install/velocity_controllers/share/velocity_controllers/local_setup.bash
[35.633s] -- Installing: /home/blue/ws_blue/install/velocity_controllers/share/velocity_controllers/local_setup.sh
[35.634s] -- Installing: /home/blue/ws_blue/install/velocity_controllers/share/velocity_controllers/local_setup.zsh
[35.634s] -- Installing: /home/blue/ws_blue/install/velocity_controllers/share/velocity_controllers/local_setup.dsv
[35.635s] -- Installing: /home/blue/ws_blue/install/velocity_controllers/share/velocity_controllers/package.dsv
[35.636s] -- Installing: /home/blue/ws_blue/install/velocity_controllers/share/ament_index/resource_index/packages/velocity_controllers
[35.636s] -- Installing: /home/blue/ws_blue/install/velocity_controllers/share/ament_index/resource_index/controller_interface__pluginlib__plugin/velocity_controllers
[35.637s] -- Installing: /home/blue/ws_blue/install/velocity_controllers/share/velocity_controllers/cmake/export_velocity_controllersExport.cmake
[35.645s] -- Installing: /home/blue/ws_blue/install/velocity_controllers/share/velocity_controllers/cmake/export_velocity_controllersExport-noconfig.cmake
[35.646s] -- Installing: /home/blue/ws_blue/install/velocity_controllers/share/velocity_controllers/cmake/ament_cmake_export_targets-extras.cmake
[35.647s] -- Installing: /home/blue/ws_blue/install/velocity_controllers/share/velocity_controllers/cmake/ament_cmake_export_dependencies-extras.cmake
[35.647s] -- Installing: /home/blue/ws_blue/install/velocity_controllers/share/velocity_controllers/cmake/velocity_controllersConfig.cmake
[35.648s] -- Installing: /home/blue/ws_blue/install/velocity_controllers/share/velocity_controllers/cmake/velocity_controllersConfig-version.cmake
[35.648s] -- Installing: /home/blue/ws_blue/install/velocity_controllers/share/velocity_controllers/package.xml
[35.656s] Invoked command in '/home/blue/ws_blue/build/velocity_controllers' returned '0': AMENT_PREFIX_PATH=/home/blue/ws_blue/install/hydrodynamics:${AMENT_PREFIX_PATH} CMAKE_PREFIX_PATH=/home/blue/ws_blue/install/hydrodynamics:/opt/ros/iron LD_LIBRARY_PATH=/home/blue/ws_blue/install/hydrodynamics/lib:${LD_LIBRARY_PATH} /usr/bin/cmake --install /home/blue/ws_blue/build/velocity_controllers
