[0.060s] Invoking command in '/home/blue/ws_blue/build/blue_bringup': CMAKE_PREFIX_PATH=/home/blue/ws_blue/install/blue_description:/home/blue/ws_blue/install/auv_controllers:/home/blue/ws_blue/install/velocity_controllers:/home/blue/ws_blue/install/thruster_hardware:/home/blue/ws_blue/install/thruster_controllers:/home/blue/ws_blue/install/thruster_allocation_matrix_controller:/home/blue/ws_blue/install/message_transforms_demos:/home/blue/ws_blue/install/message_transforms:/home/blue/ws_blue/install/hydrodynamics:/home/blue/ws_blue/install/blue_bringup:/home/blue/ws_blue/install/blue_demos:/home/blue/ws_blue/install/auv_control_msgs:/home/blue/ws_blue/install/auv_control_demos:/home/blue/ws_blue/install/ardusub_teleop:/home/blue/ws_blue/install/ardusub_manager:/home/blue/ws_blue/install/ardusub_bringup:/home/blue/ws_blue/install/blue_localization:/opt/ros/iron /usr/bin/cmake --build /home/blue/ws_blue/build/blue_bringup -- -j18 -l18
[0.194s] Invoked command in '/home/blue/ws_blue/build/blue_bringup' returned '0': CMAKE_PREFIX_PATH=/home/blue/ws_blue/install/blue_description:/home/blue/ws_blue/install/auv_controllers:/home/blue/ws_blue/install/velocity_controllers:/home/blue/ws_blue/install/thruster_hardware:/home/blue/ws_blue/install/thruster_controllers:/home/blue/ws_blue/install/thruster_allocation_matrix_controller:/home/blue/ws_blue/install/message_transforms_demos:/home/blue/ws_blue/install/message_transforms:/home/blue/ws_blue/install/hydrodynamics:/home/blue/ws_blue/install/blue_bringup:/home/blue/ws_blue/install/blue_demos:/home/blue/ws_blue/install/auv_control_msgs:/home/blue/ws_blue/install/auv_control_demos:/home/blue/ws_blue/install/ardusub_teleop:/home/blue/ws_blue/install/ardusub_manager:/home/blue/ws_blue/install/ardusub_bringup:/home/blue/ws_blue/install/blue_localization:/opt/ros/iron /usr/bin/cmake --build /home/blue/ws_blue/build/blue_bringup -- -j18 -l18
[0.292s] Invoking command in '/home/blue/ws_blue/build/blue_bringup': CMAKE_PREFIX_PATH=/home/blue/ws_blue/install/blue_description:/home/blue/ws_blue/install/auv_controllers:/home/blue/ws_blue/install/velocity_controllers:/home/blue/ws_blue/install/thruster_hardware:/home/blue/ws_blue/install/thruster_controllers:/home/blue/ws_blue/install/thruster_allocation_matrix_controller:/home/blue/ws_blue/install/message_transforms_demos:/home/blue/ws_blue/install/message_transforms:/home/blue/ws_blue/install/hydrodynamics:/home/blue/ws_blue/install/blue_bringup:/home/blue/ws_blue/install/blue_demos:/home/blue/ws_blue/install/auv_control_msgs:/home/blue/ws_blue/install/auv_control_demos:/home/blue/ws_blue/install/ardusub_teleop:/home/blue/ws_blue/install/ardusub_manager:/home/blue/ws_blue/install/ardusub_bringup:/home/blue/ws_blue/install/blue_localization:/opt/ros/iron /usr/bin/cmake --install /home/blue/ws_blue/build/blue_bringup
[0.315s] -- Install configuration: ""
[0.315s] -- Up-to-date: /home/blue/ws_blue/install/blue_bringup/share/blue_bringup/launch
[0.321s] -- Up-to-date: /home/blue/ws_blue/install/blue_bringup/share/blue_bringup/launch/bluerov2_heavy_reach
[0.322s] -- Up-to-date: /home/blue/ws_blue/install/blue_bringup/share/blue_bringup/launch/bluerov2_heavy_reach/thrusters.launch.yaml
[0.339s] -- Up-to-date: /home/blue/ws_blue/install/blue_bringup/share/blue_bringup/launch/bluerov2_heavy_reach/bluerov2_heavy_reach.launch.yaml
[0.363s] -- Up-to-date: /home/blue/ws_blue/install/blue_bringup/share/blue_bringup/launch/bluerov2
[0.363s] -- Installing: /home/blue/ws_blue/install/blue_bringup/share/blue_bringup/launch/bluerov2/bluerov2.launch.yaml
[0.363s] -- Up-to-date: /home/blue/ws_blue/install/blue_bringup/share/blue_bringup/launch/bluerov2/thrusters.launch.yaml
[0.369s] -- Up-to-date: /home/blue/ws_blue/install/blue_bringup/share/blue_bringup/launch/bluerov2_heavy
[0.370s] -- Up-to-date: /home/blue/ws_blue/install/blue_bringup/share/blue_bringup/launch/bluerov2_heavy/thrusters.launch.yaml
[0.384s] -- Up-to-date: /home/blue/ws_blue/install/blue_bringup/share/blue_bringup/launch/bluerov2_heavy/bluerov2_heavy.launch.yaml
[0.393s] -- Up-to-date: /home/blue/ws_blue/install/blue_bringup/share/ament_index/resource_index/package_run_dependencies/blue_bringup
[0.417s] -- Up-to-date: /home/blue/ws_blue/install/blue_bringup/share/ament_index/resource_index/parent_prefix_path/blue_bringup
[0.426s] -- Up-to-date: /home/blue/ws_blue/install/blue_bringup/share/blue_bringup/environment/ament_prefix_path.sh
[0.452s] -- Up-to-date: /home/blue/ws_blue/install/blue_bringup/share/blue_bringup/environment/ament_prefix_path.dsv
[0.466s] -- Up-to-date: /home/blue/ws_blue/install/blue_bringup/share/blue_bringup/environment/path.sh
[0.483s] -- Up-to-date: /home/blue/ws_blue/install/blue_bringup/share/blue_bringup/environment/path.dsv
[0.489s] -- Up-to-date: /home/blue/ws_blue/install/blue_bringup/share/blue_bringup/local_setup.bash
[0.497s] -- Up-to-date: /home/blue/ws_blue/install/blue_bringup/share/blue_bringup/local_setup.sh
[0.500s] -- Up-to-date: /home/blue/ws_blue/install/blue_bringup/share/blue_bringup/local_setup.zsh
[0.507s] -- Up-to-date: /home/blue/ws_blue/install/blue_bringup/share/blue_bringup/local_setup.dsv
[0.521s] -- Installing: /home/blue/ws_blue/install/blue_bringup/share/blue_bringup/package.dsv
[0.523s] -- Up-to-date: /home/blue/ws_blue/install/blue_bringup/share/ament_index/resource_index/packages/blue_bringup
[0.528s] -- Up-to-date: /home/blue/ws_blue/install/blue_bringup/share/blue_bringup/cmake/blue_bringupConfig.cmake
[0.538s] -- Up-to-date: /home/blue/ws_blue/install/blue_bringup/share/blue_bringup/cmake/blue_bringupConfig-version.cmake
[0.549s] -- Up-to-date: /home/blue/ws_blue/install/blue_bringup/share/blue_bringup/package.xml
[0.556s] Invoked command in '/home/blue/ws_blue/build/blue_bringup' returned '0': CMAKE_PREFIX_PATH=/home/blue/ws_blue/install/blue_description:/home/blue/ws_blue/install/auv_controllers:/home/blue/ws_blue/install/velocity_controllers:/home/blue/ws_blue/install/thruster_hardware:/home/blue/ws_blue/install/thruster_controllers:/home/blue/ws_blue/install/thruster_allocation_matrix_controller:/home/blue/ws_blue/install/message_transforms_demos:/home/blue/ws_blue/install/message_transforms:/home/blue/ws_blue/install/hydrodynamics:/home/blue/ws_blue/install/blue_bringup:/home/blue/ws_blue/install/blue_demos:/home/blue/ws_blue/install/auv_control_msgs:/home/blue/ws_blue/install/auv_control_demos:/home/blue/ws_blue/install/ardusub_teleop:/home/blue/ws_blue/install/ardusub_manager:/home/blue/ws_blue/install/ardusub_bringup:/home/blue/ws_blue/install/blue_localization:/opt/ros/iron /usr/bin/cmake --install /home/blue/ws_blue/build/blue_bringup
