-- Install configuration: ""
-- Up-to-date: /home/blue/ws_blue/install/blue_description/share/blue_description/config
-- Up-to-date: /home/blue/ws_blue/install/blue_description/share/blue_description/config/bluerov2_heavy
-- Up-to-date: /home/blue/ws_blue/install/blue_description/share/blue_description/config/bluerov2_heavy/localization.yaml
-- Up-to-date: /home/blue/ws_blue/install/blue_description/share/blue_description/config/bluerov2_heavy/ardusub.parm
-- Up-to-date: /home/blue/ws_blue/install/blue_description/share/blue_description/config/bluerov2_heavy_reach
-- Up-to-date: /home/blue/ws_blue/install/blue_description/share/blue_description/config/bluerov2_heavy_reach/localization.yaml
-- Up-to-date: /home/blue/ws_blue/install/blue_description/share/blue_description/config/bluerov2_heavy_reach/ardusub.parm
-- Up-to-date: /home/blue/ws_blue/install/blue_description/share/blue_description/config/ardusub
-- Up-to-date: /home/blue/ws_blue/install/blue_description/share/blue_description/config/ardusub/mavros.yaml
-- Up-to-date: /home/blue/ws_blue/install/blue_description/share/blue_description/config/ardusub/ardusub_manager.yaml
-- Up-to-date: /home/blue/ws_blue/install/blue_description/share/blue_description/config/bluerov2
-- Up-to-date: /home/blue/ws_blue/install/blue_description/share/blue_description/config/bluerov2/localization.yaml
-- Up-to-date: /home/blue/ws_blue/install/blue_description/share/blue_description/config/bluerov2/ardusub.parm
-- Up-to-date: /home/blue/ws_blue/install/blue_description/share/blue_description/gazebo
-- Up-to-date: /home/blue/ws_blue/install/blue_description/share/blue_description/gazebo/models
-- Up-to-date: /home/blue/ws_blue/install/blue_description/share/blue_description/gazebo/models/sand_heightmap
-- Up-to-date: /home/blue/ws_blue/install/blue_description/share/blue_description/gazebo/models/sand_heightmap/meshes
-- Up-to-date: /home/blue/ws_blue/install/blue_description/share/blue_description/gazebo/models/sand_heightmap/meshes/sandseabed.dae
-- Up-to-date: /home/blue/ws_blue/install/blue_description/share/blue_description/gazebo/models/sand_heightmap/meshes/License and source for textures.txt
-- Up-to-date: /home/blue/ws_blue/install/blue_description/share/blue_description/gazebo/models/sand_heightmap/meshes/heightmap.dae
-- Up-to-date: /home/blue/ws_blue/install/blue_description/share/blue_description/gazebo/models/sand_heightmap/meshes/soil_sand_0045_01.jpg
-- Up-to-date: /home/blue/ws_blue/install/blue_description/share/blue_description/gazebo/models/sand_heightmap/model.sdf
-- Up-to-date: /home/blue/ws_blue/install/blue_description/share/blue_description/gazebo/models/sand_heightmap/materials
-- Up-to-date: /home/blue/ws_blue/install/blue_description/share/blue_description/gazebo/models/sand_heightmap/materials/flat_normal.png
-- Up-to-date: /home/blue/ws_blue/install/blue_description/share/blue_description/gazebo/models/sand_heightmap/materials/soil_sand_0045_01.jpg
-- Up-to-date: /home/blue/ws_blue/install/blue_description/share/blue_description/gazebo/models/sand_heightmap/model.config
-- Up-to-date: /home/blue/ws_blue/install/blue_description/share/blue_description/gazebo/worlds
-- Up-to-date: /home/blue/ws_blue/install/blue_description/share/blue_description/gazebo/worlds/underwater.world
-- Up-to-date: /home/blue/ws_blue/install/blue_description/share/blue_description/meshes
-- Up-to-date: /home/blue/ws_blue/install/blue_description/share/blue_description/meshes/t200
-- Up-to-date: /home/blue/ws_blue/install/blue_description/share/blue_description/meshes/t200/cw_prop.dae
-- Up-to-date: /home/blue/ws_blue/install/blue_description/share/blue_description/meshes/t200/ccw_prop.dae
-- Up-to-date: /home/blue/ws_blue/install/blue_description/share/blue_description/meshes/bluerov2_heavy
-- Up-to-date: /home/blue/ws_blue/install/blue_description/share/blue_description/meshes/bluerov2_heavy/bluerov2_heavy.dae
-- Up-to-date: /home/blue/ws_blue/install/blue_description/share/blue_description/meshes/bluerov2_heavy_reach
-- Up-to-date: /home/blue/ws_blue/install/blue_description/share/blue_description/meshes/bluerov2_heavy_reach/bluerov2_heavy_reach.dae
-- Up-to-date: /home/blue/ws_blue/install/blue_description/share/blue_description/meshes/bluerov2
-- Up-to-date: /home/blue/ws_blue/install/blue_description/share/blue_description/meshes/bluerov2/bluerov2.dae
-- Up-to-date: /home/blue/ws_blue/install/blue_description/share/blue_description/description
-- Up-to-date: /home/blue/ws_blue/install/blue_description/share/blue_description/description/camera
-- Up-to-date: /home/blue/ws_blue/install/blue_description/share/blue_description/description/camera/urdf.xacro
-- Up-to-date: /home/blue/ws_blue/install/blue_description/share/blue_description/description/camera/gazebo.xacro
-- Up-to-date: /home/blue/ws_blue/install/blue_description/share/blue_description/description/t200
-- Up-to-date: /home/blue/ws_blue/install/blue_description/share/blue_description/description/t200/urdf.xacro
-- Up-to-date: /home/blue/ws_blue/install/blue_description/share/blue_description/description/t200/gazebo.xacro
-- Up-to-date: /home/blue/ws_blue/install/blue_description/share/blue_description/description/bluerov2_heavy
-- Up-to-date: /home/blue/ws_blue/install/blue_description/share/blue_description/description/bluerov2_heavy/urdf.xacro
-- Up-to-date: /home/blue/ws_blue/install/blue_description/share/blue_description/description/bluerov2_heavy/config.xacro
-- Up-to-date: /home/blue/ws_blue/install/blue_description/share/blue_description/description/bluerov2_heavy/gazebo.xacro
-- Up-to-date: /home/blue/ws_blue/install/blue_description/share/blue_description/description/bluerov2_heavy_reach
-- Up-to-date: /home/blue/ws_blue/install/blue_description/share/blue_description/description/bluerov2_heavy_reach/urdf.xacro
-- Up-to-date: /home/blue/ws_blue/install/blue_description/share/blue_description/description/bluerov2_heavy_reach/config.xacro
-- Up-to-date: /home/blue/ws_blue/install/blue_description/share/blue_description/description/bluerov2_heavy_reach/gazebo.xacro
-- Up-to-date: /home/blue/ws_blue/install/blue_description/share/blue_description/description/bluerov2
-- Up-to-date: /home/blue/ws_blue/install/blue_description/share/blue_description/description/bluerov2/urdf.xacro
-- Up-to-date: /home/blue/ws_blue/install/blue_description/share/blue_description/description/bluerov2/config.xacro
-- Up-to-date: /home/blue/ws_blue/install/blue_description/share/blue_description/description/bluerov2/gazebo.xacro
-- Up-to-date: /home/blue/ws_blue/install/blue_description/share/blue_description/rviz
-- Up-to-date: /home/blue/ws_blue/install/blue_description/share/blue_description/rviz/bluerov2_heavy_reach.rviz
-- Up-to-date: /home/blue/ws_blue/install/blue_description/share/blue_description/rviz/bluerov2.rviz
-- Up-to-date: /home/blue/ws_blue/install/blue_description/share/blue_description/rviz/bluerov2_heavy.rviz
-- Up-to-date: /home/blue/ws_blue/install/blue_description/share/blue_description/environment/hooks.dsv
-- Up-to-date: /home/blue/ws_blue/install/blue_description/share/ament_index/resource_index/package_run_dependencies/blue_description
-- Up-to-date: /home/blue/ws_blue/install/blue_description/share/ament_index/resource_index/parent_prefix_path/blue_description
-- Up-to-date: /home/blue/ws_blue/install/blue_description/share/blue_description/environment/ament_prefix_path.sh
-- Up-to-date: /home/blue/ws_blue/install/blue_description/share/blue_description/environment/ament_prefix_path.dsv
-- Up-to-date: /home/blue/ws_blue/install/blue_description/share/blue_description/environment/path.sh
-- Up-to-date: /home/blue/ws_blue/install/blue_description/share/blue_description/environment/path.dsv
-- Up-to-date: /home/blue/ws_blue/install/blue_description/share/blue_description/local_setup.bash
-- Up-to-date: /home/blue/ws_blue/install/blue_description/share/blue_description/local_setup.sh
-- Up-to-date: /home/blue/ws_blue/install/blue_description/share/blue_description/local_setup.zsh
-- Up-to-date: /home/blue/ws_blue/install/blue_description/share/blue_description/local_setup.dsv
-- Up-to-date: /home/blue/ws_blue/install/blue_description/share/blue_description/package.dsv
-- Up-to-date: /home/blue/ws_blue/install/blue_description/share/ament_index/resource_index/packages/blue_description
-- Up-to-date: /home/blue/ws_blue/install/blue_description/share/blue_description/cmake/blue_descriptionConfig.cmake
-- Up-to-date: /home/blue/ws_blue/install/blue_description/share/blue_description/cmake/blue_descriptionConfig-version.cmake
-- Up-to-date: /home/blue/ws_blue/install/blue_description/share/blue_description/package.xml
