[0.044s] Invoking command in '/home/blue/ws_blue/build/blue_description': CMAKE_PREFIX_PATH=/opt/ros/iron /usr/bin/cmake --build /home/blue/ws_blue/build/blue_description -- -j4 -l4
[0.200s] Invoked command in '/home/blue/ws_blue/build/blue_description' returned '0': CMAKE_PREFIX_PATH=/opt/ros/iron /usr/bin/cmake --build /home/blue/ws_blue/build/blue_description -- -j4 -l4
[0.336s] Invoking command in '/home/blue/ws_blue/build/blue_description': CMAKE_PREFIX_PATH=/opt/ros/iron /usr/bin/cmake --install /home/blue/ws_blue/build/blue_description
[0.359s] -- Install configuration: ""
[0.359s] -- Up-to-date: /home/blue/ws_blue/install/blue_description/share/blue_description/config
[0.360s] -- Up-to-date: /home/blue/ws_blue/install/blue_description/share/blue_description/config/bluerov2_heavy
[0.360s] -- Up-to-date: /home/blue/ws_blue/install/blue_description/share/blue_description/config/bluerov2_heavy/localization.yaml
[0.373s] -- Up-to-date: /home/blue/ws_blue/install/blue_description/share/blue_description/config/bluerov2_heavy/ardusub.parm
[0.379s] -- Up-to-date: /home/blue/ws_blue/install/blue_description/share/blue_description/config/bluerov2_heavy_reach
[0.380s] -- Up-to-date: /home/blue/ws_blue/install/blue_description/share/blue_description/config/bluerov2_heavy_reach/localization.yaml
[0.384s] -- Up-to-date: /home/blue/ws_blue/install/blue_description/share/blue_description/config/bluerov2_heavy_reach/ardusub.parm
[0.388s] -- Up-to-date: /home/blue/ws_blue/install/blue_description/share/blue_description/config/ardusub
[0.393s] -- Up-to-date: /home/blue/ws_blue/install/blue_description/share/blue_description/config/ardusub/mavros.yaml
[0.394s] -- Up-to-date: /home/blue/ws_blue/install/blue_description/share/blue_description/config/ardusub/ardusub_manager.yaml
[0.395s] -- Up-to-date: /home/blue/ws_blue/install/blue_description/share/blue_description/config/bluerov2
[0.395s] -- Up-to-date: /home/blue/ws_blue/install/blue_description/share/blue_description/config/bluerov2/localization.yaml
[0.396s] -- Up-to-date: /home/blue/ws_blue/install/blue_description/share/blue_description/config/bluerov2/ardusub.parm
[0.397s] -- Up-to-date: /home/blue/ws_blue/install/blue_description/share/blue_description/gazebo
[0.398s] -- Up-to-date: /home/blue/ws_blue/install/blue_description/share/blue_description/gazebo/models
[0.398s] -- Up-to-date: /home/blue/ws_blue/install/blue_description/share/blue_description/gazebo/models/sand_heightmap
[0.398s] -- Up-to-date: /home/blue/ws_blue/install/blue_description/share/blue_description/gazebo/models/sand_heightmap/meshes
[0.398s] -- Up-to-date: /home/blue/ws_blue/install/blue_description/share/blue_description/gazebo/models/sand_heightmap/meshes/sandseabed.dae
[0.421s] -- Up-to-date: /home/blue/ws_blue/install/blue_description/share/blue_description/gazebo/models/sand_heightmap/meshes/License and source for textures.txt
[0.428s] -- Up-to-date: /home/blue/ws_blue/install/blue_description/share/blue_description/gazebo/models/sand_heightmap/meshes/heightmap.dae
[0.489s] -- Up-to-date: /home/blue/ws_blue/install/blue_description/share/blue_description/gazebo/models/sand_heightmap/meshes/soil_sand_0045_01.jpg
[0.489s] -- Up-to-date: /home/blue/ws_blue/install/blue_description/share/blue_description/gazebo/models/sand_heightmap/model.sdf
[0.489s] -- Up-to-date: /home/blue/ws_blue/install/blue_description/share/blue_description/gazebo/models/sand_heightmap/materials
[0.489s] -- Up-to-date: /home/blue/ws_blue/install/blue_description/share/blue_description/gazebo/models/sand_heightmap/materials/flat_normal.png
[0.489s] -- Up-to-date: /home/blue/ws_blue/install/blue_description/share/blue_description/gazebo/models/sand_heightmap/materials/soil_sand_0045_01.jpg
[0.499s] -- Up-to-date: /home/blue/ws_blue/install/blue_description/share/blue_description/gazebo/models/sand_heightmap/model.config
[0.499s] -- Up-to-date: /home/blue/ws_blue/install/blue_description/share/blue_description/gazebo/worlds
[0.500s] -- Up-to-date: /home/blue/ws_blue/install/blue_description/share/blue_description/gazebo/worlds/underwater.world
[0.500s] -- Up-to-date: /home/blue/ws_blue/install/blue_description/share/blue_description/meshes
[0.500s] -- Up-to-date: /home/blue/ws_blue/install/blue_description/share/blue_description/meshes/t200
[0.501s] -- Up-to-date: /home/blue/ws_blue/install/blue_description/share/blue_description/meshes/t200/cw_prop.dae
[0.507s] -- Up-to-date: /home/blue/ws_blue/install/blue_description/share/blue_description/meshes/t200/ccw_prop.dae
[0.510s] -- Up-to-date: /home/blue/ws_blue/install/blue_description/share/blue_description/meshes/bluerov2_heavy
[0.510s] -- Up-to-date: /home/blue/ws_blue/install/blue_description/share/blue_description/meshes/bluerov2_heavy/bluerov2_heavy.dae
[0.652s] -- Up-to-date: /home/blue/ws_blue/install/blue_description/share/blue_description/meshes/bluerov2_heavy_reach
[0.652s] -- Up-to-date: /home/blue/ws_blue/install/blue_description/share/blue_description/meshes/bluerov2_heavy_reach/bluerov2_heavy_reach.dae
[0.764s] -- Up-to-date: /home/blue/ws_blue/install/blue_description/share/blue_description/meshes/bluerov2
[0.764s] -- Up-to-date: /home/blue/ws_blue/install/blue_description/share/blue_description/meshes/bluerov2/bluerov2.dae
[0.817s] -- Up-to-date: /home/blue/ws_blue/install/blue_description/share/blue_description/description
[0.817s] -- Up-to-date: /home/blue/ws_blue/install/blue_description/share/blue_description/description/camera
[0.817s] -- Up-to-date: /home/blue/ws_blue/install/blue_description/share/blue_description/description/camera/urdf.xacro
[0.823s] -- Up-to-date: /home/blue/ws_blue/install/blue_description/share/blue_description/description/camera/gazebo.xacro
[0.824s] -- Up-to-date: /home/blue/ws_blue/install/blue_description/share/blue_description/description/t200
[0.824s] -- Up-to-date: /home/blue/ws_blue/install/blue_description/share/blue_description/description/t200/urdf.xacro
[0.824s] -- Up-to-date: /home/blue/ws_blue/install/blue_description/share/blue_description/description/t200/gazebo.xacro
[0.824s] -- Up-to-date: /home/blue/ws_blue/install/blue_description/share/blue_description/description/bluerov2_heavy
[0.824s] -- Up-to-date: /home/blue/ws_blue/install/blue_description/share/blue_description/description/bluerov2_heavy/urdf.xacro
[0.825s] -- Up-to-date: /home/blue/ws_blue/install/blue_description/share/blue_description/description/bluerov2_heavy/config.xacro
[0.825s] -- Up-to-date: /home/blue/ws_blue/install/blue_description/share/blue_description/description/bluerov2_heavy/gazebo.xacro
[0.825s] -- Up-to-date: /home/blue/ws_blue/install/blue_description/share/blue_description/description/bluerov2_heavy_reach
[0.825s] -- Up-to-date: /home/blue/ws_blue/install/blue_description/share/blue_description/description/bluerov2_heavy_reach/urdf.xacro
[0.831s] -- Up-to-date: /home/blue/ws_blue/install/blue_description/share/blue_description/description/bluerov2_heavy_reach/config.xacro
[0.831s] -- Up-to-date: /home/blue/ws_blue/install/blue_description/share/blue_description/description/bluerov2_heavy_reach/gazebo.xacro
[0.832s] -- Up-to-date: /home/blue/ws_blue/install/blue_description/share/blue_description/description/bluerov2
[0.832s] -- Up-to-date: /home/blue/ws_blue/install/blue_description/share/blue_description/description/bluerov2/urdf.xacro
[0.832s] -- Up-to-date: /home/blue/ws_blue/install/blue_description/share/blue_description/description/bluerov2/config.xacro
[0.832s] -- Up-to-date: /home/blue/ws_blue/install/blue_description/share/blue_description/description/bluerov2/gazebo.xacro
[0.833s] -- Up-to-date: /home/blue/ws_blue/install/blue_description/share/blue_description/rviz
[0.833s] -- Up-to-date: /home/blue/ws_blue/install/blue_description/share/blue_description/rviz/bluerov2_heavy_reach.rviz
[0.833s] -- Up-to-date: /home/blue/ws_blue/install/blue_description/share/blue_description/rviz/bluerov2.rviz
[0.833s] -- Up-to-date: /home/blue/ws_blue/install/blue_description/share/blue_description/rviz/bluerov2_heavy.rviz
[0.834s] -- Up-to-date: /home/blue/ws_blue/install/blue_description/share/blue_description/environment/hooks.dsv
[0.839s] -- Up-to-date: /home/blue/ws_blue/install/blue_description/share/ament_index/resource_index/package_run_dependencies/blue_description
[0.852s] -- Up-to-date: /home/blue/ws_blue/install/blue_description/share/ament_index/resource_index/parent_prefix_path/blue_description
[0.857s] -- Up-to-date: /home/blue/ws_blue/install/blue_description/share/blue_description/environment/ament_prefix_path.sh
[0.868s] -- Up-to-date: /home/blue/ws_blue/install/blue_description/share/blue_description/environment/ament_prefix_path.dsv
[0.876s] -- Up-to-date: /home/blue/ws_blue/install/blue_description/share/blue_description/environment/path.sh
[0.880s] -- Up-to-date: /home/blue/ws_blue/install/blue_description/share/blue_description/environment/path.dsv
[0.887s] -- Up-to-date: /home/blue/ws_blue/install/blue_description/share/blue_description/local_setup.bash
[0.900s] -- Up-to-date: /home/blue/ws_blue/install/blue_description/share/blue_description/local_setup.sh
[0.948s] -- Up-to-date: /home/blue/ws_blue/install/blue_description/share/blue_description/local_setup.zsh
[0.970s] -- Up-to-date: /home/blue/ws_blue/install/blue_description/share/blue_description/local_setup.dsv
[0.970s] -- Up-to-date: /home/blue/ws_blue/install/blue_description/share/blue_description/package.dsv
[0.970s] -- Up-to-date: /home/blue/ws_blue/install/blue_description/share/ament_index/resource_index/packages/blue_description
[0.970s] -- Up-to-date: /home/blue/ws_blue/install/blue_description/share/blue_description/cmake/blue_descriptionConfig.cmake
[0.970s] -- Up-to-date: /home/blue/ws_blue/install/blue_description/share/blue_description/cmake/blue_descriptionConfig-version.cmake
[0.971s] -- Up-to-date: /home/blue/ws_blue/install/blue_description/share/blue_description/package.xml
[0.971s] Invoked command in '/home/blue/ws_blue/build/blue_description' returned '0': CMAKE_PREFIX_PATH=/opt/ros/iron /usr/bin/cmake --install /home/blue/ws_blue/build/blue_description
