-- The C compiler identification is GNU 11.4.0
-- The CXX compiler identification is GNU 11.4.0
-- Detecting C compiler ABI info
-- Detecting C compiler ABI info - done
-- Check for working C compiler: /usr/bin/cc - skipped
-- Detecting C compile features
-- Detecting C compile features - done
-- Detecting CXX compiler ABI info
-- Detecting CXX compiler ABI info - done
-- Check for working CXX compiler: /usr/bin/c++ - skipped
-- Detecting CXX compile features
-- Detecting CXX compile features - done
-- Found ament_cmake: 2.0.6 (/opt/ros/iron/share/ament_cmake/cmake)
-- Found Python3: /usr/bin/python3.10 (found version "3.10.12") found components: Interpreter 
-- Found generate_parameter_library: 0.3.8 (/opt/ros/iron/share/generate_parameter_library/cmake)
-- Found parameter_traits: 0.3.8 (/opt/ros/iron/share/parameter_traits/cmake)
-- Found rosidl_generator_c: 4.0.1 (/opt/ros/iron/share/rosidl_generator_c/cmake)
-- Found rosidl_generator_cpp: 4.0.1 (/opt/ros/iron/share/rosidl_generator_cpp/cmake)
-- Using all available rosidl_typesupport_c: rosidl_typesupport_fastrtps_c;rosidl_typesupport_introspection_c
-- Using all available rosidl_typesupport_cpp: rosidl_typesupport_fastrtps_cpp;rosidl_typesupport_introspection_cpp
-- Found rmw_implementation_cmake: 7.1.0 (/opt/ros/iron/share/rmw_implementation_cmake/cmake)
-- Found rmw_fastrtps_cpp: 7.1.4 (/opt/ros/iron/share/rmw_fastrtps_cpp/cmake)
-- Found OpenSSL: /usr/lib/x86_64-linux-gnu/libcrypto.so (found version "3.0.2")  
-- Found FastRTPS: /opt/ros/iron/include  
-- Using RMW implementation 'rmw_fastrtps_cpp' as default
-- Found rclcpp_lifecycle: 21.0.7 (/opt/ros/iron/share/rclcpp_lifecycle/cmake)
-- Found tf2: 0.31.8 (/opt/ros/iron/share/tf2/cmake)
-- Found tf2_ros: 0.31.8 (/opt/ros/iron/share/tf2_ros/cmake)
-- Found mavros_msgs: 2.8.0 (/opt/ros/iron/share/mavros_msgs/cmake)
-- Configuring done
-- Generating done
-- Build files have been written to: /home/blue/ws_blue/build/ardusub_manager
[ 33%] Running `/opt/ros/iron/bin/generate_parameter_library_cpp /home/blue/ws_blue/build/ardusub_manager/ardusub_manager_parameters/include//ardusub_manager_parameters.hpp /home/blue/ws_blue/src/ardusub_driver/ardusub_manager/src/ardusub_manager_parameters.yaml `
[ 33%] Built target ardusub_manager_parameters
[ 66%] Building CXX object CMakeFiles/ardusub_manager.dir/src/ardusub_manager.cpp.o
[100%] Linking CXX executable ardusub_manager
[100%] Built target ardusub_manager
-- Install configuration: ""
-- Installing: /home/blue/ws_blue/install/ardusub_manager/include/ardusub_manager_parameters
-- Installing: /home/blue/ws_blue/install/ardusub_manager/include/ardusub_manager_parameters/ardusub_manager_parameters.hpp
-- Installing: /home/blue/ws_blue/install/ardusub_manager/lib/ardusub_manager/ardusub_manager
-- Set runtime path of "/home/blue/ws_blue/install/ardusub_manager/lib/ardusub_manager/ardusub_manager" to ""
-- Installing: /home/blue/ws_blue/install/ardusub_manager/share/ardusub_manager/launch
-- Installing: /home/blue/ws_blue/install/ardusub_manager/share/ardusub_manager/launch/ardusub_manager.launch.py
-- Installing: /home/blue/ws_blue/install/ardusub_manager/share/ament_index/resource_index/package_run_dependencies/ardusub_manager
-- Installing: /home/blue/ws_blue/install/ardusub_manager/share/ament_index/resource_index/parent_prefix_path/ardusub_manager
-- Installing: /home/blue/ws_blue/install/ardusub_manager/share/ardusub_manager/environment/ament_prefix_path.sh
-- Installing: /home/blue/ws_blue/install/ardusub_manager/share/ardusub_manager/environment/ament_prefix_path.dsv
-- Installing: /home/blue/ws_blue/install/ardusub_manager/share/ardusub_manager/environment/path.sh
-- Installing: /home/blue/ws_blue/install/ardusub_manager/share/ardusub_manager/environment/path.dsv
-- Installing: /home/blue/ws_blue/install/ardusub_manager/share/ardusub_manager/local_setup.bash
-- Installing: /home/blue/ws_blue/install/ardusub_manager/share/ardusub_manager/local_setup.sh
-- Installing: /home/blue/ws_blue/install/ardusub_manager/share/ardusub_manager/local_setup.zsh
-- Installing: /home/blue/ws_blue/install/ardusub_manager/share/ardusub_manager/local_setup.dsv
-- Installing: /home/blue/ws_blue/install/ardusub_manager/share/ardusub_manager/package.dsv
-- Installing: /home/blue/ws_blue/install/ardusub_manager/share/ament_index/resource_index/packages/ardusub_manager
-- Installing: /home/blue/ws_blue/install/ardusub_manager/share/ardusub_manager/cmake/ardusub_managerConfig.cmake
-- Installing: /home/blue/ws_blue/install/ardusub_manager/share/ardusub_manager/cmake/ardusub_managerConfig-version.cmake
-- Installing: /home/blue/ws_blue/install/ardusub_manager/share/ardusub_manager/package.xml
