[ 33%] Built target polynomial_thrust_curve_controller_parameters
[100%] Built target thruster_controllers
-- Install configuration: ""
-- Up-to-date: /home/blue/ws_blue/install/thruster_controllers/include/polynomial_thrust_curve_controller_parameters
-- Up-to-date: /home/blue/ws_blue/install/thruster_controllers/include/polynomial_thrust_curve_controller_parameters/polynomial_thrust_curve_controller_parameters.hpp
-- Up-to-date: /home/blue/ws_blue/install/thruster_controllers/share/thruster_controllers/thruster_controllers.xml
-- Up-to-date: /home/blue/ws_blue/install/thruster_controllers/include/thruster_controllers
-- Up-to-date: /home/blue/ws_blue/install/thruster_controllers/include/thruster_controllers/thruster_controllers
-- Up-to-date: /home/blue/ws_blue/install/thruster_controllers/include/thruster_controllers/thruster_controllers/polynomial_thrust_curve_controller.hpp
-- Up-to-date: /home/blue/ws_blue/install/thruster_controllers/lib/libthruster_controllers.so
-- Up-to-date: /home/blue/ws_blue/install/thruster_controllers/share/thruster_controllers/environment/library_path.sh
-- Up-to-date: /home/blue/ws_blue/install/thruster_controllers/share/thruster_controllers/environment/library_path.dsv
-- Up-to-date: /home/blue/ws_blue/install/thruster_controllers/share/ament_index/resource_index/package_run_dependencies/thruster_controllers
-- Up-to-date: /home/blue/ws_blue/install/thruster_controllers/share/ament_index/resource_index/parent_prefix_path/thruster_controllers
-- Up-to-date: /home/blue/ws_blue/install/thruster_controllers/share/thruster_controllers/environment/ament_prefix_path.sh
-- Up-to-date: /home/blue/ws_blue/install/thruster_controllers/share/thruster_controllers/environment/ament_prefix_path.dsv
-- Up-to-date: /home/blue/ws_blue/install/thruster_controllers/share/thruster_controllers/environment/path.sh
-- Up-to-date: /home/blue/ws_blue/install/thruster_controllers/share/thruster_controllers/environment/path.dsv
-- Up-to-date: /home/blue/ws_blue/install/thruster_controllers/share/thruster_controllers/local_setup.bash
-- Up-to-date: /home/blue/ws_blue/install/thruster_controllers/share/thruster_controllers/local_setup.sh
-- Up-to-date: /home/blue/ws_blue/install/thruster_controllers/share/thruster_controllers/local_setup.zsh
-- Up-to-date: /home/blue/ws_blue/install/thruster_controllers/share/thruster_controllers/local_setup.dsv
-- Installing: /home/blue/ws_blue/install/thruster_controllers/share/thruster_controllers/package.dsv
-- Up-to-date: /home/blue/ws_blue/install/thruster_controllers/share/ament_index/resource_index/packages/thruster_controllers
-- Up-to-date: /home/blue/ws_blue/install/thruster_controllers/share/ament_index/resource_index/controller_interface__pluginlib__plugin/thruster_controllers
-- Up-to-date: /home/blue/ws_blue/install/thruster_controllers/share/thruster_controllers/cmake/export_thruster_controllersExport.cmake
-- Up-to-date: /home/blue/ws_blue/install/thruster_controllers/share/thruster_controllers/cmake/export_thruster_controllersExport-noconfig.cmake
-- Up-to-date: /home/blue/ws_blue/install/thruster_controllers/share/thruster_controllers/cmake/ament_cmake_export_targets-extras.cmake
-- Up-to-date: /home/blue/ws_blue/install/thruster_controllers/share/thruster_controllers/cmake/ament_cmake_export_dependencies-extras.cmake
-- Up-to-date: /home/blue/ws_blue/install/thruster_controllers/share/thruster_controllers/cmake/thruster_controllersConfig.cmake
-- Up-to-date: /home/blue/ws_blue/install/thruster_controllers/share/thruster_controllers/cmake/thruster_controllersConfig-version.cmake
-- Up-to-date: /home/blue/ws_blue/install/thruster_controllers/share/thruster_controllers/package.xml
