[ 16%] Built target message_transforms_parameters
Consolidate compiler generated dependencies of target message_transforms
[ 50%] Built target message_transforms
Consolidate compiler generated dependencies of target message_transforms_library
[100%] Built target message_transforms_library
-- Install configuration: ""
-- Up-to-date: /home/blue/ws_blue/install/message_transforms/include/message_transforms_parameters
-- Up-to-date: /home/blue/ws_blue/install/message_transforms/include/message_transforms_parameters/message_transforms_parameters.hpp
-- Up-to-date: /home/blue/ws_blue/install/message_transforms/lib/message_transforms/message_transforms
-- Up-to-date: /home/blue/ws_blue/install/message_transforms/include/message_transforms
-- Up-to-date: /home/blue/ws_blue/install/message_transforms/include/message_transforms/message_transforms
-- Up-to-date: /home/blue/ws_blue/install/message_transforms/include/message_transforms/message_transforms/message_transforms_node.hpp
-- Up-to-date: /home/blue/ws_blue/install/message_transforms/include/message_transforms/message_transforms/transforms.hpp
-- Up-to-date: /home/blue/ws_blue/install/message_transforms/lib/libmessage_transforms_library.so
-- Up-to-date: /home/blue/ws_blue/install/message_transforms/share/message_transforms/launch
-- Up-to-date: /home/blue/ws_blue/install/message_transforms/share/message_transforms/launch/tf.launch.yaml
-- Up-to-date: /home/blue/ws_blue/install/message_transforms/share/message_transforms/launch/message_transforms.launch.py
-- Up-to-date: /home/blue/ws_blue/install/message_transforms/share/message_transforms/environment/library_path.sh
-- Up-to-date: /home/blue/ws_blue/install/message_transforms/share/message_transforms/environment/library_path.dsv
-- Up-to-date: /home/blue/ws_blue/install/message_transforms/share/ament_index/resource_index/package_run_dependencies/message_transforms
-- Up-to-date: /home/blue/ws_blue/install/message_transforms/share/ament_index/resource_index/parent_prefix_path/message_transforms
-- Up-to-date: /home/blue/ws_blue/install/message_transforms/share/message_transforms/environment/ament_prefix_path.sh
-- Up-to-date: /home/blue/ws_blue/install/message_transforms/share/message_transforms/environment/ament_prefix_path.dsv
-- Up-to-date: /home/blue/ws_blue/install/message_transforms/share/message_transforms/environment/path.sh
-- Up-to-date: /home/blue/ws_blue/install/message_transforms/share/message_transforms/environment/path.dsv
-- Up-to-date: /home/blue/ws_blue/install/message_transforms/share/message_transforms/local_setup.bash
-- Up-to-date: /home/blue/ws_blue/install/message_transforms/share/message_transforms/local_setup.sh
-- Up-to-date: /home/blue/ws_blue/install/message_transforms/share/message_transforms/local_setup.zsh
-- Up-to-date: /home/blue/ws_blue/install/message_transforms/share/message_transforms/local_setup.dsv
-- Installing: /home/blue/ws_blue/install/message_transforms/share/message_transforms/package.dsv
-- Up-to-date: /home/blue/ws_blue/install/message_transforms/share/ament_index/resource_index/packages/message_transforms
-- Up-to-date: /home/blue/ws_blue/install/message_transforms/share/ament_index/resource_index/rclcpp_components/message_transforms
-- Up-to-date: /home/blue/ws_blue/install/message_transforms/share/message_transforms/cmake/export_message_transforms_libraryExport.cmake
-- Up-to-date: /home/blue/ws_blue/install/message_transforms/share/message_transforms/cmake/export_message_transforms_libraryExport-noconfig.cmake
-- Up-to-date: /home/blue/ws_blue/install/message_transforms/share/message_transforms/cmake/ament_cmake_export_targets-extras.cmake
-- Up-to-date: /home/blue/ws_blue/install/message_transforms/share/message_transforms/cmake/ament_cmake_export_dependencies-extras.cmake
-- Up-to-date: /home/blue/ws_blue/install/message_transforms/share/message_transforms/cmake/message_transformsConfig.cmake
-- Up-to-date: /home/blue/ws_blue/install/message_transforms/share/message_transforms/cmake/message_transformsConfig-version.cmake
-- Up-to-date: /home/blue/ws_blue/install/message_transforms/share/message_transforms/package.xml
