[0.329s] Invoking command in '/home/blue/ws_blue/build/auv_control_msgs': CMAKE_PREFIX_PATH=${CMAKE_PREFIX_PATH}:/home/blue/ws_blue/install/blue_localization:/opt/ros/iron /usr/bin/cmake --build /home/blue/ws_blue/build/auv_control_msgs -- -j18 -l18
[1.202s] [  2%] Built target auv_control_msgs__rosidl_generator_type_description
[1.202s] [  2%] Built target ament_cmake_python_copy_auv_control_msgs
[1.313s] [ 17%] Built target auv_control_msgs__rosidl_generator_c
[1.939s] running egg_info
[1.972s] writing auv_control_msgs.egg-info/PKG-INFO
[1.972s] writing dependency_links to auv_control_msgs.egg-info/dependency_links.txt
[1.972s] writing top-level names to auv_control_msgs.egg-info/top_level.txt
[2.089s] reading manifest file 'auv_control_msgs.egg-info/SOURCES.txt'
[2.090s] writing manifest file 'auv_control_msgs.egg-info/SOURCES.txt'
[2.189s] [ 17%] Built target ament_cmake_python_build_auv_control_msgs_egg
[2.362s] [ 26%] Built target auv_control_msgs__rosidl_typesupport_fastrtps_c
[2.432s] [ 35%] Built target auv_control_msgs__rosidl_typesupport_c
[2.582s] [ 44%] Built target auv_control_msgs__rosidl_typesupport_introspection_c
[2.701s] [ 47%] Built target auv_control_msgs__cpp
[2.839s] [ 55%] Built target auv_control_msgs__rosidl_typesupport_fastrtps_cpp
[2.973s] [ 64%] Built target auv_control_msgs__rosidl_typesupport_cpp
[3.071s] [ 73%] Built target auv_control_msgs__rosidl_typesupport_introspection_cpp
[3.165s] [ 73%] Built target auv_control_msgs
[3.251s] [ 76%] Built target auv_control_msgs__py
[3.376s] [ 82%] Built target auv_control_msgs__rosidl_generator_py
[3.441s] [ 88%] Built target auv_control_msgs__rosidl_typesupport_fastrtps_c__pyext
[3.518s] [ 94%] Built target auv_control_msgs__rosidl_typesupport_c__pyext
[3.624s] [100%] Built target auv_control_msgs__rosidl_typesupport_introspection_c__pyext
[3.656s] Invoked command in '/home/blue/ws_blue/build/auv_control_msgs' returned '0': CMAKE_PREFIX_PATH=${CMAKE_PREFIX_PATH}:/home/blue/ws_blue/install/blue_localization:/opt/ros/iron /usr/bin/cmake --build /home/blue/ws_blue/build/auv_control_msgs -- -j18 -l18
[3.931s] Invoking command in '/home/blue/ws_blue/build/auv_control_msgs': CMAKE_PREFIX_PATH=${CMAKE_PREFIX_PATH}:/home/blue/ws_blue/install/blue_localization:/opt/ros/iron /usr/bin/cmake --install /home/blue/ws_blue/build/auv_control_msgs
[3.948s] -- Install configuration: ""
[3.950s] -- Up-to-date: /home/blue/ws_blue/install/auv_control_msgs/share/ament_index/resource_index/rosidl_interfaces/auv_control_msgs
[3.959s] -- Up-to-date: /home/blue/ws_blue/install/auv_control_msgs/share/auv_control_msgs/msg/MultiActuatorStateStamped.json
[3.981s] -- Up-to-date: /home/blue/ws_blue/install/auv_control_msgs/include/auv_control_msgs/auv_control_msgs
[3.988s] -- Up-to-date: /home/blue/ws_blue/install/auv_control_msgs/include/auv_control_msgs/auv_control_msgs/msg
[3.989s] -- Up-to-date: /home/blue/ws_blue/install/auv_control_msgs/include/auv_control_msgs/auv_control_msgs/msg/multi_actuator_state_stamped.h
[3.989s] -- Up-to-date: /home/blue/ws_blue/install/auv_control_msgs/include/auv_control_msgs/auv_control_msgs/msg/detail
[3.997s] -- Up-to-date: /home/blue/ws_blue/install/auv_control_msgs/include/auv_control_msgs/auv_control_msgs/msg/detail/multi_actuator_state_stamped__type_support.h
[3.999s] -- Up-to-date: /home/blue/ws_blue/install/auv_control_msgs/include/auv_control_msgs/auv_control_msgs/msg/detail/multi_actuator_state_stamped__functions.c
[4.023s] -- Up-to-date: /home/blue/ws_blue/install/auv_control_msgs/include/auv_control_msgs/auv_control_msgs/msg/detail/multi_actuator_state_stamped__functions.h
[4.027s] -- Installing: /home/blue/ws_blue/install/auv_control_msgs/include/auv_control_msgs/auv_control_msgs/msg/detail/multi_actuator_state_stamped__type_support.c
[4.027s] -- Up-to-date: /home/blue/ws_blue/install/auv_control_msgs/include/auv_control_msgs/auv_control_msgs/msg/detail/multi_actuator_state_stamped__description.c
[4.038s] -- Up-to-date: /home/blue/ws_blue/install/auv_control_msgs/include/auv_control_msgs/auv_control_msgs/msg/detail/multi_actuator_state_stamped__struct.h
[4.045s] -- Up-to-date: /home/blue/ws_blue/install/auv_control_msgs/include/auv_control_msgs/auv_control_msgs/msg/rosidl_generator_c__visibility_control.h
[4.053s] -- Up-to-date: /home/blue/ws_blue/install/auv_control_msgs/share/auv_control_msgs/environment/library_path.sh
[4.058s] -- Up-to-date: /home/blue/ws_blue/install/auv_control_msgs/share/auv_control_msgs/environment/library_path.dsv
[4.083s] -- Up-to-date: /home/blue/ws_blue/install/auv_control_msgs/lib/libauv_control_msgs__rosidl_generator_c.so
[4.090s] -- Up-to-date: /home/blue/ws_blue/install/auv_control_msgs/include/auv_control_msgs/auv_control_msgs
[4.091s] -- Up-to-date: /home/blue/ws_blue/install/auv_control_msgs/include/auv_control_msgs/auv_control_msgs/msg
[4.091s] -- Up-to-date: /home/blue/ws_blue/install/auv_control_msgs/include/auv_control_msgs/auv_control_msgs/msg/detail
[4.091s] -- Up-to-date: /home/blue/ws_blue/install/auv_control_msgs/include/auv_control_msgs/auv_control_msgs/msg/detail/multi_actuator_state_stamped__rosidl_typesupport_fastrtps_c.h
[4.116s] -- Up-to-date: /home/blue/ws_blue/install/auv_control_msgs/include/auv_control_msgs/auv_control_msgs/msg/rosidl_typesupport_fastrtps_c__visibility_control.h
[4.124s] -- Up-to-date: /home/blue/ws_blue/install/auv_control_msgs/lib/libauv_control_msgs__rosidl_typesupport_fastrtps_c.so
[4.164s] -- Up-to-date: /home/blue/ws_blue/install/auv_control_msgs/include/auv_control_msgs/auv_control_msgs
[4.165s] -- Up-to-date: /home/blue/ws_blue/install/auv_control_msgs/include/auv_control_msgs/auv_control_msgs/msg
[4.165s] -- Up-to-date: /home/blue/ws_blue/install/auv_control_msgs/include/auv_control_msgs/auv_control_msgs/msg/detail
[4.165s] -- Up-to-date: /home/blue/ws_blue/install/auv_control_msgs/include/auv_control_msgs/auv_control_msgs/msg/detail/multi_actuator_state_stamped__traits.hpp
[4.197s] -- Up-to-date: /home/blue/ws_blue/install/auv_control_msgs/include/auv_control_msgs/auv_control_msgs/msg/detail/multi_actuator_state_stamped__struct.hpp
[4.230s] -- Up-to-date: /home/blue/ws_blue/install/auv_control_msgs/include/auv_control_msgs/auv_control_msgs/msg/detail/multi_actuator_state_stamped__builder.hpp
[4.235s] -- Up-to-date: /home/blue/ws_blue/install/auv_control_msgs/include/auv_control_msgs/auv_control_msgs/msg/multi_actuator_state_stamped.hpp
[4.257s] -- Up-to-date: /home/blue/ws_blue/install/auv_control_msgs/include/auv_control_msgs/auv_control_msgs
[4.257s] -- Up-to-date: /home/blue/ws_blue/install/auv_control_msgs/include/auv_control_msgs/auv_control_msgs/msg
[4.257s] -- Up-to-date: /home/blue/ws_blue/install/auv_control_msgs/include/auv_control_msgs/auv_control_msgs/msg/detail
[4.257s] -- Up-to-date: /home/blue/ws_blue/install/auv_control_msgs/include/auv_control_msgs/auv_control_msgs/msg/detail/dds_fastrtps
[4.257s] -- Up-to-date: /home/blue/ws_blue/install/auv_control_msgs/include/auv_control_msgs/auv_control_msgs/msg/detail/multi_actuator_state_stamped__rosidl_typesupport_fastrtps_cpp.hpp
[4.265s] -- Up-to-date: /home/blue/ws_blue/install/auv_control_msgs/include/auv_control_msgs/auv_control_msgs/msg/rosidl_typesupport_fastrtps_cpp__visibility_control.h
[4.274s] -- Up-to-date: /home/blue/ws_blue/install/auv_control_msgs/lib/libauv_control_msgs__rosidl_typesupport_fastrtps_cpp.so
[4.280s] -- Up-to-date: /home/blue/ws_blue/install/auv_control_msgs/include/auv_control_msgs/auv_control_msgs
[4.281s] -- Up-to-date: /home/blue/ws_blue/install/auv_control_msgs/include/auv_control_msgs/auv_control_msgs/msg
[4.281s] -- Up-to-date: /home/blue/ws_blue/install/auv_control_msgs/include/auv_control_msgs/auv_control_msgs/msg/rosidl_typesupport_introspection_c__visibility_control.h
[4.287s] -- Up-to-date: /home/blue/ws_blue/install/auv_control_msgs/include/auv_control_msgs/auv_control_msgs/msg/detail
[4.288s] -- Up-to-date: /home/blue/ws_blue/install/auv_control_msgs/include/auv_control_msgs/auv_control_msgs/msg/detail/multi_actuator_state_stamped__rosidl_typesupport_introspection_c.h
[4.311s] -- Installing: /home/blue/ws_blue/install/auv_control_msgs/include/auv_control_msgs/auv_control_msgs/msg/detail/multi_actuator_state_stamped__type_support.c
[4.316s] -- Up-to-date: /home/blue/ws_blue/install/auv_control_msgs/lib/libauv_control_msgs__rosidl_typesupport_introspection_c.so
[4.320s] -- Up-to-date: /home/blue/ws_blue/install/auv_control_msgs/lib/libauv_control_msgs__rosidl_typesupport_c.so
[4.326s] -- Up-to-date: /home/blue/ws_blue/install/auv_control_msgs/include/auv_control_msgs/auv_control_msgs
[4.326s] -- Up-to-date: /home/blue/ws_blue/install/auv_control_msgs/include/auv_control_msgs/auv_control_msgs/msg
[4.326s] -- Up-to-date: /home/blue/ws_blue/install/auv_control_msgs/include/auv_control_msgs/auv_control_msgs/msg/detail
[4.326s] -- Up-to-date: /home/blue/ws_blue/install/auv_control_msgs/include/auv_control_msgs/auv_control_msgs/msg/detail/multi_actuator_state_stamped__type_support.cpp
[4.334s] -- Up-to-date: /home/blue/ws_blue/install/auv_control_msgs/include/auv_control_msgs/auv_control_msgs/msg/detail/multi_actuator_state_stamped__rosidl_typesupport_introspection_cpp.hpp
[4.342s] -- Up-to-date: /home/blue/ws_blue/install/auv_control_msgs/lib/libauv_control_msgs__rosidl_typesupport_introspection_cpp.so
[4.348s] -- Up-to-date: /home/blue/ws_blue/install/auv_control_msgs/lib/libauv_control_msgs__rosidl_typesupport_cpp.so
[4.353s] -- Up-to-date: /home/blue/ws_blue/install/auv_control_msgs/share/auv_control_msgs/environment/pythonpath.sh
[4.360s] -- Up-to-date: /home/blue/ws_blue/install/auv_control_msgs/share/auv_control_msgs/environment/pythonpath.dsv
[4.364s] -- Up-to-date: /home/blue/ws_blue/install/auv_control_msgs/lib/python3.10/site-packages/auv_control_msgs-0.0.1-py3.10.egg-info
[4.366s] -- Installing: /home/blue/ws_blue/install/auv_control_msgs/lib/python3.10/site-packages/auv_control_msgs-0.0.1-py3.10.egg-info/PKG-INFO
[4.367s] -- Installing: /home/blue/ws_blue/install/auv_control_msgs/lib/python3.10/site-packages/auv_control_msgs-0.0.1-py3.10.egg-info/SOURCES.txt
[4.367s] -- Installing: /home/blue/ws_blue/install/auv_control_msgs/lib/python3.10/site-packages/auv_control_msgs-0.0.1-py3.10.egg-info/dependency_links.txt
[4.368s] -- Installing: /home/blue/ws_blue/install/auv_control_msgs/lib/python3.10/site-packages/auv_control_msgs-0.0.1-py3.10.egg-info/top_level.txt
[4.369s] -- Up-to-date: /home/blue/ws_blue/install/auv_control_msgs/lib/python3.10/site-packages/auv_control_msgs
[4.373s] -- Up-to-date: /home/blue/ws_blue/install/auv_control_msgs/lib/python3.10/site-packages/auv_control_msgs/msg
[4.373s] -- Up-to-date: /home/blue/ws_blue/install/auv_control_msgs/lib/python3.10/site-packages/auv_control_msgs/msg/__init__.py
[4.387s] -- Up-to-date: /home/blue/ws_blue/install/auv_control_msgs/lib/python3.10/site-packages/auv_control_msgs/msg/_multi_actuator_state_stamped_s.c
[4.412s] -- Up-to-date: /home/blue/ws_blue/install/auv_control_msgs/lib/python3.10/site-packages/auv_control_msgs/msg/_multi_actuator_state_stamped.py
[4.419s] -- Up-to-date: /home/blue/ws_blue/install/auv_control_msgs/lib/python3.10/site-packages/auv_control_msgs/auv_control_msgs_s__rosidl_typesupport_fastrtps_c.cpython-310-x86_64-linux-gnu.so
[4.423s] -- Up-to-date: /home/blue/ws_blue/install/auv_control_msgs/lib/python3.10/site-packages/auv_control_msgs/_auv_control_msgs_s.ep.rosidl_typesupport_c.c
[4.428s] -- Up-to-date: /home/blue/ws_blue/install/auv_control_msgs/lib/python3.10/site-packages/auv_control_msgs/_auv_control_msgs_s.ep.rosidl_typesupport_fastrtps_c.c
[4.435s] -- Up-to-date: /home/blue/ws_blue/install/auv_control_msgs/lib/python3.10/site-packages/auv_control_msgs/auv_control_msgs_s__rosidl_typesupport_c.cpython-310-x86_64-linux-gnu.so
[4.467s] -- Up-to-date: /home/blue/ws_blue/install/auv_control_msgs/lib/python3.10/site-packages/auv_control_msgs/_auv_control_msgs_s.ep.rosidl_typesupport_introspection_c.c
[4.472s] -- Up-to-date: /home/blue/ws_blue/install/auv_control_msgs/lib/python3.10/site-packages/auv_control_msgs/__init__.py
[4.473s] -- Up-to-date: /home/blue/ws_blue/install/auv_control_msgs/lib/python3.10/site-packages/auv_control_msgs/libauv_control_msgs__rosidl_generator_py.so
[4.497s] -- Up-to-date: /home/blue/ws_blue/install/auv_control_msgs/lib/python3.10/site-packages/auv_control_msgs/auv_control_msgs_s__rosidl_typesupport_introspection_c.cpython-310-x86_64-linux-gnu.so
[4.610s] Listing '/home/blue/ws_blue/install/auv_control_msgs/lib/python3.10/site-packages/auv_control_msgs'...
[4.610s] Listing '/home/blue/ws_blue/install/auv_control_msgs/lib/python3.10/site-packages/auv_control_msgs/msg'...
[4.620s] -- Up-to-date: /home/blue/ws_blue/install/auv_control_msgs/lib/python3.10/site-packages/auv_control_msgs/auv_control_msgs_s__rosidl_typesupport_fastrtps_c.cpython-310-x86_64-linux-gnu.so
[4.620s] -- Up-to-date: /home/blue/ws_blue/install/auv_control_msgs/lib/python3.10/site-packages/auv_control_msgs/auv_control_msgs_s__rosidl_typesupport_introspection_c.cpython-310-x86_64-linux-gnu.so
[4.621s] -- Up-to-date: /home/blue/ws_blue/install/auv_control_msgs/lib/python3.10/site-packages/auv_control_msgs/auv_control_msgs_s__rosidl_typesupport_c.cpython-310-x86_64-linux-gnu.so
[4.622s] -- Up-to-date: /home/blue/ws_blue/install/auv_control_msgs/lib/libauv_control_msgs__rosidl_generator_py.so
[4.628s] -- Up-to-date: /home/blue/ws_blue/install/auv_control_msgs/share/auv_control_msgs/msg/MultiActuatorStateStamped.idl
[4.633s] -- Up-to-date: /home/blue/ws_blue/install/auv_control_msgs/share/auv_control_msgs/msg/MultiActuatorStateStamped.msg
[4.656s] -- Up-to-date: /home/blue/ws_blue/install/auv_control_msgs/share/ament_index/resource_index/package_run_dependencies/auv_control_msgs
[4.675s] -- Up-to-date: /home/blue/ws_blue/install/auv_control_msgs/share/ament_index/resource_index/parent_prefix_path/auv_control_msgs
[4.690s] -- Up-to-date: /home/blue/ws_blue/install/auv_control_msgs/share/auv_control_msgs/environment/ament_prefix_path.sh
[4.705s] -- Up-to-date: /home/blue/ws_blue/install/auv_control_msgs/share/auv_control_msgs/environment/ament_prefix_path.dsv
[4.725s] -- Up-to-date: /home/blue/ws_blue/install/auv_control_msgs/share/auv_control_msgs/environment/path.sh
[4.734s] -- Up-to-date: /home/blue/ws_blue/install/auv_control_msgs/share/auv_control_msgs/environment/path.dsv
[4.741s] -- Up-to-date: /home/blue/ws_blue/install/auv_control_msgs/share/auv_control_msgs/local_setup.bash
[4.747s] -- Up-to-date: /home/blue/ws_blue/install/auv_control_msgs/share/auv_control_msgs/local_setup.sh
[4.756s] -- Up-to-date: /home/blue/ws_blue/install/auv_control_msgs/share/auv_control_msgs/local_setup.zsh
[4.761s] -- Up-to-date: /home/blue/ws_blue/install/auv_control_msgs/share/auv_control_msgs/local_setup.dsv
[4.766s] -- Installing: /home/blue/ws_blue/install/auv_control_msgs/share/auv_control_msgs/package.dsv
[4.768s] -- Up-to-date: /home/blue/ws_blue/install/auv_control_msgs/share/ament_index/resource_index/packages/auv_control_msgs
[4.773s] -- Up-to-date: /home/blue/ws_blue/install/auv_control_msgs/share/auv_control_msgs/cmake/export_auv_control_msgs__rosidl_generator_cExport.cmake
[4.780s] -- Up-to-date: /home/blue/ws_blue/install/auv_control_msgs/share/auv_control_msgs/cmake/export_auv_control_msgs__rosidl_generator_cExport-noconfig.cmake
[4.785s] -- Up-to-date: /home/blue/ws_blue/install/auv_control_msgs/share/auv_control_msgs/cmake/export_auv_control_msgs__rosidl_typesupport_fastrtps_cExport.cmake
[4.819s] -- Up-to-date: /home/blue/ws_blue/install/auv_control_msgs/share/auv_control_msgs/cmake/export_auv_control_msgs__rosidl_typesupport_fastrtps_cExport-noconfig.cmake
[4.864s] -- Up-to-date: /home/blue/ws_blue/install/auv_control_msgs/share/auv_control_msgs/cmake/export_auv_control_msgs__rosidl_generator_cppExport.cmake
[4.876s] -- Up-to-date: /home/blue/ws_blue/install/auv_control_msgs/share/auv_control_msgs/cmake/export_auv_control_msgs__rosidl_typesupport_fastrtps_cppExport.cmake
[4.886s] -- Up-to-date: /home/blue/ws_blue/install/auv_control_msgs/share/auv_control_msgs/cmake/export_auv_control_msgs__rosidl_typesupport_fastrtps_cppExport-noconfig.cmake
[4.892s] -- Up-to-date: /home/blue/ws_blue/install/auv_control_msgs/share/auv_control_msgs/cmake/auv_control_msgs__rosidl_typesupport_introspection_cExport.cmake
[4.907s] -- Up-to-date: /home/blue/ws_blue/install/auv_control_msgs/share/auv_control_msgs/cmake/auv_control_msgs__rosidl_typesupport_introspection_cExport-noconfig.cmake
[4.929s] -- Up-to-date: /home/blue/ws_blue/install/auv_control_msgs/share/auv_control_msgs/cmake/auv_control_msgs__rosidl_typesupport_cExport.cmake
[4.935s] -- Up-to-date: /home/blue/ws_blue/install/auv_control_msgs/share/auv_control_msgs/cmake/auv_control_msgs__rosidl_typesupport_cExport-noconfig.cmake
[4.957s] -- Up-to-date: /home/blue/ws_blue/install/auv_control_msgs/share/auv_control_msgs/cmake/auv_control_msgs__rosidl_typesupport_introspection_cppExport.cmake
[4.965s] -- Up-to-date: /home/blue/ws_blue/install/auv_control_msgs/share/auv_control_msgs/cmake/auv_control_msgs__rosidl_typesupport_introspection_cppExport-noconfig.cmake
[4.974s] -- Up-to-date: /home/blue/ws_blue/install/auv_control_msgs/share/auv_control_msgs/cmake/auv_control_msgs__rosidl_typesupport_cppExport.cmake
[4.978s] -- Up-to-date: /home/blue/ws_blue/install/auv_control_msgs/share/auv_control_msgs/cmake/auv_control_msgs__rosidl_typesupport_cppExport-noconfig.cmake
[4.984s] -- Up-to-date: /home/blue/ws_blue/install/auv_control_msgs/share/auv_control_msgs/cmake/export_auv_control_msgs__rosidl_generator_pyExport.cmake
[4.989s] -- Up-to-date: /home/blue/ws_blue/install/auv_control_msgs/share/auv_control_msgs/cmake/export_auv_control_msgs__rosidl_generator_pyExport-noconfig.cmake
[4.993s] -- Up-to-date: /home/blue/ws_blue/install/auv_control_msgs/share/auv_control_msgs/cmake/rosidl_cmake-extras.cmake
[5.008s] -- Up-to-date: /home/blue/ws_blue/install/auv_control_msgs/share/auv_control_msgs/cmake/ament_cmake_export_dependencies-extras.cmake
[5.015s] -- Up-to-date: /home/blue/ws_blue/install/auv_control_msgs/share/auv_control_msgs/cmake/ament_cmake_export_include_directories-extras.cmake
[5.035s] -- Up-to-date: /home/blue/ws_blue/install/auv_control_msgs/share/auv_control_msgs/cmake/ament_cmake_export_libraries-extras.cmake
[5.050s] -- Up-to-date: /home/blue/ws_blue/install/auv_control_msgs/share/auv_control_msgs/cmake/ament_cmake_export_targets-extras.cmake
[5.059s] -- Up-to-date: /home/blue/ws_blue/install/auv_control_msgs/share/auv_control_msgs/cmake/rosidl_cmake_export_typesupport_targets-extras.cmake
[5.073s] -- Up-to-date: /home/blue/ws_blue/install/auv_control_msgs/share/auv_control_msgs/cmake/rosidl_cmake_export_typesupport_libraries-extras.cmake
[5.080s] -- Up-to-date: /home/blue/ws_blue/install/auv_control_msgs/share/auv_control_msgs/cmake/auv_control_msgsConfig.cmake
[5.092s] -- Up-to-date: /home/blue/ws_blue/install/auv_control_msgs/share/auv_control_msgs/cmake/auv_control_msgsConfig-version.cmake
[5.100s] -- Up-to-date: /home/blue/ws_blue/install/auv_control_msgs/share/auv_control_msgs/package.xml
[5.120s] Invoked command in '/home/blue/ws_blue/build/auv_control_msgs' returned '0': CMAKE_PREFIX_PATH=${CMAKE_PREFIX_PATH}:/home/blue/ws_blue/install/blue_localization:/opt/ros/iron /usr/bin/cmake --install /home/blue/ws_blue/build/auv_control_msgs
