[4.674s] Invoking command in '/home/blue/ws_blue/src/blue/blue_localization': PYTHONPATH=/home/blue/ws_blue/build/blue_localization/prefix_override:/usr/lib/python3/dist-packages/colcon_core/task/python/colcon_distutils_commands:/home/blue/ws_blue/install/blue_localization/lib/python3.10/site-packages:${PYTHONPATH} /usr/bin/python3 -W ignore:setup.py install is deprecated setup.py egg_info --egg-base ../../../build/blue_localization build --build-base /home/blue/ws_blue/build/blue_localization/build install --record /home/blue/ws_blue/build/blue_localization/install.log --single-version-externally-managed install_data
[5.078s] /home/blue/.local/lib/python3.10/site-packages/setuptools/_distutils/dist.py:261: UserWarning: Unknown distribution option: 'tests_require'
[5.078s]   warnings.warn(msg)
[5.311s] running egg_info
[5.342s] writing ../../../build/blue_localization/blue_localization.egg-info/PKG-INFO
[5.349s] writing dependency_links to ../../../build/blue_localization/blue_localization.egg-info/dependency_links.txt
[5.350s] writing entry points to ../../../build/blue_localization/blue_localization.egg-info/entry_points.txt
[5.351s] writing requirements to ../../../build/blue_localization/blue_localization.egg-info/requires.txt
[5.351s] writing top-level names to ../../../build/blue_localization/blue_localization.egg-info/top_level.txt
[5.411s] reading manifest file '../../../build/blue_localization/blue_localization.egg-info/SOURCES.txt'
[5.423s] adding license file 'LICENSE'
[5.424s] writing manifest file '../../../build/blue_localization/blue_localization.egg-info/SOURCES.txt'
[5.424s] running build
[5.424s] running build_py
[5.425s] running install
[5.434s] running install_lib
[5.480s] running install_data
[5.484s] running install_egg_info
[5.517s] removing '/home/blue/ws_blue/install/blue_localization/lib/python3.10/site-packages/blue_localization-0.0.1-py3.10.egg-info' (and everything under it)
[5.518s] Copying ../../../build/blue_localization/blue_localization.egg-info to /home/blue/ws_blue/install/blue_localization/lib/python3.10/site-packages/blue_localization-0.0.1-py3.10.egg-info
[5.524s] running install_scripts
[5.795s] Installing aruco_marker_localizer script to /home/blue/ws_blue/install/blue_localization/lib/blue_localization
[5.796s] Installing camera script to /home/blue/ws_blue/install/blue_localization/lib/blue_localization
[5.796s] Installing gazebo_localizer script to /home/blue/ws_blue/install/blue_localization/lib/blue_localization
[5.796s] Installing qualisys_localizer script to /home/blue/ws_blue/install/blue_localization/lib/blue_localization
[5.796s] Installing qualisys_mocap script to /home/blue/ws_blue/install/blue_localization/lib/blue_localization
[5.797s] writing list of installed files to '/home/blue/ws_blue/build/blue_localization/install.log'
[5.869s] Invoked command in '/home/blue/ws_blue/src/blue/blue_localization' returned '0': PYTHONPATH=/home/blue/ws_blue/build/blue_localization/prefix_override:/usr/lib/python3/dist-packages/colcon_core/task/python/colcon_distutils_commands:/home/blue/ws_blue/install/blue_localization/lib/python3.10/site-packages:${PYTHONPATH} /usr/bin/python3 -W ignore:setup.py install is deprecated setup.py egg_info --egg-base ../../../build/blue_localization build --build-base /home/blue/ws_blue/build/blue_localization/build install --record /home/blue/ws_blue/build/blue_localization/install.log --single-version-externally-managed install_data
