[0.121s] Invoking command in '/home/blue/ws_blue/build/ardusub_manager': CMAKE_PREFIX_PATH=${CMAKE_PREFIX_PATH}:/home/blue/ws_blue/install/blue_localization:/opt/ros/iron /usr/bin/cmake --build /home/blue/ws_blue/build/ardusub_manager -- -j18 -l18
[0.453s] [ 33%] Built target ardusub_manager_parameters
[0.454s] [100%] Built target ardusub_manager
[0.496s] Invoked command in '/home/blue/ws_blue/build/ardusub_manager' returned '0': CMAKE_PREFIX_PATH=${CMAKE_PREFIX_PATH}:/home/blue/ws_blue/install/blue_localization:/opt/ros/iron /usr/bin/cmake --build /home/blue/ws_blue/build/ardusub_manager -- -j18 -l18
[0.655s] Invoking command in '/home/blue/ws_blue/build/ardusub_manager': CMAKE_PREFIX_PATH=${CMAKE_PREFIX_PATH}:/home/blue/ws_blue/install/blue_localization:/opt/ros/iron /usr/bin/cmake --install /home/blue/ws_blue/build/ardusub_manager
[0.688s] -- Install configuration: ""
[0.689s] -- Up-to-date: /home/blue/ws_blue/install/ardusub_manager/include/ardusub_manager_parameters
[0.689s] -- Up-to-date: /home/blue/ws_blue/install/ardusub_manager/include/ardusub_manager_parameters/ardusub_manager_parameters.hpp
[0.689s] -- Up-to-date: /home/blue/ws_blue/install/ardusub_manager/lib/ardusub_manager/ardusub_manager
[0.689s] -- Up-to-date: /home/blue/ws_blue/install/ardusub_manager/share/ardusub_manager/launch
[0.689s] -- Up-to-date: /home/blue/ws_blue/install/ardusub_manager/share/ardusub_manager/launch/ardusub_manager.launch.py
[0.689s] -- Up-to-date: /home/blue/ws_blue/install/ardusub_manager/share/ament_index/resource_index/package_run_dependencies/ardusub_manager
[0.689s] -- Up-to-date: /home/blue/ws_blue/install/ardusub_manager/share/ament_index/resource_index/parent_prefix_path/ardusub_manager
[0.690s] -- Up-to-date: /home/blue/ws_blue/install/ardusub_manager/share/ardusub_manager/environment/ament_prefix_path.sh
[0.691s] -- Up-to-date: /home/blue/ws_blue/install/ardusub_manager/share/ardusub_manager/environment/ament_prefix_path.dsv
[0.691s] -- Up-to-date: /home/blue/ws_blue/install/ardusub_manager/share/ardusub_manager/environment/path.sh
[0.691s] -- Up-to-date: /home/blue/ws_blue/install/ardusub_manager/share/ardusub_manager/environment/path.dsv
[0.691s] -- Up-to-date: /home/blue/ws_blue/install/ardusub_manager/share/ardusub_manager/local_setup.bash
[0.691s] -- Up-to-date: /home/blue/ws_blue/install/ardusub_manager/share/ardusub_manager/local_setup.sh
[0.692s] -- Up-to-date: /home/blue/ws_blue/install/ardusub_manager/share/ardusub_manager/local_setup.zsh
[0.692s] -- Up-to-date: /home/blue/ws_blue/install/ardusub_manager/share/ardusub_manager/local_setup.dsv
[0.692s] -- Installing: /home/blue/ws_blue/install/ardusub_manager/share/ardusub_manager/package.dsv
[0.692s] -- Up-to-date: /home/blue/ws_blue/install/ardusub_manager/share/ament_index/resource_index/packages/ardusub_manager
[0.693s] -- Up-to-date: /home/blue/ws_blue/install/ardusub_manager/share/ardusub_manager/cmake/ardusub_managerConfig.cmake
[0.693s] -- Up-to-date: /home/blue/ws_blue/install/ardusub_manager/share/ardusub_manager/cmake/ardusub_managerConfig-version.cmake
[0.693s] -- Up-to-date: /home/blue/ws_blue/install/ardusub_manager/share/ardusub_manager/package.xml
[0.777s] Invoked command in '/home/blue/ws_blue/build/ardusub_manager' returned '0': CMAKE_PREFIX_PATH=${CMAKE_PREFIX_PATH}:/home/blue/ws_blue/install/blue_localization:/opt/ros/iron /usr/bin/cmake --install /home/blue/ws_blue/build/ardusub_manager
