-- Install configuration: ""
-- Up-to-date: /home/blue/ws_blue/install/auv_control_demos/share/auv_control_demos/launch
-- Up-to-date: /home/blue/ws_blue/install/auv_control_demos/share/auv_control_demos/launch/individual.launch.py
-- Up-to-date: /home/blue/ws_blue/install/auv_control_demos/share/auv_control_demos/config
-- Up-to-date: /home/blue/ws_blue/install/auv_control_demos/share/auv_control_demos/config/individual_controller.yaml
-- Up-to-date: /home/blue/ws_blue/install/auv_control_demos/share/auv_control_demos/xacro
-- Up-to-date: /home/blue/ws_blue/install/auv_control_demos/share/auv_control_demos/xacro/individual_urdf.xacro
-- Up-to-date: /home/blue/ws_blue/install/auv_control_demos/share/auv_control_demos/xacro/individual_ros2_control.xacro
-- Up-to-date: /home/blue/ws_blue/install/auv_control_demos/share/auv_control_demos/xacro/individual_config.xacro
-- Up-to-date: /home/blue/ws_blue/install/auv_control_demos/share/auv_control_demos/launch
-- Up-to-date: /home/blue/ws_blue/install/auv_control_demos/share/auv_control_demos/launch/chaining.launch.py
-- Up-to-date: /home/blue/ws_blue/install/auv_control_demos/share/auv_control_demos/config
-- Up-to-date: /home/blue/ws_blue/install/auv_control_demos/share/auv_control_demos/config/chained_controllers.yaml
-- Up-to-date: /home/blue/ws_blue/install/auv_control_demos/share/auv_control_demos/xacro
-- Up-to-date: /home/blue/ws_blue/install/auv_control_demos/share/auv_control_demos/xacro/chained_ros2_control.xacro
-- Up-to-date: /home/blue/ws_blue/install/auv_control_demos/share/auv_control_demos/xacro/chained_urdf.xacro
-- Up-to-date: /home/blue/ws_blue/install/auv_control_demos/share/auv_control_demos/xacro/chained_config.xacro
-- Up-to-date: /home/blue/ws_blue/install/auv_control_demos/share/ament_index/resource_index/package_run_dependencies/auv_control_demos
-- Up-to-date: /home/blue/ws_blue/install/auv_control_demos/share/ament_index/resource_index/parent_prefix_path/auv_control_demos
-- Up-to-date: /home/blue/ws_blue/install/auv_control_demos/share/auv_control_demos/environment/ament_prefix_path.sh
-- Up-to-date: /home/blue/ws_blue/install/auv_control_demos/share/auv_control_demos/environment/ament_prefix_path.dsv
-- Up-to-date: /home/blue/ws_blue/install/auv_control_demos/share/auv_control_demos/environment/path.sh
-- Up-to-date: /home/blue/ws_blue/install/auv_control_demos/share/auv_control_demos/environment/path.dsv
-- Up-to-date: /home/blue/ws_blue/install/auv_control_demos/share/auv_control_demos/local_setup.bash
-- Up-to-date: /home/blue/ws_blue/install/auv_control_demos/share/auv_control_demos/local_setup.sh
-- Up-to-date: /home/blue/ws_blue/install/auv_control_demos/share/auv_control_demos/local_setup.zsh
-- Up-to-date: /home/blue/ws_blue/install/auv_control_demos/share/auv_control_demos/local_setup.dsv
-- Installing: /home/blue/ws_blue/install/auv_control_demos/share/auv_control_demos/package.dsv
-- Up-to-date: /home/blue/ws_blue/install/auv_control_demos/share/ament_index/resource_index/packages/auv_control_demos
-- Up-to-date: /home/blue/ws_blue/install/auv_control_demos/share/auv_control_demos/cmake/auv_control_demosConfig.cmake
-- Up-to-date: /home/blue/ws_blue/install/auv_control_demos/share/auv_control_demos/cmake/auv_control_demosConfig-version.cmake
-- Up-to-date: /home/blue/ws_blue/install/auv_control_demos/share/auv_control_demos/package.xml
