[0.352s] Invoking command in '/home/blue/ws_blue/build/auv_control_demos': CMAKE_PREFIX_PATH=${CMAKE_PREFIX_PATH}:/home/blue/ws_blue/install/blue_localization:/opt/ros/iron /usr/bin/cmake --build /home/blue/ws_blue/build/auv_control_demos -- -j18 -l18
[1.125s] Invoked command in '/home/blue/ws_blue/build/auv_control_demos' returned '0': CMAKE_PREFIX_PATH=${CMAKE_PREFIX_PATH}:/home/blue/ws_blue/install/blue_localization:/opt/ros/iron /usr/bin/cmake --build /home/blue/ws_blue/build/auv_control_demos -- -j18 -l18
[1.311s] Invoking command in '/home/blue/ws_blue/build/auv_control_demos': CMAKE_PREFIX_PATH=${CMAKE_PREFIX_PATH}:/home/blue/ws_blue/install/blue_localization:/opt/ros/iron /usr/bin/cmake --install /home/blue/ws_blue/build/auv_control_demos
[1.329s] -- Install configuration: ""
[1.330s] -- Up-to-date: /home/blue/ws_blue/install/auv_control_demos/share/auv_control_demos/launch
[1.344s] -- Up-to-date: /home/blue/ws_blue/install/auv_control_demos/share/auv_control_demos/launch/individual.launch.py
[1.378s] -- Up-to-date: /home/blue/ws_blue/install/auv_control_demos/share/auv_control_demos/config
[1.379s] -- Up-to-date: /home/blue/ws_blue/install/auv_control_demos/share/auv_control_demos/config/individual_controller.yaml
[1.389s] -- Up-to-date: /home/blue/ws_blue/install/auv_control_demos/share/auv_control_demos/xacro
[1.389s] -- Up-to-date: /home/blue/ws_blue/install/auv_control_demos/share/auv_control_demos/xacro/individual_urdf.xacro
[1.389s] -- Up-to-date: /home/blue/ws_blue/install/auv_control_demos/share/auv_control_demos/xacro/individual_ros2_control.xacro
[1.411s] -- Up-to-date: /home/blue/ws_blue/install/auv_control_demos/share/auv_control_demos/xacro/individual_config.xacro
[1.447s] -- Up-to-date: /home/blue/ws_blue/install/auv_control_demos/share/auv_control_demos/launch
[1.447s] -- Up-to-date: /home/blue/ws_blue/install/auv_control_demos/share/auv_control_demos/launch/chaining.launch.py
[1.447s] -- Up-to-date: /home/blue/ws_blue/install/auv_control_demos/share/auv_control_demos/config
[1.447s] -- Up-to-date: /home/blue/ws_blue/install/auv_control_demos/share/auv_control_demos/config/chained_controllers.yaml
[1.451s] -- Up-to-date: /home/blue/ws_blue/install/auv_control_demos/share/auv_control_demos/xacro
[1.458s] -- Up-to-date: /home/blue/ws_blue/install/auv_control_demos/share/auv_control_demos/xacro/chained_ros2_control.xacro
[1.485s] -- Up-to-date: /home/blue/ws_blue/install/auv_control_demos/share/auv_control_demos/xacro/chained_urdf.xacro
[1.485s] -- Up-to-date: /home/blue/ws_blue/install/auv_control_demos/share/auv_control_demos/xacro/chained_config.xacro
[1.504s] -- Up-to-date: /home/blue/ws_blue/install/auv_control_demos/share/ament_index/resource_index/package_run_dependencies/auv_control_demos
[1.546s] -- Up-to-date: /home/blue/ws_blue/install/auv_control_demos/share/ament_index/resource_index/parent_prefix_path/auv_control_demos
[1.564s] -- Up-to-date: /home/blue/ws_blue/install/auv_control_demos/share/auv_control_demos/environment/ament_prefix_path.sh
[1.605s] -- Up-to-date: /home/blue/ws_blue/install/auv_control_demos/share/auv_control_demos/environment/ament_prefix_path.dsv
[1.614s] -- Up-to-date: /home/blue/ws_blue/install/auv_control_demos/share/auv_control_demos/environment/path.sh
[1.627s] -- Up-to-date: /home/blue/ws_blue/install/auv_control_demos/share/auv_control_demos/environment/path.dsv
[1.676s] -- Up-to-date: /home/blue/ws_blue/install/auv_control_demos/share/auv_control_demos/local_setup.bash
[1.727s] -- Up-to-date: /home/blue/ws_blue/install/auv_control_demos/share/auv_control_demos/local_setup.sh
[1.733s] -- Up-to-date: /home/blue/ws_blue/install/auv_control_demos/share/auv_control_demos/local_setup.zsh
[1.747s] -- Up-to-date: /home/blue/ws_blue/install/auv_control_demos/share/auv_control_demos/local_setup.dsv
[1.800s] -- Installing: /home/blue/ws_blue/install/auv_control_demos/share/auv_control_demos/package.dsv
[1.803s] -- Up-to-date: /home/blue/ws_blue/install/auv_control_demos/share/ament_index/resource_index/packages/auv_control_demos
[1.803s] -- Up-to-date: /home/blue/ws_blue/install/auv_control_demos/share/auv_control_demos/cmake/auv_control_demosConfig.cmake
[1.822s] -- Up-to-date: /home/blue/ws_blue/install/auv_control_demos/share/auv_control_demos/cmake/auv_control_demosConfig-version.cmake
[1.835s] -- Up-to-date: /home/blue/ws_blue/install/auv_control_demos/share/auv_control_demos/package.xml
[1.921s] Invoked command in '/home/blue/ws_blue/build/auv_control_demos' returned '0': CMAKE_PREFIX_PATH=${CMAKE_PREFIX_PATH}:/home/blue/ws_blue/install/blue_localization:/opt/ros/iron /usr/bin/cmake --install /home/blue/ws_blue/build/auv_control_demos
