[0.250s] Invoking command in '/home/blue/ws_blue/build/auv_control_msgs': CMAKE_PREFIX_PATH=${CMAKE_PREFIX_PATH}:/home/blue/ws_blue/install/blue_localization:/opt/ros/iron /usr/bin/cmake --build /home/blue/ws_blue/build/auv_control_msgs -- -j18 -l18
[0.787s] [  2%] Built target auv_control_msgs__rosidl_generator_type_description
[0.787s] [  2%] Built target ament_cmake_python_copy_auv_control_msgs
[0.787s] [ 17%] Built target auv_control_msgs__rosidl_generator_c
[1.056s] running egg_info
[1.122s] writing auv_control_msgs.egg-info/PKG-INFO
[1.122s] writing dependency_links to auv_control_msgs.egg-info/dependency_links.txt
[1.122s] writing top-level names to auv_control_msgs.egg-info/top_level.txt
[1.173s] reading manifest file 'auv_control_msgs.egg-info/SOURCES.txt'
[1.174s] writing manifest file 'auv_control_msgs.egg-info/SOURCES.txt'
[1.269s] [ 17%] Built target ament_cmake_python_build_auv_control_msgs_egg
[1.331s] [ 26%] Built target auv_control_msgs__rosidl_typesupport_fastrtps_c
[1.412s] [ 35%] Built target auv_control_msgs__rosidl_typesupport_c
[1.507s] [ 44%] Built target auv_control_msgs__rosidl_typesupport_introspection_c
[1.574s] [ 47%] Built target auv_control_msgs__cpp
[1.626s] [ 55%] Built target auv_control_msgs__rosidl_typesupport_fastrtps_cpp
[1.684s] [ 64%] Built target auv_control_msgs__rosidl_typesupport_cpp
[1.761s] [ 73%] Built target auv_control_msgs__rosidl_typesupport_introspection_cpp
[1.796s] [ 73%] Built target auv_control_msgs
[1.850s] [ 76%] Built target auv_control_msgs__py
[1.964s] [ 82%] Built target auv_control_msgs__rosidl_generator_py
[2.048s] [ 88%] Built target auv_control_msgs__rosidl_typesupport_fastrtps_c__pyext
[2.169s] [ 94%] Built target auv_control_msgs__rosidl_typesupport_c__pyext
[2.248s] [100%] Built target auv_control_msgs__rosidl_typesupport_introspection_c__pyext
[2.291s] Invoked command in '/home/blue/ws_blue/build/auv_control_msgs' returned '0': CMAKE_PREFIX_PATH=${CMAKE_PREFIX_PATH}:/home/blue/ws_blue/install/blue_localization:/opt/ros/iron /usr/bin/cmake --build /home/blue/ws_blue/build/auv_control_msgs -- -j18 -l18
[2.516s] Invoking command in '/home/blue/ws_blue/build/auv_control_msgs': CMAKE_PREFIX_PATH=${CMAKE_PREFIX_PATH}:/home/blue/ws_blue/install/blue_localization:/opt/ros/iron /usr/bin/cmake --install /home/blue/ws_blue/build/auv_control_msgs
[2.535s] -- Install configuration: ""
[2.543s] -- Up-to-date: /home/blue/ws_blue/install/auv_control_msgs/share/ament_index/resource_index/rosidl_interfaces/auv_control_msgs
[2.544s] -- Up-to-date: /home/blue/ws_blue/install/auv_control_msgs/share/auv_control_msgs/msg/MultiActuatorStateStamped.json
[2.544s] -- Up-to-date: /home/blue/ws_blue/install/auv_control_msgs/include/auv_control_msgs/auv_control_msgs
[2.545s] -- Up-to-date: /home/blue/ws_blue/install/auv_control_msgs/include/auv_control_msgs/auv_control_msgs/msg
[2.545s] -- Up-to-date: /home/blue/ws_blue/install/auv_control_msgs/include/auv_control_msgs/auv_control_msgs/msg/multi_actuator_state_stamped.h
[2.545s] -- Up-to-date: /home/blue/ws_blue/install/auv_control_msgs/include/auv_control_msgs/auv_control_msgs/msg/detail
[2.545s] -- Up-to-date: /home/blue/ws_blue/install/auv_control_msgs/include/auv_control_msgs/auv_control_msgs/msg/detail/multi_actuator_state_stamped__type_support.h
[2.545s] -- Up-to-date: /home/blue/ws_blue/install/auv_control_msgs/include/auv_control_msgs/auv_control_msgs/msg/detail/multi_actuator_state_stamped__functions.c
[2.546s] -- Up-to-date: /home/blue/ws_blue/install/auv_control_msgs/include/auv_control_msgs/auv_control_msgs/msg/detail/multi_actuator_state_stamped__functions.h
[2.546s] -- Installing: /home/blue/ws_blue/install/auv_control_msgs/include/auv_control_msgs/auv_control_msgs/msg/detail/multi_actuator_state_stamped__type_support.c
[2.546s] -- Up-to-date: /home/blue/ws_blue/install/auv_control_msgs/include/auv_control_msgs/auv_control_msgs/msg/detail/multi_actuator_state_stamped__description.c
[2.546s] -- Up-to-date: /home/blue/ws_blue/install/auv_control_msgs/include/auv_control_msgs/auv_control_msgs/msg/detail/multi_actuator_state_stamped__struct.h
[2.546s] -- Up-to-date: /home/blue/ws_blue/install/auv_control_msgs/include/auv_control_msgs/auv_control_msgs/msg/rosidl_generator_c__visibility_control.h
[2.546s] -- Up-to-date: /home/blue/ws_blue/install/auv_control_msgs/share/auv_control_msgs/environment/library_path.sh
[2.546s] -- Up-to-date: /home/blue/ws_blue/install/auv_control_msgs/share/auv_control_msgs/environment/library_path.dsv
[2.546s] -- Up-to-date: /home/blue/ws_blue/install/auv_control_msgs/lib/libauv_control_msgs__rosidl_generator_c.so
[2.546s] -- Up-to-date: /home/blue/ws_blue/install/auv_control_msgs/include/auv_control_msgs/auv_control_msgs
[2.546s] -- Up-to-date: /home/blue/ws_blue/install/auv_control_msgs/include/auv_control_msgs/auv_control_msgs/msg
[2.546s] -- Up-to-date: /home/blue/ws_blue/install/auv_control_msgs/include/auv_control_msgs/auv_control_msgs/msg/detail
[2.547s] -- Up-to-date: /home/blue/ws_blue/install/auv_control_msgs/include/auv_control_msgs/auv_control_msgs/msg/detail/multi_actuator_state_stamped__rosidl_typesupport_fastrtps_c.h
[2.547s] -- Up-to-date: /home/blue/ws_blue/install/auv_control_msgs/include/auv_control_msgs/auv_control_msgs/msg/rosidl_typesupport_fastrtps_c__visibility_control.h
[2.547s] -- Up-to-date: /home/blue/ws_blue/install/auv_control_msgs/lib/libauv_control_msgs__rosidl_typesupport_fastrtps_c.so
[2.547s] -- Up-to-date: /home/blue/ws_blue/install/auv_control_msgs/include/auv_control_msgs/auv_control_msgs
[2.547s] -- Up-to-date: /home/blue/ws_blue/install/auv_control_msgs/include/auv_control_msgs/auv_control_msgs/msg
[2.547s] -- Up-to-date: /home/blue/ws_blue/install/auv_control_msgs/include/auv_control_msgs/auv_control_msgs/msg/detail
[2.547s] -- Up-to-date: /home/blue/ws_blue/install/auv_control_msgs/include/auv_control_msgs/auv_control_msgs/msg/detail/multi_actuator_state_stamped__traits.hpp
[2.547s] -- Up-to-date: /home/blue/ws_blue/install/auv_control_msgs/include/auv_control_msgs/auv_control_msgs/msg/detail/multi_actuator_state_stamped__struct.hpp
[2.547s] -- Up-to-date: /home/blue/ws_blue/install/auv_control_msgs/include/auv_control_msgs/auv_control_msgs/msg/detail/multi_actuator_state_stamped__builder.hpp
[2.547s] -- Up-to-date: /home/blue/ws_blue/install/auv_control_msgs/include/auv_control_msgs/auv_control_msgs/msg/multi_actuator_state_stamped.hpp
[2.547s] -- Up-to-date: /home/blue/ws_blue/install/auv_control_msgs/include/auv_control_msgs/auv_control_msgs
[2.547s] -- Up-to-date: /home/blue/ws_blue/install/auv_control_msgs/include/auv_control_msgs/auv_control_msgs/msg
[2.547s] -- Up-to-date: /home/blue/ws_blue/install/auv_control_msgs/include/auv_control_msgs/auv_control_msgs/msg/detail
[2.548s] -- Up-to-date: /home/blue/ws_blue/install/auv_control_msgs/include/auv_control_msgs/auv_control_msgs/msg/detail/dds_fastrtps
[2.548s] -- Up-to-date: /home/blue/ws_blue/install/auv_control_msgs/include/auv_control_msgs/auv_control_msgs/msg/detail/multi_actuator_state_stamped__rosidl_typesupport_fastrtps_cpp.hpp
[2.548s] -- Up-to-date: /home/blue/ws_blue/install/auv_control_msgs/include/auv_control_msgs/auv_control_msgs/msg/rosidl_typesupport_fastrtps_cpp__visibility_control.h
[2.548s] -- Up-to-date: /home/blue/ws_blue/install/auv_control_msgs/lib/libauv_control_msgs__rosidl_typesupport_fastrtps_cpp.so
[2.548s] -- Up-to-date: /home/blue/ws_blue/install/auv_control_msgs/include/auv_control_msgs/auv_control_msgs
[2.548s] -- Up-to-date: /home/blue/ws_blue/install/auv_control_msgs/include/auv_control_msgs/auv_control_msgs/msg
[2.548s] -- Up-to-date: /home/blue/ws_blue/install/auv_control_msgs/include/auv_control_msgs/auv_control_msgs/msg/rosidl_typesupport_introspection_c__visibility_control.h
[2.548s] -- Up-to-date: /home/blue/ws_blue/install/auv_control_msgs/include/auv_control_msgs/auv_control_msgs/msg/detail
[2.548s] -- Up-to-date: /home/blue/ws_blue/install/auv_control_msgs/include/auv_control_msgs/auv_control_msgs/msg/detail/multi_actuator_state_stamped__rosidl_typesupport_introspection_c.h
[2.548s] -- Installing: /home/blue/ws_blue/install/auv_control_msgs/include/auv_control_msgs/auv_control_msgs/msg/detail/multi_actuator_state_stamped__type_support.c
[2.548s] -- Up-to-date: /home/blue/ws_blue/install/auv_control_msgs/lib/libauv_control_msgs__rosidl_typesupport_introspection_c.so
[2.548s] -- Up-to-date: /home/blue/ws_blue/install/auv_control_msgs/lib/libauv_control_msgs__rosidl_typesupport_c.so
[2.548s] -- Up-to-date: /home/blue/ws_blue/install/auv_control_msgs/include/auv_control_msgs/auv_control_msgs
[2.548s] -- Up-to-date: /home/blue/ws_blue/install/auv_control_msgs/include/auv_control_msgs/auv_control_msgs/msg
[2.548s] -- Up-to-date: /home/blue/ws_blue/install/auv_control_msgs/include/auv_control_msgs/auv_control_msgs/msg/detail
[2.548s] -- Up-to-date: /home/blue/ws_blue/install/auv_control_msgs/include/auv_control_msgs/auv_control_msgs/msg/detail/multi_actuator_state_stamped__type_support.cpp
[2.549s] -- Up-to-date: /home/blue/ws_blue/install/auv_control_msgs/include/auv_control_msgs/auv_control_msgs/msg/detail/multi_actuator_state_stamped__rosidl_typesupport_introspection_cpp.hpp
[2.549s] -- Up-to-date: /home/blue/ws_blue/install/auv_control_msgs/lib/libauv_control_msgs__rosidl_typesupport_introspection_cpp.so
[2.549s] -- Up-to-date: /home/blue/ws_blue/install/auv_control_msgs/lib/libauv_control_msgs__rosidl_typesupport_cpp.so
[2.549s] -- Up-to-date: /home/blue/ws_blue/install/auv_control_msgs/share/auv_control_msgs/environment/pythonpath.sh
[2.549s] -- Up-to-date: /home/blue/ws_blue/install/auv_control_msgs/share/auv_control_msgs/environment/pythonpath.dsv
[2.549s] -- Up-to-date: /home/blue/ws_blue/install/auv_control_msgs/lib/python3.10/site-packages/auv_control_msgs-0.0.1-py3.10.egg-info
[2.549s] -- Installing: /home/blue/ws_blue/install/auv_control_msgs/lib/python3.10/site-packages/auv_control_msgs-0.0.1-py3.10.egg-info/PKG-INFO
[2.549s] -- Installing: /home/blue/ws_blue/install/auv_control_msgs/lib/python3.10/site-packages/auv_control_msgs-0.0.1-py3.10.egg-info/SOURCES.txt
[2.567s] -- Installing: /home/blue/ws_blue/install/auv_control_msgs/lib/python3.10/site-packages/auv_control_msgs-0.0.1-py3.10.egg-info/dependency_links.txt
[2.567s] -- Installing: /home/blue/ws_blue/install/auv_control_msgs/lib/python3.10/site-packages/auv_control_msgs-0.0.1-py3.10.egg-info/top_level.txt
[2.568s] -- Up-to-date: /home/blue/ws_blue/install/auv_control_msgs/lib/python3.10/site-packages/auv_control_msgs
[2.568s] -- Up-to-date: /home/blue/ws_blue/install/auv_control_msgs/lib/python3.10/site-packages/auv_control_msgs/msg
[2.568s] -- Up-to-date: /home/blue/ws_blue/install/auv_control_msgs/lib/python3.10/site-packages/auv_control_msgs/msg/__init__.py
[2.568s] -- Up-to-date: /home/blue/ws_blue/install/auv_control_msgs/lib/python3.10/site-packages/auv_control_msgs/msg/_multi_actuator_state_stamped_s.c
[2.568s] -- Up-to-date: /home/blue/ws_blue/install/auv_control_msgs/lib/python3.10/site-packages/auv_control_msgs/msg/_multi_actuator_state_stamped.py
[2.568s] -- Up-to-date: /home/blue/ws_blue/install/auv_control_msgs/lib/python3.10/site-packages/auv_control_msgs/auv_control_msgs_s__rosidl_typesupport_fastrtps_c.cpython-310-x86_64-linux-gnu.so
[2.568s] -- Up-to-date: /home/blue/ws_blue/install/auv_control_msgs/lib/python3.10/site-packages/auv_control_msgs/_auv_control_msgs_s.ep.rosidl_typesupport_c.c
[2.568s] -- Up-to-date: /home/blue/ws_blue/install/auv_control_msgs/lib/python3.10/site-packages/auv_control_msgs/_auv_control_msgs_s.ep.rosidl_typesupport_fastrtps_c.c
[2.568s] -- Up-to-date: /home/blue/ws_blue/install/auv_control_msgs/lib/python3.10/site-packages/auv_control_msgs/auv_control_msgs_s__rosidl_typesupport_c.cpython-310-x86_64-linux-gnu.so
[2.568s] -- Up-to-date: /home/blue/ws_blue/install/auv_control_msgs/lib/python3.10/site-packages/auv_control_msgs/_auv_control_msgs_s.ep.rosidl_typesupport_introspection_c.c
[2.568s] -- Up-to-date: /home/blue/ws_blue/install/auv_control_msgs/lib/python3.10/site-packages/auv_control_msgs/__init__.py
[2.568s] -- Up-to-date: /home/blue/ws_blue/install/auv_control_msgs/lib/python3.10/site-packages/auv_control_msgs/libauv_control_msgs__rosidl_generator_py.so
[2.568s] -- Up-to-date: /home/blue/ws_blue/install/auv_control_msgs/lib/python3.10/site-packages/auv_control_msgs/auv_control_msgs_s__rosidl_typesupport_introspection_c.cpython-310-x86_64-linux-gnu.so
[2.629s] Listing '/home/blue/ws_blue/install/auv_control_msgs/lib/python3.10/site-packages/auv_control_msgs'...
[2.629s] Listing '/home/blue/ws_blue/install/auv_control_msgs/lib/python3.10/site-packages/auv_control_msgs/msg'...
[2.640s] -- Up-to-date: /home/blue/ws_blue/install/auv_control_msgs/lib/python3.10/site-packages/auv_control_msgs/auv_control_msgs_s__rosidl_typesupport_fastrtps_c.cpython-310-x86_64-linux-gnu.so
[2.640s] -- Up-to-date: /home/blue/ws_blue/install/auv_control_msgs/lib/python3.10/site-packages/auv_control_msgs/auv_control_msgs_s__rosidl_typesupport_introspection_c.cpython-310-x86_64-linux-gnu.so
[2.643s] -- Up-to-date: /home/blue/ws_blue/install/auv_control_msgs/lib/python3.10/site-packages/auv_control_msgs/auv_control_msgs_s__rosidl_typesupport_c.cpython-310-x86_64-linux-gnu.so
[2.643s] -- Up-to-date: /home/blue/ws_blue/install/auv_control_msgs/lib/libauv_control_msgs__rosidl_generator_py.so
[2.643s] -- Up-to-date: /home/blue/ws_blue/install/auv_control_msgs/share/auv_control_msgs/msg/MultiActuatorStateStamped.idl
[2.643s] -- Up-to-date: /home/blue/ws_blue/install/auv_control_msgs/share/auv_control_msgs/msg/MultiActuatorStateStamped.msg
[2.643s] -- Up-to-date: /home/blue/ws_blue/install/auv_control_msgs/share/ament_index/resource_index/package_run_dependencies/auv_control_msgs
[2.645s] -- Up-to-date: /home/blue/ws_blue/install/auv_control_msgs/share/ament_index/resource_index/parent_prefix_path/auv_control_msgs
[2.645s] -- Up-to-date: /home/blue/ws_blue/install/auv_control_msgs/share/auv_control_msgs/environment/ament_prefix_path.sh
[2.645s] -- Up-to-date: /home/blue/ws_blue/install/auv_control_msgs/share/auv_control_msgs/environment/ament_prefix_path.dsv
[2.645s] -- Up-to-date: /home/blue/ws_blue/install/auv_control_msgs/share/auv_control_msgs/environment/path.sh
[2.645s] -- Up-to-date: /home/blue/ws_blue/install/auv_control_msgs/share/auv_control_msgs/environment/path.dsv
[2.645s] -- Up-to-date: /home/blue/ws_blue/install/auv_control_msgs/share/auv_control_msgs/local_setup.bash
[2.645s] -- Up-to-date: /home/blue/ws_blue/install/auv_control_msgs/share/auv_control_msgs/local_setup.sh
[2.645s] -- Up-to-date: /home/blue/ws_blue/install/auv_control_msgs/share/auv_control_msgs/local_setup.zsh
[2.645s] -- Up-to-date: /home/blue/ws_blue/install/auv_control_msgs/share/auv_control_msgs/local_setup.dsv
[2.645s] -- Installing: /home/blue/ws_blue/install/auv_control_msgs/share/auv_control_msgs/package.dsv
[2.646s] -- Up-to-date: /home/blue/ws_blue/install/auv_control_msgs/share/ament_index/resource_index/packages/auv_control_msgs
[2.646s] -- Up-to-date: /home/blue/ws_blue/install/auv_control_msgs/share/auv_control_msgs/cmake/export_auv_control_msgs__rosidl_generator_cExport.cmake
[2.646s] -- Up-to-date: /home/blue/ws_blue/install/auv_control_msgs/share/auv_control_msgs/cmake/export_auv_control_msgs__rosidl_generator_cExport-noconfig.cmake
[2.646s] -- Up-to-date: /home/blue/ws_blue/install/auv_control_msgs/share/auv_control_msgs/cmake/export_auv_control_msgs__rosidl_typesupport_fastrtps_cExport.cmake
[2.646s] -- Up-to-date: /home/blue/ws_blue/install/auv_control_msgs/share/auv_control_msgs/cmake/export_auv_control_msgs__rosidl_typesupport_fastrtps_cExport-noconfig.cmake
[2.646s] -- Up-to-date: /home/blue/ws_blue/install/auv_control_msgs/share/auv_control_msgs/cmake/export_auv_control_msgs__rosidl_generator_cppExport.cmake
[2.646s] -- Up-to-date: /home/blue/ws_blue/install/auv_control_msgs/share/auv_control_msgs/cmake/export_auv_control_msgs__rosidl_typesupport_fastrtps_cppExport.cmake
[2.655s] -- Up-to-date: /home/blue/ws_blue/install/auv_control_msgs/share/auv_control_msgs/cmake/export_auv_control_msgs__rosidl_typesupport_fastrtps_cppExport-noconfig.cmake
[2.655s] -- Up-to-date: /home/blue/ws_blue/install/auv_control_msgs/share/auv_control_msgs/cmake/auv_control_msgs__rosidl_typesupport_introspection_cExport.cmake
[2.656s] -- Up-to-date: /home/blue/ws_blue/install/auv_control_msgs/share/auv_control_msgs/cmake/auv_control_msgs__rosidl_typesupport_introspection_cExport-noconfig.cmake
[2.656s] -- Up-to-date: /home/blue/ws_blue/install/auv_control_msgs/share/auv_control_msgs/cmake/auv_control_msgs__rosidl_typesupport_cExport.cmake
[2.656s] -- Up-to-date: /home/blue/ws_blue/install/auv_control_msgs/share/auv_control_msgs/cmake/auv_control_msgs__rosidl_typesupport_cExport-noconfig.cmake
[2.656s] -- Up-to-date: /home/blue/ws_blue/install/auv_control_msgs/share/auv_control_msgs/cmake/auv_control_msgs__rosidl_typesupport_introspection_cppExport.cmake
[2.656s] -- Up-to-date: /home/blue/ws_blue/install/auv_control_msgs/share/auv_control_msgs/cmake/auv_control_msgs__rosidl_typesupport_introspection_cppExport-noconfig.cmake
[2.656s] -- Up-to-date: /home/blue/ws_blue/install/auv_control_msgs/share/auv_control_msgs/cmake/auv_control_msgs__rosidl_typesupport_cppExport.cmake
[2.656s] -- Up-to-date: /home/blue/ws_blue/install/auv_control_msgs/share/auv_control_msgs/cmake/auv_control_msgs__rosidl_typesupport_cppExport-noconfig.cmake
[2.657s] -- Up-to-date: /home/blue/ws_blue/install/auv_control_msgs/share/auv_control_msgs/cmake/export_auv_control_msgs__rosidl_generator_pyExport.cmake
[2.657s] -- Up-to-date: /home/blue/ws_blue/install/auv_control_msgs/share/auv_control_msgs/cmake/export_auv_control_msgs__rosidl_generator_pyExport-noconfig.cmake
[2.657s] -- Up-to-date: /home/blue/ws_blue/install/auv_control_msgs/share/auv_control_msgs/cmake/rosidl_cmake-extras.cmake
[2.657s] -- Up-to-date: /home/blue/ws_blue/install/auv_control_msgs/share/auv_control_msgs/cmake/ament_cmake_export_dependencies-extras.cmake
[2.657s] -- Up-to-date: /home/blue/ws_blue/install/auv_control_msgs/share/auv_control_msgs/cmake/ament_cmake_export_include_directories-extras.cmake
[2.657s] -- Up-to-date: /home/blue/ws_blue/install/auv_control_msgs/share/auv_control_msgs/cmake/ament_cmake_export_libraries-extras.cmake
[2.657s] -- Up-to-date: /home/blue/ws_blue/install/auv_control_msgs/share/auv_control_msgs/cmake/ament_cmake_export_targets-extras.cmake
[2.657s] -- Up-to-date: /home/blue/ws_blue/install/auv_control_msgs/share/auv_control_msgs/cmake/rosidl_cmake_export_typesupport_targets-extras.cmake
[2.657s] -- Up-to-date: /home/blue/ws_blue/install/auv_control_msgs/share/auv_control_msgs/cmake/rosidl_cmake_export_typesupport_libraries-extras.cmake
[2.661s] -- Up-to-date: /home/blue/ws_blue/install/auv_control_msgs/share/auv_control_msgs/cmake/auv_control_msgsConfig.cmake
[2.661s] -- Up-to-date: /home/blue/ws_blue/install/auv_control_msgs/share/auv_control_msgs/cmake/auv_control_msgsConfig-version.cmake
[2.661s] -- Up-to-date: /home/blue/ws_blue/install/auv_control_msgs/share/auv_control_msgs/package.xml
[2.668s] Invoked command in '/home/blue/ws_blue/build/auv_control_msgs' returned '0': CMAKE_PREFIX_PATH=${CMAKE_PREFIX_PATH}:/home/blue/ws_blue/install/blue_localization:/opt/ros/iron /usr/bin/cmake --install /home/blue/ws_blue/build/auv_control_msgs
