[0.072s] Invoking command in '/home/blue/ws_blue/build/ardusub_bringup': CMAKE_PREFIX_PATH=/opt/ros/iron /usr/bin/cmake --build /home/blue/ws_blue/build/ardusub_bringup -- -j4 -l4
[0.211s] Invoked command in '/home/blue/ws_blue/build/ardusub_bringup' returned '0': CMAKE_PREFIX_PATH=/opt/ros/iron /usr/bin/cmake --build /home/blue/ws_blue/build/ardusub_bringup -- -j4 -l4
[0.362s] Invoking command in '/home/blue/ws_blue/build/ardusub_bringup': CMAKE_PREFIX_PATH=/opt/ros/iron /usr/bin/cmake --install /home/blue/ws_blue/build/ardusub_bringup
[0.387s] -- Install configuration: ""
[0.387s] -- Up-to-date: /home/blue/ws_blue/install/ardusub_bringup/share/ardusub_bringup/launch
[0.388s] -- Up-to-date: /home/blue/ws_blue/install/ardusub_bringup/share/ardusub_bringup/launch/ardusub.launch.yaml
[0.390s] -- Up-to-date: /home/blue/ws_blue/install/ardusub_bringup/share/ardusub_bringup/launch/sitl.launch.yaml
[0.394s] -- Up-to-date: /home/blue/ws_blue/install/ardusub_bringup/share/ament_index/resource_index/package_run_dependencies/ardusub_bringup
[0.396s] -- Up-to-date: /home/blue/ws_blue/install/ardusub_bringup/share/ament_index/resource_index/parent_prefix_path/ardusub_bringup
[0.397s] -- Up-to-date: /home/blue/ws_blue/install/ardusub_bringup/share/ardusub_bringup/environment/ament_prefix_path.sh
[0.402s] -- Up-to-date: /home/blue/ws_blue/install/ardusub_bringup/share/ardusub_bringup/environment/ament_prefix_path.dsv
[0.403s] -- Up-to-date: /home/blue/ws_blue/install/ardusub_bringup/share/ardusub_bringup/environment/path.sh
[0.404s] -- Up-to-date: /home/blue/ws_blue/install/ardusub_bringup/share/ardusub_bringup/environment/path.dsv
[0.405s] -- Up-to-date: /home/blue/ws_blue/install/ardusub_bringup/share/ardusub_bringup/local_setup.bash
[0.406s] -- Up-to-date: /home/blue/ws_blue/install/ardusub_bringup/share/ardusub_bringup/local_setup.sh
[0.408s] -- Up-to-date: /home/blue/ws_blue/install/ardusub_bringup/share/ardusub_bringup/local_setup.zsh
[0.409s] -- Up-to-date: /home/blue/ws_blue/install/ardusub_bringup/share/ardusub_bringup/local_setup.dsv
[0.410s] -- Installing: /home/blue/ws_blue/install/ardusub_bringup/share/ardusub_bringup/package.dsv
[0.411s] -- Up-to-date: /home/blue/ws_blue/install/ardusub_bringup/share/ament_index/resource_index/packages/ardusub_bringup
[0.411s] -- Up-to-date: /home/blue/ws_blue/install/ardusub_bringup/share/ardusub_bringup/cmake/ardusub_bringupConfig.cmake
[0.412s] -- Up-to-date: /home/blue/ws_blue/install/ardusub_bringup/share/ardusub_bringup/cmake/ardusub_bringupConfig-version.cmake
[0.414s] -- Up-to-date: /home/blue/ws_blue/install/ardusub_bringup/share/ardusub_bringup/package.xml
[0.438s] Invoked command in '/home/blue/ws_blue/build/ardusub_bringup' returned '0': CMAKE_PREFIX_PATH=/opt/ros/iron /usr/bin/cmake --install /home/blue/ws_blue/build/ardusub_bringup
