[ 33%] Built target thruster_allocation_matrix_controller_parameters
[100%] Built target thruster_allocation_matrix_controller
-- Install configuration: ""
-- Up-to-date: /home/blue/ws_blue/install/thruster_allocation_matrix_controller/include/thruster_allocation_matrix_controller_parameters
-- Up-to-date: /home/blue/ws_blue/install/thruster_allocation_matrix_controller/include/thruster_allocation_matrix_controller_parameters/thruster_allocation_matrix_controller_parameters.hpp
-- Up-to-date: /home/blue/ws_blue/install/thruster_allocation_matrix_controller/share/thruster_allocation_matrix_controller/thruster_allocation_matrix_controller.xml
-- Up-to-date: /home/blue/ws_blue/install/thruster_allocation_matrix_controller/include/thruster_allocation_matrix_controller
-- Up-to-date: /home/blue/ws_blue/install/thruster_allocation_matrix_controller/include/thruster_allocation_matrix_controller/thruster_allocation_matrix_controller
-- Up-to-date: /home/blue/ws_blue/install/thruster_allocation_matrix_controller/include/thruster_allocation_matrix_controller/thruster_allocation_matrix_controller/thruster_allocation_matrix_controller.hpp
-- Up-to-date: /home/blue/ws_blue/install/thruster_allocation_matrix_controller/lib/libthruster_allocation_matrix_controller.so
-- Up-to-date: /home/blue/ws_blue/install/thruster_allocation_matrix_controller/share/thruster_allocation_matrix_controller/environment/library_path.sh
-- Up-to-date: /home/blue/ws_blue/install/thruster_allocation_matrix_controller/share/thruster_allocation_matrix_controller/environment/library_path.dsv
-- Up-to-date: /home/blue/ws_blue/install/thruster_allocation_matrix_controller/share/ament_index/resource_index/package_run_dependencies/thruster_allocation_matrix_controller
-- Up-to-date: /home/blue/ws_blue/install/thruster_allocation_matrix_controller/share/ament_index/resource_index/parent_prefix_path/thruster_allocation_matrix_controller
-- Up-to-date: /home/blue/ws_blue/install/thruster_allocation_matrix_controller/share/thruster_allocation_matrix_controller/environment/ament_prefix_path.sh
-- Up-to-date: /home/blue/ws_blue/install/thruster_allocation_matrix_controller/share/thruster_allocation_matrix_controller/environment/ament_prefix_path.dsv
-- Up-to-date: /home/blue/ws_blue/install/thruster_allocation_matrix_controller/share/thruster_allocation_matrix_controller/environment/path.sh
-- Up-to-date: /home/blue/ws_blue/install/thruster_allocation_matrix_controller/share/thruster_allocation_matrix_controller/environment/path.dsv
-- Up-to-date: /home/blue/ws_blue/install/thruster_allocation_matrix_controller/share/thruster_allocation_matrix_controller/local_setup.bash
-- Up-to-date: /home/blue/ws_blue/install/thruster_allocation_matrix_controller/share/thruster_allocation_matrix_controller/local_setup.sh
-- Up-to-date: /home/blue/ws_blue/install/thruster_allocation_matrix_controller/share/thruster_allocation_matrix_controller/local_setup.zsh
-- Up-to-date: /home/blue/ws_blue/install/thruster_allocation_matrix_controller/share/thruster_allocation_matrix_controller/local_setup.dsv
-- Installing: /home/blue/ws_blue/install/thruster_allocation_matrix_controller/share/thruster_allocation_matrix_controller/package.dsv
-- Up-to-date: /home/blue/ws_blue/install/thruster_allocation_matrix_controller/share/ament_index/resource_index/packages/thruster_allocation_matrix_controller
-- Up-to-date: /home/blue/ws_blue/install/thruster_allocation_matrix_controller/share/ament_index/resource_index/controller_interface__pluginlib__plugin/thruster_allocation_matrix_controller
-- Up-to-date: /home/blue/ws_blue/install/thruster_allocation_matrix_controller/share/thruster_allocation_matrix_controller/cmake/export_thruster_allocation_matrix_controllerExport.cmake
-- Up-to-date: /home/blue/ws_blue/install/thruster_allocation_matrix_controller/share/thruster_allocation_matrix_controller/cmake/export_thruster_allocation_matrix_controllerExport-noconfig.cmake
-- Up-to-date: /home/blue/ws_blue/install/thruster_allocation_matrix_controller/share/thruster_allocation_matrix_controller/cmake/ament_cmake_export_targets-extras.cmake
-- Up-to-date: /home/blue/ws_blue/install/thruster_allocation_matrix_controller/share/thruster_allocation_matrix_controller/cmake/ament_cmake_export_dependencies-extras.cmake
-- Up-to-date: /home/blue/ws_blue/install/thruster_allocation_matrix_controller/share/thruster_allocation_matrix_controller/cmake/thruster_allocation_matrix_controllerConfig.cmake
-- Up-to-date: /home/blue/ws_blue/install/thruster_allocation_matrix_controller/share/thruster_allocation_matrix_controller/cmake/thruster_allocation_matrix_controllerConfig-version.cmake
-- Up-to-date: /home/blue/ws_blue/install/thruster_allocation_matrix_controller/share/thruster_allocation_matrix_controller/package.xml
