[0.050s] Invoking command in '/home/blue/ws_blue/build/message_transforms': CMAKE_PREFIX_PATH=/opt/ros/iron /usr/bin/cmake --build /home/blue/ws_blue/build/message_transforms -- -j4 -l4
[0.290s] [ 16%] Built target message_transforms_parameters
[0.363s] Consolidate compiler generated dependencies of target message_transforms
[0.414s] [ 50%] Built target message_transforms
[0.518s] Consolidate compiler generated dependencies of target message_transforms_library
[0.570s] [100%] Built target message_transforms_library
[0.610s] Invoked command in '/home/blue/ws_blue/build/message_transforms' returned '0': CMAKE_PREFIX_PATH=/opt/ros/iron /usr/bin/cmake --build /home/blue/ws_blue/build/message_transforms -- -j4 -l4
[0.915s] Invoking command in '/home/blue/ws_blue/build/message_transforms': CMAKE_PREFIX_PATH=/opt/ros/iron /usr/bin/cmake --install /home/blue/ws_blue/build/message_transforms
[0.937s] -- Install configuration: ""
[0.938s] -- Up-to-date: /home/blue/ws_blue/install/message_transforms/include/message_transforms_parameters
[0.938s] -- Up-to-date: /home/blue/ws_blue/install/message_transforms/include/message_transforms_parameters/message_transforms_parameters.hpp
[0.950s] -- Up-to-date: /home/blue/ws_blue/install/message_transforms/lib/message_transforms/message_transforms
[0.955s] -- Up-to-date: /home/blue/ws_blue/install/message_transforms/include/message_transforms
[0.955s] -- Up-to-date: /home/blue/ws_blue/install/message_transforms/include/message_transforms/message_transforms
[0.955s] -- Up-to-date: /home/blue/ws_blue/install/message_transforms/include/message_transforms/message_transforms/message_transforms_node.hpp
[0.966s] -- Up-to-date: /home/blue/ws_blue/install/message_transforms/include/message_transforms/message_transforms/transforms.hpp
[0.966s] -- Up-to-date: /home/blue/ws_blue/install/message_transforms/lib/libmessage_transforms_library.so
[1.071s] -- Up-to-date: /home/blue/ws_blue/install/message_transforms/share/message_transforms/launch
[1.072s] -- Up-to-date: /home/blue/ws_blue/install/message_transforms/share/message_transforms/launch/tf.launch.yaml
[1.075s] -- Up-to-date: /home/blue/ws_blue/install/message_transforms/share/message_transforms/launch/message_transforms.launch.py
[1.076s] -- Up-to-date: /home/blue/ws_blue/install/message_transforms/share/message_transforms/environment/library_path.sh
[1.078s] -- Up-to-date: /home/blue/ws_blue/install/message_transforms/share/message_transforms/environment/library_path.dsv
[1.079s] -- Up-to-date: /home/blue/ws_blue/install/message_transforms/share/ament_index/resource_index/package_run_dependencies/message_transforms
[1.118s] -- Up-to-date: /home/blue/ws_blue/install/message_transforms/share/ament_index/resource_index/parent_prefix_path/message_transforms
[1.119s] -- Up-to-date: /home/blue/ws_blue/install/message_transforms/share/message_transforms/environment/ament_prefix_path.sh
[1.119s] -- Up-to-date: /home/blue/ws_blue/install/message_transforms/share/message_transforms/environment/ament_prefix_path.dsv
[1.119s] -- Up-to-date: /home/blue/ws_blue/install/message_transforms/share/message_transforms/environment/path.sh
[1.119s] -- Up-to-date: /home/blue/ws_blue/install/message_transforms/share/message_transforms/environment/path.dsv
[1.122s] -- Up-to-date: /home/blue/ws_blue/install/message_transforms/share/message_transforms/local_setup.bash
[1.122s] -- Up-to-date: /home/blue/ws_blue/install/message_transforms/share/message_transforms/local_setup.sh
[1.122s] -- Up-to-date: /home/blue/ws_blue/install/message_transforms/share/message_transforms/local_setup.zsh
[1.126s] -- Up-to-date: /home/blue/ws_blue/install/message_transforms/share/message_transforms/local_setup.dsv
[1.126s] -- Installing: /home/blue/ws_blue/install/message_transforms/share/message_transforms/package.dsv
[1.126s] -- Up-to-date: /home/blue/ws_blue/install/message_transforms/share/ament_index/resource_index/packages/message_transforms
[1.126s] -- Up-to-date: /home/blue/ws_blue/install/message_transforms/share/ament_index/resource_index/rclcpp_components/message_transforms
[1.127s] -- Up-to-date: /home/blue/ws_blue/install/message_transforms/share/message_transforms/cmake/export_message_transforms_libraryExport.cmake
[1.130s] -- Up-to-date: /home/blue/ws_blue/install/message_transforms/share/message_transforms/cmake/export_message_transforms_libraryExport-noconfig.cmake
[1.131s] -- Up-to-date: /home/blue/ws_blue/install/message_transforms/share/message_transforms/cmake/ament_cmake_export_targets-extras.cmake
[1.134s] -- Up-to-date: /home/blue/ws_blue/install/message_transforms/share/message_transforms/cmake/ament_cmake_export_dependencies-extras.cmake
[1.134s] -- Up-to-date: /home/blue/ws_blue/install/message_transforms/share/message_transforms/cmake/message_transformsConfig.cmake
[1.134s] -- Up-to-date: /home/blue/ws_blue/install/message_transforms/share/message_transforms/cmake/message_transformsConfig-version.cmake
[1.142s] -- Up-to-date: /home/blue/ws_blue/install/message_transforms/share/message_transforms/package.xml
[1.142s] Invoked command in '/home/blue/ws_blue/build/message_transforms' returned '0': CMAKE_PREFIX_PATH=/opt/ros/iron /usr/bin/cmake --install /home/blue/ws_blue/build/message_transforms
