[  2%] Built target auv_control_msgs__rosidl_generator_type_description
[  2%] Built target ament_cmake_python_copy_auv_control_msgs
[  5%] Built target auv_control_msgs__cpp
[ 20%] Built target auv_control_msgs__rosidl_generator_c
[ 29%] Built target auv_control_msgs__rosidl_typesupport_cpp
[ 38%] Built target auv_control_msgs__rosidl_typesupport_fastrtps_cpp
[ 47%] Built target auv_control_msgs__rosidl_typesupport_introspection_c
[ 64%] Built target auv_control_msgs__rosidl_typesupport_c
[ 64%] Built target auv_control_msgs__rosidl_typesupport_introspection_cpp
[ 73%] Built target auv_control_msgs__rosidl_typesupport_fastrtps_c
[ 73%] Built target auv_control_msgs
[ 76%] Built target auv_control_msgs__py
[ 82%] Built target auv_control_msgs__rosidl_generator_py
[ 94%] Built target auv_control_msgs__rosidl_typesupport_c__pyext
[ 94%] Built target auv_control_msgs__rosidl_typesupport_fastrtps_c__pyext
[100%] Built target auv_control_msgs__rosidl_typesupport_introspection_c__pyext
running egg_info
writing auv_control_msgs.egg-info/PKG-INFO
writing dependency_links to auv_control_msgs.egg-info/dependency_links.txt
writing top-level names to auv_control_msgs.egg-info/top_level.txt
reading manifest file 'auv_control_msgs.egg-info/SOURCES.txt'
writing manifest file 'auv_control_msgs.egg-info/SOURCES.txt'
[100%] Built target ament_cmake_python_build_auv_control_msgs_egg
-- Install configuration: ""
-- Up-to-date: /home/blue/ws_blue/install/auv_control_msgs/share/ament_index/resource_index/rosidl_interfaces/auv_control_msgs
-- Up-to-date: /home/blue/ws_blue/install/auv_control_msgs/share/auv_control_msgs/msg/MultiActuatorStateStamped.json
-- Up-to-date: /home/blue/ws_blue/install/auv_control_msgs/include/auv_control_msgs/auv_control_msgs
-- Up-to-date: /home/blue/ws_blue/install/auv_control_msgs/include/auv_control_msgs/auv_control_msgs/msg
-- Up-to-date: /home/blue/ws_blue/install/auv_control_msgs/include/auv_control_msgs/auv_control_msgs/msg/multi_actuator_state_stamped.h
-- Up-to-date: /home/blue/ws_blue/install/auv_control_msgs/include/auv_control_msgs/auv_control_msgs/msg/detail
-- Up-to-date: /home/blue/ws_blue/install/auv_control_msgs/include/auv_control_msgs/auv_control_msgs/msg/detail/multi_actuator_state_stamped__type_support.h
-- Up-to-date: /home/blue/ws_blue/install/auv_control_msgs/include/auv_control_msgs/auv_control_msgs/msg/detail/multi_actuator_state_stamped__functions.c
-- Up-to-date: /home/blue/ws_blue/install/auv_control_msgs/include/auv_control_msgs/auv_control_msgs/msg/detail/multi_actuator_state_stamped__functions.h
-- Installing: /home/blue/ws_blue/install/auv_control_msgs/include/auv_control_msgs/auv_control_msgs/msg/detail/multi_actuator_state_stamped__type_support.c
-- Up-to-date: /home/blue/ws_blue/install/auv_control_msgs/include/auv_control_msgs/auv_control_msgs/msg/detail/multi_actuator_state_stamped__description.c
-- Up-to-date: /home/blue/ws_blue/install/auv_control_msgs/include/auv_control_msgs/auv_control_msgs/msg/detail/multi_actuator_state_stamped__struct.h
-- Up-to-date: /home/blue/ws_blue/install/auv_control_msgs/include/auv_control_msgs/auv_control_msgs/msg/rosidl_generator_c__visibility_control.h
-- Up-to-date: /home/blue/ws_blue/install/auv_control_msgs/share/auv_control_msgs/environment/library_path.sh
-- Up-to-date: /home/blue/ws_blue/install/auv_control_msgs/share/auv_control_msgs/environment/library_path.dsv
-- Up-to-date: /home/blue/ws_blue/install/auv_control_msgs/lib/libauv_control_msgs__rosidl_generator_c.so
-- Up-to-date: /home/blue/ws_blue/install/auv_control_msgs/include/auv_control_msgs/auv_control_msgs
-- Up-to-date: /home/blue/ws_blue/install/auv_control_msgs/include/auv_control_msgs/auv_control_msgs/msg
-- Up-to-date: /home/blue/ws_blue/install/auv_control_msgs/include/auv_control_msgs/auv_control_msgs/msg/detail
-- Up-to-date: /home/blue/ws_blue/install/auv_control_msgs/include/auv_control_msgs/auv_control_msgs/msg/detail/multi_actuator_state_stamped__rosidl_typesupport_fastrtps_c.h
-- Up-to-date: /home/blue/ws_blue/install/auv_control_msgs/include/auv_control_msgs/auv_control_msgs/msg/rosidl_typesupport_fastrtps_c__visibility_control.h
-- Up-to-date: /home/blue/ws_blue/install/auv_control_msgs/lib/libauv_control_msgs__rosidl_typesupport_fastrtps_c.so
-- Up-to-date: /home/blue/ws_blue/install/auv_control_msgs/include/auv_control_msgs/auv_control_msgs
-- Up-to-date: /home/blue/ws_blue/install/auv_control_msgs/include/auv_control_msgs/auv_control_msgs/msg
-- Up-to-date: /home/blue/ws_blue/install/auv_control_msgs/include/auv_control_msgs/auv_control_msgs/msg/detail
-- Up-to-date: /home/blue/ws_blue/install/auv_control_msgs/include/auv_control_msgs/auv_control_msgs/msg/detail/multi_actuator_state_stamped__traits.hpp
-- Up-to-date: /home/blue/ws_blue/install/auv_control_msgs/include/auv_control_msgs/auv_control_msgs/msg/detail/multi_actuator_state_stamped__struct.hpp
-- Up-to-date: /home/blue/ws_blue/install/auv_control_msgs/include/auv_control_msgs/auv_control_msgs/msg/detail/multi_actuator_state_stamped__builder.hpp
-- Up-to-date: /home/blue/ws_blue/install/auv_control_msgs/include/auv_control_msgs/auv_control_msgs/msg/multi_actuator_state_stamped.hpp
-- Up-to-date: /home/blue/ws_blue/install/auv_control_msgs/include/auv_control_msgs/auv_control_msgs
-- Up-to-date: /home/blue/ws_blue/install/auv_control_msgs/include/auv_control_msgs/auv_control_msgs/msg
-- Up-to-date: /home/blue/ws_blue/install/auv_control_msgs/include/auv_control_msgs/auv_control_msgs/msg/detail
-- Up-to-date: /home/blue/ws_blue/install/auv_control_msgs/include/auv_control_msgs/auv_control_msgs/msg/detail/dds_fastrtps
-- Up-to-date: /home/blue/ws_blue/install/auv_control_msgs/include/auv_control_msgs/auv_control_msgs/msg/detail/multi_actuator_state_stamped__rosidl_typesupport_fastrtps_cpp.hpp
-- Up-to-date: /home/blue/ws_blue/install/auv_control_msgs/include/auv_control_msgs/auv_control_msgs/msg/rosidl_typesupport_fastrtps_cpp__visibility_control.h
-- Up-to-date: /home/blue/ws_blue/install/auv_control_msgs/lib/libauv_control_msgs__rosidl_typesupport_fastrtps_cpp.so
-- Up-to-date: /home/blue/ws_blue/install/auv_control_msgs/include/auv_control_msgs/auv_control_msgs
-- Up-to-date: /home/blue/ws_blue/install/auv_control_msgs/include/auv_control_msgs/auv_control_msgs/msg
-- Up-to-date: /home/blue/ws_blue/install/auv_control_msgs/include/auv_control_msgs/auv_control_msgs/msg/rosidl_typesupport_introspection_c__visibility_control.h
-- Up-to-date: /home/blue/ws_blue/install/auv_control_msgs/include/auv_control_msgs/auv_control_msgs/msg/detail
-- Up-to-date: /home/blue/ws_blue/install/auv_control_msgs/include/auv_control_msgs/auv_control_msgs/msg/detail/multi_actuator_state_stamped__rosidl_typesupport_introspection_c.h
-- Installing: /home/blue/ws_blue/install/auv_control_msgs/include/auv_control_msgs/auv_control_msgs/msg/detail/multi_actuator_state_stamped__type_support.c
-- Up-to-date: /home/blue/ws_blue/install/auv_control_msgs/lib/libauv_control_msgs__rosidl_typesupport_introspection_c.so
-- Up-to-date: /home/blue/ws_blue/install/auv_control_msgs/lib/libauv_control_msgs__rosidl_typesupport_c.so
-- Up-to-date: /home/blue/ws_blue/install/auv_control_msgs/include/auv_control_msgs/auv_control_msgs
-- Up-to-date: /home/blue/ws_blue/install/auv_control_msgs/include/auv_control_msgs/auv_control_msgs/msg
-- Up-to-date: /home/blue/ws_blue/install/auv_control_msgs/include/auv_control_msgs/auv_control_msgs/msg/detail
-- Up-to-date: /home/blue/ws_blue/install/auv_control_msgs/include/auv_control_msgs/auv_control_msgs/msg/detail/multi_actuator_state_stamped__type_support.cpp
-- Up-to-date: /home/blue/ws_blue/install/auv_control_msgs/include/auv_control_msgs/auv_control_msgs/msg/detail/multi_actuator_state_stamped__rosidl_typesupport_introspection_cpp.hpp
-- Up-to-date: /home/blue/ws_blue/install/auv_control_msgs/lib/libauv_control_msgs__rosidl_typesupport_introspection_cpp.so
-- Up-to-date: /home/blue/ws_blue/install/auv_control_msgs/lib/libauv_control_msgs__rosidl_typesupport_cpp.so
-- Up-to-date: /home/blue/ws_blue/install/auv_control_msgs/share/auv_control_msgs/environment/pythonpath.sh
-- Up-to-date: /home/blue/ws_blue/install/auv_control_msgs/share/auv_control_msgs/environment/pythonpath.dsv
-- Up-to-date: /home/blue/ws_blue/install/auv_control_msgs/lib/python3.10/site-packages/auv_control_msgs-0.0.1-py3.10.egg-info
-- Installing: /home/blue/ws_blue/install/auv_control_msgs/lib/python3.10/site-packages/auv_control_msgs-0.0.1-py3.10.egg-info/PKG-INFO
-- Installing: /home/blue/ws_blue/install/auv_control_msgs/lib/python3.10/site-packages/auv_control_msgs-0.0.1-py3.10.egg-info/SOURCES.txt
-- Installing: /home/blue/ws_blue/install/auv_control_msgs/lib/python3.10/site-packages/auv_control_msgs-0.0.1-py3.10.egg-info/dependency_links.txt
-- Installing: /home/blue/ws_blue/install/auv_control_msgs/lib/python3.10/site-packages/auv_control_msgs-0.0.1-py3.10.egg-info/top_level.txt
-- Up-to-date: /home/blue/ws_blue/install/auv_control_msgs/lib/python3.10/site-packages/auv_control_msgs
-- Up-to-date: /home/blue/ws_blue/install/auv_control_msgs/lib/python3.10/site-packages/auv_control_msgs/msg
-- Up-to-date: /home/blue/ws_blue/install/auv_control_msgs/lib/python3.10/site-packages/auv_control_msgs/msg/__init__.py
-- Up-to-date: /home/blue/ws_blue/install/auv_control_msgs/lib/python3.10/site-packages/auv_control_msgs/msg/_multi_actuator_state_stamped_s.c
-- Up-to-date: /home/blue/ws_blue/install/auv_control_msgs/lib/python3.10/site-packages/auv_control_msgs/msg/_multi_actuator_state_stamped.py
-- Up-to-date: /home/blue/ws_blue/install/auv_control_msgs/lib/python3.10/site-packages/auv_control_msgs/auv_control_msgs_s__rosidl_typesupport_fastrtps_c.cpython-310-x86_64-linux-gnu.so
-- Up-to-date: /home/blue/ws_blue/install/auv_control_msgs/lib/python3.10/site-packages/auv_control_msgs/_auv_control_msgs_s.ep.rosidl_typesupport_c.c
-- Up-to-date: /home/blue/ws_blue/install/auv_control_msgs/lib/python3.10/site-packages/auv_control_msgs/_auv_control_msgs_s.ep.rosidl_typesupport_fastrtps_c.c
-- Up-to-date: /home/blue/ws_blue/install/auv_control_msgs/lib/python3.10/site-packages/auv_control_msgs/auv_control_msgs_s__rosidl_typesupport_c.cpython-310-x86_64-linux-gnu.so
-- Up-to-date: /home/blue/ws_blue/install/auv_control_msgs/lib/python3.10/site-packages/auv_control_msgs/_auv_control_msgs_s.ep.rosidl_typesupport_introspection_c.c
-- Up-to-date: /home/blue/ws_blue/install/auv_control_msgs/lib/python3.10/site-packages/auv_control_msgs/__init__.py
-- Up-to-date: /home/blue/ws_blue/install/auv_control_msgs/lib/python3.10/site-packages/auv_control_msgs/libauv_control_msgs__rosidl_generator_py.so
-- Up-to-date: /home/blue/ws_blue/install/auv_control_msgs/lib/python3.10/site-packages/auv_control_msgs/auv_control_msgs_s__rosidl_typesupport_introspection_c.cpython-310-x86_64-linux-gnu.so
Listing '/home/blue/ws_blue/install/auv_control_msgs/lib/python3.10/site-packages/auv_control_msgs'...
Listing '/home/blue/ws_blue/install/auv_control_msgs/lib/python3.10/site-packages/auv_control_msgs/msg'...
-- Up-to-date: /home/blue/ws_blue/install/auv_control_msgs/lib/python3.10/site-packages/auv_control_msgs/auv_control_msgs_s__rosidl_typesupport_fastrtps_c.cpython-310-x86_64-linux-gnu.so
-- Up-to-date: /home/blue/ws_blue/install/auv_control_msgs/lib/python3.10/site-packages/auv_control_msgs/auv_control_msgs_s__rosidl_typesupport_introspection_c.cpython-310-x86_64-linux-gnu.so
-- Up-to-date: /home/blue/ws_blue/install/auv_control_msgs/lib/python3.10/site-packages/auv_control_msgs/auv_control_msgs_s__rosidl_typesupport_c.cpython-310-x86_64-linux-gnu.so
-- Up-to-date: /home/blue/ws_blue/install/auv_control_msgs/lib/libauv_control_msgs__rosidl_generator_py.so
-- Up-to-date: /home/blue/ws_blue/install/auv_control_msgs/share/auv_control_msgs/msg/MultiActuatorStateStamped.idl
-- Up-to-date: /home/blue/ws_blue/install/auv_control_msgs/share/auv_control_msgs/msg/MultiActuatorStateStamped.msg
-- Up-to-date: /home/blue/ws_blue/install/auv_control_msgs/share/ament_index/resource_index/package_run_dependencies/auv_control_msgs
-- Up-to-date: /home/blue/ws_blue/install/auv_control_msgs/share/ament_index/resource_index/parent_prefix_path/auv_control_msgs
-- Up-to-date: /home/blue/ws_blue/install/auv_control_msgs/share/auv_control_msgs/environment/ament_prefix_path.sh
-- Up-to-date: /home/blue/ws_blue/install/auv_control_msgs/share/auv_control_msgs/environment/ament_prefix_path.dsv
-- Up-to-date: /home/blue/ws_blue/install/auv_control_msgs/share/auv_control_msgs/environment/path.sh
-- Up-to-date: /home/blue/ws_blue/install/auv_control_msgs/share/auv_control_msgs/environment/path.dsv
-- Up-to-date: /home/blue/ws_blue/install/auv_control_msgs/share/auv_control_msgs/local_setup.bash
-- Up-to-date: /home/blue/ws_blue/install/auv_control_msgs/share/auv_control_msgs/local_setup.sh
-- Up-to-date: /home/blue/ws_blue/install/auv_control_msgs/share/auv_control_msgs/local_setup.zsh
-- Up-to-date: /home/blue/ws_blue/install/auv_control_msgs/share/auv_control_msgs/local_setup.dsv
-- Installing: /home/blue/ws_blue/install/auv_control_msgs/share/auv_control_msgs/package.dsv
-- Up-to-date: /home/blue/ws_blue/install/auv_control_msgs/share/ament_index/resource_index/packages/auv_control_msgs
-- Up-to-date: /home/blue/ws_blue/install/auv_control_msgs/share/auv_control_msgs/cmake/export_auv_control_msgs__rosidl_generator_cExport.cmake
-- Up-to-date: /home/blue/ws_blue/install/auv_control_msgs/share/auv_control_msgs/cmake/export_auv_control_msgs__rosidl_generator_cExport-noconfig.cmake
-- Up-to-date: /home/blue/ws_blue/install/auv_control_msgs/share/auv_control_msgs/cmake/export_auv_control_msgs__rosidl_typesupport_fastrtps_cExport.cmake
-- Up-to-date: /home/blue/ws_blue/install/auv_control_msgs/share/auv_control_msgs/cmake/export_auv_control_msgs__rosidl_typesupport_fastrtps_cExport-noconfig.cmake
-- Up-to-date: /home/blue/ws_blue/install/auv_control_msgs/share/auv_control_msgs/cmake/export_auv_control_msgs__rosidl_generator_cppExport.cmake
-- Up-to-date: /home/blue/ws_blue/install/auv_control_msgs/share/auv_control_msgs/cmake/export_auv_control_msgs__rosidl_typesupport_fastrtps_cppExport.cmake
-- Up-to-date: /home/blue/ws_blue/install/auv_control_msgs/share/auv_control_msgs/cmake/export_auv_control_msgs__rosidl_typesupport_fastrtps_cppExport-noconfig.cmake
-- Up-to-date: /home/blue/ws_blue/install/auv_control_msgs/share/auv_control_msgs/cmake/auv_control_msgs__rosidl_typesupport_introspection_cExport.cmake
-- Up-to-date: /home/blue/ws_blue/install/auv_control_msgs/share/auv_control_msgs/cmake/auv_control_msgs__rosidl_typesupport_introspection_cExport-noconfig.cmake
-- Up-to-date: /home/blue/ws_blue/install/auv_control_msgs/share/auv_control_msgs/cmake/auv_control_msgs__rosidl_typesupport_cExport.cmake
-- Up-to-date: /home/blue/ws_blue/install/auv_control_msgs/share/auv_control_msgs/cmake/auv_control_msgs__rosidl_typesupport_cExport-noconfig.cmake
-- Up-to-date: /home/blue/ws_blue/install/auv_control_msgs/share/auv_control_msgs/cmake/auv_control_msgs__rosidl_typesupport_introspection_cppExport.cmake
-- Up-to-date: /home/blue/ws_blue/install/auv_control_msgs/share/auv_control_msgs/cmake/auv_control_msgs__rosidl_typesupport_introspection_cppExport-noconfig.cmake
-- Up-to-date: /home/blue/ws_blue/install/auv_control_msgs/share/auv_control_msgs/cmake/auv_control_msgs__rosidl_typesupport_cppExport.cmake
-- Up-to-date: /home/blue/ws_blue/install/auv_control_msgs/share/auv_control_msgs/cmake/auv_control_msgs__rosidl_typesupport_cppExport-noconfig.cmake
-- Up-to-date: /home/blue/ws_blue/install/auv_control_msgs/share/auv_control_msgs/cmake/export_auv_control_msgs__rosidl_generator_pyExport.cmake
-- Up-to-date: /home/blue/ws_blue/install/auv_control_msgs/share/auv_control_msgs/cmake/export_auv_control_msgs__rosidl_generator_pyExport-noconfig.cmake
-- Up-to-date: /home/blue/ws_blue/install/auv_control_msgs/share/auv_control_msgs/cmake/rosidl_cmake-extras.cmake
-- Up-to-date: /home/blue/ws_blue/install/auv_control_msgs/share/auv_control_msgs/cmake/ament_cmake_export_dependencies-extras.cmake
-- Up-to-date: /home/blue/ws_blue/install/auv_control_msgs/share/auv_control_msgs/cmake/ament_cmake_export_include_directories-extras.cmake
-- Up-to-date: /home/blue/ws_blue/install/auv_control_msgs/share/auv_control_msgs/cmake/ament_cmake_export_libraries-extras.cmake
-- Up-to-date: /home/blue/ws_blue/install/auv_control_msgs/share/auv_control_msgs/cmake/ament_cmake_export_targets-extras.cmake
-- Up-to-date: /home/blue/ws_blue/install/auv_control_msgs/share/auv_control_msgs/cmake/rosidl_cmake_export_typesupport_targets-extras.cmake
-- Up-to-date: /home/blue/ws_blue/install/auv_control_msgs/share/auv_control_msgs/cmake/rosidl_cmake_export_typesupport_libraries-extras.cmake
-- Up-to-date: /home/blue/ws_blue/install/auv_control_msgs/share/auv_control_msgs/cmake/auv_control_msgsConfig.cmake
-- Up-to-date: /home/blue/ws_blue/install/auv_control_msgs/share/auv_control_msgs/cmake/auv_control_msgsConfig-version.cmake
-- Up-to-date: /home/blue/ws_blue/install/auv_control_msgs/share/auv_control_msgs/package.xml
