[35m[1mConsolidate compiler generated dependencies of target thruster_hardware[0m
[100%] Built target thruster_hardware
-- Install configuration: ""
-- Up-to-date: /home/blue/ws_blue/install/thruster_hardware/share/thruster_hardware/thruster_hardware.xml
-- Up-to-date: /home/blue/ws_blue/install/thruster_hardware/include/thruster_hardware
-- Up-to-date: /home/blue/ws_blue/install/thruster_hardware/include/thruster_hardware/thruster_hardware
-- Up-to-date: /home/blue/ws_blue/install/thruster_hardware/include/thruster_hardware/thruster_hardware/visibility_control.h
-- Up-to-date: /home/blue/ws_blue/install/thruster_hardware/include/thruster_hardware/thruster_hardware/hardware.hpp
-- Up-to-date: /home/blue/ws_blue/install/thruster_hardware/lib/libthruster_hardware.so
-- Up-to-date: /home/blue/ws_blue/install/thruster_hardware/share/thruster_hardware/environment/library_path.sh
-- Up-to-date: /home/blue/ws_blue/install/thruster_hardware/share/thruster_hardware/environment/library_path.dsv
-- Up-to-date: /home/blue/ws_blue/install/thruster_hardware/share/ament_index/resource_index/package_run_dependencies/thruster_hardware
-- Up-to-date: /home/blue/ws_blue/install/thruster_hardware/share/ament_index/resource_index/parent_prefix_path/thruster_hardware
-- Up-to-date: /home/blue/ws_blue/install/thruster_hardware/share/thruster_hardware/environment/ament_prefix_path.sh
-- Up-to-date: /home/blue/ws_blue/install/thruster_hardware/share/thruster_hardware/environment/ament_prefix_path.dsv
-- Up-to-date: /home/blue/ws_blue/install/thruster_hardware/share/thruster_hardware/environment/path.sh
-- Up-to-date: /home/blue/ws_blue/install/thruster_hardware/share/thruster_hardware/environment/path.dsv
-- Up-to-date: /home/blue/ws_blue/install/thruster_hardware/share/thruster_hardware/local_setup.bash
-- Up-to-date: /home/blue/ws_blue/install/thruster_hardware/share/thruster_hardware/local_setup.sh
-- Up-to-date: /home/blue/ws_blue/install/thruster_hardware/share/thruster_hardware/local_setup.zsh
-- Up-to-date: /home/blue/ws_blue/install/thruster_hardware/share/thruster_hardware/local_setup.dsv
-- Installing: /home/blue/ws_blue/install/thruster_hardware/share/thruster_hardware/package.dsv
-- Up-to-date: /home/blue/ws_blue/install/thruster_hardware/share/ament_index/resource_index/packages/thruster_hardware
-- Up-to-date: /home/blue/ws_blue/install/thruster_hardware/share/ament_index/resource_index/hardware_interface__pluginlib__plugin/thruster_hardware
-- Up-to-date: /home/blue/ws_blue/install/thruster_hardware/share/thruster_hardware/cmake/export_thruster_hardwareExport.cmake
-- Up-to-date: /home/blue/ws_blue/install/thruster_hardware/share/thruster_hardware/cmake/export_thruster_hardwareExport-noconfig.cmake
-- Up-to-date: /home/blue/ws_blue/install/thruster_hardware/share/thruster_hardware/cmake/ament_cmake_export_targets-extras.cmake
-- Up-to-date: /home/blue/ws_blue/install/thruster_hardware/share/thruster_hardware/cmake/ament_cmake_export_dependencies-extras.cmake
-- Up-to-date: /home/blue/ws_blue/install/thruster_hardware/share/thruster_hardware/cmake/thruster_hardwareConfig.cmake
-- Up-to-date: /home/blue/ws_blue/install/thruster_hardware/share/thruster_hardware/cmake/thruster_hardwareConfig-version.cmake
-- Up-to-date: /home/blue/ws_blue/install/thruster_hardware/share/thruster_hardware/package.xml
