[0.100s] Invoking command in '/home/blue/ws_blue/build/blue_bringup': CMAKE_PREFIX_PATH=/home/blue/ws_blue/install/blue_description:/home/blue/ws_blue/install/auv_controllers:/home/blue/ws_blue/install/velocity_controllers:/home/blue/ws_blue/install/thruster_hardware:/home/blue/ws_blue/install/thruster_controllers:/home/blue/ws_blue/install/thruster_allocation_matrix_controller:/home/blue/ws_blue/install/message_transforms_demos:/home/blue/ws_blue/install/message_transforms:/home/blue/ws_blue/install/hydrodynamics:/home/blue/ws_blue/install/blue_bringup:/home/blue/ws_blue/install/blue_demos:/home/blue/ws_blue/install/auv_control_msgs:/home/blue/ws_blue/install/auv_control_demos:/home/blue/ws_blue/install/ardusub_teleop:/home/blue/ws_blue/install/ardusub_manager:/home/blue/ws_blue/install/ardusub_bringup:/home/blue/ws_blue/install/blue_localization:/opt/ros/iron /usr/bin/cmake --build /home/blue/ws_blue/build/blue_bringup -- -j18 -l18
[0.150s] Invoked command in '/home/blue/ws_blue/build/blue_bringup' returned '0': CMAKE_PREFIX_PATH=/home/blue/ws_blue/install/blue_description:/home/blue/ws_blue/install/auv_controllers:/home/blue/ws_blue/install/velocity_controllers:/home/blue/ws_blue/install/thruster_hardware:/home/blue/ws_blue/install/thruster_controllers:/home/blue/ws_blue/install/thruster_allocation_matrix_controller:/home/blue/ws_blue/install/message_transforms_demos:/home/blue/ws_blue/install/message_transforms:/home/blue/ws_blue/install/hydrodynamics:/home/blue/ws_blue/install/blue_bringup:/home/blue/ws_blue/install/blue_demos:/home/blue/ws_blue/install/auv_control_msgs:/home/blue/ws_blue/install/auv_control_demos:/home/blue/ws_blue/install/ardusub_teleop:/home/blue/ws_blue/install/ardusub_manager:/home/blue/ws_blue/install/ardusub_bringup:/home/blue/ws_blue/install/blue_localization:/opt/ros/iron /usr/bin/cmake --build /home/blue/ws_blue/build/blue_bringup -- -j18 -l18
[0.189s] Invoking command in '/home/blue/ws_blue/build/blue_bringup': CMAKE_PREFIX_PATH=/home/blue/ws_blue/install/blue_description:/home/blue/ws_blue/install/auv_controllers:/home/blue/ws_blue/install/velocity_controllers:/home/blue/ws_blue/install/thruster_hardware:/home/blue/ws_blue/install/thruster_controllers:/home/blue/ws_blue/install/thruster_allocation_matrix_controller:/home/blue/ws_blue/install/message_transforms_demos:/home/blue/ws_blue/install/message_transforms:/home/blue/ws_blue/install/hydrodynamics:/home/blue/ws_blue/install/blue_bringup:/home/blue/ws_blue/install/blue_demos:/home/blue/ws_blue/install/auv_control_msgs:/home/blue/ws_blue/install/auv_control_demos:/home/blue/ws_blue/install/ardusub_teleop:/home/blue/ws_blue/install/ardusub_manager:/home/blue/ws_blue/install/ardusub_bringup:/home/blue/ws_blue/install/blue_localization:/opt/ros/iron /usr/bin/cmake --install /home/blue/ws_blue/build/blue_bringup
[0.199s] -- Install configuration: ""
[0.199s] -- Up-to-date: /home/blue/ws_blue/install/blue_bringup/share/blue_bringup/launch
[0.199s] -- Up-to-date: /home/blue/ws_blue/install/blue_bringup/share/blue_bringup/launch/bluerov2_heavy_reach
[0.200s] -- Up-to-date: /home/blue/ws_blue/install/blue_bringup/share/blue_bringup/launch/bluerov2_heavy_reach/thrusters.launch.yaml
[0.201s] -- Up-to-date: /home/blue/ws_blue/install/blue_bringup/share/blue_bringup/launch/bluerov2_heavy_reach/bluerov2_heavy_reach.launch.yaml
[0.201s] -- Up-to-date: /home/blue/ws_blue/install/blue_bringup/share/blue_bringup/launch/bluerov2
[0.201s] -- Up-to-date: /home/blue/ws_blue/install/blue_bringup/share/blue_bringup/launch/bluerov2/bluerov2.launch.yaml
[0.201s] -- Up-to-date: /home/blue/ws_blue/install/blue_bringup/share/blue_bringup/launch/bluerov2/thrusters.launch.yaml
[0.202s] -- Installing: /home/blue/ws_blue/install/blue_bringup/share/blue_bringup/launch/bluerov2/eeprom.bin
[0.202s] -- Up-to-date: /home/blue/ws_blue/install/blue_bringup/share/blue_bringup/launch/bluerov2_heavy
[0.202s] -- Up-to-date: /home/blue/ws_blue/install/blue_bringup/share/blue_bringup/launch/bluerov2_heavy/thrusters.launch.yaml
[0.202s] -- Up-to-date: /home/blue/ws_blue/install/blue_bringup/share/blue_bringup/launch/bluerov2_heavy/bluerov2_heavy.launch.yaml
[0.202s] -- Up-to-date: /home/blue/ws_blue/install/blue_bringup/share/ament_index/resource_index/package_run_dependencies/blue_bringup
[0.203s] -- Up-to-date: /home/blue/ws_blue/install/blue_bringup/share/ament_index/resource_index/parent_prefix_path/blue_bringup
[0.203s] -- Up-to-date: /home/blue/ws_blue/install/blue_bringup/share/blue_bringup/environment/ament_prefix_path.sh
[0.203s] -- Up-to-date: /home/blue/ws_blue/install/blue_bringup/share/blue_bringup/environment/ament_prefix_path.dsv
[0.204s] -- Up-to-date: /home/blue/ws_blue/install/blue_bringup/share/blue_bringup/environment/path.sh
[0.204s] -- Up-to-date: /home/blue/ws_blue/install/blue_bringup/share/blue_bringup/environment/path.dsv
[0.205s] -- Up-to-date: /home/blue/ws_blue/install/blue_bringup/share/blue_bringup/local_setup.bash
[0.205s] -- Up-to-date: /home/blue/ws_blue/install/blue_bringup/share/blue_bringup/local_setup.sh
[0.205s] -- Up-to-date: /home/blue/ws_blue/install/blue_bringup/share/blue_bringup/local_setup.zsh
[0.205s] -- Up-to-date: /home/blue/ws_blue/install/blue_bringup/share/blue_bringup/local_setup.dsv
[0.205s] -- Installing: /home/blue/ws_blue/install/blue_bringup/share/blue_bringup/package.dsv
[0.206s] -- Up-to-date: /home/blue/ws_blue/install/blue_bringup/share/ament_index/resource_index/packages/blue_bringup
[0.207s] -- Up-to-date: /home/blue/ws_blue/install/blue_bringup/share/blue_bringup/cmake/blue_bringupConfig.cmake
[0.207s] -- Up-to-date: /home/blue/ws_blue/install/blue_bringup/share/blue_bringup/cmake/blue_bringupConfig-version.cmake
[0.207s] -- Up-to-date: /home/blue/ws_blue/install/blue_bringup/share/blue_bringup/package.xml
[0.223s] Invoked command in '/home/blue/ws_blue/build/blue_bringup' returned '0': CMAKE_PREFIX_PATH=/home/blue/ws_blue/install/blue_description:/home/blue/ws_blue/install/auv_controllers:/home/blue/ws_blue/install/velocity_controllers:/home/blue/ws_blue/install/thruster_hardware:/home/blue/ws_blue/install/thruster_controllers:/home/blue/ws_blue/install/thruster_allocation_matrix_controller:/home/blue/ws_blue/install/message_transforms_demos:/home/blue/ws_blue/install/message_transforms:/home/blue/ws_blue/install/hydrodynamics:/home/blue/ws_blue/install/blue_bringup:/home/blue/ws_blue/install/blue_demos:/home/blue/ws_blue/install/auv_control_msgs:/home/blue/ws_blue/install/auv_control_demos:/home/blue/ws_blue/install/ardusub_teleop:/home/blue/ws_blue/install/ardusub_manager:/home/blue/ws_blue/install/ardusub_bringup:/home/blue/ws_blue/install/blue_localization:/opt/ros/iron /usr/bin/cmake --install /home/blue/ws_blue/build/blue_bringup
