[0.108s] Invoking command in '/home/blue/ws_blue/build/ardusub_teleop': CMAKE_PREFIX_PATH=/opt/ros/iron /usr/bin/cmake --build /home/blue/ws_blue/build/ardusub_teleop -- -j4 -l4
[0.252s] -- Found ament_cmake: 2.0.6 (/opt/ros/iron/share/ament_cmake/cmake)
[0.594s] -- Found rclcpp: 21.0.7 (/opt/ros/iron/share/rclcpp/cmake)
[0.716s] -- Found rosidl_generator_c: 4.0.1 (/opt/ros/iron/share/rosidl_generator_c/cmake)
[0.716s] -- Found rosidl_generator_cpp: 4.0.1 (/opt/ros/iron/share/rosidl_generator_cpp/cmake)
[0.763s] -- Using all available rosidl_typesupport_c: rosidl_typesupport_fastrtps_c;rosidl_typesupport_introspection_c
[0.855s] -- Using all available rosidl_typesupport_cpp: rosidl_typesupport_fastrtps_cpp;rosidl_typesupport_introspection_cpp
[1.394s] -- Found rmw_implementation_cmake: 7.1.0 (/opt/ros/iron/share/rmw_implementation_cmake/cmake)
[1.404s] -- Found rmw_fastrtps_cpp: 7.1.4 (/opt/ros/iron/share/rmw_fastrtps_cpp/cmake)
[1.872s] -- Using RMW implementation 'rmw_fastrtps_cpp' as default
[2.469s] -- Found std_srvs: 5.0.1 (/opt/ros/iron/share/std_srvs/cmake)
[2.579s] -- Found mavros_msgs: 2.9.0 (/opt/ros/iron/share/mavros_msgs/cmake)
[6.599s] -- Configuring done
[6.607s] -- Generating done
[6.607s] -- Build files have been written to: /home/blue/ws_blue/build/ardusub_teleop
[6.755s] Consolidate compiler generated dependencies of target joy_interface
[6.837s] [ 50%] Building CXX object CMakeFiles/joy_interface.dir/src/joy_interface.cpp.o
[25.031s] [100%] Linking CXX executable joy_interface
[26.143s] [100%] Built target joy_interface
[26.185s] Invoked command in '/home/blue/ws_blue/build/ardusub_teleop' returned '0': CMAKE_PREFIX_PATH=/opt/ros/iron /usr/bin/cmake --build /home/blue/ws_blue/build/ardusub_teleop -- -j4 -l4
[26.297s] Invoking command in '/home/blue/ws_blue/build/ardusub_teleop': CMAKE_PREFIX_PATH=/opt/ros/iron /usr/bin/cmake --install /home/blue/ws_blue/build/ardusub_teleop
[26.321s] -- Install configuration: ""
[26.321s] -- Installing: /home/blue/ws_blue/install/ardusub_teleop/lib/ardusub_teleop/joy_interface
[26.346s] -- Set runtime path of "/home/blue/ws_blue/install/ardusub_teleop/lib/ardusub_teleop/joy_interface" to ""
[26.346s] -- Up-to-date: /home/blue/ws_blue/install/ardusub_teleop/share/ardusub_teleop/config
[26.347s] -- Up-to-date: /home/blue/ws_blue/install/ardusub_teleop/share/ardusub_teleop/config/joy_teleop.yaml
[26.360s] -- Up-to-date: /home/blue/ws_blue/install/ardusub_teleop/share/ardusub_teleop/launch
[26.361s] -- Up-to-date: /home/blue/ws_blue/install/ardusub_teleop/share/ardusub_teleop/launch/teleop.launch.yaml
[26.362s] -- Up-to-date: /home/blue/ws_blue/install/ardusub_teleop/share/ament_index/resource_index/package_run_dependencies/ardusub_teleop
[26.363s] -- Up-to-date: /home/blue/ws_blue/install/ardusub_teleop/share/ament_index/resource_index/parent_prefix_path/ardusub_teleop
[26.364s] -- Up-to-date: /home/blue/ws_blue/install/ardusub_teleop/share/ardusub_teleop/environment/ament_prefix_path.sh
[26.365s] -- Up-to-date: /home/blue/ws_blue/install/ardusub_teleop/share/ardusub_teleop/environment/ament_prefix_path.dsv
[26.376s] -- Up-to-date: /home/blue/ws_blue/install/ardusub_teleop/share/ardusub_teleop/environment/path.sh
[26.377s] -- Up-to-date: /home/blue/ws_blue/install/ardusub_teleop/share/ardusub_teleop/environment/path.dsv
[26.378s] -- Up-to-date: /home/blue/ws_blue/install/ardusub_teleop/share/ardusub_teleop/local_setup.bash
[26.379s] -- Up-to-date: /home/blue/ws_blue/install/ardusub_teleop/share/ardusub_teleop/local_setup.sh
[26.379s] -- Up-to-date: /home/blue/ws_blue/install/ardusub_teleop/share/ardusub_teleop/local_setup.zsh
[26.380s] -- Up-to-date: /home/blue/ws_blue/install/ardusub_teleop/share/ardusub_teleop/local_setup.dsv
[26.381s] -- Installing: /home/blue/ws_blue/install/ardusub_teleop/share/ardusub_teleop/package.dsv
[26.381s] -- Up-to-date: /home/blue/ws_blue/install/ardusub_teleop/share/ament_index/resource_index/packages/ardusub_teleop
[26.382s] -- Up-to-date: /home/blue/ws_blue/install/ardusub_teleop/share/ardusub_teleop/cmake/ardusub_teleopConfig.cmake
[26.383s] -- Up-to-date: /home/blue/ws_blue/install/ardusub_teleop/share/ardusub_teleop/cmake/ardusub_teleopConfig-version.cmake
[26.383s] -- Up-to-date: /home/blue/ws_blue/install/ardusub_teleop/share/ardusub_teleop/package.xml
[26.415s] Invoked command in '/home/blue/ws_blue/build/ardusub_teleop' returned '0': CMAKE_PREFIX_PATH=/opt/ros/iron /usr/bin/cmake --install /home/blue/ws_blue/build/ardusub_teleop
