[0.031s] Invoking command in '/home/blue/ws_blue/build/hydrodynamics': CMAKE_PREFIX_PATH=/opt/ros/iron /usr/bin/cmake /home/blue/ws_blue/src/hydrodynamics -DCMAKE_INSTALL_PREFIX=/home/blue/ws_blue/install/hydrodynamics
[0.118s] -- The C compiler identification is GNU 11.4.0
[0.223s] -- The CXX compiler identification is GNU 11.4.0
[0.233s] -- Detecting C compiler ABI info
[0.369s] -- Detecting C compiler ABI info - done
[0.383s] -- Check for working C compiler: /usr/bin/cc - skipped
[0.383s] -- Detecting C compile features
[0.383s] -- Detecting C compile features - done
[0.386s] -- Detecting CXX compiler ABI info
[0.547s] -- Detecting CXX compiler ABI info - done
[0.564s] -- Check for working CXX compiler: /usr/bin/c++ - skipped
[0.564s] -- Detecting CXX compile features
[0.565s] -- Detecting CXX compile features - done
[0.575s] -- Found ament_cmake: 2.0.6 (/opt/ros/iron/share/ament_cmake/cmake)
[0.791s] -- Found Python3: /usr/bin/python3.10 (found version "3.10.12") found components: Interpreter 
[0.957s] -- Found ament_lint_auto: 0.14.4 (/opt/ros/iron/share/ament_lint_auto/cmake)
[1.046s] -- Configuring done
[1.056s] -- Generating done
[1.058s] -- Build files have been written to: /home/blue/ws_blue/build/hydrodynamics
[1.066s] Invoked command in '/home/blue/ws_blue/build/hydrodynamics' returned '0': CMAKE_PREFIX_PATH=/opt/ros/iron /usr/bin/cmake /home/blue/ws_blue/src/hydrodynamics -DCMAKE_INSTALL_PREFIX=/home/blue/ws_blue/install/hydrodynamics
[1.067s] Invoking command in '/home/blue/ws_blue/build/hydrodynamics': CMAKE_PREFIX_PATH=/opt/ros/iron /usr/bin/cmake --build /home/blue/ws_blue/build/hydrodynamics -- -j4 -l4
[1.175s] [ 50%] Building CXX object CMakeFiles/hydrodynamics.dir/src/hydrodynamics.cpp.o
[6.106s] [100%] Linking CXX shared library libhydrodynamics.so
[6.385s] [100%] Built target hydrodynamics
[6.415s] Invoked command in '/home/blue/ws_blue/build/hydrodynamics' returned '0': CMAKE_PREFIX_PATH=/opt/ros/iron /usr/bin/cmake --build /home/blue/ws_blue/build/hydrodynamics -- -j4 -l4
[6.615s] Invoking command in '/home/blue/ws_blue/build/hydrodynamics': CMAKE_PREFIX_PATH=/opt/ros/iron /usr/bin/cmake --install /home/blue/ws_blue/build/hydrodynamics
[6.640s] -- Install configuration: ""
[6.640s] -- Installing: /home/blue/ws_blue/install/hydrodynamics/include/hydrodynamics
[6.651s] -- Installing: /home/blue/ws_blue/install/hydrodynamics/include/hydrodynamics/hydrodynamics
[6.652s] -- Installing: /home/blue/ws_blue/install/hydrodynamics/include/hydrodynamics/hydrodynamics/eigen.hpp
[6.652s] -- Installing: /home/blue/ws_blue/install/hydrodynamics/include/hydrodynamics/hydrodynamics/hydrodynamics.hpp
[6.653s] -- Installing: /home/blue/ws_blue/install/hydrodynamics/lib/libhydrodynamics.so
[6.657s] -- Installing: /home/blue/ws_blue/install/hydrodynamics/share/hydrodynamics/environment/library_path.sh
[6.657s] -- Installing: /home/blue/ws_blue/install/hydrodynamics/share/hydrodynamics/environment/library_path.dsv
[6.658s] -- Installing: /home/blue/ws_blue/install/hydrodynamics/share/ament_index/resource_index/package_run_dependencies/hydrodynamics
[6.659s] -- Installing: /home/blue/ws_blue/install/hydrodynamics/share/ament_index/resource_index/parent_prefix_path/hydrodynamics
[6.660s] -- Installing: /home/blue/ws_blue/install/hydrodynamics/share/hydrodynamics/environment/ament_prefix_path.sh
[6.660s] -- Installing: /home/blue/ws_blue/install/hydrodynamics/share/hydrodynamics/environment/ament_prefix_path.dsv
[6.661s] -- Installing: /home/blue/ws_blue/install/hydrodynamics/share/hydrodynamics/environment/path.sh
[6.661s] -- Installing: /home/blue/ws_blue/install/hydrodynamics/share/hydrodynamics/environment/path.dsv
[6.662s] -- Installing: /home/blue/ws_blue/install/hydrodynamics/share/hydrodynamics/local_setup.bash
[6.663s] -- Installing: /home/blue/ws_blue/install/hydrodynamics/share/hydrodynamics/local_setup.sh
[6.663s] -- Installing: /home/blue/ws_blue/install/hydrodynamics/share/hydrodynamics/local_setup.zsh
[6.664s] -- Installing: /home/blue/ws_blue/install/hydrodynamics/share/hydrodynamics/local_setup.dsv
[6.665s] -- Installing: /home/blue/ws_blue/install/hydrodynamics/share/hydrodynamics/package.dsv
[6.665s] -- Installing: /home/blue/ws_blue/install/hydrodynamics/share/ament_index/resource_index/packages/hydrodynamics
[6.666s] -- Installing: /home/blue/ws_blue/install/hydrodynamics/share/hydrodynamics/cmake/export_hydrodynamicsExport.cmake
[6.675s] -- Installing: /home/blue/ws_blue/install/hydrodynamics/share/hydrodynamics/cmake/export_hydrodynamicsExport-noconfig.cmake
[6.676s] -- Installing: /home/blue/ws_blue/install/hydrodynamics/share/hydrodynamics/cmake/ament_cmake_export_targets-extras.cmake
[6.676s] -- Installing: /home/blue/ws_blue/install/hydrodynamics/share/hydrodynamics/cmake/ament_cmake_export_dependencies-extras.cmake
[6.677s] -- Installing: /home/blue/ws_blue/install/hydrodynamics/share/hydrodynamics/cmake/hydrodynamicsConfig.cmake
[6.678s] -- Installing: /home/blue/ws_blue/install/hydrodynamics/share/hydrodynamics/cmake/hydrodynamicsConfig-version.cmake
[6.678s] -- Installing: /home/blue/ws_blue/install/hydrodynamics/share/hydrodynamics/package.xml
[6.687s] Invoked command in '/home/blue/ws_blue/build/hydrodynamics' returned '0': CMAKE_PREFIX_PATH=/opt/ros/iron /usr/bin/cmake --install /home/blue/ws_blue/build/hydrodynamics
