[0.923s] Invoking command in '/home/blue/ws_blue/build/thruster_hardware': CMAKE_PREFIX_PATH=${CMAKE_PREFIX_PATH}:/home/blue/ws_blue/install/blue_localization:/opt/ros/iron /usr/bin/cmake --build /home/blue/ws_blue/build/thruster_hardware -- -j18 -l18
[1.120s] [35m[1mConsolidate compiler generated dependencies of target thruster_hardware[0m
[1.183s] [100%] Built target thruster_hardware
[1.240s] Invoked command in '/home/blue/ws_blue/build/thruster_hardware' returned '0': CMAKE_PREFIX_PATH=${CMAKE_PREFIX_PATH}:/home/blue/ws_blue/install/blue_localization:/opt/ros/iron /usr/bin/cmake --build /home/blue/ws_blue/build/thruster_hardware -- -j18 -l18
[1.349s] Invoking command in '/home/blue/ws_blue/build/thruster_hardware': CMAKE_PREFIX_PATH=${CMAKE_PREFIX_PATH}:/home/blue/ws_blue/install/blue_localization:/opt/ros/iron /usr/bin/cmake --install /home/blue/ws_blue/build/thruster_hardware
[1.444s] -- Install configuration: ""
[1.444s] -- Up-to-date: /home/blue/ws_blue/install/thruster_hardware/share/thruster_hardware/thruster_hardware.xml
[1.444s] -- Up-to-date: /home/blue/ws_blue/install/thruster_hardware/include/thruster_hardware
[1.444s] -- Up-to-date: /home/blue/ws_blue/install/thruster_hardware/include/thruster_hardware/thruster_hardware
[1.444s] -- Up-to-date: /home/blue/ws_blue/install/thruster_hardware/include/thruster_hardware/thruster_hardware/visibility_control.h
[1.444s] -- Up-to-date: /home/blue/ws_blue/install/thruster_hardware/include/thruster_hardware/thruster_hardware/hardware.hpp
[1.458s] -- Up-to-date: /home/blue/ws_blue/install/thruster_hardware/lib/libthruster_hardware.so
[1.572s] -- Up-to-date: /home/blue/ws_blue/install/thruster_hardware/share/thruster_hardware/environment/library_path.sh
[1.599s] -- Up-to-date: /home/blue/ws_blue/install/thruster_hardware/share/thruster_hardware/environment/library_path.dsv
[1.641s] -- Up-to-date: /home/blue/ws_blue/install/thruster_hardware/share/ament_index/resource_index/package_run_dependencies/thruster_hardware
[1.650s] -- Up-to-date: /home/blue/ws_blue/install/thruster_hardware/share/ament_index/resource_index/parent_prefix_path/thruster_hardware
[1.666s] -- Up-to-date: /home/blue/ws_blue/install/thruster_hardware/share/thruster_hardware/environment/ament_prefix_path.sh
[1.679s] -- Up-to-date: /home/blue/ws_blue/install/thruster_hardware/share/thruster_hardware/environment/ament_prefix_path.dsv
[1.695s] -- Up-to-date: /home/blue/ws_blue/install/thruster_hardware/share/thruster_hardware/environment/path.sh
[1.705s] -- Up-to-date: /home/blue/ws_blue/install/thruster_hardware/share/thruster_hardware/environment/path.dsv
[1.766s] -- Up-to-date: /home/blue/ws_blue/install/thruster_hardware/share/thruster_hardware/local_setup.bash
[1.766s] -- Up-to-date: /home/blue/ws_blue/install/thruster_hardware/share/thruster_hardware/local_setup.sh
[1.771s] -- Up-to-date: /home/blue/ws_blue/install/thruster_hardware/share/thruster_hardware/local_setup.zsh
[1.791s] -- Up-to-date: /home/blue/ws_blue/install/thruster_hardware/share/thruster_hardware/local_setup.dsv
[1.851s] -- Installing: /home/blue/ws_blue/install/thruster_hardware/share/thruster_hardware/package.dsv
[1.851s] -- Up-to-date: /home/blue/ws_blue/install/thruster_hardware/share/ament_index/resource_index/packages/thruster_hardware
[1.851s] -- Up-to-date: /home/blue/ws_blue/install/thruster_hardware/share/ament_index/resource_index/hardware_interface__pluginlib__plugin/thruster_hardware
[1.875s] -- Up-to-date: /home/blue/ws_blue/install/thruster_hardware/share/thruster_hardware/cmake/export_thruster_hardwareExport.cmake
[1.920s] -- Up-to-date: /home/blue/ws_blue/install/thruster_hardware/share/thruster_hardware/cmake/export_thruster_hardwareExport-noconfig.cmake
[1.925s] -- Up-to-date: /home/blue/ws_blue/install/thruster_hardware/share/thruster_hardware/cmake/ament_cmake_export_targets-extras.cmake
[1.936s] -- Up-to-date: /home/blue/ws_blue/install/thruster_hardware/share/thruster_hardware/cmake/ament_cmake_export_dependencies-extras.cmake
[2.023s] -- Up-to-date: /home/blue/ws_blue/install/thruster_hardware/share/thruster_hardware/cmake/thruster_hardwareConfig.cmake
[2.024s] -- Up-to-date: /home/blue/ws_blue/install/thruster_hardware/share/thruster_hardware/cmake/thruster_hardwareConfig-version.cmake
[2.024s] -- Up-to-date: /home/blue/ws_blue/install/thruster_hardware/share/thruster_hardware/package.xml
[2.136s] Invoked command in '/home/blue/ws_blue/build/thruster_hardware' returned '0': CMAKE_PREFIX_PATH=${CMAKE_PREFIX_PATH}:/home/blue/ws_blue/install/blue_localization:/opt/ros/iron /usr/bin/cmake --install /home/blue/ws_blue/build/thruster_hardware
