[0.065s] Invoking command in '/home/blue/ws_blue/build/thruster_controllers': CMAKE_PREFIX_PATH=/opt/ros/iron /usr/bin/cmake --build /home/blue/ws_blue/build/thruster_controllers -- -j4 -l4
[0.336s] [ 33%] Built target polynomial_thrust_curve_controller_parameters
[0.394s] Consolidate compiler generated dependencies of target thruster_controllers
[0.483s] [100%] Built target thruster_controllers
[0.520s] Invoked command in '/home/blue/ws_blue/build/thruster_controllers' returned '0': CMAKE_PREFIX_PATH=/opt/ros/iron /usr/bin/cmake --build /home/blue/ws_blue/build/thruster_controllers -- -j4 -l4
[0.733s] Invoking command in '/home/blue/ws_blue/build/thruster_controllers': CMAKE_PREFIX_PATH=/opt/ros/iron /usr/bin/cmake --install /home/blue/ws_blue/build/thruster_controllers
[0.759s] -- Install configuration: ""
[0.760s] -- Up-to-date: /home/blue/ws_blue/install/thruster_controllers/include/polynomial_thrust_curve_controller_parameters
[0.760s] -- Up-to-date: /home/blue/ws_blue/install/thruster_controllers/include/polynomial_thrust_curve_controller_parameters/polynomial_thrust_curve_controller_parameters.hpp
[0.765s] -- Up-to-date: /home/blue/ws_blue/install/thruster_controllers/share/thruster_controllers/thruster_controllers.xml
[0.769s] -- Up-to-date: /home/blue/ws_blue/install/thruster_controllers/include/thruster_controllers
[0.769s] -- Up-to-date: /home/blue/ws_blue/install/thruster_controllers/include/thruster_controllers/thruster_controllers
[0.770s] -- Up-to-date: /home/blue/ws_blue/install/thruster_controllers/include/thruster_controllers/thruster_controllers/polynomial_thrust_curve_controller.hpp
[0.779s] -- Up-to-date: /home/blue/ws_blue/install/thruster_controllers/lib/libthruster_controllers.so
[0.809s] -- Up-to-date: /home/blue/ws_blue/install/thruster_controllers/share/thruster_controllers/environment/library_path.sh
[0.818s] -- Up-to-date: /home/blue/ws_blue/install/thruster_controllers/share/thruster_controllers/environment/library_path.dsv
[0.827s] -- Up-to-date: /home/blue/ws_blue/install/thruster_controllers/share/ament_index/resource_index/package_run_dependencies/thruster_controllers
[0.833s] -- Up-to-date: /home/blue/ws_blue/install/thruster_controllers/share/ament_index/resource_index/parent_prefix_path/thruster_controllers
[0.844s] -- Up-to-date: /home/blue/ws_blue/install/thruster_controllers/share/thruster_controllers/environment/ament_prefix_path.sh
[0.849s] -- Up-to-date: /home/blue/ws_blue/install/thruster_controllers/share/thruster_controllers/environment/ament_prefix_path.dsv
[0.850s] -- Up-to-date: /home/blue/ws_blue/install/thruster_controllers/share/thruster_controllers/environment/path.sh
[0.860s] -- Up-to-date: /home/blue/ws_blue/install/thruster_controllers/share/thruster_controllers/environment/path.dsv
[0.861s] -- Up-to-date: /home/blue/ws_blue/install/thruster_controllers/share/thruster_controllers/local_setup.bash
[0.868s] -- Up-to-date: /home/blue/ws_blue/install/thruster_controllers/share/thruster_controllers/local_setup.sh
[0.870s] -- Up-to-date: /home/blue/ws_blue/install/thruster_controllers/share/thruster_controllers/local_setup.zsh
[0.873s] -- Up-to-date: /home/blue/ws_blue/install/thruster_controllers/share/thruster_controllers/local_setup.dsv
[0.878s] -- Installing: /home/blue/ws_blue/install/thruster_controllers/share/thruster_controllers/package.dsv
[0.878s] -- Up-to-date: /home/blue/ws_blue/install/thruster_controllers/share/ament_index/resource_index/packages/thruster_controllers
[0.878s] -- Up-to-date: /home/blue/ws_blue/install/thruster_controllers/share/ament_index/resource_index/controller_interface__pluginlib__plugin/thruster_controllers
[0.879s] -- Up-to-date: /home/blue/ws_blue/install/thruster_controllers/share/thruster_controllers/cmake/export_thruster_controllersExport.cmake
[0.881s] -- Up-to-date: /home/blue/ws_blue/install/thruster_controllers/share/thruster_controllers/cmake/export_thruster_controllersExport-noconfig.cmake
[0.881s] -- Up-to-date: /home/blue/ws_blue/install/thruster_controllers/share/thruster_controllers/cmake/ament_cmake_export_targets-extras.cmake
[0.882s] -- Up-to-date: /home/blue/ws_blue/install/thruster_controllers/share/thruster_controllers/cmake/ament_cmake_export_dependencies-extras.cmake
[0.884s] -- Up-to-date: /home/blue/ws_blue/install/thruster_controllers/share/thruster_controllers/cmake/thruster_controllersConfig.cmake
[0.888s] -- Up-to-date: /home/blue/ws_blue/install/thruster_controllers/share/thruster_controllers/cmake/thruster_controllersConfig-version.cmake
[0.890s] -- Up-to-date: /home/blue/ws_blue/install/thruster_controllers/share/thruster_controllers/package.xml
[0.900s] Invoked command in '/home/blue/ws_blue/build/thruster_controllers' returned '0': CMAKE_PREFIX_PATH=/opt/ros/iron /usr/bin/cmake --install /home/blue/ws_blue/build/thruster_controllers
