-- The C compiler identification is GNU 11.4.0
-- The CXX compiler identification is GNU 11.4.0
-- Detecting C compiler ABI info
-- Detecting C compiler ABI info - done
-- Check for working C compiler: /usr/bin/cc - skipped
-- Detecting C compile features
-- Detecting C compile features - done
-- Detecting CXX compiler ABI info
-- Detecting CXX compiler ABI info - done
-- Check for working CXX compiler: /usr/bin/c++ - skipped
-- Detecting CXX compile features
-- Detecting CXX compile features - done
-- Found ament_cmake: 2.0.6 (/opt/ros/iron/share/ament_cmake/cmake)
-- Found Python3: /usr/bin/python3.10 (found version "3.10.12") found components: Interpreter 
-- Found std_msgs: 5.0.1 (/opt/ros/iron/share/std_msgs/cmake)
-- Found rosidl_generator_c: 4.0.1 (/opt/ros/iron/share/rosidl_generator_c/cmake)
-- Found rosidl_generator_cpp: 4.0.1 (/opt/ros/iron/share/rosidl_generator_cpp/cmake)
-- Using all available rosidl_typesupport_c: rosidl_typesupport_fastrtps_c;rosidl_typesupport_introspection_c
-- Using all available rosidl_typesupport_cpp: rosidl_typesupport_fastrtps_cpp;rosidl_typesupport_introspection_cpp
-- Found rosidl_default_generators: 1.5.0 (/opt/ros/iron/share/rosidl_default_generators/cmake)
-- Found rosidl_adapter: 4.0.1 (/opt/ros/iron/share/rosidl_adapter/cmake)
-- Found ament_cmake_ros: 0.11.2 (/opt/ros/iron/share/ament_cmake_ros/cmake)
-- Using all available rosidl_typesupport_c: rosidl_typesupport_fastrtps_c;rosidl_typesupport_introspection_c
-- Using all available rosidl_typesupport_cpp: rosidl_typesupport_fastrtps_cpp;rosidl_typesupport_introspection_cpp
-- Found PythonInterp: /usr/bin/python3 (found suitable version "3.10.12", minimum required is "3.6") 
-- Found python_cmake_module: 0.10.2 (/opt/ros/iron/share/python_cmake_module/cmake)
-- Found PythonLibs: /usr/lib/x86_64-linux-gnu/libpython3.10.so (found suitable version "3.10.12", minimum required is "3.5") 
-- Using PYTHON_EXECUTABLE: /usr/bin/python3
-- Using PYTHON_INCLUDE_DIRS: /usr/include/python3.10
-- Using PYTHON_LIBRARIES: /usr/lib/x86_64-linux-gnu/libpython3.10.so
-- Found PythonExtra: .so  
-- Configuring done
-- Generating done
-- Build files have been written to: /home/blue/ws_blue/build/auv_control_msgs
[  2%] Generating type hashes for ROS interfaces
[  2%] Built target ament_cmake_python_copy_auv_control_msgs
running egg_info
creating auv_control_msgs.egg-info
writing auv_control_msgs.egg-info/PKG-INFO
writing dependency_links to auv_control_msgs.egg-info/dependency_links.txt
writing top-level names to auv_control_msgs.egg-info/top_level.txt
writing manifest file 'auv_control_msgs.egg-info/SOURCES.txt'
reading manifest file 'auv_control_msgs.egg-info/SOURCES.txt'
writing manifest file 'auv_control_msgs.egg-info/SOURCES.txt'
[  2%] Built target ament_cmake_python_build_auv_control_msgs_egg
[  2%] Built target auv_control_msgs__rosidl_generator_type_description
[  5%] Generating C code for ROS interfaces
[  8%] Generating C++ code for ROS interfaces
[  8%] Built target auv_control_msgs__cpp
[ 11%] Building C object CMakeFiles/auv_control_msgs__rosidl_generator_c.dir/rosidl_generator_c/auv_control_msgs/msg/detail/multi_actuator_state_stamped__functions.c.o
[ 14%] Building C object CMakeFiles/auv_control_msgs__rosidl_generator_c.dir/rosidl_generator_c/auv_control_msgs/msg/detail/multi_actuator_state_stamped__description.c.o
[ 17%] Building C object CMakeFiles/auv_control_msgs__rosidl_generator_c.dir/rosidl_generator_c/auv_control_msgs/msg/detail/multi_actuator_state_stamped__type_support.c.o
[ 20%] Linking C shared library libauv_control_msgs__rosidl_generator_c.so
[ 20%] Built target auv_control_msgs__rosidl_generator_c
[ 23%] Generating C introspection for ROS interfaces
[ 26%] Generating C++ type support for eProsima Fast-RTPS
[ 29%] Generating C++ introspection for ROS interfaces
[ 32%] Generating C type support dispatch for ROS interfaces
[ 35%] Building CXX object CMakeFiles/auv_control_msgs__rosidl_typesupport_fastrtps_cpp.dir/rosidl_typesupport_fastrtps_cpp/auv_control_msgs/msg/detail/dds_fastrtps/multi_actuator_state_stamped__type_support.cpp.o
[ 38%] Building C object CMakeFiles/auv_control_msgs__rosidl_typesupport_introspection_c.dir/rosidl_typesupport_introspection_c/auv_control_msgs/msg/detail/multi_actuator_state_stamped__type_support.c.o
[ 41%] Building CXX object CMakeFiles/auv_control_msgs__rosidl_typesupport_c.dir/rosidl_typesupport_c/auv_control_msgs/msg/multi_actuator_state_stamped__type_support.cpp.o
[ 44%] Building CXX object CMakeFiles/auv_control_msgs__rosidl_typesupport_introspection_cpp.dir/rosidl_typesupport_introspection_cpp/auv_control_msgs/msg/detail/multi_actuator_state_stamped__type_support.cpp.o
[ 47%] Linking C shared library libauv_control_msgs__rosidl_typesupport_introspection_c.so
[ 50%] Linking CXX shared library libauv_control_msgs__rosidl_typesupport_c.so
[ 50%] Built target auv_control_msgs__rosidl_typesupport_introspection_c
[ 52%] Generating C++ type support dispatch for ROS interfaces
[ 52%] Built target auv_control_msgs__rosidl_typesupport_c
[ 55%] Linking CXX shared library libauv_control_msgs__rosidl_typesupport_fastrtps_cpp.so
[ 58%] Generating C type support for eProsima Fast-RTPS
[ 58%] Built target auv_control_msgs__rosidl_typesupport_fastrtps_cpp
[ 61%] Linking CXX shared library libauv_control_msgs__rosidl_typesupport_introspection_cpp.so
[ 61%] Built target auv_control_msgs__rosidl_typesupport_introspection_cpp
[ 64%] Building CXX object CMakeFiles/auv_control_msgs__rosidl_typesupport_cpp.dir/rosidl_typesupport_cpp/auv_control_msgs/msg/multi_actuator_state_stamped__type_support.cpp.o
[ 67%] Building CXX object CMakeFiles/auv_control_msgs__rosidl_typesupport_fastrtps_c.dir/rosidl_typesupport_fastrtps_c/auv_control_msgs/msg/detail/multi_actuator_state_stamped__type_support_c.cpp.o
[ 70%] Linking CXX shared library libauv_control_msgs__rosidl_typesupport_cpp.so
[ 70%] Built target auv_control_msgs__rosidl_typesupport_cpp
[ 73%] Linking CXX shared library libauv_control_msgs__rosidl_typesupport_fastrtps_c.so
[ 73%] Built target auv_control_msgs__rosidl_typesupport_fastrtps_c
[ 73%] Built target auv_control_msgs
[ 76%] Generating Python code for ROS interfaces
[ 76%] Built target auv_control_msgs__py
[ 79%] Building C object CMakeFiles/auv_control_msgs__rosidl_generator_py.dir/rosidl_generator_py/auv_control_msgs/msg/_multi_actuator_state_stamped_s.c.o
[ 82%] Linking C shared library rosidl_generator_py/auv_control_msgs/libauv_control_msgs__rosidl_generator_py.so
[ 82%] Built target auv_control_msgs__rosidl_generator_py
[ 85%] Building C object CMakeFiles/auv_control_msgs__rosidl_typesupport_fastrtps_c__pyext.dir/rosidl_generator_py/auv_control_msgs/_auv_control_msgs_s.ep.rosidl_typesupport_fastrtps_c.c.o
[ 88%] Building C object CMakeFiles/auv_control_msgs__rosidl_typesupport_introspection_c__pyext.dir/rosidl_generator_py/auv_control_msgs/_auv_control_msgs_s.ep.rosidl_typesupport_introspection_c.c.o
[ 91%] Building C object CMakeFiles/auv_control_msgs__rosidl_typesupport_c__pyext.dir/rosidl_generator_py/auv_control_msgs/_auv_control_msgs_s.ep.rosidl_typesupport_c.c.o
[ 94%] Linking C shared library rosidl_generator_py/auv_control_msgs/auv_control_msgs_s__rosidl_typesupport_fastrtps_c.cpython-310-x86_64-linux-gnu.so
[ 97%] Linking C shared library rosidl_generator_py/auv_control_msgs/auv_control_msgs_s__rosidl_typesupport_introspection_c.cpython-310-x86_64-linux-gnu.so
[ 97%] Built target auv_control_msgs__rosidl_typesupport_fastrtps_c__pyext
[100%] Linking C shared library rosidl_generator_py/auv_control_msgs/auv_control_msgs_s__rosidl_typesupport_c.cpython-310-x86_64-linux-gnu.so
[100%] Built target auv_control_msgs__rosidl_typesupport_introspection_c__pyext
[100%] Built target auv_control_msgs__rosidl_typesupport_c__pyext
-- Install configuration: ""
-- Installing: /home/blue/ws_blue/install/auv_control_msgs/share/ament_index/resource_index/rosidl_interfaces/auv_control_msgs
-- Installing: /home/blue/ws_blue/install/auv_control_msgs/share/auv_control_msgs/msg/MultiActuatorStateStamped.json
-- Installing: /home/blue/ws_blue/install/auv_control_msgs/include/auv_control_msgs/auv_control_msgs
-- Installing: /home/blue/ws_blue/install/auv_control_msgs/include/auv_control_msgs/auv_control_msgs/msg
-- Installing: /home/blue/ws_blue/install/auv_control_msgs/include/auv_control_msgs/auv_control_msgs/msg/rosidl_generator_c__visibility_control.h
-- Installing: /home/blue/ws_blue/install/auv_control_msgs/include/auv_control_msgs/auv_control_msgs/msg/detail
-- Installing: /home/blue/ws_blue/install/auv_control_msgs/include/auv_control_msgs/auv_control_msgs/msg/detail/multi_actuator_state_stamped__functions.h
-- Installing: /home/blue/ws_blue/install/auv_control_msgs/include/auv_control_msgs/auv_control_msgs/msg/detail/multi_actuator_state_stamped__description.c
-- Installing: /home/blue/ws_blue/install/auv_control_msgs/include/auv_control_msgs/auv_control_msgs/msg/detail/multi_actuator_state_stamped__struct.h
-- Installing: /home/blue/ws_blue/install/auv_control_msgs/include/auv_control_msgs/auv_control_msgs/msg/detail/multi_actuator_state_stamped__functions.c
-- Installing: /home/blue/ws_blue/install/auv_control_msgs/include/auv_control_msgs/auv_control_msgs/msg/detail/multi_actuator_state_stamped__type_support.c
-- Installing: /home/blue/ws_blue/install/auv_control_msgs/include/auv_control_msgs/auv_control_msgs/msg/detail/multi_actuator_state_stamped__type_support.h
-- Installing: /home/blue/ws_blue/install/auv_control_msgs/include/auv_control_msgs/auv_control_msgs/msg/multi_actuator_state_stamped.h
-- Installing: /home/blue/ws_blue/install/auv_control_msgs/share/auv_control_msgs/environment/library_path.sh
-- Installing: /home/blue/ws_blue/install/auv_control_msgs/share/auv_control_msgs/environment/library_path.dsv
-- Installing: /home/blue/ws_blue/install/auv_control_msgs/lib/libauv_control_msgs__rosidl_generator_c.so
-- Set runtime path of "/home/blue/ws_blue/install/auv_control_msgs/lib/libauv_control_msgs__rosidl_generator_c.so" to ""
-- Up-to-date: /home/blue/ws_blue/install/auv_control_msgs/include/auv_control_msgs/auv_control_msgs
-- Up-to-date: /home/blue/ws_blue/install/auv_control_msgs/include/auv_control_msgs/auv_control_msgs/msg
-- Up-to-date: /home/blue/ws_blue/install/auv_control_msgs/include/auv_control_msgs/auv_control_msgs/msg/detail
-- Installing: /home/blue/ws_blue/install/auv_control_msgs/include/auv_control_msgs/auv_control_msgs/msg/detail/multi_actuator_state_stamped__rosidl_typesupport_fastrtps_c.h
-- Installing: /home/blue/ws_blue/install/auv_control_msgs/include/auv_control_msgs/auv_control_msgs/msg/rosidl_typesupport_fastrtps_c__visibility_control.h
-- Installing: /home/blue/ws_blue/install/auv_control_msgs/lib/libauv_control_msgs__rosidl_typesupport_fastrtps_c.so
-- Set runtime path of "/home/blue/ws_blue/install/auv_control_msgs/lib/libauv_control_msgs__rosidl_typesupport_fastrtps_c.so" to ""
-- Up-to-date: /home/blue/ws_blue/install/auv_control_msgs/include/auv_control_msgs/auv_control_msgs
-- Up-to-date: /home/blue/ws_blue/install/auv_control_msgs/include/auv_control_msgs/auv_control_msgs/msg
-- Up-to-date: /home/blue/ws_blue/install/auv_control_msgs/include/auv_control_msgs/auv_control_msgs/msg/detail
-- Installing: /home/blue/ws_blue/install/auv_control_msgs/include/auv_control_msgs/auv_control_msgs/msg/detail/multi_actuator_state_stamped__traits.hpp
-- Installing: /home/blue/ws_blue/install/auv_control_msgs/include/auv_control_msgs/auv_control_msgs/msg/detail/multi_actuator_state_stamped__struct.hpp
-- Installing: /home/blue/ws_blue/install/auv_control_msgs/include/auv_control_msgs/auv_control_msgs/msg/detail/multi_actuator_state_stamped__builder.hpp
-- Installing: /home/blue/ws_blue/install/auv_control_msgs/include/auv_control_msgs/auv_control_msgs/msg/multi_actuator_state_stamped.hpp
-- Up-to-date: /home/blue/ws_blue/install/auv_control_msgs/include/auv_control_msgs/auv_control_msgs
-- Up-to-date: /home/blue/ws_blue/install/auv_control_msgs/include/auv_control_msgs/auv_control_msgs/msg
-- Up-to-date: /home/blue/ws_blue/install/auv_control_msgs/include/auv_control_msgs/auv_control_msgs/msg/detail
-- Installing: /home/blue/ws_blue/install/auv_control_msgs/include/auv_control_msgs/auv_control_msgs/msg/detail/multi_actuator_state_stamped__rosidl_typesupport_fastrtps_cpp.hpp
-- Installing: /home/blue/ws_blue/install/auv_control_msgs/include/auv_control_msgs/auv_control_msgs/msg/detail/dds_fastrtps
-- Installing: /home/blue/ws_blue/install/auv_control_msgs/include/auv_control_msgs/auv_control_msgs/msg/rosidl_typesupport_fastrtps_cpp__visibility_control.h
-- Installing: /home/blue/ws_blue/install/auv_control_msgs/lib/libauv_control_msgs__rosidl_typesupport_fastrtps_cpp.so
-- Set runtime path of "/home/blue/ws_blue/install/auv_control_msgs/lib/libauv_control_msgs__rosidl_typesupport_fastrtps_cpp.so" to ""
-- Up-to-date: /home/blue/ws_blue/install/auv_control_msgs/include/auv_control_msgs/auv_control_msgs
-- Up-to-date: /home/blue/ws_blue/install/auv_control_msgs/include/auv_control_msgs/auv_control_msgs/msg
-- Up-to-date: /home/blue/ws_blue/install/auv_control_msgs/include/auv_control_msgs/auv_control_msgs/msg/detail
-- Installing: /home/blue/ws_blue/install/auv_control_msgs/include/auv_control_msgs/auv_control_msgs/msg/detail/multi_actuator_state_stamped__rosidl_typesupport_introspection_c.h
-- Installing: /home/blue/ws_blue/install/auv_control_msgs/include/auv_control_msgs/auv_control_msgs/msg/detail/multi_actuator_state_stamped__type_support.c
-- Installing: /home/blue/ws_blue/install/auv_control_msgs/include/auv_control_msgs/auv_control_msgs/msg/rosidl_typesupport_introspection_c__visibility_control.h
-- Installing: /home/blue/ws_blue/install/auv_control_msgs/lib/libauv_control_msgs__rosidl_typesupport_introspection_c.so
-- Set runtime path of "/home/blue/ws_blue/install/auv_control_msgs/lib/libauv_control_msgs__rosidl_typesupport_introspection_c.so" to ""
-- Installing: /home/blue/ws_blue/install/auv_control_msgs/lib/libauv_control_msgs__rosidl_typesupport_c.so
-- Set runtime path of "/home/blue/ws_blue/install/auv_control_msgs/lib/libauv_control_msgs__rosidl_typesupport_c.so" to ""
-- Up-to-date: /home/blue/ws_blue/install/auv_control_msgs/include/auv_control_msgs/auv_control_msgs
-- Up-to-date: /home/blue/ws_blue/install/auv_control_msgs/include/auv_control_msgs/auv_control_msgs/msg
-- Up-to-date: /home/blue/ws_blue/install/auv_control_msgs/include/auv_control_msgs/auv_control_msgs/msg/detail
-- Installing: /home/blue/ws_blue/install/auv_control_msgs/include/auv_control_msgs/auv_control_msgs/msg/detail/multi_actuator_state_stamped__rosidl_typesupport_introspection_cpp.hpp
-- Installing: /home/blue/ws_blue/install/auv_control_msgs/include/auv_control_msgs/auv_control_msgs/msg/detail/multi_actuator_state_stamped__type_support.cpp
-- Installing: /home/blue/ws_blue/install/auv_control_msgs/lib/libauv_control_msgs__rosidl_typesupport_introspection_cpp.so
-- Set runtime path of "/home/blue/ws_blue/install/auv_control_msgs/lib/libauv_control_msgs__rosidl_typesupport_introspection_cpp.so" to ""
-- Installing: /home/blue/ws_blue/install/auv_control_msgs/lib/libauv_control_msgs__rosidl_typesupport_cpp.so
-- Set runtime path of "/home/blue/ws_blue/install/auv_control_msgs/lib/libauv_control_msgs__rosidl_typesupport_cpp.so" to ""
-- Installing: /home/blue/ws_blue/install/auv_control_msgs/share/auv_control_msgs/environment/pythonpath.sh
-- Installing: /home/blue/ws_blue/install/auv_control_msgs/share/auv_control_msgs/environment/pythonpath.dsv
-- Installing: /home/blue/ws_blue/install/auv_control_msgs/lib/python3.10/site-packages/auv_control_msgs-0.0.1-py3.10.egg-info
-- Installing: /home/blue/ws_blue/install/auv_control_msgs/lib/python3.10/site-packages/auv_control_msgs-0.0.1-py3.10.egg-info/top_level.txt
-- Installing: /home/blue/ws_blue/install/auv_control_msgs/lib/python3.10/site-packages/auv_control_msgs-0.0.1-py3.10.egg-info/dependency_links.txt
-- Installing: /home/blue/ws_blue/install/auv_control_msgs/lib/python3.10/site-packages/auv_control_msgs-0.0.1-py3.10.egg-info/PKG-INFO
-- Installing: /home/blue/ws_blue/install/auv_control_msgs/lib/python3.10/site-packages/auv_control_msgs-0.0.1-py3.10.egg-info/SOURCES.txt
-- Installing: /home/blue/ws_blue/install/auv_control_msgs/lib/python3.10/site-packages/auv_control_msgs
-- Installing: /home/blue/ws_blue/install/auv_control_msgs/lib/python3.10/site-packages/auv_control_msgs/auv_control_msgs_s__rosidl_typesupport_fastrtps_c.cpython-310-x86_64-linux-gnu.so
-- Installing: /home/blue/ws_blue/install/auv_control_msgs/lib/python3.10/site-packages/auv_control_msgs/_auv_control_msgs_s.ep.rosidl_typesupport_fastrtps_c.c
-- Installing: /home/blue/ws_blue/install/auv_control_msgs/lib/python3.10/site-packages/auv_control_msgs/libauv_control_msgs__rosidl_generator_py.so
-- Installing: /home/blue/ws_blue/install/auv_control_msgs/lib/python3.10/site-packages/auv_control_msgs/auv_control_msgs_s__rosidl_typesupport_c.cpython-310-x86_64-linux-gnu.so
-- Installing: /home/blue/ws_blue/install/auv_control_msgs/lib/python3.10/site-packages/auv_control_msgs/msg
-- Installing: /home/blue/ws_blue/install/auv_control_msgs/lib/python3.10/site-packages/auv_control_msgs/msg/_multi_actuator_state_stamped_s.c
-- Installing: /home/blue/ws_blue/install/auv_control_msgs/lib/python3.10/site-packages/auv_control_msgs/msg/__init__.py
-- Installing: /home/blue/ws_blue/install/auv_control_msgs/lib/python3.10/site-packages/auv_control_msgs/msg/_multi_actuator_state_stamped.py
-- Installing: /home/blue/ws_blue/install/auv_control_msgs/lib/python3.10/site-packages/auv_control_msgs/__init__.py
-- Installing: /home/blue/ws_blue/install/auv_control_msgs/lib/python3.10/site-packages/auv_control_msgs/_auv_control_msgs_s.ep.rosidl_typesupport_c.c
-- Installing: /home/blue/ws_blue/install/auv_control_msgs/lib/python3.10/site-packages/auv_control_msgs/_auv_control_msgs_s.ep.rosidl_typesupport_introspection_c.c
-- Installing: /home/blue/ws_blue/install/auv_control_msgs/lib/python3.10/site-packages/auv_control_msgs/auv_control_msgs_s__rosidl_typesupport_introspection_c.cpython-310-x86_64-linux-gnu.so
Listing '/home/blue/ws_blue/install/auv_control_msgs/lib/python3.10/site-packages/auv_control_msgs'...
Compiling '/home/blue/ws_blue/install/auv_control_msgs/lib/python3.10/site-packages/auv_control_msgs/__init__.py'...
Listing '/home/blue/ws_blue/install/auv_control_msgs/lib/python3.10/site-packages/auv_control_msgs/msg'...
Compiling '/home/blue/ws_blue/install/auv_control_msgs/lib/python3.10/site-packages/auv_control_msgs/msg/__init__.py'...
Compiling '/home/blue/ws_blue/install/auv_control_msgs/lib/python3.10/site-packages/auv_control_msgs/msg/_multi_actuator_state_stamped.py'...
-- Installing: /home/blue/ws_blue/install/auv_control_msgs/lib/python3.10/site-packages/auv_control_msgs/auv_control_msgs_s__rosidl_typesupport_fastrtps_c.cpython-310-x86_64-linux-gnu.so
-- Set runtime path of "/home/blue/ws_blue/install/auv_control_msgs/lib/python3.10/site-packages/auv_control_msgs/auv_control_msgs_s__rosidl_typesupport_fastrtps_c.cpython-310-x86_64-linux-gnu.so" to ""
-- Installing: /home/blue/ws_blue/install/auv_control_msgs/lib/python3.10/site-packages/auv_control_msgs/auv_control_msgs_s__rosidl_typesupport_introspection_c.cpython-310-x86_64-linux-gnu.so
-- Set runtime path of "/home/blue/ws_blue/install/auv_control_msgs/lib/python3.10/site-packages/auv_control_msgs/auv_control_msgs_s__rosidl_typesupport_introspection_c.cpython-310-x86_64-linux-gnu.so" to ""
-- Installing: /home/blue/ws_blue/install/auv_control_msgs/lib/python3.10/site-packages/auv_control_msgs/auv_control_msgs_s__rosidl_typesupport_c.cpython-310-x86_64-linux-gnu.so
-- Set runtime path of "/home/blue/ws_blue/install/auv_control_msgs/lib/python3.10/site-packages/auv_control_msgs/auv_control_msgs_s__rosidl_typesupport_c.cpython-310-x86_64-linux-gnu.so" to ""
-- Installing: /home/blue/ws_blue/install/auv_control_msgs/lib/libauv_control_msgs__rosidl_generator_py.so
-- Set runtime path of "/home/blue/ws_blue/install/auv_control_msgs/lib/libauv_control_msgs__rosidl_generator_py.so" to ""
-- Installing: /home/blue/ws_blue/install/auv_control_msgs/share/auv_control_msgs/msg/MultiActuatorStateStamped.idl
-- Installing: /home/blue/ws_blue/install/auv_control_msgs/share/auv_control_msgs/msg/MultiActuatorStateStamped.msg
-- Installing: /home/blue/ws_blue/install/auv_control_msgs/share/ament_index/resource_index/package_run_dependencies/auv_control_msgs
-- Installing: /home/blue/ws_blue/install/auv_control_msgs/share/ament_index/resource_index/parent_prefix_path/auv_control_msgs
-- Installing: /home/blue/ws_blue/install/auv_control_msgs/share/auv_control_msgs/environment/ament_prefix_path.sh
-- Installing: /home/blue/ws_blue/install/auv_control_msgs/share/auv_control_msgs/environment/ament_prefix_path.dsv
-- Installing: /home/blue/ws_blue/install/auv_control_msgs/share/auv_control_msgs/environment/path.sh
-- Installing: /home/blue/ws_blue/install/auv_control_msgs/share/auv_control_msgs/environment/path.dsv
-- Installing: /home/blue/ws_blue/install/auv_control_msgs/share/auv_control_msgs/local_setup.bash
-- Installing: /home/blue/ws_blue/install/auv_control_msgs/share/auv_control_msgs/local_setup.sh
-- Installing: /home/blue/ws_blue/install/auv_control_msgs/share/auv_control_msgs/local_setup.zsh
-- Installing: /home/blue/ws_blue/install/auv_control_msgs/share/auv_control_msgs/local_setup.dsv
-- Installing: /home/blue/ws_blue/install/auv_control_msgs/share/auv_control_msgs/package.dsv
-- Installing: /home/blue/ws_blue/install/auv_control_msgs/share/ament_index/resource_index/packages/auv_control_msgs
-- Installing: /home/blue/ws_blue/install/auv_control_msgs/share/auv_control_msgs/cmake/export_auv_control_msgs__rosidl_generator_cExport.cmake
-- Installing: /home/blue/ws_blue/install/auv_control_msgs/share/auv_control_msgs/cmake/export_auv_control_msgs__rosidl_generator_cExport-noconfig.cmake
-- Installing: /home/blue/ws_blue/install/auv_control_msgs/share/auv_control_msgs/cmake/export_auv_control_msgs__rosidl_typesupport_fastrtps_cExport.cmake
-- Installing: /home/blue/ws_blue/install/auv_control_msgs/share/auv_control_msgs/cmake/export_auv_control_msgs__rosidl_typesupport_fastrtps_cExport-noconfig.cmake
-- Installing: /home/blue/ws_blue/install/auv_control_msgs/share/auv_control_msgs/cmake/export_auv_control_msgs__rosidl_generator_cppExport.cmake
-- Installing: /home/blue/ws_blue/install/auv_control_msgs/share/auv_control_msgs/cmake/export_auv_control_msgs__rosidl_typesupport_fastrtps_cppExport.cmake
-- Installing: /home/blue/ws_blue/install/auv_control_msgs/share/auv_control_msgs/cmake/export_auv_control_msgs__rosidl_typesupport_fastrtps_cppExport-noconfig.cmake
-- Installing: /home/blue/ws_blue/install/auv_control_msgs/share/auv_control_msgs/cmake/auv_control_msgs__rosidl_typesupport_introspection_cExport.cmake
-- Installing: /home/blue/ws_blue/install/auv_control_msgs/share/auv_control_msgs/cmake/auv_control_msgs__rosidl_typesupport_introspection_cExport-noconfig.cmake
-- Installing: /home/blue/ws_blue/install/auv_control_msgs/share/auv_control_msgs/cmake/auv_control_msgs__rosidl_typesupport_cExport.cmake
-- Installing: /home/blue/ws_blue/install/auv_control_msgs/share/auv_control_msgs/cmake/auv_control_msgs__rosidl_typesupport_cExport-noconfig.cmake
-- Installing: /home/blue/ws_blue/install/auv_control_msgs/share/auv_control_msgs/cmake/auv_control_msgs__rosidl_typesupport_introspection_cppExport.cmake
-- Installing: /home/blue/ws_blue/install/auv_control_msgs/share/auv_control_msgs/cmake/auv_control_msgs__rosidl_typesupport_introspection_cppExport-noconfig.cmake
-- Installing: /home/blue/ws_blue/install/auv_control_msgs/share/auv_control_msgs/cmake/auv_control_msgs__rosidl_typesupport_cppExport.cmake
-- Installing: /home/blue/ws_blue/install/auv_control_msgs/share/auv_control_msgs/cmake/auv_control_msgs__rosidl_typesupport_cppExport-noconfig.cmake
-- Installing: /home/blue/ws_blue/install/auv_control_msgs/share/auv_control_msgs/cmake/export_auv_control_msgs__rosidl_generator_pyExport.cmake
-- Installing: /home/blue/ws_blue/install/auv_control_msgs/share/auv_control_msgs/cmake/export_auv_control_msgs__rosidl_generator_pyExport-noconfig.cmake
-- Installing: /home/blue/ws_blue/install/auv_control_msgs/share/auv_control_msgs/cmake/rosidl_cmake-extras.cmake
-- Installing: /home/blue/ws_blue/install/auv_control_msgs/share/auv_control_msgs/cmake/ament_cmake_export_dependencies-extras.cmake
-- Installing: /home/blue/ws_blue/install/auv_control_msgs/share/auv_control_msgs/cmake/ament_cmake_export_include_directories-extras.cmake
-- Installing: /home/blue/ws_blue/install/auv_control_msgs/share/auv_control_msgs/cmake/ament_cmake_export_libraries-extras.cmake
-- Installing: /home/blue/ws_blue/install/auv_control_msgs/share/auv_control_msgs/cmake/ament_cmake_export_targets-extras.cmake
-- Installing: /home/blue/ws_blue/install/auv_control_msgs/share/auv_control_msgs/cmake/rosidl_cmake_export_typesupport_targets-extras.cmake
-- Installing: /home/blue/ws_blue/install/auv_control_msgs/share/auv_control_msgs/cmake/rosidl_cmake_export_typesupport_libraries-extras.cmake
-- Installing: /home/blue/ws_blue/install/auv_control_msgs/share/auv_control_msgs/cmake/auv_control_msgsConfig.cmake
-- Installing: /home/blue/ws_blue/install/auv_control_msgs/share/auv_control_msgs/cmake/auv_control_msgsConfig-version.cmake
-- Installing: /home/blue/ws_blue/install/auv_control_msgs/share/auv_control_msgs/package.xml
