[0.177s] Invoking command in '/home/blue/ws_blue/build/ardusub_teleop': CMAKE_PREFIX_PATH=${CMAKE_PREFIX_PATH}:/home/blue/ws_blue/install/blue_localization:/opt/ros/iron /usr/bin/cmake --build /home/blue/ws_blue/build/ardusub_teleop -- -j18 -l18
[0.690s] [100%] Built target joy_interface
[0.738s] Invoked command in '/home/blue/ws_blue/build/ardusub_teleop' returned '0': CMAKE_PREFIX_PATH=${CMAKE_PREFIX_PATH}:/home/blue/ws_blue/install/blue_localization:/opt/ros/iron /usr/bin/cmake --build /home/blue/ws_blue/build/ardusub_teleop -- -j18 -l18
[1.072s] Invoking command in '/home/blue/ws_blue/build/ardusub_teleop': CMAKE_PREFIX_PATH=${CMAKE_PREFIX_PATH}:/home/blue/ws_blue/install/blue_localization:/opt/ros/iron /usr/bin/cmake --install /home/blue/ws_blue/build/ardusub_teleop
[1.127s] -- Install configuration: ""
[1.127s] -- Up-to-date: /home/blue/ws_blue/install/ardusub_teleop/lib/ardusub_teleop/joy_interface
[1.127s] -- Up-to-date: /home/blue/ws_blue/install/ardusub_teleop/share/ardusub_teleop/config
[1.127s] -- Up-to-date: /home/blue/ws_blue/install/ardusub_teleop/share/ardusub_teleop/config/joy_teleop.yaml
[1.127s] -- Up-to-date: /home/blue/ws_blue/install/ardusub_teleop/share/ardusub_teleop/launch
[1.127s] -- Up-to-date: /home/blue/ws_blue/install/ardusub_teleop/share/ardusub_teleop/launch/teleop.launch.yaml
[1.127s] -- Up-to-date: /home/blue/ws_blue/install/ardusub_teleop/share/ament_index/resource_index/package_run_dependencies/ardusub_teleop
[1.127s] -- Up-to-date: /home/blue/ws_blue/install/ardusub_teleop/share/ament_index/resource_index/parent_prefix_path/ardusub_teleop
[1.127s] -- Up-to-date: /home/blue/ws_blue/install/ardusub_teleop/share/ardusub_teleop/environment/ament_prefix_path.sh
[1.127s] -- Up-to-date: /home/blue/ws_blue/install/ardusub_teleop/share/ardusub_teleop/environment/ament_prefix_path.dsv
[1.133s] -- Up-to-date: /home/blue/ws_blue/install/ardusub_teleop/share/ardusub_teleop/environment/path.sh
[1.133s] -- Up-to-date: /home/blue/ws_blue/install/ardusub_teleop/share/ardusub_teleop/environment/path.dsv
[1.133s] -- Up-to-date: /home/blue/ws_blue/install/ardusub_teleop/share/ardusub_teleop/local_setup.bash
[1.133s] -- Up-to-date: /home/blue/ws_blue/install/ardusub_teleop/share/ardusub_teleop/local_setup.sh
[1.133s] -- Up-to-date: /home/blue/ws_blue/install/ardusub_teleop/share/ardusub_teleop/local_setup.zsh
[1.133s] -- Up-to-date: /home/blue/ws_blue/install/ardusub_teleop/share/ardusub_teleop/local_setup.dsv
[1.134s] -- Installing: /home/blue/ws_blue/install/ardusub_teleop/share/ardusub_teleop/package.dsv
[1.134s] -- Up-to-date: /home/blue/ws_blue/install/ardusub_teleop/share/ament_index/resource_index/packages/ardusub_teleop
[1.134s] -- Up-to-date: /home/blue/ws_blue/install/ardusub_teleop/share/ardusub_teleop/cmake/ardusub_teleopConfig.cmake
[1.137s] -- Up-to-date: /home/blue/ws_blue/install/ardusub_teleop/share/ardusub_teleop/cmake/ardusub_teleopConfig-version.cmake
[1.137s] -- Up-to-date: /home/blue/ws_blue/install/ardusub_teleop/share/ardusub_teleop/package.xml
[1.302s] Invoked command in '/home/blue/ws_blue/build/ardusub_teleop' returned '0': CMAKE_PREFIX_PATH=${CMAKE_PREFIX_PATH}:/home/blue/ws_blue/install/blue_localization:/opt/ros/iron /usr/bin/cmake --install /home/blue/ws_blue/build/ardusub_teleop
