[0.133s] Invoking command in '/home/blue/ws_blue/build/hydrodynamics': CMAKE_PREFIX_PATH=${CMAKE_PREFIX_PATH}:/home/blue/ws_blue/install/blue_localization:/opt/ros/iron /usr/bin/cmake --build /home/blue/ws_blue/build/hydrodynamics -- -j18 -l18
[0.491s] [100%] Built target hydrodynamics
[0.530s] Invoked command in '/home/blue/ws_blue/build/hydrodynamics' returned '0': CMAKE_PREFIX_PATH=${CMAKE_PREFIX_PATH}:/home/blue/ws_blue/install/blue_localization:/opt/ros/iron /usr/bin/cmake --build /home/blue/ws_blue/build/hydrodynamics -- -j18 -l18
[0.698s] Invoking command in '/home/blue/ws_blue/build/hydrodynamics': CMAKE_PREFIX_PATH=${CMAKE_PREFIX_PATH}:/home/blue/ws_blue/install/blue_localization:/opt/ros/iron /usr/bin/cmake --install /home/blue/ws_blue/build/hydrodynamics
[0.748s] -- Install configuration: ""
[0.748s] -- Up-to-date: /home/blue/ws_blue/install/hydrodynamics/include/hydrodynamics
[0.748s] -- Up-to-date: /home/blue/ws_blue/install/hydrodynamics/include/hydrodynamics/hydrodynamics
[0.749s] -- Up-to-date: /home/blue/ws_blue/install/hydrodynamics/include/hydrodynamics/hydrodynamics/hydrodynamics.hpp
[0.749s] -- Up-to-date: /home/blue/ws_blue/install/hydrodynamics/include/hydrodynamics/hydrodynamics/eigen.hpp
[0.749s] -- Up-to-date: /home/blue/ws_blue/install/hydrodynamics/lib/libhydrodynamics.so
[0.749s] -- Up-to-date: /home/blue/ws_blue/install/hydrodynamics/share/hydrodynamics/environment/library_path.sh
[0.749s] -- Up-to-date: /home/blue/ws_blue/install/hydrodynamics/share/hydrodynamics/environment/library_path.dsv
[0.750s] -- Up-to-date: /home/blue/ws_blue/install/hydrodynamics/share/ament_index/resource_index/package_run_dependencies/hydrodynamics
[0.750s] -- Up-to-date: /home/blue/ws_blue/install/hydrodynamics/share/ament_index/resource_index/parent_prefix_path/hydrodynamics
[0.750s] -- Up-to-date: /home/blue/ws_blue/install/hydrodynamics/share/hydrodynamics/environment/ament_prefix_path.sh
[0.750s] -- Up-to-date: /home/blue/ws_blue/install/hydrodynamics/share/hydrodynamics/environment/ament_prefix_path.dsv
[0.750s] -- Up-to-date: /home/blue/ws_blue/install/hydrodynamics/share/hydrodynamics/environment/path.sh
[0.751s] -- Up-to-date: /home/blue/ws_blue/install/hydrodynamics/share/hydrodynamics/environment/path.dsv
[0.751s] -- Up-to-date: /home/blue/ws_blue/install/hydrodynamics/share/hydrodynamics/local_setup.bash
[0.751s] -- Up-to-date: /home/blue/ws_blue/install/hydrodynamics/share/hydrodynamics/local_setup.sh
[0.751s] -- Up-to-date: /home/blue/ws_blue/install/hydrodynamics/share/hydrodynamics/local_setup.zsh
[0.751s] -- Up-to-date: /home/blue/ws_blue/install/hydrodynamics/share/hydrodynamics/local_setup.dsv
[0.751s] -- Installing: /home/blue/ws_blue/install/hydrodynamics/share/hydrodynamics/package.dsv
[0.751s] -- Up-to-date: /home/blue/ws_blue/install/hydrodynamics/share/ament_index/resource_index/packages/hydrodynamics
[0.751s] -- Up-to-date: /home/blue/ws_blue/install/hydrodynamics/share/hydrodynamics/cmake/export_hydrodynamicsExport.cmake
[0.751s] -- Up-to-date: /home/blue/ws_blue/install/hydrodynamics/share/hydrodynamics/cmake/export_hydrodynamicsExport-noconfig.cmake
[0.751s] -- Up-to-date: /home/blue/ws_blue/install/hydrodynamics/share/hydrodynamics/cmake/ament_cmake_export_targets-extras.cmake
[0.751s] -- Up-to-date: /home/blue/ws_blue/install/hydrodynamics/share/hydrodynamics/cmake/ament_cmake_export_dependencies-extras.cmake
[0.751s] -- Up-to-date: /home/blue/ws_blue/install/hydrodynamics/share/hydrodynamics/cmake/hydrodynamicsConfig.cmake
[0.752s] -- Up-to-date: /home/blue/ws_blue/install/hydrodynamics/share/hydrodynamics/cmake/hydrodynamicsConfig-version.cmake
[0.752s] -- Up-to-date: /home/blue/ws_blue/install/hydrodynamics/share/hydrodynamics/package.xml
[0.794s] Invoked command in '/home/blue/ws_blue/build/hydrodynamics' returned '0': CMAKE_PREFIX_PATH=${CMAKE_PREFIX_PATH}:/home/blue/ws_blue/install/blue_localization:/opt/ros/iron /usr/bin/cmake --install /home/blue/ws_blue/build/hydrodynamics
