[0.347s] Invoking command in '/home/blue/ws_blue/build/blue_demos': CMAKE_PREFIX_PATH=${CMAKE_PREFIX_PATH}:/home/blue/ws_blue/install/blue_localization:/opt/ros/iron /usr/bin/cmake --build /home/blue/ws_blue/build/blue_demos -- -j18 -l18
[1.150s] Invoked command in '/home/blue/ws_blue/build/blue_demos' returned '0': CMAKE_PREFIX_PATH=${CMAKE_PREFIX_PATH}:/home/blue/ws_blue/install/blue_localization:/opt/ros/iron /usr/bin/cmake --build /home/blue/ws_blue/build/blue_demos -- -j18 -l18
[1.294s] Invoking command in '/home/blue/ws_blue/build/blue_demos': CMAKE_PREFIX_PATH=${CMAKE_PREFIX_PATH}:/home/blue/ws_blue/install/blue_localization:/opt/ros/iron /usr/bin/cmake --install /home/blue/ws_blue/build/blue_demos
[1.325s] -- Install configuration: ""
[1.325s] -- Up-to-date: /home/blue/ws_blue/install/blue_demos/share/blue_demos/control_integration/launch
[1.369s] -- Up-to-date: /home/blue/ws_blue/install/blue_demos/share/blue_demos/control_integration/launch/bluerov2_heavy_controllers.launch.py
[1.369s] -- Up-to-date: /home/blue/ws_blue/install/blue_demos/share/blue_demos/control_integration/launch/bluerov2_controllers.launch.py
[1.370s] -- Up-to-date: /home/blue/ws_blue/install/blue_demos/share/blue_demos/control_integration/launch/bluerov2_demo.launch.yaml
[1.386s] -- Up-to-date: /home/blue/ws_blue/install/blue_demos/share/blue_demos/control_integration/launch/bluerov2_heavy_demo.launch.yaml
[1.432s] -- Up-to-date: /home/blue/ws_blue/install/blue_demos/share/blue_demos/control_integration/config
[1.432s] -- Up-to-date: /home/blue/ws_blue/install/blue_demos/share/blue_demos/control_integration/config/transforms.yaml
[1.433s] -- Up-to-date: /home/blue/ws_blue/install/blue_demos/share/blue_demos/control_integration/config/bluerov2_heavy_controllers.yaml
[1.438s] -- Up-to-date: /home/blue/ws_blue/install/blue_demos/share/blue_demos/control_integration/config/bluerov2_controllers.yaml
[1.485s] -- Up-to-date: /home/blue/ws_blue/install/blue_demos/share/blue_demos/control_integration/description
[1.485s] -- Up-to-date: /home/blue/ws_blue/install/blue_demos/share/blue_demos/control_integration/description/ros2_control
[1.486s] -- Up-to-date: /home/blue/ws_blue/install/blue_demos/share/blue_demos/control_integration/description/ros2_control/bluerov2_heavy.ros2_control.xacro
[1.486s] -- Up-to-date: /home/blue/ws_blue/install/blue_demos/share/blue_demos/control_integration/description/ros2_control/bluerov2.ros2_control.xacro
[1.518s] -- Up-to-date: /home/blue/ws_blue/install/blue_demos/share/blue_demos/control_integration/description/urdf
[1.523s] -- Up-to-date: /home/blue/ws_blue/install/blue_demos/share/blue_demos/control_integration/description/urdf/bluerov2.config.xacro
[1.537s] -- Up-to-date: /home/blue/ws_blue/install/blue_demos/share/blue_demos/control_integration/description/urdf/bluerov2_heavy.config.xacro
[1.550s] -- Up-to-date: /home/blue/ws_blue/install/blue_demos/share/blue_demos/teleoperation/launch
[1.557s] -- Up-to-date: /home/blue/ws_blue/install/blue_demos/share/blue_demos/teleoperation/launch/joy_teleop.launch.yaml
[1.591s] -- Up-to-date: /home/blue/ws_blue/install/blue_demos/share/blue_demos/teleoperation/config
[1.594s] -- Up-to-date: /home/blue/ws_blue/install/blue_demos/share/blue_demos/teleoperation/config/joy_teleop.yaml
[1.610s] -- Up-to-date: /home/blue/ws_blue/install/blue_demos/share/blue_demos/teleoperation/config/transforms.yaml
[1.658s] -- Up-to-date: /home/blue/ws_blue/install/blue_demos/share/ament_index/resource_index/package_run_dependencies/blue_demos
[1.715s] -- Up-to-date: /home/blue/ws_blue/install/blue_demos/share/ament_index/resource_index/parent_prefix_path/blue_demos
[1.746s] -- Up-to-date: /home/blue/ws_blue/install/blue_demos/share/blue_demos/environment/ament_prefix_path.sh
[1.786s] -- Up-to-date: /home/blue/ws_blue/install/blue_demos/share/blue_demos/environment/ament_prefix_path.dsv
[1.803s] -- Up-to-date: /home/blue/ws_blue/install/blue_demos/share/blue_demos/environment/path.sh
[1.814s] -- Up-to-date: /home/blue/ws_blue/install/blue_demos/share/blue_demos/environment/path.dsv
[1.836s] -- Up-to-date: /home/blue/ws_blue/install/blue_demos/share/blue_demos/local_setup.bash
[1.843s] -- Up-to-date: /home/blue/ws_blue/install/blue_demos/share/blue_demos/local_setup.sh
[1.911s] -- Up-to-date: /home/blue/ws_blue/install/blue_demos/share/blue_demos/local_setup.zsh
[1.914s] -- Up-to-date: /home/blue/ws_blue/install/blue_demos/share/blue_demos/local_setup.dsv
[1.924s] -- Installing: /home/blue/ws_blue/install/blue_demos/share/blue_demos/package.dsv
[1.927s] -- Up-to-date: /home/blue/ws_blue/install/blue_demos/share/ament_index/resource_index/packages/blue_demos
[1.934s] -- Up-to-date: /home/blue/ws_blue/install/blue_demos/share/blue_demos/cmake/blue_demosConfig.cmake
[1.991s] -- Up-to-date: /home/blue/ws_blue/install/blue_demos/share/blue_demos/cmake/blue_demosConfig-version.cmake
[2.016s] -- Up-to-date: /home/blue/ws_blue/install/blue_demos/share/blue_demos/package.xml
[2.248s] Invoked command in '/home/blue/ws_blue/build/blue_demos' returned '0': CMAKE_PREFIX_PATH=${CMAKE_PREFIX_PATH}:/home/blue/ws_blue/install/blue_localization:/opt/ros/iron /usr/bin/cmake --install /home/blue/ws_blue/build/blue_demos
