[0.291s] Invoking command in '/home/blue/ws_blue/build/ardusub_bringup': CMAKE_PREFIX_PATH=${CMAKE_PREFIX_PATH}:/home/blue/ws_blue/install/blue_localization:/opt/ros/iron /usr/bin/cmake --build /home/blue/ws_blue/build/ardusub_bringup -- -j18 -l18
[1.159s] Invoked command in '/home/blue/ws_blue/build/ardusub_bringup' returned '0': CMAKE_PREFIX_PATH=${CMAKE_PREFIX_PATH}:/home/blue/ws_blue/install/blue_localization:/opt/ros/iron /usr/bin/cmake --build /home/blue/ws_blue/build/ardusub_bringup -- -j18 -l18
[1.315s] Invoking command in '/home/blue/ws_blue/build/ardusub_bringup': CMAKE_PREFIX_PATH=${CMAKE_PREFIX_PATH}:/home/blue/ws_blue/install/blue_localization:/opt/ros/iron /usr/bin/cmake --install /home/blue/ws_blue/build/ardusub_bringup
[1.330s] -- Install configuration: ""
[1.341s] -- Up-to-date: /home/blue/ws_blue/install/ardusub_bringup/share/ardusub_bringup/launch
[1.345s] -- Up-to-date: /home/blue/ws_blue/install/ardusub_bringup/share/ardusub_bringup/launch/sitl.launch.yaml
[1.349s] -- Up-to-date: /home/blue/ws_blue/install/ardusub_bringup/share/ardusub_bringup/launch/ardusub.launch.yaml
[1.356s] -- Up-to-date: /home/blue/ws_blue/install/ardusub_bringup/share/ament_index/resource_index/package_run_dependencies/ardusub_bringup
[1.379s] -- Up-to-date: /home/blue/ws_blue/install/ardusub_bringup/share/ament_index/resource_index/parent_prefix_path/ardusub_bringup
[1.423s] -- Up-to-date: /home/blue/ws_blue/install/ardusub_bringup/share/ardusub_bringup/environment/ament_prefix_path.sh
[1.423s] -- Up-to-date: /home/blue/ws_blue/install/ardusub_bringup/share/ardusub_bringup/environment/ament_prefix_path.dsv
[1.446s] -- Up-to-date: /home/blue/ws_blue/install/ardusub_bringup/share/ardusub_bringup/environment/path.sh
[1.482s] -- Up-to-date: /home/blue/ws_blue/install/ardusub_bringup/share/ardusub_bringup/environment/path.dsv
[1.485s] -- Up-to-date: /home/blue/ws_blue/install/ardusub_bringup/share/ardusub_bringup/local_setup.bash
[1.492s] -- Up-to-date: /home/blue/ws_blue/install/ardusub_bringup/share/ardusub_bringup/local_setup.sh
[1.538s] -- Up-to-date: /home/blue/ws_blue/install/ardusub_bringup/share/ardusub_bringup/local_setup.zsh
[1.548s] -- Up-to-date: /home/blue/ws_blue/install/ardusub_bringup/share/ardusub_bringup/local_setup.dsv
[1.551s] -- Installing: /home/blue/ws_blue/install/ardusub_bringup/share/ardusub_bringup/package.dsv
[1.551s] -- Up-to-date: /home/blue/ws_blue/install/ardusub_bringup/share/ament_index/resource_index/packages/ardusub_bringup
[1.557s] -- Up-to-date: /home/blue/ws_blue/install/ardusub_bringup/share/ardusub_bringup/cmake/ardusub_bringupConfig.cmake
[1.572s] -- Up-to-date: /home/blue/ws_blue/install/ardusub_bringup/share/ardusub_bringup/cmake/ardusub_bringupConfig-version.cmake
[1.587s] -- Up-to-date: /home/blue/ws_blue/install/ardusub_bringup/share/ardusub_bringup/package.xml
[1.644s] Invoked command in '/home/blue/ws_blue/build/ardusub_bringup' returned '0': CMAKE_PREFIX_PATH=${CMAKE_PREFIX_PATH}:/home/blue/ws_blue/install/blue_localization:/opt/ros/iron /usr/bin/cmake --install /home/blue/ws_blue/build/ardusub_bringup
