[0.645s] Invoking command in '/home/blue/ws_blue/build/thruster_hardware': CMAKE_PREFIX_PATH=${CMAKE_PREFIX_PATH}:/home/blue/ws_blue/install/blue_localization:/opt/ros/iron /usr/bin/cmake --build /home/blue/ws_blue/build/thruster_hardware -- -j18 -l18
[0.905s] [100%] Built target thruster_hardware
[1.188s] Invoked command in '/home/blue/ws_blue/build/thruster_hardware' returned '0': CMAKE_PREFIX_PATH=${CMAKE_PREFIX_PATH}:/home/blue/ws_blue/install/blue_localization:/opt/ros/iron /usr/bin/cmake --build /home/blue/ws_blue/build/thruster_hardware -- -j18 -l18
[1.482s] Invoking command in '/home/blue/ws_blue/build/thruster_hardware': CMAKE_PREFIX_PATH=${CMAKE_PREFIX_PATH}:/home/blue/ws_blue/install/blue_localization:/opt/ros/iron /usr/bin/cmake --install /home/blue/ws_blue/build/thruster_hardware
[1.534s] -- Install configuration: ""
[1.534s] -- Up-to-date: /home/blue/ws_blue/install/thruster_hardware/share/thruster_hardware/thruster_hardware.xml
[1.534s] -- Up-to-date: /home/blue/ws_blue/install/thruster_hardware/include/thruster_hardware
[1.534s] -- Up-to-date: /home/blue/ws_blue/install/thruster_hardware/include/thruster_hardware/thruster_hardware
[1.534s] -- Up-to-date: /home/blue/ws_blue/install/thruster_hardware/include/thruster_hardware/thruster_hardware/visibility_control.h
[1.535s] -- Up-to-date: /home/blue/ws_blue/install/thruster_hardware/include/thruster_hardware/thruster_hardware/hardware.hpp
[1.535s] -- Up-to-date: /home/blue/ws_blue/install/thruster_hardware/lib/libthruster_hardware.so
[1.535s] -- Up-to-date: /home/blue/ws_blue/install/thruster_hardware/share/thruster_hardware/environment/library_path.sh
[1.535s] -- Up-to-date: /home/blue/ws_blue/install/thruster_hardware/share/thruster_hardware/environment/library_path.dsv
[1.536s] -- Up-to-date: /home/blue/ws_blue/install/thruster_hardware/share/ament_index/resource_index/package_run_dependencies/thruster_hardware
[1.536s] -- Up-to-date: /home/blue/ws_blue/install/thruster_hardware/share/ament_index/resource_index/parent_prefix_path/thruster_hardware
[1.537s] -- Up-to-date: /home/blue/ws_blue/install/thruster_hardware/share/thruster_hardware/environment/ament_prefix_path.sh
[1.537s] -- Up-to-date: /home/blue/ws_blue/install/thruster_hardware/share/thruster_hardware/environment/ament_prefix_path.dsv
[1.538s] -- Up-to-date: /home/blue/ws_blue/install/thruster_hardware/share/thruster_hardware/environment/path.sh
[1.538s] -- Up-to-date: /home/blue/ws_blue/install/thruster_hardware/share/thruster_hardware/environment/path.dsv
[1.538s] -- Up-to-date: /home/blue/ws_blue/install/thruster_hardware/share/thruster_hardware/local_setup.bash
[1.538s] -- Up-to-date: /home/blue/ws_blue/install/thruster_hardware/share/thruster_hardware/local_setup.sh
[1.539s] -- Up-to-date: /home/blue/ws_blue/install/thruster_hardware/share/thruster_hardware/local_setup.zsh
[1.539s] -- Up-to-date: /home/blue/ws_blue/install/thruster_hardware/share/thruster_hardware/local_setup.dsv
[1.539s] -- Installing: /home/blue/ws_blue/install/thruster_hardware/share/thruster_hardware/package.dsv
[1.539s] -- Up-to-date: /home/blue/ws_blue/install/thruster_hardware/share/ament_index/resource_index/packages/thruster_hardware
[1.540s] -- Up-to-date: /home/blue/ws_blue/install/thruster_hardware/share/ament_index/resource_index/hardware_interface__pluginlib__plugin/thruster_hardware
[1.540s] -- Up-to-date: /home/blue/ws_blue/install/thruster_hardware/share/thruster_hardware/cmake/export_thruster_hardwareExport.cmake
[1.540s] -- Up-to-date: /home/blue/ws_blue/install/thruster_hardware/share/thruster_hardware/cmake/export_thruster_hardwareExport-noconfig.cmake
[1.540s] -- Up-to-date: /home/blue/ws_blue/install/thruster_hardware/share/thruster_hardware/cmake/ament_cmake_export_targets-extras.cmake
[1.540s] -- Up-to-date: /home/blue/ws_blue/install/thruster_hardware/share/thruster_hardware/cmake/ament_cmake_export_dependencies-extras.cmake
[1.540s] -- Up-to-date: /home/blue/ws_blue/install/thruster_hardware/share/thruster_hardware/cmake/thruster_hardwareConfig.cmake
[1.540s] -- Up-to-date: /home/blue/ws_blue/install/thruster_hardware/share/thruster_hardware/cmake/thruster_hardwareConfig-version.cmake
[1.541s] -- Up-to-date: /home/blue/ws_blue/install/thruster_hardware/share/thruster_hardware/package.xml
[1.595s] Invoked command in '/home/blue/ws_blue/build/thruster_hardware' returned '0': CMAKE_PREFIX_PATH=${CMAKE_PREFIX_PATH}:/home/blue/ws_blue/install/blue_localization:/opt/ros/iron /usr/bin/cmake --install /home/blue/ws_blue/build/thruster_hardware
