[0.301s] Invoking command in '/home/blue/ws_blue/build/blue_description': CMAKE_PREFIX_PATH=${CMAKE_PREFIX_PATH}:/home/blue/ws_blue/install/blue_localization:/opt/ros/iron /usr/bin/cmake --build /home/blue/ws_blue/build/blue_description -- -j18 -l18
[1.201s] Invoked command in '/home/blue/ws_blue/build/blue_description' returned '0': CMAKE_PREFIX_PATH=${CMAKE_PREFIX_PATH}:/home/blue/ws_blue/install/blue_localization:/opt/ros/iron /usr/bin/cmake --build /home/blue/ws_blue/build/blue_description -- -j18 -l18
[1.363s] Invoking command in '/home/blue/ws_blue/build/blue_description': CMAKE_PREFIX_PATH=${CMAKE_PREFIX_PATH}:/home/blue/ws_blue/install/blue_localization:/opt/ros/iron /usr/bin/cmake --install /home/blue/ws_blue/build/blue_description
[1.387s] -- Install configuration: ""
[1.387s] -- Up-to-date: /home/blue/ws_blue/install/blue_description/share/blue_description/config
[1.392s] -- Up-to-date: /home/blue/ws_blue/install/blue_description/share/blue_description/config/bluerov2_heavy_reach
[1.401s] -- Up-to-date: /home/blue/ws_blue/install/blue_description/share/blue_description/config/bluerov2_heavy_reach/localization.yaml
[1.416s] -- Up-to-date: /home/blue/ws_blue/install/blue_description/share/blue_description/config/bluerov2_heavy_reach/ardusub.parm
[1.460s] -- Up-to-date: /home/blue/ws_blue/install/blue_description/share/blue_description/config/ardusub
[1.460s] -- Installing: /home/blue/ws_blue/install/blue_description/share/blue_description/config/ardusub/mavros.yaml
[1.460s] -- Up-to-date: /home/blue/ws_blue/install/blue_description/share/blue_description/config/ardusub/ardusub_manager.yaml
[1.461s] -- Up-to-date: /home/blue/ws_blue/install/blue_description/share/blue_description/config/bluerov2
[1.461s] -- Up-to-date: /home/blue/ws_blue/install/blue_description/share/blue_description/config/bluerov2/localization.yaml
[1.461s] -- Up-to-date: /home/blue/ws_blue/install/blue_description/share/blue_description/config/bluerov2/ardusub.parm
[1.483s] -- Up-to-date: /home/blue/ws_blue/install/blue_description/share/blue_description/config/bluerov2_heavy
[1.483s] -- Up-to-date: /home/blue/ws_blue/install/blue_description/share/blue_description/config/bluerov2_heavy/localization.yaml
[1.519s] -- Up-to-date: /home/blue/ws_blue/install/blue_description/share/blue_description/config/bluerov2_heavy/ardusub.parm
[1.519s] -- Up-to-date: /home/blue/ws_blue/install/blue_description/share/blue_description/gazebo
[1.523s] -- Up-to-date: /home/blue/ws_blue/install/blue_description/share/blue_description/gazebo/worlds
[1.529s] -- Up-to-date: /home/blue/ws_blue/install/blue_description/share/blue_description/gazebo/worlds/underwater.world
[1.575s] -- Up-to-date: /home/blue/ws_blue/install/blue_description/share/blue_description/gazebo/models
[1.576s] -- Up-to-date: /home/blue/ws_blue/install/blue_description/share/blue_description/gazebo/models/sand_heightmap
[1.576s] -- Up-to-date: /home/blue/ws_blue/install/blue_description/share/blue_description/gazebo/models/sand_heightmap/meshes
[1.576s] -- Up-to-date: /home/blue/ws_blue/install/blue_description/share/blue_description/gazebo/models/sand_heightmap/meshes/heightmap.dae
[1.636s] -- Up-to-date: /home/blue/ws_blue/install/blue_description/share/blue_description/gazebo/models/sand_heightmap/meshes/License and source for textures.txt
[1.648s] -- Up-to-date: /home/blue/ws_blue/install/blue_description/share/blue_description/gazebo/models/sand_heightmap/meshes/sandseabed.dae
[1.684s] -- Up-to-date: /home/blue/ws_blue/install/blue_description/share/blue_description/gazebo/models/sand_heightmap/meshes/soil_sand_0045_01.jpg
[1.762s] -- Up-to-date: /home/blue/ws_blue/install/blue_description/share/blue_description/gazebo/models/sand_heightmap/model.config
[1.799s] -- Up-to-date: /home/blue/ws_blue/install/blue_description/share/blue_description/gazebo/models/sand_heightmap/model.sdf
[1.800s] -- Up-to-date: /home/blue/ws_blue/install/blue_description/share/blue_description/gazebo/models/sand_heightmap/materials
[1.806s] -- Up-to-date: /home/blue/ws_blue/install/blue_description/share/blue_description/gazebo/models/sand_heightmap/materials/flat_normal.png
[1.833s] -- Up-to-date: /home/blue/ws_blue/install/blue_description/share/blue_description/gazebo/models/sand_heightmap/materials/soil_sand_0045_01.jpg
[1.903s] -- Up-to-date: /home/blue/ws_blue/install/blue_description/share/blue_description/meshes
[1.904s] -- Up-to-date: /home/blue/ws_blue/install/blue_description/share/blue_description/meshes/bluerov2_heavy_reach
[1.907s] -- Up-to-date: /home/blue/ws_blue/install/blue_description/share/blue_description/meshes/bluerov2_heavy_reach/bluerov2_heavy_reach.dae
[2.174s] -- Up-to-date: /home/blue/ws_blue/install/blue_description/share/blue_description/meshes/bluerov2
[2.256s] -- Up-to-date: /home/blue/ws_blue/install/blue_description/share/blue_description/meshes/bluerov2/bluerov2.dae
[2.302s] -- Up-to-date: /home/blue/ws_blue/install/blue_description/share/blue_description/meshes/t200
[2.304s] -- Up-to-date: /home/blue/ws_blue/install/blue_description/share/blue_description/meshes/t200/ccw_prop.dae
[2.316s] -- Up-to-date: /home/blue/ws_blue/install/blue_description/share/blue_description/meshes/t200/cw_prop.dae
[2.323s] -- Up-to-date: /home/blue/ws_blue/install/blue_description/share/blue_description/meshes/bluerov2_heavy
[2.324s] -- Up-to-date: /home/blue/ws_blue/install/blue_description/share/blue_description/meshes/bluerov2_heavy/bluerov2_heavy.dae
[2.566s] -- Up-to-date: /home/blue/ws_blue/install/blue_description/share/blue_description/description
[2.603s] -- Up-to-date: /home/blue/ws_blue/install/blue_description/share/blue_description/description/bluerov2_heavy_reach
[2.603s] -- Up-to-date: /home/blue/ws_blue/install/blue_description/share/blue_description/description/bluerov2_heavy_reach/config.xacro
[2.603s] -- Up-to-date: /home/blue/ws_blue/install/blue_description/share/blue_description/description/bluerov2_heavy_reach/urdf.xacro
[2.621s] -- Up-to-date: /home/blue/ws_blue/install/blue_description/share/blue_description/description/bluerov2_heavy_reach/gazebo.xacro
[2.624s] -- Up-to-date: /home/blue/ws_blue/install/blue_description/share/blue_description/description/bluerov2
[2.632s] -- Up-to-date: /home/blue/ws_blue/install/blue_description/share/blue_description/description/bluerov2/config.xacro
[2.665s] -- Up-to-date: /home/blue/ws_blue/install/blue_description/share/blue_description/description/bluerov2/urdf.xacro
[2.683s] -- Up-to-date: /home/blue/ws_blue/install/blue_description/share/blue_description/description/bluerov2/gazebo.xacro
[2.750s] -- Up-to-date: /home/blue/ws_blue/install/blue_description/share/blue_description/description/t200
[2.750s] -- Up-to-date: /home/blue/ws_blue/install/blue_description/share/blue_description/description/t200/urdf.xacro
[2.751s] -- Up-to-date: /home/blue/ws_blue/install/blue_description/share/blue_description/description/t200/gazebo.xacro
[2.761s] -- Up-to-date: /home/blue/ws_blue/install/blue_description/share/blue_description/description/camera
[2.761s] -- Up-to-date: /home/blue/ws_blue/install/blue_description/share/blue_description/description/camera/urdf.xacro
[2.764s] -- Up-to-date: /home/blue/ws_blue/install/blue_description/share/blue_description/description/camera/gazebo.xacro
[2.780s] -- Up-to-date: /home/blue/ws_blue/install/blue_description/share/blue_description/description/bluerov2_heavy
[2.782s] -- Up-to-date: /home/blue/ws_blue/install/blue_description/share/blue_description/description/bluerov2_heavy/config.xacro
[2.794s] -- Up-to-date: /home/blue/ws_blue/install/blue_description/share/blue_description/description/bluerov2_heavy/urdf.xacro
[2.810s] -- Up-to-date: /home/blue/ws_blue/install/blue_description/share/blue_description/description/bluerov2_heavy/gazebo.xacro
[2.821s] -- Up-to-date: /home/blue/ws_blue/install/blue_description/share/blue_description/rviz
[2.825s] -- Up-to-date: /home/blue/ws_blue/install/blue_description/share/blue_description/rviz/bluerov2_heavy.rviz
[2.844s] -- Up-to-date: /home/blue/ws_blue/install/blue_description/share/blue_description/rviz/bluerov2_heavy_reach.rviz
[2.853s] -- Up-to-date: /home/blue/ws_blue/install/blue_description/share/blue_description/rviz/bluerov2.rviz
[2.889s] -- Up-to-date: /home/blue/ws_blue/install/blue_description/share/blue_description/environment/hooks.dsv
[2.897s] -- Up-to-date: /home/blue/ws_blue/install/blue_description/share/ament_index/resource_index/package_run_dependencies/blue_description
[2.906s] -- Up-to-date: /home/blue/ws_blue/install/blue_description/share/ament_index/resource_index/parent_prefix_path/blue_description
[2.940s] -- Up-to-date: /home/blue/ws_blue/install/blue_description/share/blue_description/environment/ament_prefix_path.sh
[2.960s] -- Up-to-date: /home/blue/ws_blue/install/blue_description/share/blue_description/environment/ament_prefix_path.dsv
[2.984s] -- Up-to-date: /home/blue/ws_blue/install/blue_description/share/blue_description/environment/path.sh
[2.999s] -- Up-to-date: /home/blue/ws_blue/install/blue_description/share/blue_description/environment/path.dsv
[3.030s] -- Up-to-date: /home/blue/ws_blue/install/blue_description/share/blue_description/local_setup.bash
[3.057s] -- Up-to-date: /home/blue/ws_blue/install/blue_description/share/blue_description/local_setup.sh
[3.078s] -- Up-to-date: /home/blue/ws_blue/install/blue_description/share/blue_description/local_setup.zsh
[3.102s] -- Up-to-date: /home/blue/ws_blue/install/blue_description/share/blue_description/local_setup.dsv
[3.105s] -- Installing: /home/blue/ws_blue/install/blue_description/share/blue_description/package.dsv
[3.107s] -- Up-to-date: /home/blue/ws_blue/install/blue_description/share/ament_index/resource_index/packages/blue_description
[3.109s] -- Up-to-date: /home/blue/ws_blue/install/blue_description/share/blue_description/cmake/blue_descriptionConfig.cmake
[3.122s] -- Up-to-date: /home/blue/ws_blue/install/blue_description/share/blue_description/cmake/blue_descriptionConfig-version.cmake
[3.154s] -- Up-to-date: /home/blue/ws_blue/install/blue_description/share/blue_description/package.xml
[3.205s] Invoked command in '/home/blue/ws_blue/build/blue_description' returned '0': CMAKE_PREFIX_PATH=${CMAKE_PREFIX_PATH}:/home/blue/ws_blue/install/blue_localization:/opt/ros/iron /usr/bin/cmake --install /home/blue/ws_blue/build/blue_description
