-- Install configuration: ""
-- Up-to-date: /home/blue/ws_blue/install/message_transforms_demos/share/message_transforms_demos/launch
-- Up-to-date: /home/blue/ws_blue/install/message_transforms_demos/share/message_transforms_demos/launch/demo.launch.yaml
-- Up-to-date: /home/blue/ws_blue/install/message_transforms_demos/share/message_transforms_demos/config
-- Up-to-date: /home/blue/ws_blue/install/message_transforms_demos/share/message_transforms_demos/config/demo.yaml
-- Up-to-date: /home/blue/ws_blue/install/message_transforms_demos/share/ament_index/resource_index/package_run_dependencies/message_transforms_demos
-- Up-to-date: /home/blue/ws_blue/install/message_transforms_demos/share/ament_index/resource_index/parent_prefix_path/message_transforms_demos
-- Up-to-date: /home/blue/ws_blue/install/message_transforms_demos/share/message_transforms_demos/environment/ament_prefix_path.sh
-- Up-to-date: /home/blue/ws_blue/install/message_transforms_demos/share/message_transforms_demos/environment/ament_prefix_path.dsv
-- Up-to-date: /home/blue/ws_blue/install/message_transforms_demos/share/message_transforms_demos/environment/path.sh
-- Up-to-date: /home/blue/ws_blue/install/message_transforms_demos/share/message_transforms_demos/environment/path.dsv
-- Up-to-date: /home/blue/ws_blue/install/message_transforms_demos/share/message_transforms_demos/local_setup.bash
-- Up-to-date: /home/blue/ws_blue/install/message_transforms_demos/share/message_transforms_demos/local_setup.sh
-- Up-to-date: /home/blue/ws_blue/install/message_transforms_demos/share/message_transforms_demos/local_setup.zsh
-- Up-to-date: /home/blue/ws_blue/install/message_transforms_demos/share/message_transforms_demos/local_setup.dsv
-- Installing: /home/blue/ws_blue/install/message_transforms_demos/share/message_transforms_demos/package.dsv
-- Up-to-date: /home/blue/ws_blue/install/message_transforms_demos/share/ament_index/resource_index/packages/message_transforms_demos
-- Up-to-date: /home/blue/ws_blue/install/message_transforms_demos/share/message_transforms_demos/cmake/message_transforms_demosConfig.cmake
-- Up-to-date: /home/blue/ws_blue/install/message_transforms_demos/share/message_transforms_demos/cmake/message_transforms_demosConfig-version.cmake
-- Up-to-date: /home/blue/ws_blue/install/message_transforms_demos/share/message_transforms_demos/package.xml
