running egg_info
creating ../../../build/blue_localization/blue_localization.egg-info
writing ../../../build/blue_localization/blue_localization.egg-info/PKG-INFO
writing dependency_links to ../../../build/blue_localization/blue_localization.egg-info/dependency_links.txt
writing entry points to ../../../build/blue_localization/blue_localization.egg-info/entry_points.txt
writing requirements to ../../../build/blue_localization/blue_localization.egg-info/requires.txt
writing top-level names to ../../../build/blue_localization/blue_localization.egg-info/top_level.txt
writing manifest file '../../../build/blue_localization/blue_localization.egg-info/SOURCES.txt'
reading manifest file '../../../build/blue_localization/blue_localization.egg-info/SOURCES.txt'
adding license file 'LICENSE'
writing manifest file '../../../build/blue_localization/blue_localization.egg-info/SOURCES.txt'
running build
running build_py
creating /home/blue/ws_blue/build/blue_localization/build
creating /home/blue/ws_blue/build/blue_localization/build/lib
creating /home/blue/ws_blue/build/blue_localization/build/lib/blue_localization
copying blue_localization/localizer.py -> /home/blue/ws_blue/build/blue_localization/build/lib/blue_localization
copying blue_localization/__init__.py -> /home/blue/ws_blue/build/blue_localization/build/lib/blue_localization
copying blue_localization/source.py -> /home/blue/ws_blue/build/blue_localization/build/lib/blue_localization
running install
running install_lib
creating /home/blue/ws_blue/install/blue_localization/lib/python3.10/site-packages/blue_localization
copying /home/blue/ws_blue/build/blue_localization/build/lib/blue_localization/localizer.py -> /home/blue/ws_blue/install/blue_localization/lib/python3.10/site-packages/blue_localization
copying /home/blue/ws_blue/build/blue_localization/build/lib/blue_localization/__init__.py -> /home/blue/ws_blue/install/blue_localization/lib/python3.10/site-packages/blue_localization
copying /home/blue/ws_blue/build/blue_localization/build/lib/blue_localization/source.py -> /home/blue/ws_blue/install/blue_localization/lib/python3.10/site-packages/blue_localization
byte-compiling /home/blue/ws_blue/install/blue_localization/lib/python3.10/site-packages/blue_localization/localizer.py to localizer.cpython-310.pyc
byte-compiling /home/blue/ws_blue/install/blue_localization/lib/python3.10/site-packages/blue_localization/__init__.py to __init__.cpython-310.pyc
byte-compiling /home/blue/ws_blue/install/blue_localization/lib/python3.10/site-packages/blue_localization/source.py to source.cpython-310.pyc
running install_data
creating /home/blue/ws_blue/install/blue_localization/share/ament_index
creating /home/blue/ws_blue/install/blue_localization/share/ament_index/resource_index
creating /home/blue/ws_blue/install/blue_localization/share/ament_index/resource_index/packages
copying resource/blue_localization -> /home/blue/ws_blue/install/blue_localization/share/ament_index/resource_index/packages
copying package.xml -> /home/blue/ws_blue/install/blue_localization/share/blue_localization
copying launch/localization.launch.py -> /home/blue/ws_blue/install/blue_localization/share/blue_localization
copying launch/markers.launch.py -> /home/blue/ws_blue/install/blue_localization/share/blue_localization
running install_egg_info
Copying ../../../build/blue_localization/blue_localization.egg-info to /home/blue/ws_blue/install/blue_localization/lib/python3.10/site-packages/blue_localization-0.0.1-py3.10.egg-info
running install_scripts
Installing aruco_marker_localizer script to /home/blue/ws_blue/install/blue_localization/lib/blue_localization
Installing camera script to /home/blue/ws_blue/install/blue_localization/lib/blue_localization
Installing gazebo_localizer script to /home/blue/ws_blue/install/blue_localization/lib/blue_localization
Installing qualisys_localizer script to /home/blue/ws_blue/install/blue_localization/lib/blue_localization
Installing qualisys_mocap script to /home/blue/ws_blue/install/blue_localization/lib/blue_localization
writing list of installed files to '/home/blue/ws_blue/build/blue_localization/install.log'
