[0.014s] Invoking command in '/home/blue/ws_blue/build/thruster_controllers': CMAKE_PREFIX_PATH=/opt/ros/iron /usr/bin/cmake /home/blue/ws_blue/src/auv_controllers/thruster_controllers -DCMAKE_INSTALL_PREFIX=/home/blue/ws_blue/install/thruster_controllers
[0.092s] -- The C compiler identification is GNU 11.4.0
[0.180s] -- The CXX compiler identification is GNU 11.4.0
[0.193s] -- Detecting C compiler ABI info
[0.334s] -- Detecting C compiler ABI info - done
[0.345s] -- Check for working C compiler: /usr/bin/cc - skipped
[0.345s] -- Detecting C compile features
[0.345s] -- Detecting C compile features - done
[0.350s] -- Detecting CXX compiler ABI info
[0.485s] -- Detecting CXX compiler ABI info - done
[0.498s] -- Check for working CXX compiler: /usr/bin/c++ - skipped
[0.498s] -- Detecting CXX compile features
[0.499s] -- Detecting CXX compile features - done
[0.530s] -- Found controller_interface: 3.28.1 (/opt/ros/iron/share/controller_interface/cmake)
[0.808s] -- Found Python3: /usr/bin/python3.10 (found version "3.10.12") found components: Interpreter 
[1.124s] -- Found rosidl_generator_c: 4.0.1 (/opt/ros/iron/share/rosidl_generator_c/cmake)
[1.150s] -- Found rosidl_generator_cpp: 4.0.1 (/opt/ros/iron/share/rosidl_generator_cpp/cmake)
[1.173s] -- Using all available rosidl_typesupport_c: rosidl_typesupport_fastrtps_c;rosidl_typesupport_introspection_c
[1.218s] -- Using all available rosidl_typesupport_cpp: rosidl_typesupport_fastrtps_cpp;rosidl_typesupport_introspection_cpp
[2.884s] -- Found rmw_implementation_cmake: 7.1.0 (/opt/ros/iron/share/rmw_implementation_cmake/cmake)
[2.890s] -- Found rmw_fastrtps_cpp: 7.1.4 (/opt/ros/iron/share/rmw_fastrtps_cpp/cmake)
[2.972s] -- Found TinyXML2 via Config file: TinyXML2_DIR-NOTFOUND
[3.070s] -- Found OpenSSL: /usr/lib/x86_64-linux-gnu/libcrypto.so (found version "3.0.2")  
[3.076s] -- Found TinyXML2 via Config file: TinyXML2_DIR-NOTFOUND
[3.110s] -- Found FastRTPS: /opt/ros/iron/include  
[3.115s] -- Found TinyXML2 via Config file: TinyXML2_DIR-NOTFOUND
[3.138s] -- Found TinyXML2 via Config file: TinyXML2_DIR-NOTFOUND
[3.143s] -- Using RMW implementation 'rmw_fastrtps_cpp' as default
[3.721s] -- Found realtime_tools: 2.6.0 (/opt/ros/iron/share/realtime_tools/cmake)
[4.157s] -- Found generate_parameter_library: 0.3.8 (/opt/ros/iron/share/generate_parameter_library/cmake)
[4.189s] -- Found parameter_traits: 0.3.8 (/opt/ros/iron/share/parameter_traits/cmake)
[4.290s] -- Found ament_lint_auto: 0.14.4 (/opt/ros/iron/share/ament_lint_auto/cmake)
[4.424s] -- Added test 'cppcheck' to perform static code analysis on C / C++ code
[4.425s] -- Configured cppcheck include dirs: $<BUILD_INTERFACE:/home/blue/ws_blue/src/auv_controllers/thruster_controllers/include>
[4.425s] -- Configured cppcheck exclude dirs and/or files: 
[4.427s] -- Added test 'lint_cmake' to check CMake code style
[4.428s] -- Added test 'xmllint' to check XML markup files
[4.433s] -- Configuring done
[4.602s] -- Generating done
[4.602s] -- Build files have been written to: /home/blue/ws_blue/build/thruster_controllers
[4.634s] Invoked command in '/home/blue/ws_blue/build/thruster_controllers' returned '0': CMAKE_PREFIX_PATH=/opt/ros/iron /usr/bin/cmake /home/blue/ws_blue/src/auv_controllers/thruster_controllers -DCMAKE_INSTALL_PREFIX=/home/blue/ws_blue/install/thruster_controllers
[4.635s] Invoking command in '/home/blue/ws_blue/build/thruster_controllers': CMAKE_PREFIX_PATH=/opt/ros/iron /usr/bin/cmake --build /home/blue/ws_blue/build/thruster_controllers -- -j4 -l4
[4.844s] [ 33%] Running `/opt/ros/iron/bin/generate_parameter_library_cpp /home/blue/ws_blue/build/thruster_controllers/polynomial_thrust_curve_controller_parameters/include//polynomial_thrust_curve_controller_parameters.hpp /home/blue/ws_blue/src/auv_controllers/thruster_controllers/src/polynomial_thrust_curve_controller_parameters.yaml `
[6.139s] [ 33%] Built target polynomial_thrust_curve_controller_parameters
[6.221s] [ 66%] Building CXX object CMakeFiles/thruster_controllers.dir/src/polynomial_thrust_curve_controller.cpp.o
[22.297s] [100%] Linking CXX shared library libthruster_controllers.so
[23.887s] [100%] Built target thruster_controllers
[23.906s] Invoked command in '/home/blue/ws_blue/build/thruster_controllers' returned '0': CMAKE_PREFIX_PATH=/opt/ros/iron /usr/bin/cmake --build /home/blue/ws_blue/build/thruster_controllers -- -j4 -l4
[23.968s] Invoking command in '/home/blue/ws_blue/build/thruster_controllers': CMAKE_PREFIX_PATH=/opt/ros/iron /usr/bin/cmake --install /home/blue/ws_blue/build/thruster_controllers
[23.979s] -- Install configuration: ""
[23.979s] -- Installing: /home/blue/ws_blue/install/thruster_controllers/include/polynomial_thrust_curve_controller_parameters
[23.979s] -- Installing: /home/blue/ws_blue/install/thruster_controllers/include/polynomial_thrust_curve_controller_parameters/polynomial_thrust_curve_controller_parameters.hpp
[23.980s] -- Installing: /home/blue/ws_blue/install/thruster_controllers/share/thruster_controllers/thruster_controllers.xml
[23.981s] -- Installing: /home/blue/ws_blue/install/thruster_controllers/include/thruster_controllers
[23.981s] -- Installing: /home/blue/ws_blue/install/thruster_controllers/include/thruster_controllers/thruster_controllers
[23.981s] -- Installing: /home/blue/ws_blue/install/thruster_controllers/include/thruster_controllers/thruster_controllers/polynomial_thrust_curve_controller.hpp
[23.982s] -- Installing: /home/blue/ws_blue/install/thruster_controllers/lib/libthruster_controllers.so
[23.993s] -- Set runtime path of "/home/blue/ws_blue/install/thruster_controllers/lib/libthruster_controllers.so" to ""
[23.994s] -- Installing: /home/blue/ws_blue/install/thruster_controllers/share/thruster_controllers/environment/library_path.sh
[23.994s] -- Installing: /home/blue/ws_blue/install/thruster_controllers/share/thruster_controllers/environment/library_path.dsv
[23.995s] -- Installing: /home/blue/ws_blue/install/thruster_controllers/share/ament_index/resource_index/package_run_dependencies/thruster_controllers
[23.995s] -- Installing: /home/blue/ws_blue/install/thruster_controllers/share/ament_index/resource_index/parent_prefix_path/thruster_controllers
[23.996s] -- Installing: /home/blue/ws_blue/install/thruster_controllers/share/thruster_controllers/environment/ament_prefix_path.sh
[23.996s] -- Installing: /home/blue/ws_blue/install/thruster_controllers/share/thruster_controllers/environment/ament_prefix_path.dsv
[23.997s] -- Installing: /home/blue/ws_blue/install/thruster_controllers/share/thruster_controllers/environment/path.sh
[23.997s] -- Installing: /home/blue/ws_blue/install/thruster_controllers/share/thruster_controllers/environment/path.dsv
[23.998s] -- Installing: /home/blue/ws_blue/install/thruster_controllers/share/thruster_controllers/local_setup.bash
[23.999s] -- Installing: /home/blue/ws_blue/install/thruster_controllers/share/thruster_controllers/local_setup.sh
[23.999s] -- Installing: /home/blue/ws_blue/install/thruster_controllers/share/thruster_controllers/local_setup.zsh
[24.000s] -- Installing: /home/blue/ws_blue/install/thruster_controllers/share/thruster_controllers/local_setup.dsv
[24.000s] -- Installing: /home/blue/ws_blue/install/thruster_controllers/share/thruster_controllers/package.dsv
[24.001s] -- Installing: /home/blue/ws_blue/install/thruster_controllers/share/ament_index/resource_index/packages/thruster_controllers
[24.001s] -- Installing: /home/blue/ws_blue/install/thruster_controllers/share/ament_index/resource_index/controller_interface__pluginlib__plugin/thruster_controllers
[24.002s] -- Installing: /home/blue/ws_blue/install/thruster_controllers/share/thruster_controllers/cmake/export_thruster_controllersExport.cmake
[24.003s] -- Installing: /home/blue/ws_blue/install/thruster_controllers/share/thruster_controllers/cmake/export_thruster_controllersExport-noconfig.cmake
[24.003s] -- Installing: /home/blue/ws_blue/install/thruster_controllers/share/thruster_controllers/cmake/ament_cmake_export_targets-extras.cmake
[24.004s] -- Installing: /home/blue/ws_blue/install/thruster_controllers/share/thruster_controllers/cmake/ament_cmake_export_dependencies-extras.cmake
[24.004s] -- Installing: /home/blue/ws_blue/install/thruster_controllers/share/thruster_controllers/cmake/thruster_controllersConfig.cmake
[24.005s] -- Installing: /home/blue/ws_blue/install/thruster_controllers/share/thruster_controllers/cmake/thruster_controllersConfig-version.cmake
[24.005s] -- Installing: /home/blue/ws_blue/install/thruster_controllers/share/thruster_controllers/package.xml
[24.015s] Invoked command in '/home/blue/ws_blue/build/thruster_controllers' returned '0': CMAKE_PREFIX_PATH=/opt/ros/iron /usr/bin/cmake --install /home/blue/ws_blue/build/thruster_controllers
