[0.047s] Invoking command in '/home/blue/ws_blue/build/ardusub_manager': CMAKE_PREFIX_PATH=/opt/ros/iron /usr/bin/cmake --build /home/blue/ws_blue/build/ardusub_manager -- -j4 -l4
[0.148s] -- Found ament_cmake: 2.0.6 (/opt/ros/iron/share/ament_cmake/cmake)
[0.553s] -- Found generate_parameter_library: 0.3.8 (/opt/ros/iron/share/generate_parameter_library/cmake)
[0.553s] -- Found parameter_traits: 0.3.8 (/opt/ros/iron/share/parameter_traits/cmake)
[0.640s] -- Found rosidl_generator_c: 4.0.1 (/opt/ros/iron/share/rosidl_generator_c/cmake)
[0.681s] -- Found rosidl_generator_cpp: 4.0.1 (/opt/ros/iron/share/rosidl_generator_cpp/cmake)
[0.720s] -- Using all available rosidl_typesupport_c: rosidl_typesupport_fastrtps_c;rosidl_typesupport_introspection_c
[0.781s] -- Using all available rosidl_typesupport_cpp: rosidl_typesupport_fastrtps_cpp;rosidl_typesupport_introspection_cpp
[1.293s] -- Found rmw_implementation_cmake: 7.1.0 (/opt/ros/iron/share/rmw_implementation_cmake/cmake)
[1.295s] -- Found rmw_fastrtps_cpp: 7.1.4 (/opt/ros/iron/share/rmw_fastrtps_cpp/cmake)
[1.849s] -- Using RMW implementation 'rmw_fastrtps_cpp' as default
[2.480s] -- Found rclcpp_lifecycle: 21.0.7 (/opt/ros/iron/share/rclcpp_lifecycle/cmake)
[2.872s] -- Found tf2: 0.31.8 (/opt/ros/iron/share/tf2/cmake)
[3.126s] -- Found tf2_ros: 0.31.8 (/opt/ros/iron/share/tf2_ros/cmake)
[4.519s] -- Found mavros_msgs: 2.9.0 (/opt/ros/iron/share/mavros_msgs/cmake)
[8.140s] -- Configuring done
[8.166s] -- Generating done
[8.170s] -- Build files have been written to: /home/blue/ws_blue/build/ardusub_manager
[8.312s] [ 33%] Built target ardusub_manager_parameters
[8.392s] Consolidate compiler generated dependencies of target ardusub_manager
[8.450s] [ 66%] Building CXX object CMakeFiles/ardusub_manager.dir/src/ardusub_manager.cpp.o
[28.555s] [100%] Linking CXX executable ardusub_manager
[29.297s] [100%] Built target ardusub_manager
[29.317s] Invoked command in '/home/blue/ws_blue/build/ardusub_manager' returned '0': CMAKE_PREFIX_PATH=/opt/ros/iron /usr/bin/cmake --build /home/blue/ws_blue/build/ardusub_manager -- -j4 -l4
[29.445s] Invoking command in '/home/blue/ws_blue/build/ardusub_manager': CMAKE_PREFIX_PATH=/opt/ros/iron /usr/bin/cmake --install /home/blue/ws_blue/build/ardusub_manager
[29.462s] -- Install configuration: ""
[29.463s] -- Up-to-date: /home/blue/ws_blue/install/ardusub_manager/include/ardusub_manager_parameters
[29.463s] -- Up-to-date: /home/blue/ws_blue/install/ardusub_manager/include/ardusub_manager_parameters/ardusub_manager_parameters.hpp
[29.472s] -- Installing: /home/blue/ws_blue/install/ardusub_manager/lib/ardusub_manager/ardusub_manager
[29.490s] -- Set runtime path of "/home/blue/ws_blue/install/ardusub_manager/lib/ardusub_manager/ardusub_manager" to ""
[29.490s] -- Up-to-date: /home/blue/ws_blue/install/ardusub_manager/share/ardusub_manager/launch
[29.490s] -- Up-to-date: /home/blue/ws_blue/install/ardusub_manager/share/ardusub_manager/launch/ardusub_manager.launch.py
[29.492s] -- Up-to-date: /home/blue/ws_blue/install/ardusub_manager/share/ament_index/resource_index/package_run_dependencies/ardusub_manager
[29.493s] -- Up-to-date: /home/blue/ws_blue/install/ardusub_manager/share/ament_index/resource_index/parent_prefix_path/ardusub_manager
[29.494s] -- Up-to-date: /home/blue/ws_blue/install/ardusub_manager/share/ardusub_manager/environment/ament_prefix_path.sh
[29.495s] -- Up-to-date: /home/blue/ws_blue/install/ardusub_manager/share/ardusub_manager/environment/ament_prefix_path.dsv
[29.496s] -- Up-to-date: /home/blue/ws_blue/install/ardusub_manager/share/ardusub_manager/environment/path.sh
[29.496s] -- Up-to-date: /home/blue/ws_blue/install/ardusub_manager/share/ardusub_manager/environment/path.dsv
[29.498s] -- Up-to-date: /home/blue/ws_blue/install/ardusub_manager/share/ardusub_manager/local_setup.bash
[29.499s] -- Up-to-date: /home/blue/ws_blue/install/ardusub_manager/share/ardusub_manager/local_setup.sh
[29.499s] -- Up-to-date: /home/blue/ws_blue/install/ardusub_manager/share/ardusub_manager/local_setup.zsh
[29.500s] -- Up-to-date: /home/blue/ws_blue/install/ardusub_manager/share/ardusub_manager/local_setup.dsv
[29.501s] -- Installing: /home/blue/ws_blue/install/ardusub_manager/share/ardusub_manager/package.dsv
[29.501s] -- Up-to-date: /home/blue/ws_blue/install/ardusub_manager/share/ament_index/resource_index/packages/ardusub_manager
[29.502s] -- Up-to-date: /home/blue/ws_blue/install/ardusub_manager/share/ardusub_manager/cmake/ardusub_managerConfig.cmake
[29.503s] -- Up-to-date: /home/blue/ws_blue/install/ardusub_manager/share/ardusub_manager/cmake/ardusub_managerConfig-version.cmake
[29.504s] -- Up-to-date: /home/blue/ws_blue/install/ardusub_manager/share/ardusub_manager/package.xml
[29.512s] Invoked command in '/home/blue/ws_blue/build/ardusub_manager' returned '0': CMAKE_PREFIX_PATH=/opt/ros/iron /usr/bin/cmake --install /home/blue/ws_blue/build/ardusub_manager
