[0.050s] Invoking command in '/home/blue/ws_blue/build/auv_control_demos': CMAKE_PREFIX_PATH=/opt/ros/iron /usr/bin/cmake --build /home/blue/ws_blue/build/auv_control_demos -- -j4 -l4
[0.169s] Invoked command in '/home/blue/ws_blue/build/auv_control_demos' returned '0': CMAKE_PREFIX_PATH=/opt/ros/iron /usr/bin/cmake --build /home/blue/ws_blue/build/auv_control_demos -- -j4 -l4
[0.326s] Invoking command in '/home/blue/ws_blue/build/auv_control_demos': CMAKE_PREFIX_PATH=/opt/ros/iron /usr/bin/cmake --install /home/blue/ws_blue/build/auv_control_demos
[0.345s] -- Install configuration: ""
[0.345s] -- Up-to-date: /home/blue/ws_blue/install/auv_control_demos/share/auv_control_demos/launch
[0.346s] -- Up-to-date: /home/blue/ws_blue/install/auv_control_demos/share/auv_control_demos/launch/individual.launch.py
[0.350s] -- Up-to-date: /home/blue/ws_blue/install/auv_control_demos/share/auv_control_demos/config
[0.351s] -- Up-to-date: /home/blue/ws_blue/install/auv_control_demos/share/auv_control_demos/config/individual_controller.yaml
[0.352s] -- Up-to-date: /home/blue/ws_blue/install/auv_control_demos/share/auv_control_demos/xacro
[0.352s] -- Up-to-date: /home/blue/ws_blue/install/auv_control_demos/share/auv_control_demos/xacro/individual_ros2_control.xacro
[0.353s] -- Up-to-date: /home/blue/ws_blue/install/auv_control_demos/share/auv_control_demos/xacro/individual_urdf.xacro
[0.354s] -- Up-to-date: /home/blue/ws_blue/install/auv_control_demos/share/auv_control_demos/xacro/individual_config.xacro
[0.355s] -- Up-to-date: /home/blue/ws_blue/install/auv_control_demos/share/auv_control_demos/launch
[0.356s] -- Up-to-date: /home/blue/ws_blue/install/auv_control_demos/share/auv_control_demos/launch/chaining.launch.py
[0.356s] -- Up-to-date: /home/blue/ws_blue/install/auv_control_demos/share/auv_control_demos/config
[0.357s] -- Up-to-date: /home/blue/ws_blue/install/auv_control_demos/share/auv_control_demos/config/chained_controllers.yaml
[0.358s] -- Up-to-date: /home/blue/ws_blue/install/auv_control_demos/share/auv_control_demos/xacro
[0.358s] -- Up-to-date: /home/blue/ws_blue/install/auv_control_demos/share/auv_control_demos/xacro/chained_config.xacro
[0.359s] -- Up-to-date: /home/blue/ws_blue/install/auv_control_demos/share/auv_control_demos/xacro/chained_urdf.xacro
[0.360s] -- Up-to-date: /home/blue/ws_blue/install/auv_control_demos/share/auv_control_demos/xacro/chained_ros2_control.xacro
[0.374s] -- Up-to-date: /home/blue/ws_blue/install/auv_control_demos/share/ament_index/resource_index/package_run_dependencies/auv_control_demos
[0.375s] -- Up-to-date: /home/blue/ws_blue/install/auv_control_demos/share/ament_index/resource_index/parent_prefix_path/auv_control_demos
[0.376s] -- Up-to-date: /home/blue/ws_blue/install/auv_control_demos/share/auv_control_demos/environment/ament_prefix_path.sh
[0.377s] -- Up-to-date: /home/blue/ws_blue/install/auv_control_demos/share/auv_control_demos/environment/ament_prefix_path.dsv
[0.378s] -- Up-to-date: /home/blue/ws_blue/install/auv_control_demos/share/auv_control_demos/environment/path.sh
[0.379s] -- Up-to-date: /home/blue/ws_blue/install/auv_control_demos/share/auv_control_demos/environment/path.dsv
[0.386s] -- Up-to-date: /home/blue/ws_blue/install/auv_control_demos/share/auv_control_demos/local_setup.bash
[0.387s] -- Up-to-date: /home/blue/ws_blue/install/auv_control_demos/share/auv_control_demos/local_setup.sh
[0.388s] -- Up-to-date: /home/blue/ws_blue/install/auv_control_demos/share/auv_control_demos/local_setup.zsh
[0.389s] -- Up-to-date: /home/blue/ws_blue/install/auv_control_demos/share/auv_control_demos/local_setup.dsv
[0.390s] -- Installing: /home/blue/ws_blue/install/auv_control_demos/share/auv_control_demos/package.dsv
[0.391s] -- Up-to-date: /home/blue/ws_blue/install/auv_control_demos/share/ament_index/resource_index/packages/auv_control_demos
[0.392s] -- Up-to-date: /home/blue/ws_blue/install/auv_control_demos/share/auv_control_demos/cmake/auv_control_demosConfig.cmake
[0.402s] -- Up-to-date: /home/blue/ws_blue/install/auv_control_demos/share/auv_control_demos/cmake/auv_control_demosConfig-version.cmake
[0.403s] -- Up-to-date: /home/blue/ws_blue/install/auv_control_demos/share/auv_control_demos/package.xml
[0.414s] Invoked command in '/home/blue/ws_blue/build/auv_control_demos' returned '0': CMAKE_PREFIX_PATH=/opt/ros/iron /usr/bin/cmake --install /home/blue/ws_blue/build/auv_control_demos
