[0.027s] Invoking command in '/home/blue/ws_blue/build/ardusub_bringup': CMAKE_PREFIX_PATH=/opt/ros/iron /usr/bin/cmake /home/blue/ws_blue/src/ardusub_driver/ardusub_bringup -DCMAKE_INSTALL_PREFIX=/home/blue/ws_blue/install/ardusub_bringup
[0.207s] -- The C compiler identification is GNU 11.4.0
[0.376s] -- The CXX compiler identification is GNU 11.4.0
[0.403s] -- Detecting C compiler ABI info
[0.631s] -- Detecting C compiler ABI info - done
[0.640s] -- Check for working C compiler: /usr/bin/cc - skipped
[0.641s] -- Detecting C compile features
[0.641s] -- Detecting C compile features - done
[0.646s] -- Detecting CXX compiler ABI info
[0.760s] -- Detecting CXX compiler ABI info - done
[0.768s] -- Check for working CXX compiler: /usr/bin/c++ - skipped
[0.769s] -- Detecting CXX compile features
[0.770s] -- Detecting CXX compile features - done
[0.777s] -- Found ament_cmake: 2.0.6 (/opt/ros/iron/share/ament_cmake/cmake)
[1.100s] -- Found Python3: /usr/bin/python3.10 (found version "3.10.12") found components: Interpreter 
[1.383s] -- Configuring done
[1.390s] -- Generating done
[1.392s] -- Build files have been written to: /home/blue/ws_blue/build/ardusub_bringup
[1.406s] Invoked command in '/home/blue/ws_blue/build/ardusub_bringup' returned '0': CMAKE_PREFIX_PATH=/opt/ros/iron /usr/bin/cmake /home/blue/ws_blue/src/ardusub_driver/ardusub_bringup -DCMAKE_INSTALL_PREFIX=/home/blue/ws_blue/install/ardusub_bringup
[1.407s] Invoking command in '/home/blue/ws_blue/build/ardusub_bringup': CMAKE_PREFIX_PATH=/opt/ros/iron /usr/bin/cmake --build /home/blue/ws_blue/build/ardusub_bringup -- -j4 -l4
[1.479s] Invoked command in '/home/blue/ws_blue/build/ardusub_bringup' returned '0': CMAKE_PREFIX_PATH=/opt/ros/iron /usr/bin/cmake --build /home/blue/ws_blue/build/ardusub_bringup -- -j4 -l4
[1.570s] Invoking command in '/home/blue/ws_blue/build/ardusub_bringup': CMAKE_PREFIX_PATH=/opt/ros/iron /usr/bin/cmake --install /home/blue/ws_blue/build/ardusub_bringup
[1.584s] -- Install configuration: ""
[1.584s] -- Installing: /home/blue/ws_blue/install/ardusub_bringup/share/ardusub_bringup/launch
[1.584s] -- Installing: /home/blue/ws_blue/install/ardusub_bringup/share/ardusub_bringup/launch/ardusub.launch.yaml
[1.584s] -- Installing: /home/blue/ws_blue/install/ardusub_bringup/share/ardusub_bringup/launch/sitl.launch.yaml
[1.584s] -- Installing: /home/blue/ws_blue/install/ardusub_bringup/share/ament_index/resource_index/package_run_dependencies/ardusub_bringup
[1.584s] -- Installing: /home/blue/ws_blue/install/ardusub_bringup/share/ament_index/resource_index/parent_prefix_path/ardusub_bringup
[1.584s] -- Installing: /home/blue/ws_blue/install/ardusub_bringup/share/ardusub_bringup/environment/ament_prefix_path.sh
[1.585s] -- Installing: /home/blue/ws_blue/install/ardusub_bringup/share/ardusub_bringup/environment/ament_prefix_path.dsv
[1.585s] -- Installing: /home/blue/ws_blue/install/ardusub_bringup/share/ardusub_bringup/environment/path.sh
[1.586s] -- Installing: /home/blue/ws_blue/install/ardusub_bringup/share/ardusub_bringup/environment/path.dsv
[1.587s] -- Installing: /home/blue/ws_blue/install/ardusub_bringup/share/ardusub_bringup/local_setup.bash
[1.587s] -- Installing: /home/blue/ws_blue/install/ardusub_bringup/share/ardusub_bringup/local_setup.sh
[1.588s] -- Installing: /home/blue/ws_blue/install/ardusub_bringup/share/ardusub_bringup/local_setup.zsh
[1.589s] -- Installing: /home/blue/ws_blue/install/ardusub_bringup/share/ardusub_bringup/local_setup.dsv
[1.589s] -- Installing: /home/blue/ws_blue/install/ardusub_bringup/share/ardusub_bringup/package.dsv
[1.590s] -- Installing: /home/blue/ws_blue/install/ardusub_bringup/share/ament_index/resource_index/packages/ardusub_bringup
[1.591s] -- Installing: /home/blue/ws_blue/install/ardusub_bringup/share/ardusub_bringup/cmake/ardusub_bringupConfig.cmake
[1.591s] -- Installing: /home/blue/ws_blue/install/ardusub_bringup/share/ardusub_bringup/cmake/ardusub_bringupConfig-version.cmake
[1.592s] -- Installing: /home/blue/ws_blue/install/ardusub_bringup/share/ardusub_bringup/package.xml
[1.603s] Invoked command in '/home/blue/ws_blue/build/ardusub_bringup' returned '0': CMAKE_PREFIX_PATH=/opt/ros/iron /usr/bin/cmake --install /home/blue/ws_blue/build/ardusub_bringup
