[0.207s] Invoking command in '/home/blue/ws_blue/build/ardusub_bringup': CMAKE_PREFIX_PATH=${CMAKE_PREFIX_PATH}:/home/blue/ws_blue/install/blue_localization:/opt/ros/iron /usr/bin/cmake --build /home/blue/ws_blue/build/ardusub_bringup -- -j18 -l18
[0.751s] Invoked command in '/home/blue/ws_blue/build/ardusub_bringup' returned '0': CMAKE_PREFIX_PATH=${CMAKE_PREFIX_PATH}:/home/blue/ws_blue/install/blue_localization:/opt/ros/iron /usr/bin/cmake --build /home/blue/ws_blue/build/ardusub_bringup -- -j18 -l18
[0.998s] Invoking command in '/home/blue/ws_blue/build/ardusub_bringup': CMAKE_PREFIX_PATH=${CMAKE_PREFIX_PATH}:/home/blue/ws_blue/install/blue_localization:/opt/ros/iron /usr/bin/cmake --install /home/blue/ws_blue/build/ardusub_bringup
[1.053s] -- Install configuration: ""
[1.053s] -- Up-to-date: /home/blue/ws_blue/install/ardusub_bringup/share/ardusub_bringup/launch
[1.053s] -- Up-to-date: /home/blue/ws_blue/install/ardusub_bringup/share/ardusub_bringup/launch/sitl.launch.yaml
[1.053s] -- Up-to-date: /home/blue/ws_blue/install/ardusub_bringup/share/ardusub_bringup/launch/ardusub.launch.yaml
[1.053s] -- Up-to-date: /home/blue/ws_blue/install/ardusub_bringup/share/ament_index/resource_index/package_run_dependencies/ardusub_bringup
[1.053s] -- Up-to-date: /home/blue/ws_blue/install/ardusub_bringup/share/ament_index/resource_index/parent_prefix_path/ardusub_bringup
[1.053s] -- Up-to-date: /home/blue/ws_blue/install/ardusub_bringup/share/ardusub_bringup/environment/ament_prefix_path.sh
[1.053s] -- Up-to-date: /home/blue/ws_blue/install/ardusub_bringup/share/ardusub_bringup/environment/ament_prefix_path.dsv
[1.053s] -- Up-to-date: /home/blue/ws_blue/install/ardusub_bringup/share/ardusub_bringup/environment/path.sh
[1.053s] -- Up-to-date: /home/blue/ws_blue/install/ardusub_bringup/share/ardusub_bringup/environment/path.dsv
[1.054s] -- Up-to-date: /home/blue/ws_blue/install/ardusub_bringup/share/ardusub_bringup/local_setup.bash
[1.054s] -- Up-to-date: /home/blue/ws_blue/install/ardusub_bringup/share/ardusub_bringup/local_setup.sh
[1.054s] -- Up-to-date: /home/blue/ws_blue/install/ardusub_bringup/share/ardusub_bringup/local_setup.zsh
[1.054s] -- Up-to-date: /home/blue/ws_blue/install/ardusub_bringup/share/ardusub_bringup/local_setup.dsv
[1.054s] -- Installing: /home/blue/ws_blue/install/ardusub_bringup/share/ardusub_bringup/package.dsv
[1.054s] -- Up-to-date: /home/blue/ws_blue/install/ardusub_bringup/share/ament_index/resource_index/packages/ardusub_bringup
[1.054s] -- Up-to-date: /home/blue/ws_blue/install/ardusub_bringup/share/ardusub_bringup/cmake/ardusub_bringupConfig.cmake
[1.054s] -- Up-to-date: /home/blue/ws_blue/install/ardusub_bringup/share/ardusub_bringup/cmake/ardusub_bringupConfig-version.cmake
[1.054s] -- Up-to-date: /home/blue/ws_blue/install/ardusub_bringup/share/ardusub_bringup/package.xml
[1.268s] Invoked command in '/home/blue/ws_blue/build/ardusub_bringup' returned '0': CMAKE_PREFIX_PATH=${CMAKE_PREFIX_PATH}:/home/blue/ws_blue/install/blue_localization:/opt/ros/iron /usr/bin/cmake --install /home/blue/ws_blue/build/ardusub_bringup
