[0.123s] Invoking command in '/home/blue/ws_blue/build/ardusub_bringup': CMAKE_PREFIX_PATH=${CMAKE_PREFIX_PATH}:/home/blue/ws_blue/install/blue_localization:/opt/ros/iron /usr/bin/cmake --build /home/blue/ws_blue/build/ardusub_bringup -- -j18 -l18
[0.489s] Invoked command in '/home/blue/ws_blue/build/ardusub_bringup' returned '0': CMAKE_PREFIX_PATH=${CMAKE_PREFIX_PATH}:/home/blue/ws_blue/install/blue_localization:/opt/ros/iron /usr/bin/cmake --build /home/blue/ws_blue/build/ardusub_bringup -- -j18 -l18
[0.612s] Invoking command in '/home/blue/ws_blue/build/ardusub_bringup': CMAKE_PREFIX_PATH=${CMAKE_PREFIX_PATH}:/home/blue/ws_blue/install/blue_localization:/opt/ros/iron /usr/bin/cmake --install /home/blue/ws_blue/build/ardusub_bringup
[0.631s] -- Install configuration: ""
[0.631s] -- Up-to-date: /home/blue/ws_blue/install/ardusub_bringup/share/ardusub_bringup/launch
[0.634s] -- Up-to-date: /home/blue/ws_blue/install/ardusub_bringup/share/ardusub_bringup/launch/sitl.launch.yaml
[0.634s] -- Up-to-date: /home/blue/ws_blue/install/ardusub_bringup/share/ardusub_bringup/launch/ardusub.launch.yaml
[0.635s] -- Up-to-date: /home/blue/ws_blue/install/ardusub_bringup/share/ament_index/resource_index/package_run_dependencies/ardusub_bringup
[0.635s] -- Up-to-date: /home/blue/ws_blue/install/ardusub_bringup/share/ament_index/resource_index/parent_prefix_path/ardusub_bringup
[0.635s] -- Up-to-date: /home/blue/ws_blue/install/ardusub_bringup/share/ardusub_bringup/environment/ament_prefix_path.sh
[0.635s] -- Up-to-date: /home/blue/ws_blue/install/ardusub_bringup/share/ardusub_bringup/environment/ament_prefix_path.dsv
[0.635s] -- Up-to-date: /home/blue/ws_blue/install/ardusub_bringup/share/ardusub_bringup/environment/path.sh
[0.635s] -- Up-to-date: /home/blue/ws_blue/install/ardusub_bringup/share/ardusub_bringup/environment/path.dsv
[0.635s] -- Up-to-date: /home/blue/ws_blue/install/ardusub_bringup/share/ardusub_bringup/local_setup.bash
[0.635s] -- Up-to-date: /home/blue/ws_blue/install/ardusub_bringup/share/ardusub_bringup/local_setup.sh
[0.635s] -- Up-to-date: /home/blue/ws_blue/install/ardusub_bringup/share/ardusub_bringup/local_setup.zsh
[0.635s] -- Up-to-date: /home/blue/ws_blue/install/ardusub_bringup/share/ardusub_bringup/local_setup.dsv
[0.635s] -- Installing: /home/blue/ws_blue/install/ardusub_bringup/share/ardusub_bringup/package.dsv
[0.635s] -- Up-to-date: /home/blue/ws_blue/install/ardusub_bringup/share/ament_index/resource_index/packages/ardusub_bringup
[0.635s] -- Up-to-date: /home/blue/ws_blue/install/ardusub_bringup/share/ardusub_bringup/cmake/ardusub_bringupConfig.cmake
[0.635s] -- Up-to-date: /home/blue/ws_blue/install/ardusub_bringup/share/ardusub_bringup/cmake/ardusub_bringupConfig-version.cmake
[0.636s] -- Up-to-date: /home/blue/ws_blue/install/ardusub_bringup/share/ardusub_bringup/package.xml
[0.722s] Invoked command in '/home/blue/ws_blue/build/ardusub_bringup' returned '0': CMAKE_PREFIX_PATH=${CMAKE_PREFIX_PATH}:/home/blue/ws_blue/install/blue_localization:/opt/ros/iron /usr/bin/cmake --install /home/blue/ws_blue/build/ardusub_bringup
