[0.378s] Invoking command in '/home/blue/ws_blue/build/message_transforms': CMAKE_PREFIX_PATH=${CMAKE_PREFIX_PATH}:/home/blue/ws_blue/install/blue_localization:/opt/ros/iron /usr/bin/cmake --build /home/blue/ws_blue/build/message_transforms -- -j18 -l18
[0.481s] [ 16%] Built target message_transforms_parameters
[0.496s] [ 50%] Built target message_transforms
[0.582s] [100%] Built target message_transforms_library
[0.694s] Invoked command in '/home/blue/ws_blue/build/message_transforms' returned '0': CMAKE_PREFIX_PATH=${CMAKE_PREFIX_PATH}:/home/blue/ws_blue/install/blue_localization:/opt/ros/iron /usr/bin/cmake --build /home/blue/ws_blue/build/message_transforms -- -j18 -l18
[0.829s] Invoking command in '/home/blue/ws_blue/build/message_transforms': CMAKE_PREFIX_PATH=${CMAKE_PREFIX_PATH}:/home/blue/ws_blue/install/blue_localization:/opt/ros/iron /usr/bin/cmake --install /home/blue/ws_blue/build/message_transforms
[0.856s] -- Install configuration: ""
[0.857s] -- Up-to-date: /home/blue/ws_blue/install/message_transforms/include/message_transforms_parameters
[0.857s] -- Up-to-date: /home/blue/ws_blue/install/message_transforms/include/message_transforms_parameters/message_transforms_parameters.hpp
[0.857s] -- Up-to-date: /home/blue/ws_blue/install/message_transforms/lib/message_transforms/message_transforms
[0.857s] -- Up-to-date: /home/blue/ws_blue/install/message_transforms/include/message_transforms
[0.857s] -- Up-to-date: /home/blue/ws_blue/install/message_transforms/include/message_transforms/message_transforms
[0.857s] -- Up-to-date: /home/blue/ws_blue/install/message_transforms/include/message_transforms/message_transforms/message_transforms_node.hpp
[0.857s] -- Up-to-date: /home/blue/ws_blue/install/message_transforms/include/message_transforms/message_transforms/transforms.hpp
[0.857s] -- Up-to-date: /home/blue/ws_blue/install/message_transforms/lib/libmessage_transforms_library.so
[0.857s] -- Up-to-date: /home/blue/ws_blue/install/message_transforms/share/message_transforms/launch
[0.857s] -- Up-to-date: /home/blue/ws_blue/install/message_transforms/share/message_transforms/launch/message_transforms.launch.py
[0.857s] -- Up-to-date: /home/blue/ws_blue/install/message_transforms/share/message_transforms/launch/tf.launch.yaml
[0.857s] -- Up-to-date: /home/blue/ws_blue/install/message_transforms/share/message_transforms/environment/library_path.sh
[0.858s] -- Up-to-date: /home/blue/ws_blue/install/message_transforms/share/message_transforms/environment/library_path.dsv
[0.858s] -- Up-to-date: /home/blue/ws_blue/install/message_transforms/share/ament_index/resource_index/package_run_dependencies/message_transforms
[0.858s] -- Up-to-date: /home/blue/ws_blue/install/message_transforms/share/ament_index/resource_index/parent_prefix_path/message_transforms
[0.858s] -- Up-to-date: /home/blue/ws_blue/install/message_transforms/share/message_transforms/environment/ament_prefix_path.sh
[0.858s] -- Up-to-date: /home/blue/ws_blue/install/message_transforms/share/message_transforms/environment/ament_prefix_path.dsv
[0.858s] -- Up-to-date: /home/blue/ws_blue/install/message_transforms/share/message_transforms/environment/path.sh
[0.858s] -- Up-to-date: /home/blue/ws_blue/install/message_transforms/share/message_transforms/environment/path.dsv
[0.858s] -- Up-to-date: /home/blue/ws_blue/install/message_transforms/share/message_transforms/local_setup.bash
[0.858s] -- Up-to-date: /home/blue/ws_blue/install/message_transforms/share/message_transforms/local_setup.sh
[0.858s] -- Up-to-date: /home/blue/ws_blue/install/message_transforms/share/message_transforms/local_setup.zsh
[0.858s] -- Up-to-date: /home/blue/ws_blue/install/message_transforms/share/message_transforms/local_setup.dsv
[0.859s] -- Installing: /home/blue/ws_blue/install/message_transforms/share/message_transforms/package.dsv
[0.859s] -- Up-to-date: /home/blue/ws_blue/install/message_transforms/share/ament_index/resource_index/packages/message_transforms
[0.859s] -- Up-to-date: /home/blue/ws_blue/install/message_transforms/share/ament_index/resource_index/rclcpp_components/message_transforms
[0.860s] -- Up-to-date: /home/blue/ws_blue/install/message_transforms/share/message_transforms/cmake/export_message_transforms_libraryExport.cmake
[0.860s] -- Up-to-date: /home/blue/ws_blue/install/message_transforms/share/message_transforms/cmake/export_message_transforms_libraryExport-noconfig.cmake
[0.860s] -- Up-to-date: /home/blue/ws_blue/install/message_transforms/share/message_transforms/cmake/ament_cmake_export_targets-extras.cmake
[0.860s] -- Up-to-date: /home/blue/ws_blue/install/message_transforms/share/message_transforms/cmake/ament_cmake_export_dependencies-extras.cmake
[0.860s] -- Up-to-date: /home/blue/ws_blue/install/message_transforms/share/message_transforms/cmake/message_transformsConfig.cmake
[0.860s] -- Up-to-date: /home/blue/ws_blue/install/message_transforms/share/message_transforms/cmake/message_transformsConfig-version.cmake
[0.860s] -- Up-to-date: /home/blue/ws_blue/install/message_transforms/share/message_transforms/package.xml
[0.904s] Invoked command in '/home/blue/ws_blue/build/message_transforms' returned '0': CMAKE_PREFIX_PATH=${CMAKE_PREFIX_PATH}:/home/blue/ws_blue/install/blue_localization:/opt/ros/iron /usr/bin/cmake --install /home/blue/ws_blue/build/message_transforms
