-- The C compiler identification is GNU 11.4.0
-- The CXX compiler identification is GNU 11.4.0
-- Detecting C compiler ABI info
-- Detecting C compiler ABI info - done
-- Check for working C compiler: /usr/bin/cc - skipped
-- Detecting C compile features
-- Detecting C compile features - done
-- Detecting CXX compiler ABI info
-- Detecting CXX compiler ABI info - done
-- Check for working CXX compiler: /usr/bin/c++ - skipped
-- Detecting CXX compile features
-- Detecting CXX compile features - done
-- Found rclcpp: 21.0.7 (/opt/ros/iron/share/rclcpp/cmake)
-- Found Python3: /usr/bin/python3.10 (found version "3.10.12") found components: Interpreter 
-- Found rosidl_generator_c: 4.0.1 (/opt/ros/iron/share/rosidl_generator_c/cmake)
-- Found rosidl_generator_cpp: 4.0.1 (/opt/ros/iron/share/rosidl_generator_cpp/cmake)
-- Using all available rosidl_typesupport_c: rosidl_typesupport_fastrtps_c;rosidl_typesupport_introspection_c
-- Using all available rosidl_typesupport_cpp: rosidl_typesupport_fastrtps_cpp;rosidl_typesupport_introspection_cpp
-- Found rmw_implementation_cmake: 7.1.0 (/opt/ros/iron/share/rmw_implementation_cmake/cmake)
-- Found rmw_fastrtps_cpp: 7.1.4 (/opt/ros/iron/share/rmw_fastrtps_cpp/cmake)
-- Found OpenSSL: /usr/lib/x86_64-linux-gnu/libcrypto.so (found version "3.0.2")  
-- Found FastRTPS: /opt/ros/iron/include  
-- Using RMW implementation 'rmw_fastrtps_cpp' as default
-- Found rclcpp_lifecycle: 21.0.7 (/opt/ros/iron/share/rclcpp_lifecycle/cmake)
-- Found controller_interface: 3.28.1 (/opt/ros/iron/share/controller_interface/cmake)
-- Found realtime_tools: 2.6.0 (/opt/ros/iron/share/realtime_tools/cmake)
-- Found eigen3_cmake_module: 0.2.2 (/opt/ros/iron/share/eigen3_cmake_module/cmake)
-- Found Eigen3: TRUE (found version "3.4.0") 
-- Found auv_control_msgs: 0.0.1 (/home/blue/ws_blue/install/auv_control_msgs/share/auv_control_msgs/cmake)
-- Found hydrodynamics: 0.0.1 (/home/blue/ws_blue/install/hydrodynamics/share/hydrodynamics/cmake)
-- Found generate_parameter_library: 0.3.8 (/opt/ros/iron/share/generate_parameter_library/cmake)
-- Found parameter_traits: 0.3.8 (/opt/ros/iron/share/parameter_traits/cmake)
-- Found ament_lint_auto: 0.14.4 (/opt/ros/iron/share/ament_lint_auto/cmake)
-- Added test 'cppcheck' to perform static code analysis on C / C++ code
-- Configured cppcheck include dirs: $<BUILD_INTERFACE:/home/blue/ws_blue/src/auv_controllers/thruster_allocation_matrix_controller/include>
-- Configured cppcheck exclude dirs and/or files: 
-- Added test 'lint_cmake' to check CMake code style
-- Added test 'xmllint' to check XML markup files
-- Configuring done
-- Generating done
-- Build files have been written to: /home/blue/ws_blue/build/thruster_allocation_matrix_controller
[ 33%] Running `/opt/ros/iron/bin/generate_parameter_library_cpp /home/blue/ws_blue/build/thruster_allocation_matrix_controller/thruster_allocation_matrix_controller_parameters/include//thruster_allocation_matrix_controller_parameters.hpp /home/blue/ws_blue/src/auv_controllers/thruster_allocation_matrix_controller/src/thruster_allocation_matrix_controller_parameters.yaml `
[ 33%] Built target thruster_allocation_matrix_controller_parameters
[ 66%] Building CXX object CMakeFiles/thruster_allocation_matrix_controller.dir/src/thruster_allocation_matrix_controller.cpp.o
[100%] Linking CXX shared library libthruster_allocation_matrix_controller.so
[100%] Built target thruster_allocation_matrix_controller
-- Install configuration: ""
-- Installing: /home/blue/ws_blue/install/thruster_allocation_matrix_controller/include/thruster_allocation_matrix_controller_parameters
-- Installing: /home/blue/ws_blue/install/thruster_allocation_matrix_controller/include/thruster_allocation_matrix_controller_parameters/thruster_allocation_matrix_controller_parameters.hpp
-- Installing: /home/blue/ws_blue/install/thruster_allocation_matrix_controller/share/thruster_allocation_matrix_controller/thruster_allocation_matrix_controller.xml
-- Installing: /home/blue/ws_blue/install/thruster_allocation_matrix_controller/include/thruster_allocation_matrix_controller
-- Installing: /home/blue/ws_blue/install/thruster_allocation_matrix_controller/include/thruster_allocation_matrix_controller/thruster_allocation_matrix_controller
-- Installing: /home/blue/ws_blue/install/thruster_allocation_matrix_controller/include/thruster_allocation_matrix_controller/thruster_allocation_matrix_controller/thruster_allocation_matrix_controller.hpp
-- Installing: /home/blue/ws_blue/install/thruster_allocation_matrix_controller/lib/libthruster_allocation_matrix_controller.so
-- Set runtime path of "/home/blue/ws_blue/install/thruster_allocation_matrix_controller/lib/libthruster_allocation_matrix_controller.so" to ""
-- Installing: /home/blue/ws_blue/install/thruster_allocation_matrix_controller/share/thruster_allocation_matrix_controller/environment/library_path.sh
-- Installing: /home/blue/ws_blue/install/thruster_allocation_matrix_controller/share/thruster_allocation_matrix_controller/environment/library_path.dsv
-- Installing: /home/blue/ws_blue/install/thruster_allocation_matrix_controller/share/ament_index/resource_index/package_run_dependencies/thruster_allocation_matrix_controller
-- Installing: /home/blue/ws_blue/install/thruster_allocation_matrix_controller/share/ament_index/resource_index/parent_prefix_path/thruster_allocation_matrix_controller
-- Installing: /home/blue/ws_blue/install/thruster_allocation_matrix_controller/share/thruster_allocation_matrix_controller/environment/ament_prefix_path.sh
-- Installing: /home/blue/ws_blue/install/thruster_allocation_matrix_controller/share/thruster_allocation_matrix_controller/environment/ament_prefix_path.dsv
-- Installing: /home/blue/ws_blue/install/thruster_allocation_matrix_controller/share/thruster_allocation_matrix_controller/environment/path.sh
-- Installing: /home/blue/ws_blue/install/thruster_allocation_matrix_controller/share/thruster_allocation_matrix_controller/environment/path.dsv
-- Installing: /home/blue/ws_blue/install/thruster_allocation_matrix_controller/share/thruster_allocation_matrix_controller/local_setup.bash
-- Installing: /home/blue/ws_blue/install/thruster_allocation_matrix_controller/share/thruster_allocation_matrix_controller/local_setup.sh
-- Installing: /home/blue/ws_blue/install/thruster_allocation_matrix_controller/share/thruster_allocation_matrix_controller/local_setup.zsh
-- Installing: /home/blue/ws_blue/install/thruster_allocation_matrix_controller/share/thruster_allocation_matrix_controller/local_setup.dsv
-- Installing: /home/blue/ws_blue/install/thruster_allocation_matrix_controller/share/thruster_allocation_matrix_controller/package.dsv
-- Installing: /home/blue/ws_blue/install/thruster_allocation_matrix_controller/share/ament_index/resource_index/packages/thruster_allocation_matrix_controller
-- Installing: /home/blue/ws_blue/install/thruster_allocation_matrix_controller/share/ament_index/resource_index/controller_interface__pluginlib__plugin/thruster_allocation_matrix_controller
-- Installing: /home/blue/ws_blue/install/thruster_allocation_matrix_controller/share/thruster_allocation_matrix_controller/cmake/export_thruster_allocation_matrix_controllerExport.cmake
-- Installing: /home/blue/ws_blue/install/thruster_allocation_matrix_controller/share/thruster_allocation_matrix_controller/cmake/export_thruster_allocation_matrix_controllerExport-noconfig.cmake
-- Installing: /home/blue/ws_blue/install/thruster_allocation_matrix_controller/share/thruster_allocation_matrix_controller/cmake/ament_cmake_export_targets-extras.cmake
-- Installing: /home/blue/ws_blue/install/thruster_allocation_matrix_controller/share/thruster_allocation_matrix_controller/cmake/ament_cmake_export_dependencies-extras.cmake
-- Installing: /home/blue/ws_blue/install/thruster_allocation_matrix_controller/share/thruster_allocation_matrix_controller/cmake/thruster_allocation_matrix_controllerConfig.cmake
-- Installing: /home/blue/ws_blue/install/thruster_allocation_matrix_controller/share/thruster_allocation_matrix_controller/cmake/thruster_allocation_matrix_controllerConfig-version.cmake
-- Installing: /home/blue/ws_blue/install/thruster_allocation_matrix_controller/share/thruster_allocation_matrix_controller/package.xml
