[0.381s] Invoking command in '/home/blue/ws_blue/build/thruster_hardware': CMAKE_PREFIX_PATH=${CMAKE_PREFIX_PATH}:/home/blue/ws_blue/install/blue_localization:/opt/ros/iron /usr/bin/cmake --build /home/blue/ws_blue/build/thruster_hardware -- -j18 -l18
[0.512s] [100%] Built target thruster_hardware
[0.599s] Invoked command in '/home/blue/ws_blue/build/thruster_hardware' returned '0': CMAKE_PREFIX_PATH=${CMAKE_PREFIX_PATH}:/home/blue/ws_blue/install/blue_localization:/opt/ros/iron /usr/bin/cmake --build /home/blue/ws_blue/build/thruster_hardware -- -j18 -l18
[0.750s] Invoking command in '/home/blue/ws_blue/build/thruster_hardware': CMAKE_PREFIX_PATH=${CMAKE_PREFIX_PATH}:/home/blue/ws_blue/install/blue_localization:/opt/ros/iron /usr/bin/cmake --install /home/blue/ws_blue/build/thruster_hardware
[0.776s] -- Install configuration: ""
[0.776s] -- Up-to-date: /home/blue/ws_blue/install/thruster_hardware/share/thruster_hardware/thruster_hardware.xml
[0.777s] -- Up-to-date: /home/blue/ws_blue/install/thruster_hardware/include/thruster_hardware
[0.777s] -- Up-to-date: /home/blue/ws_blue/install/thruster_hardware/include/thruster_hardware/thruster_hardware
[0.777s] -- Up-to-date: /home/blue/ws_blue/install/thruster_hardware/include/thruster_hardware/thruster_hardware/visibility_control.h
[0.777s] -- Up-to-date: /home/blue/ws_blue/install/thruster_hardware/include/thruster_hardware/thruster_hardware/hardware.hpp
[0.777s] -- Up-to-date: /home/blue/ws_blue/install/thruster_hardware/lib/libthruster_hardware.so
[0.777s] -- Up-to-date: /home/blue/ws_blue/install/thruster_hardware/share/thruster_hardware/environment/library_path.sh
[0.777s] -- Up-to-date: /home/blue/ws_blue/install/thruster_hardware/share/thruster_hardware/environment/library_path.dsv
[0.778s] -- Up-to-date: /home/blue/ws_blue/install/thruster_hardware/share/ament_index/resource_index/package_run_dependencies/thruster_hardware
[0.778s] -- Up-to-date: /home/blue/ws_blue/install/thruster_hardware/share/ament_index/resource_index/parent_prefix_path/thruster_hardware
[0.778s] -- Up-to-date: /home/blue/ws_blue/install/thruster_hardware/share/thruster_hardware/environment/ament_prefix_path.sh
[0.778s] -- Up-to-date: /home/blue/ws_blue/install/thruster_hardware/share/thruster_hardware/environment/ament_prefix_path.dsv
[0.778s] -- Up-to-date: /home/blue/ws_blue/install/thruster_hardware/share/thruster_hardware/environment/path.sh
[0.778s] -- Up-to-date: /home/blue/ws_blue/install/thruster_hardware/share/thruster_hardware/environment/path.dsv
[0.778s] -- Up-to-date: /home/blue/ws_blue/install/thruster_hardware/share/thruster_hardware/local_setup.bash
[0.778s] -- Up-to-date: /home/blue/ws_blue/install/thruster_hardware/share/thruster_hardware/local_setup.sh
[0.778s] -- Up-to-date: /home/blue/ws_blue/install/thruster_hardware/share/thruster_hardware/local_setup.zsh
[0.778s] -- Up-to-date: /home/blue/ws_blue/install/thruster_hardware/share/thruster_hardware/local_setup.dsv
[0.778s] -- Installing: /home/blue/ws_blue/install/thruster_hardware/share/thruster_hardware/package.dsv
[0.778s] -- Up-to-date: /home/blue/ws_blue/install/thruster_hardware/share/ament_index/resource_index/packages/thruster_hardware
[0.779s] -- Up-to-date: /home/blue/ws_blue/install/thruster_hardware/share/ament_index/resource_index/hardware_interface__pluginlib__plugin/thruster_hardware
[0.779s] -- Up-to-date: /home/blue/ws_blue/install/thruster_hardware/share/thruster_hardware/cmake/export_thruster_hardwareExport.cmake
[0.779s] -- Up-to-date: /home/blue/ws_blue/install/thruster_hardware/share/thruster_hardware/cmake/export_thruster_hardwareExport-noconfig.cmake
[0.779s] -- Up-to-date: /home/blue/ws_blue/install/thruster_hardware/share/thruster_hardware/cmake/ament_cmake_export_targets-extras.cmake
[0.779s] -- Up-to-date: /home/blue/ws_blue/install/thruster_hardware/share/thruster_hardware/cmake/ament_cmake_export_dependencies-extras.cmake
[0.779s] -- Up-to-date: /home/blue/ws_blue/install/thruster_hardware/share/thruster_hardware/cmake/thruster_hardwareConfig.cmake
[0.779s] -- Up-to-date: /home/blue/ws_blue/install/thruster_hardware/share/thruster_hardware/cmake/thruster_hardwareConfig-version.cmake
[0.779s] -- Up-to-date: /home/blue/ws_blue/install/thruster_hardware/share/thruster_hardware/package.xml
[0.841s] Invoked command in '/home/blue/ws_blue/build/thruster_hardware' returned '0': CMAKE_PREFIX_PATH=${CMAKE_PREFIX_PATH}:/home/blue/ws_blue/install/blue_localization:/opt/ros/iron /usr/bin/cmake --install /home/blue/ws_blue/build/thruster_hardware
